Copyright 1986-2019 Xilinx, Inc. All Rights Reserved.
----------------------------------------------------------------------------------------------------------------------------------------------------------------------------
| Tool Version     : Vivado v.2019.1 (lin64) Build 2552052 Fri May 24 14:47:09 MDT 2019
| Date             : Mon Feb  6 19:26:18 2023
| Host             : x1g9 running 64-bit Ubuntu 20.04.5 LTS
| Command          : report_power -file ntt_memory_wrapper_power_routed.rpt -pb ntt_memory_wrapper_power_summary_routed.pb -rpx ntt_memory_wrapper_power_routed.rpx
| Design           : ntt_memory_wrapper
| Device           : xc7vx485tffg1157-1
| Design State     : routed
| Grade            : commercial
| Process          : typical
| Characterization : Production
----------------------------------------------------------------------------------------------------------------------------------------------------------------------------

Power Report

Table of Contents
-----------------
1. Summary
1.1 On-Chip Components
1.2 Power Supply Summary
1.3 Confidence Level
2. Settings
2.1 Environment
2.2 Clock Constraints
3. Detailed Reports
3.1 By Hierarchy

1. Summary
----------

+--------------------------+--------------+
| Total On-Chip Power (W)  | 2.287        |
| Design Power Budget (W)  | Unspecified* |
| Power Budget Margin (W)  | NA           |
| Dynamic (W)              | 2.025        |
| Device Static (W)        | 0.263        |
| Effective TJA (C/W)      | 1.4          |
| Max Ambient (C)          | 81.8         |
| Junction Temperature (C) | 28.2         |
| Confidence Level         | Low          |
| Setting File             | ---          |
| Simulation Activity File | ---          |
| Design Nets Matched      | NA           |
+--------------------------+--------------+
* Specify Design Power Budget using, set_operating_conditions -design_power_budget <value in Watts>


1.1 On-Chip Components
----------------------

+-------------------------+-----------+----------+-----------+-----------------+
| On-Chip                 | Power (W) | Used     | Available | Utilization (%) |
+-------------------------+-----------+----------+-----------+-----------------+
| Clocks                  |     0.128 |        3 |       --- |             --- |
| Slice Logic             |     0.600 |    53264 |       --- |             --- |
|   LUT as Logic          |     0.519 |    22153 |    303600 |            7.30 |
|   CARRY4                |     0.034 |     3183 |     75900 |            4.19 |
|   Register              |     0.029 |    18574 |    607200 |            3.06 |
|   LUT as Shift Register |     0.019 |     1448 |    130800 |            1.11 |
|   F7/F8 Muxes           |    <0.001 |       63 |    303600 |            0.02 |
|   Others                |     0.000 |      892 |       --- |             --- |
| Signals                 |     0.770 |    46376 |       --- |             --- |
| Block RAM               |     0.054 |       16 |      1030 |            1.55 |
| DSPs                    |     0.376 |      240 |      2800 |            8.57 |
| I/O                     |     0.096 |      222 |       600 |           37.00 |
| Static Power            |     0.263 |          |           |                 |
| Total                   |     2.287 |          |           |                 |
+-------------------------+-----------+----------+-----------+-----------------+


1.2 Power Supply Summary
------------------------

+-----------+-------------+-----------+-------------+------------+
| Source    | Voltage (V) | Total (A) | Dynamic (A) | Static (A) |
+-----------+-------------+-----------+-------------+------------+
| Vccint    |       1.000 |     2.078 |       1.926 |      0.152 |
| Vccaux    |       1.800 |     0.046 |       0.008 |      0.038 |
| Vcco33    |       3.300 |     0.000 |       0.000 |      0.000 |
| Vcco25    |       2.500 |     0.000 |       0.000 |      0.000 |
| Vcco18    |       1.800 |     0.046 |       0.045 |      0.001 |
| Vcco15    |       1.500 |     0.000 |       0.000 |      0.000 |
| Vcco135   |       1.350 |     0.000 |       0.000 |      0.000 |
| Vcco12    |       1.200 |     0.000 |       0.000 |      0.000 |
| Vccaux_io |       1.800 |     0.000 |       0.000 |      0.000 |
| Vccbram   |       1.000 |     0.008 |       0.004 |      0.004 |
| MGTAVcc   |       1.000 |     0.000 |       0.000 |      0.000 |
| MGTAVtt   |       1.200 |     0.000 |       0.000 |      0.000 |
| MGTVccaux |       1.800 |     0.000 |       0.000 |      0.000 |
| MGTZVccl  |       1.075 |     0.000 |       0.000 |      0.000 |
| MGTZAVcc  |       1.075 |     0.000 |       0.000 |      0.000 |
| MGTZVcch  |       1.800 |     0.000 |       0.000 |      0.000 |
| Vccadc    |       1.800 |     0.020 |       0.000 |      0.020 |
+-----------+-------------+-----------+-------------+------------+


1.3 Confidence Level
--------------------

+-----------------------------+------------+--------------------------------------------------------+------------------------------------------------------------------------------------------------------------+
| User Input Data             | Confidence | Details                                                | Action                                                                                                     |
+-----------------------------+------------+--------------------------------------------------------+------------------------------------------------------------------------------------------------------------+
| Design implementation state | High       | Design is routed                                       |                                                                                                            |
| Clock nodes activity        | High       | User specified more than 95% of clocks                 |                                                                                                            |
| I/O nodes activity          | Low        | More than 75% of inputs are missing user specification | Provide missing input activity with simulation results or by editing the "By Resource Type -> I/Os" view   |
| Internal nodes activity     | Medium     | User specified less than 25% of internal nodes         | Provide missing internal nodes activity with simulation results or by editing the "By Resource Type" views |
| Device models               | High       | Device models are Production                           |                                                                                                            |
|                             |            |                                                        |                                                                                                            |
| Overall confidence level    | Low        |                                                        |                                                                                                            |
+-----------------------------+------------+--------------------------------------------------------+------------------------------------------------------------------------------------------------------------+


2. Settings
-----------

2.1 Environment
---------------

+-----------------------+--------------------------+
| Ambient Temp (C)      | 25.0                     |
| ThetaJA (C/W)         | 1.4                      |
| Airflow (LFM)         | 250                      |
| Heat Sink             | medium (Medium Profile)  |
| ThetaSA (C/W)         | 2.4                      |
| Board Selection       | medium (10"x10")         |
| # of Board Layers     | 12to15 (12 to 15 Layers) |
| Board Temperature (C) | 25.0                     |
+-----------------------+--------------------------+


2.2 Clock Constraints
---------------------

+-------+--------+-----------------+
| Clock | Domain | Constraint (ns) |
+-------+--------+-----------------+
| clk   | clk    |             6.7 |
+-------+--------+-----------------+


3. Detailed Reports
-------------------

3.1 By Hierarchy
----------------

+-------------------------------+-----------+
| Name                          | Power (W) |
+-------------------------------+-----------+
| ntt_memory_wrapper            |     2.025 |
|   DUT_NTT                     |     1.902 |
|     genblk2[10].TW_ROM        |     0.013 |
|       tw10                    |     0.009 |
|     genblk2[11].TW_ROM        |     0.021 |
|       tw11                    |     0.015 |
|     genblk2[1].TW_ROM         |     0.005 |
|     genblk2[2].TW_ROM         |     0.005 |
|     genblk2[3].TW_ROM         |     0.007 |
|       tw3                     |     0.002 |
|     genblk2[4].TW_ROM         |     0.007 |
|       tw4                     |     0.002 |
|     genblk2[5].TW_ROM         |     0.006 |
|       tw5                     |     0.002 |
|     genblk2[6].TW_ROM         |     0.007 |
|       tw6                     |     0.002 |
|     genblk2[7].TW_ROM         |     0.008 |
|       tw7                     |     0.003 |
|     genblk2[8].TW_ROM         |     0.013 |
|       tw8                     |     0.008 |
|     genblk2[9].TW_ROM         |     0.013 |
|       tw9                     |     0.008 |
|     genblk3[0].NTT_SDF_STAGE  |     0.166 |
|       BTF_DIT_CT              |     0.134 |
|       MODDIV_BY_2             |     0.012 |
|       SHIFT                   |     0.005 |
|       xpm_fifo_sync_inst      |     0.014 |
|     genblk3[10].NTT_SDF_STAGE |     0.149 |
|       BTF_DIT_CT              |     0.125 |
|       FIFO                    |     0.003 |
|       MODDIV_BY_2             |     0.012 |
|       SHIFT                   |     0.008 |
|     genblk3[11].NTT_SDF_STAGE |     0.149 |
|       BTF_DIT_CT              |     0.131 |
|       FIFO                    |     0.003 |
|       MODDIV_BY_2             |     0.006 |
|       SHIFT                   |     0.008 |
|       SHIFT_SEL_OUT           |     0.001 |
|     genblk3[1].NTT_SDF_STAGE  |     0.146 |
|       BTF_DIT_CT              |     0.128 |
|       MODDIV_BY_2             |     0.007 |
|       SHIFT                   |     0.004 |
|       xpm_fifo_sync_inst      |     0.007 |
|     genblk3[2].NTT_SDF_STAGE  |     0.150 |
|       BTF_DIT_CT              |     0.136 |
|       MODDIV_BY_2             |     0.006 |
|       SHIFT                   |     0.004 |
|       xpm_fifo_sync_inst      |     0.004 |
|     genblk3[3].NTT_SDF_STAGE  |     0.148 |
|       BTF_DIT_CT              |     0.134 |
|       MODDIV_BY_2             |     0.006 |
|       SHIFT                   |     0.003 |
|       xpm_fifo_sync_inst      |     0.003 |
|     genblk3[4].NTT_SDF_STAGE  |     0.157 |
|       BTF_DIT_CT              |     0.133 |
|       FIFO                    |     0.008 |
|       MODDIV_BY_2             |     0.007 |
|       SHIFT                   |     0.007 |
|     genblk3[5].NTT_SDF_STAGE  |     0.149 |
|       BTF_DIT_CT              |     0.130 |
|       FIFO                    |     0.006 |
|       MODDIV_BY_2             |     0.006 |
|       SHIFT                   |     0.007 |
|     genblk3[6].NTT_SDF_STAGE  |     0.146 |
|       BTF_DIT_CT              |     0.128 |
|       FIFO                    |     0.004 |
|       MODDIV_BY_2             |     0.006 |
|       SHIFT                   |     0.007 |
|     genblk3[7].NTT_SDF_STAGE  |     0.149 |
|       BTF_DIT_CT              |     0.129 |
|       FIFO                    |     0.004 |
|       MODDIV_BY_2             |     0.008 |
|       SHIFT                   |     0.007 |
|     genblk3[8].NTT_SDF_STAGE  |     0.137 |
|       BTF_DIT_CT              |     0.117 |
|       FIFO                    |     0.003 |
|       MODDIV_BY_2             |     0.008 |
|       SHIFT                   |     0.008 |
|     genblk3[9].NTT_SDF_STAGE  |     0.144 |
|       BTF_DIT_CT              |     0.124 |
|       FIFO                    |     0.003 |
|       MODDIV_BY_2             |     0.009 |
|       SHIFT                   |     0.007 |
+-------------------------------+-----------+


