
*** Running vivado
    with args -log ntt_memory_wrapper.vdi -applog -m64 -product Vivado -messageDb vivado.pb -mode batch -source ntt_memory_wrapper.tcl -notrace


****** Vivado v2019.1 (64-bit)
  **** SW Build 2552052 on Fri May 24 14:47:09 MDT 2019
  **** IP Build 2548770 on Fri May 24 18:01:18 MDT 2019
    ** Copyright 1986-2019 Xilinx, Inc. All Rights Reserved.

source ntt_memory_wrapper.tcl -notrace
Command: link_design -top ntt_memory_wrapper -part xc7vx485tffg1157-1
Design is defaulting to srcset: sources_1
Design is defaulting to constrset: constrs_1
INFO: [Device 21-403] Loading part xc7vx485tffg1157-1
INFO: [Netlist 29-17] Analyzing 3358 Unisim elements for replacement
INFO: [Netlist 29-28] Unisim Transformation completed in 0 CPU seconds
INFO: [Project 1-479] Netlist was created with Vivado 2019.1
INFO: [Project 1-570] Preparing netlist for logic optimization
Parsing XDC File [/home/florian/Desktop/proteus/toolchain/hw/const.xdc]
Finished Parsing XDC File [/home/florian/Desktop/proteus/toolchain/hw/const.xdc]
Sourcing Tcl File [/opt/Xilinx/Vivado/2019.1/data/ip/xpm/xpm_fifo/tcl/xpm_fifo_rst.tcl] for cell 'DUT_NTT/genblk3[0].NTT_SDF_STAGE/xpm_fifo_sync_inst'
Finished Sourcing Tcl File [/opt/Xilinx/Vivado/2019.1/data/ip/xpm/xpm_fifo/tcl/xpm_fifo_rst.tcl] for cell 'DUT_NTT/genblk3[0].NTT_SDF_STAGE/xpm_fifo_sync_inst'
Sourcing Tcl File [/opt/Xilinx/Vivado/2019.1/data/ip/xpm/xpm_fifo/tcl/xpm_fifo_rst.tcl] for cell 'DUT_NTT/genblk3[1].NTT_SDF_STAGE/xpm_fifo_sync_inst'
Finished Sourcing Tcl File [/opt/Xilinx/Vivado/2019.1/data/ip/xpm/xpm_fifo/tcl/xpm_fifo_rst.tcl] for cell 'DUT_NTT/genblk3[1].NTT_SDF_STAGE/xpm_fifo_sync_inst'
Sourcing Tcl File [/opt/Xilinx/Vivado/2019.1/data/ip/xpm/xpm_fifo/tcl/xpm_fifo_rst.tcl] for cell 'DUT_NTT/genblk3[2].NTT_SDF_STAGE/xpm_fifo_sync_inst'
Finished Sourcing Tcl File [/opt/Xilinx/Vivado/2019.1/data/ip/xpm/xpm_fifo/tcl/xpm_fifo_rst.tcl] for cell 'DUT_NTT/genblk3[2].NTT_SDF_STAGE/xpm_fifo_sync_inst'
Sourcing Tcl File [/opt/Xilinx/Vivado/2019.1/data/ip/xpm/xpm_fifo/tcl/xpm_fifo_rst.tcl] for cell 'DUT_NTT/genblk3[3].NTT_SDF_STAGE/xpm_fifo_sync_inst'
Finished Sourcing Tcl File [/opt/Xilinx/Vivado/2019.1/data/ip/xpm/xpm_fifo/tcl/xpm_fifo_rst.tcl] for cell 'DUT_NTT/genblk3[3].NTT_SDF_STAGE/xpm_fifo_sync_inst'
INFO: [Opt 31-138] Pushed 0 inverter(s) to 0 load pin(s).
Netlist sorting complete. Time (s): cpu = 00:00:00 ; elapsed = 00:00:00 . Memory (MB): peak = 1985.887 ; gain = 0.000 ; free physical = 8510 ; free virtual = 20696
INFO: [Project 1-111] Unisim Transformation Summary:
No Unisim elements were transformed.

7 Infos, 0 Warnings, 0 Critical Warnings and 0 Errors encountered.
link_design completed successfully
link_design: Time (s): cpu = 00:00:12 ; elapsed = 00:00:16 . Memory (MB): peak = 1985.887 ; gain = 618.676 ; free physical = 8509 ; free virtual = 20695
Command: opt_design
Attempting to get a license for feature 'Implementation' and/or device 'xc7vx485t'
INFO: [Common 17-349] Got license for feature 'Implementation' and/or device 'xc7vx485t'
INFO: [Common 17-1540] The version limit for your license is '2021.11' and has expired for new software. A version limit expiration means that, although you may be able to continue to use the current version of tools or IP with this license, you will not be eligible for any updates or new releases.
Running DRC as a precondition to command opt_design

Starting DRC Task
INFO: [DRC 23-27] Running DRC with 8 threads
INFO: [Project 1-461] DRC finished with 0 Errors
INFO: [Project 1-462] Please refer to the DRC report (report_drc) for more information.

Time (s): cpu = 00:00:01 ; elapsed = 00:00:00.76 . Memory (MB): peak = 2089.641 ; gain = 95.750 ; free physical = 8490 ; free virtual = 20678

Starting Cache Timing Information Task
INFO: [Timing 38-35] Done setting XDC timing constraints.
Ending Cache Timing Information Task | Checksum: b3b738dd

Time (s): cpu = 00:00:12 ; elapsed = 00:00:08 . Memory (MB): peak = 2656.375 ; gain = 566.734 ; free physical = 7927 ; free virtual = 20118

Starting Logic Optimization Task

Phase 1 Retarget
INFO: [Opt 31-138] Pushed 0 inverter(s) to 0 load pin(s).
INFO: [Opt 31-49] Retargeted 0 cell(s).
Phase 1 Retarget | Checksum: 14684da4e

Time (s): cpu = 00:00:03 ; elapsed = 00:00:01 . Memory (MB): peak = 2777.281 ; gain = 0.000 ; free physical = 7837 ; free virtual = 20059
INFO: [Opt 31-389] Phase Retarget created 3 cells and removed 7 cells

Phase 2 Constant propagation
INFO: [Opt 31-138] Pushed 0 inverter(s) to 0 load pin(s).
Phase 2 Constant propagation | Checksum: e3ae33b9

Time (s): cpu = 00:00:03 ; elapsed = 00:00:02 . Memory (MB): peak = 2777.281 ; gain = 0.000 ; free physical = 7837 ; free virtual = 20058
INFO: [Opt 31-389] Phase Constant propagation created 0 cells and removed 0 cells

Phase 3 Sweep
Phase 3 Sweep | Checksum: 10f8e0002

Time (s): cpu = 00:00:04 ; elapsed = 00:00:02 . Memory (MB): peak = 2777.281 ; gain = 0.000 ; free physical = 7835 ; free virtual = 20048
INFO: [Opt 31-389] Phase Sweep created 0 cells and removed 508 cells

Phase 4 BUFG optimization
Phase 4 BUFG optimization | Checksum: 10f8e0002

Time (s): cpu = 00:00:04 ; elapsed = 00:00:03 . Memory (MB): peak = 2777.281 ; gain = 0.000 ; free physical = 7833 ; free virtual = 20048
INFO: [Opt 31-662] Phase BUFG optimization created 0 cells of which 0 are BUFGs and removed 0 cells.

Phase 5 Shift Register Optimization
INFO: [Opt 31-1064] SRL Remap converted 0 SRLs to 0 registers and converted 0 registers of register chains to 0 SRLs
Phase 5 Shift Register Optimization | Checksum: 12b004954

Time (s): cpu = 00:00:05 ; elapsed = 00:00:03 . Memory (MB): peak = 2777.281 ; gain = 0.000 ; free physical = 7833 ; free virtual = 20048
INFO: [Opt 31-389] Phase Shift Register Optimization created 0 cells and removed 0 cells

Phase 6 Post Processing Netlist
Phase 6 Post Processing Netlist | Checksum: b928a90d

Time (s): cpu = 00:00:05 ; elapsed = 00:00:03 . Memory (MB): peak = 2777.281 ; gain = 0.000 ; free physical = 7820 ; free virtual = 20035
INFO: [Opt 31-389] Phase Post Processing Netlist created 0 cells and removed 0 cells
Opt_design Change Summary
=========================


-------------------------------------------------------------------------------------------------------------------------
|  Phase                        |  #Cells created  |  #Cells Removed  |  #Constrained objects preventing optimizations  |
-------------------------------------------------------------------------------------------------------------------------
|  Retarget                     |               3  |               7  |                                              0  |
|  Constant propagation         |               0  |               0  |                                              0  |
|  Sweep                        |               0  |             508  |                                              0  |
|  BUFG optimization            |               0  |               0  |                                              0  |
|  Shift Register Optimization  |               0  |               0  |                                              0  |
|  Post Processing Netlist      |               0  |               0  |                                              0  |
-------------------------------------------------------------------------------------------------------------------------



Starting Connectivity Check Task

Time (s): cpu = 00:00:00.05 ; elapsed = 00:00:00.05 . Memory (MB): peak = 2777.281 ; gain = 0.000 ; free physical = 7820 ; free virtual = 20035
Ending Logic Optimization Task | Checksum: 1c7c92095

Time (s): cpu = 00:00:06 ; elapsed = 00:00:05 . Memory (MB): peak = 2777.281 ; gain = 0.000 ; free physical = 7820 ; free virtual = 20026

Starting Power Optimization Task
INFO: [Pwropt 34-132] Skipping clock gating for clocks with a period < 2.00 ns.
INFO: [Timing 38-35] Done setting XDC timing constraints.
INFO: [Pwropt 34-9] Applying IDT optimizations ...
INFO: [Pwropt 34-10] Applying ODC optimizations ...
INFO: [Physopt 32-619] Estimated Timing Summary | WNS=1.017 | TNS=0.000 |
Running Vector-less Activity Propagation...

Finished Running Vector-less Activity Propagation


Starting PowerOpt Patch Enables Task
INFO: [Pwropt 34-162] WRITE_MODE attribute of 0 BRAM(s) out of a total of 18 has been updated to save power. Run report_power_opt to get a complete listing of the BRAMs updated.
INFO: [Pwropt 34-201] Structural ODC has moved 0 WE to EN ports
Number of BRAM Ports augmented: 2 newly gated: 0 Total Ports: 36
Ending PowerOpt Patch Enables Task | Checksum: 16a18ea16

Time (s): cpu = 00:00:00.12 ; elapsed = 00:00:00.12 . Memory (MB): peak = 3200.961 ; gain = 0.000 ; free physical = 7795 ; free virtual = 19977
Ending Power Optimization Task | Checksum: 16a18ea16

Time (s): cpu = 00:00:24 ; elapsed = 00:00:09 . Memory (MB): peak = 3200.961 ; gain = 423.680 ; free physical = 7833 ; free virtual = 20015

Starting Final Cleanup Task
Ending Final Cleanup Task | Checksum: 16a18ea16

Time (s): cpu = 00:00:00 ; elapsed = 00:00:00 . Memory (MB): peak = 3200.961 ; gain = 0.000 ; free physical = 7833 ; free virtual = 20015

Starting Netlist Obfuscation Task
Netlist sorting complete. Time (s): cpu = 00:00:00 ; elapsed = 00:00:00 . Memory (MB): peak = 3200.961 ; gain = 0.000 ; free physical = 7833 ; free virtual = 20016
Ending Netlist Obfuscation Task | Checksum: ecad22fd

Time (s): cpu = 00:00:00 ; elapsed = 00:00:00 . Memory (MB): peak = 3200.961 ; gain = 0.000 ; free physical = 7833 ; free virtual = 20015
INFO: [Common 17-83] Releasing license: Implementation
31 Infos, 0 Warnings, 0 Critical Warnings and 0 Errors encountered.
opt_design completed successfully
opt_design: Time (s): cpu = 00:00:44 ; elapsed = 00:00:25 . Memory (MB): peak = 3200.961 ; gain = 1215.074 ; free physical = 7833 ; free virtual = 20016
Netlist sorting complete. Time (s): cpu = 00:00:00 ; elapsed = 00:00:00.01 . Memory (MB): peak = 3200.961 ; gain = 0.000 ; free physical = 7834 ; free virtual = 20016
INFO: [Timing 38-480] Writing timing data to binary archive.
INFO: [Common 17-1381] The checkpoint '/home/florian/Desktop/proteus/toolchain/build/proteus_sdf_op_4_5/proteus_sdf_op_1_2.runs/impl_1/ntt_memory_wrapper_opt.dcp' has been generated.
write_checkpoint: Time (s): cpu = 00:00:07 ; elapsed = 00:00:06 . Memory (MB): peak = 3200.961 ; gain = 0.000 ; free physical = 7789 ; free virtual = 19981
INFO: [runtcl-4] Executing : report_drc -file ntt_memory_wrapper_drc_opted.rpt -pb ntt_memory_wrapper_drc_opted.pb -rpx ntt_memory_wrapper_drc_opted.rpx
Command: report_drc -file ntt_memory_wrapper_drc_opted.rpt -pb ntt_memory_wrapper_drc_opted.pb -rpx ntt_memory_wrapper_drc_opted.rpx
INFO: [IP_Flow 19-234] Refreshing IP repositories
INFO: [IP_Flow 19-1704] No user IP repositories specified
INFO: [IP_Flow 19-2313] Loaded Vivado IP repository '/opt/Xilinx/Vivado/2019.1/data/ip'.
INFO: [DRC 23-27] Running DRC with 8 threads
INFO: [Coretcl 2-168] The results of DRC are in file /home/florian/Desktop/proteus/toolchain/build/proteus_sdf_op_4_5/proteus_sdf_op_1_2.runs/impl_1/ntt_memory_wrapper_drc_opted.rpt.
report_drc completed successfully
Command: place_design
Attempting to get a license for feature 'Implementation' and/or device 'xc7vx485t'
INFO: [Common 17-349] Got license for feature 'Implementation' and/or device 'xc7vx485t'
INFO: [Common 17-1540] The version limit for your license is '2021.11' and has expired for new software. A version limit expiration means that, although you may be able to continue to use the current version of tools or IP with this license, you will not be eligible for any updates or new releases.
INFO: [DRC 23-27] Running DRC with 8 threads
INFO: [Vivado_Tcl 4-198] DRC finished with 0 Errors
INFO: [Vivado_Tcl 4-199] Please refer to the DRC report (report_drc) for more information.
Running DRC as a precondition to command place_design
INFO: [DRC 23-27] Running DRC with 8 threads
INFO: [Vivado_Tcl 4-198] DRC finished with 0 Errors
INFO: [Vivado_Tcl 4-199] Please refer to the DRC report (report_drc) for more information.

Starting Placer Task
INFO: [Place 30-611] Multithreading enabled for place_design using a maximum of 8 CPUs

Phase 1 Placer Initialization

Phase 1.1 Placer Initialization Netlist Sorting
Netlist sorting complete. Time (s): cpu = 00:00:00.01 ; elapsed = 00:00:00.01 . Memory (MB): peak = 3224.973 ; gain = 0.000 ; free physical = 7788 ; free virtual = 19995
Phase 1.1 Placer Initialization Netlist Sorting | Checksum: da19b3b6

Time (s): cpu = 00:00:00.01 ; elapsed = 00:00:00.03 . Memory (MB): peak = 3224.973 ; gain = 0.000 ; free physical = 7788 ; free virtual = 19995
Netlist sorting complete. Time (s): cpu = 00:00:00.01 ; elapsed = 00:00:00.01 . Memory (MB): peak = 3224.973 ; gain = 0.000 ; free physical = 7788 ; free virtual = 19995

Phase 1.2 IO Placement/ Clock Placement/ Build Placer Device
INFO: [Timing 38-35] Done setting XDC timing constraints.
Phase 1.2 IO Placement/ Clock Placement/ Build Placer Device | Checksum: d90f75db

Time (s): cpu = 00:00:19 ; elapsed = 00:00:11 . Memory (MB): peak = 3224.973 ; gain = 0.000 ; free physical = 7731 ; free virtual = 19937

Phase 1.3 Build Placer Netlist Model
Phase 1.3 Build Placer Netlist Model | Checksum: 15780ab58

Time (s): cpu = 00:00:31 ; elapsed = 00:00:15 . Memory (MB): peak = 3224.973 ; gain = 0.000 ; free physical = 7677 ; free virtual = 19869

Phase 1.4 Constrain Clocks/Macros
Phase 1.4 Constrain Clocks/Macros | Checksum: 15780ab58

Time (s): cpu = 00:00:31 ; elapsed = 00:00:15 . Memory (MB): peak = 3224.973 ; gain = 0.000 ; free physical = 7677 ; free virtual = 19869
Phase 1 Placer Initialization | Checksum: 15780ab58

Time (s): cpu = 00:00:31 ; elapsed = 00:00:15 . Memory (MB): peak = 3224.973 ; gain = 0.000 ; free physical = 7677 ; free virtual = 19869

Phase 2 Global Placement

Phase 2.1 Floorplanning
Phase 2.1 Floorplanning | Checksum: f633db6d

Time (s): cpu = 00:00:35 ; elapsed = 00:00:16 . Memory (MB): peak = 3224.973 ; gain = 0.000 ; free physical = 7657 ; free virtual = 19841

Phase 2.2 Global Placement Core

Phase 2.2.1 Physical Synthesis In Placer
INFO: [Physopt 32-65] No nets found for high-fanout optimization.
INFO: [Physopt 32-232] Optimized 0 net. Created 0 new instance.
INFO: [Physopt 32-775] End 1 Pass. Optimized 0 net or cell. Created 0 new cell, deleted 0 existing cell and moved 0 existing cell
INFO: [Physopt 32-670] No setup violation found.  DSP Register Optimization was not performed.
INFO: [Physopt 32-670] No setup violation found.  Shift Register Optimization was not performed.
INFO: [Physopt 32-670] No setup violation found.  BRAM Register Optimization was not performed.
INFO: [Physopt 32-949] No candidate nets found for HD net replication
INFO: [Physopt 32-775] End 1 Pass. Optimized 0 net or cell. Created 0 new cell, deleted 0 existing cell and moved 0 existing cell
Netlist sorting complete. Time (s): cpu = 00:00:00.01 ; elapsed = 00:00:00 . Memory (MB): peak = 3224.973 ; gain = 0.000 ; free physical = 7569 ; free virtual = 19767

Summary of Physical Synthesis Optimizations
============================================


----------------------------------------------------------------------------------------------------------------------------------------
|  Optimization                  |  Added Cells  |  Removed Cells  |  Optimized Cells/Nets  |  Dont Touch  |  Iterations  |  Elapsed   |
----------------------------------------------------------------------------------------------------------------------------------------
|  Very High Fanout              |            0  |              0  |                     0  |           0  |           1  |  00:00:00  |
|  DSP Register                  |            0  |              0  |                     0  |           0  |           0  |  00:00:00  |
|  Shift Register                |            0  |              0  |                     0  |           0  |           0  |  00:00:00  |
|  BRAM Register                 |            0  |              0  |                     0  |           0  |           0  |  00:00:00  |
|  HD Interface Net Replication  |            0  |              0  |                     0  |           0  |           1  |  00:00:00  |
|  Total                         |            0  |              0  |                     0  |           0  |           2  |  00:00:00  |
----------------------------------------------------------------------------------------------------------------------------------------


Phase 2.2.1 Physical Synthesis In Placer | Checksum: 243ea0a4d

Time (s): cpu = 00:01:21 ; elapsed = 00:00:30 . Memory (MB): peak = 3224.973 ; gain = 0.000 ; free physical = 7567 ; free virtual = 19766
Phase 2.2 Global Placement Core | Checksum: 1af4b1f5c

Time (s): cpu = 00:01:24 ; elapsed = 00:00:31 . Memory (MB): peak = 3224.973 ; gain = 0.000 ; free physical = 7563 ; free virtual = 19762
Phase 2 Global Placement | Checksum: 1af4b1f5c

Time (s): cpu = 00:01:24 ; elapsed = 00:00:31 . Memory (MB): peak = 3224.973 ; gain = 0.000 ; free physical = 7567 ; free virtual = 19766

Phase 3 Detail Placement

Phase 3.1 Commit Multi Column Macros
Phase 3.1 Commit Multi Column Macros | Checksum: 1f34073a5

Time (s): cpu = 00:01:28 ; elapsed = 00:00:33 . Memory (MB): peak = 3224.973 ; gain = 0.000 ; free physical = 7541 ; free virtual = 19754

Phase 3.2 Commit Most Macros & LUTRAMs
Phase 3.2 Commit Most Macros & LUTRAMs | Checksum: 1ec2d5611

Time (s): cpu = 00:01:35 ; elapsed = 00:00:37 . Memory (MB): peak = 3224.973 ; gain = 0.000 ; free physical = 7549 ; free virtual = 19762

Phase 3.3 Area Swap Optimization
Phase 3.3 Area Swap Optimization | Checksum: 156796330

Time (s): cpu = 00:01:36 ; elapsed = 00:00:37 . Memory (MB): peak = 3224.973 ; gain = 0.000 ; free physical = 7575 ; free virtual = 19766

Phase 3.4 Pipeline Register Optimization
Phase 3.4 Pipeline Register Optimization | Checksum: 20fa99a55

Time (s): cpu = 00:01:36 ; elapsed = 00:00:37 . Memory (MB): peak = 3224.973 ; gain = 0.000 ; free physical = 7577 ; free virtual = 19768

Phase 3.5 Small Shape Detail Placement
Phase 3.5 Small Shape Detail Placement | Checksum: 1b07a80d6

Time (s): cpu = 00:01:40 ; elapsed = 00:00:41 . Memory (MB): peak = 3224.973 ; gain = 0.000 ; free physical = 7547 ; free virtual = 19748

Phase 3.6 Re-assign LUT pins
Phase 3.6 Re-assign LUT pins | Checksum: 25d18b075

Time (s): cpu = 00:01:41 ; elapsed = 00:00:42 . Memory (MB): peak = 3224.973 ; gain = 0.000 ; free physical = 7554 ; free virtual = 19755

Phase 3.7 Pipeline Register Optimization
Phase 3.7 Pipeline Register Optimization | Checksum: 1283df7a2

Time (s): cpu = 00:01:42 ; elapsed = 00:00:42 . Memory (MB): peak = 3224.973 ; gain = 0.000 ; free physical = 7554 ; free virtual = 19755
Phase 3 Detail Placement | Checksum: 1283df7a2

Time (s): cpu = 00:01:42 ; elapsed = 00:00:42 . Memory (MB): peak = 3224.973 ; gain = 0.000 ; free physical = 7554 ; free virtual = 19755

Phase 4 Post Placement Optimization and Clean-Up

Phase 4.1 Post Commit Optimization
INFO: [Timing 38-35] Done setting XDC timing constraints.

Phase 4.1.1 Post Placement Optimization
Post Placement Optimization Initialization | Checksum: 20dae8b1f

Phase 4.1.1.1 BUFG Insertion
INFO: [Place 46-56] BUFG insertion identified 0 candidate nets. Inserted BUFG: 0, Replicated BUFG Driver: 0, Skipped due to Placement/Routing Conflicts: 0, Skipped due to Timing Degradation: 0, Skipped due to Illegal Netlist: 0.
Phase 4.1.1.1 BUFG Insertion | Checksum: 20dae8b1f

Time (s): cpu = 00:01:56 ; elapsed = 00:00:46 . Memory (MB): peak = 3224.973 ; gain = 0.000 ; free physical = 7577 ; free virtual = 19760
INFO: [Place 30-746] Post Placement Timing Summary WNS=0.368. For the most accurate timing information please run report_timing.
Phase 4.1.1 Post Placement Optimization | Checksum: 1239ce37f

Time (s): cpu = 00:01:58 ; elapsed = 00:00:49 . Memory (MB): peak = 3224.973 ; gain = 0.000 ; free physical = 7571 ; free virtual = 19755
Phase 4.1 Post Commit Optimization | Checksum: 1239ce37f

Time (s): cpu = 00:01:59 ; elapsed = 00:00:49 . Memory (MB): peak = 3224.973 ; gain = 0.000 ; free physical = 7571 ; free virtual = 19755

Phase 4.2 Post Placement Cleanup
Phase 4.2 Post Placement Cleanup | Checksum: 1239ce37f

Time (s): cpu = 00:01:59 ; elapsed = 00:00:49 . Memory (MB): peak = 3224.973 ; gain = 0.000 ; free physical = 7582 ; free virtual = 19766

Phase 4.3 Placer Reporting
Phase 4.3 Placer Reporting | Checksum: 1239ce37f

Time (s): cpu = 00:01:59 ; elapsed = 00:00:49 . Memory (MB): peak = 3224.973 ; gain = 0.000 ; free physical = 7582 ; free virtual = 19766

Phase 4.4 Final Placement Cleanup
Netlist sorting complete. Time (s): cpu = 00:00:00.01 ; elapsed = 00:00:00 . Memory (MB): peak = 3224.973 ; gain = 0.000 ; free physical = 7582 ; free virtual = 19766
Phase 4.4 Final Placement Cleanup | Checksum: fb948ebb

Time (s): cpu = 00:01:59 ; elapsed = 00:00:50 . Memory (MB): peak = 3224.973 ; gain = 0.000 ; free physical = 7582 ; free virtual = 19766
Phase 4 Post Placement Optimization and Clean-Up | Checksum: fb948ebb

Time (s): cpu = 00:02:00 ; elapsed = 00:00:50 . Memory (MB): peak = 3224.973 ; gain = 0.000 ; free physical = 7582 ; free virtual = 19766
Ending Placer Task | Checksum: e3ace33a

Time (s): cpu = 00:02:00 ; elapsed = 00:00:50 . Memory (MB): peak = 3224.973 ; gain = 0.000 ; free physical = 7582 ; free virtual = 19766
INFO: [Common 17-83] Releasing license: Implementation
61 Infos, 0 Warnings, 0 Critical Warnings and 0 Errors encountered.
place_design completed successfully
place_design: Time (s): cpu = 00:02:03 ; elapsed = 00:00:52 . Memory (MB): peak = 3224.973 ; gain = 0.000 ; free physical = 7680 ; free virtual = 19864
Netlist sorting complete. Time (s): cpu = 00:00:00 ; elapsed = 00:00:00 . Memory (MB): peak = 3224.973 ; gain = 0.000 ; free physical = 7680 ; free virtual = 19864
INFO: [Timing 38-480] Writing timing data to binary archive.
Writing placer database...
Writing XDEF routing.
Writing XDEF routing logical nets.
Writing XDEF routing special nets.
Write XDEF Complete: Time (s): cpu = 00:00:05 ; elapsed = 00:00:02 . Memory (MB): peak = 3224.973 ; gain = 0.000 ; free physical = 7610 ; free virtual = 19870
INFO: [Common 17-1381] The checkpoint '/home/florian/Desktop/proteus/toolchain/build/proteus_sdf_op_4_5/proteus_sdf_op_1_2.runs/impl_1/ntt_memory_wrapper_placed.dcp' has been generated.
write_checkpoint: Time (s): cpu = 00:00:10 ; elapsed = 00:00:06 . Memory (MB): peak = 3224.973 ; gain = 0.000 ; free physical = 7677 ; free virtual = 19874
INFO: [runtcl-4] Executing : report_io -file ntt_memory_wrapper_io_placed.rpt
report_io: Time (s): cpu = 00:00:00.18 ; elapsed = 00:00:00.24 . Memory (MB): peak = 3224.973 ; gain = 0.000 ; free physical = 7644 ; free virtual = 19842
INFO: [runtcl-4] Executing : report_utilization -file ntt_memory_wrapper_utilization_placed.rpt -pb ntt_memory_wrapper_utilization_placed.pb
INFO: [runtcl-4] Executing : report_control_sets -verbose -file ntt_memory_wrapper_control_sets_placed.rpt
report_control_sets: Time (s): cpu = 00:00:00.34 ; elapsed = 00:00:00.39 . Memory (MB): peak = 3224.973 ; gain = 0.000 ; free physical = 7662 ; free virtual = 19860
Command: route_design
Attempting to get a license for feature 'Implementation' and/or device 'xc7vx485t'
INFO: [Common 17-349] Got license for feature 'Implementation' and/or device 'xc7vx485t'
INFO: [Common 17-1540] The version limit for your license is '2021.11' and has expired for new software. A version limit expiration means that, although you may be able to continue to use the current version of tools or IP with this license, you will not be eligible for any updates or new releases.
Running DRC as a precondition to command route_design
INFO: [DRC 23-27] Running DRC with 8 threads
INFO: [Vivado_Tcl 4-198] DRC finished with 0 Errors
INFO: [Vivado_Tcl 4-199] Please refer to the DRC report (report_drc) for more information.


Starting Routing Task
INFO: [Route 35-254] Multithreading enabled for route_design using a maximum of 8 CPUs
Checksum: PlaceDB: 31693a26 ConstDB: 0 ShapeSum: b243a914 RouteDB: 0

Phase 1 Build RT Design
Phase 1 Build RT Design | Checksum: 1ae85ce25

Time (s): cpu = 00:00:54 ; elapsed = 00:00:32 . Memory (MB): peak = 3352.852 ; gain = 126.875 ; free physical = 7274 ; free virtual = 19507
Post Restoration Checksum: NetGraph: d61d4377 NumContArr: d8688aae Constraints: 0 Timing: 0

Phase 2 Router Initialization

Phase 2.1 Create Timer
Phase 2.1 Create Timer | Checksum: 1ae85ce25

Time (s): cpu = 00:00:54 ; elapsed = 00:00:32 . Memory (MB): peak = 3363.844 ; gain = 137.867 ; free physical = 7247 ; free virtual = 19481

Phase 2.2 Fix Topology Constraints
Phase 2.2 Fix Topology Constraints | Checksum: 1ae85ce25

Time (s): cpu = 00:00:54 ; elapsed = 00:00:32 . Memory (MB): peak = 3421.516 ; gain = 195.539 ; free physical = 7188 ; free virtual = 19420

Phase 2.3 Pre Route Cleanup
Phase 2.3 Pre Route Cleanup | Checksum: 1ae85ce25

Time (s): cpu = 00:00:54 ; elapsed = 00:00:33 . Memory (MB): peak = 3421.516 ; gain = 195.539 ; free physical = 7188 ; free virtual = 19420
 Number of Nodes with overlaps = 0

Phase 2.4 Update Timing
Phase 2.4 Update Timing | Checksum: 210ff6ae1

Time (s): cpu = 00:01:17 ; elapsed = 00:00:40 . Memory (MB): peak = 3515.477 ; gain = 289.500 ; free physical = 7238 ; free virtual = 19477
INFO: [Route 35-416] Intermediate Timing Summary | WNS=0.481  | TNS=0.000  | WHS=-0.224 | THS=-291.312|

Phase 2 Router Initialization | Checksum: 2489b4b1d

Time (s): cpu = 00:01:26 ; elapsed = 00:00:42 . Memory (MB): peak = 3515.477 ; gain = 289.500 ; free physical = 7246 ; free virtual = 19461

Router Utilization Summary
  Global Vertical Routing Utilization    = 0 %
  Global Horizontal Routing Utilization  = 0 %
  Routable Net Status*
  *Does not include unroutable nets such as driverless and loadless.
  Run report_route_status for detailed report.
  Number of Failed Nets               = 41989
    (Failed Nets is the sum of unrouted and partially routed nets)
  Number of Unrouted Nets             = 41989
  Number of Partially Routed Nets     = 0
  Number of Node Overlaps             = 0


Phase 3 Initial Routing
Phase 3 Initial Routing | Checksum: 1714a066a

Time (s): cpu = 00:01:36 ; elapsed = 00:00:45 . Memory (MB): peak = 3515.477 ; gain = 289.500 ; free physical = 7222 ; free virtual = 19444

Phase 4 Rip-up And Reroute

Phase 4.1 Global Iteration 0
 Number of Nodes with overlaps = 3093
 Number of Nodes with overlaps = 269
 Number of Nodes with overlaps = 36
 Number of Nodes with overlaps = 5
 Number of Nodes with overlaps = 0
INFO: [Route 35-416] Intermediate Timing Summary | WNS=0.383  | TNS=0.000  | WHS=N/A    | THS=N/A    |

Phase 4.1 Global Iteration 0 | Checksum: ee5f7411

Time (s): cpu = 00:01:57 ; elapsed = 00:00:52 . Memory (MB): peak = 3515.477 ; gain = 289.500 ; free physical = 7204 ; free virtual = 19424

Phase 4.2 Global Iteration 1
 Number of Nodes with overlaps = 0
INFO: [Route 35-416] Intermediate Timing Summary | WNS=0.383  | TNS=0.000  | WHS=N/A    | THS=N/A    |

Phase 4.2 Global Iteration 1 | Checksum: 1e699e5ca

Time (s): cpu = 00:01:58 ; elapsed = 00:00:53 . Memory (MB): peak = 3515.477 ; gain = 289.500 ; free physical = 7206 ; free virtual = 19426
Phase 4 Rip-up And Reroute | Checksum: 1e699e5ca

Time (s): cpu = 00:01:58 ; elapsed = 00:00:53 . Memory (MB): peak = 3515.477 ; gain = 289.500 ; free physical = 7206 ; free virtual = 19426

Phase 5 Delay and Skew Optimization

Phase 5.1 Delay CleanUp
Phase 5.1 Delay CleanUp | Checksum: 1e699e5ca

Time (s): cpu = 00:01:58 ; elapsed = 00:00:53 . Memory (MB): peak = 3515.477 ; gain = 289.500 ; free physical = 7232 ; free virtual = 19432

Phase 5.2 Clock Skew Optimization
Phase 5.2 Clock Skew Optimization | Checksum: 1e699e5ca

Time (s): cpu = 00:01:58 ; elapsed = 00:00:53 . Memory (MB): peak = 3515.477 ; gain = 289.500 ; free physical = 7232 ; free virtual = 19432
Phase 5 Delay and Skew Optimization | Checksum: 1e699e5ca

Time (s): cpu = 00:01:58 ; elapsed = 00:00:53 . Memory (MB): peak = 3515.477 ; gain = 289.500 ; free physical = 7232 ; free virtual = 19432

Phase 6 Post Hold Fix

Phase 6.1 Hold Fix Iter

Phase 6.1.1 Update Timing
Phase 6.1.1 Update Timing | Checksum: 15e14d17d

Time (s): cpu = 00:02:00 ; elapsed = 00:00:53 . Memory (MB): peak = 3515.477 ; gain = 289.500 ; free physical = 7232 ; free virtual = 19435
INFO: [Route 35-416] Intermediate Timing Summary | WNS=0.393  | TNS=0.000  | WHS=0.039  | THS=0.000  |

Phase 6.1 Hold Fix Iter | Checksum: 1beec22c2

Time (s): cpu = 00:02:00 ; elapsed = 00:00:54 . Memory (MB): peak = 3515.477 ; gain = 289.500 ; free physical = 7232 ; free virtual = 19435
Phase 6 Post Hold Fix | Checksum: 1beec22c2

Time (s): cpu = 00:02:00 ; elapsed = 00:00:54 . Memory (MB): peak = 3515.477 ; gain = 289.500 ; free physical = 7231 ; free virtual = 19435

Phase 7 Route finalize

Router Utilization Summary
  Global Vertical Routing Utilization    = 1.56664 %
  Global Horizontal Routing Utilization  = 1.81965 %
  Routable Net Status*
  *Does not include unroutable nets such as driverless and loadless.
  Run report_route_status for detailed report.
  Number of Failed Nets               = 0
    (Failed Nets is the sum of unrouted and partially routed nets)
  Number of Unrouted Nets             = 0
  Number of Partially Routed Nets     = 0
  Number of Node Overlaps             = 0

Phase 7 Route finalize | Checksum: 22092c9ea

Time (s): cpu = 00:02:01 ; elapsed = 00:00:54 . Memory (MB): peak = 3515.477 ; gain = 289.500 ; free physical = 7233 ; free virtual = 19438

Phase 8 Verifying routed nets

 Verification completed successfully
Phase 8 Verifying routed nets | Checksum: 22092c9ea

Time (s): cpu = 00:02:01 ; elapsed = 00:00:54 . Memory (MB): peak = 3515.477 ; gain = 289.500 ; free physical = 7233 ; free virtual = 19438

Phase 9 Depositing Routes
Phase 9 Depositing Routes | Checksum: 26e455d9e

Time (s): cpu = 00:02:03 ; elapsed = 00:00:56 . Memory (MB): peak = 3515.477 ; gain = 289.500 ; free physical = 7211 ; free virtual = 19417

Phase 10 Post Router Timing
INFO: [Route 35-57] Estimated Timing Summary | WNS=0.393  | TNS=0.000  | WHS=0.039  | THS=0.000  |

INFO: [Route 35-327] The final timing numbers are based on the router estimated timing analysis. For a complete and accurate timing signoff, please run report_timing_summary.
Phase 10 Post Router Timing | Checksum: 26e455d9e

Time (s): cpu = 00:02:03 ; elapsed = 00:00:56 . Memory (MB): peak = 3515.477 ; gain = 289.500 ; free physical = 7213 ; free virtual = 19419
INFO: [Route 35-16] Router Completed Successfully

Time (s): cpu = 00:02:03 ; elapsed = 00:00:56 . Memory (MB): peak = 3515.477 ; gain = 289.500 ; free physical = 7304 ; free virtual = 19510

Routing Is Done.
INFO: [Common 17-83] Releasing license: Implementation
80 Infos, 0 Warnings, 0 Critical Warnings and 0 Errors encountered.
route_design completed successfully
route_design: Time (s): cpu = 00:02:08 ; elapsed = 00:00:58 . Memory (MB): peak = 3515.477 ; gain = 290.504 ; free physical = 7304 ; free virtual = 19510
Netlist sorting complete. Time (s): cpu = 00:00:00 ; elapsed = 00:00:00 . Memory (MB): peak = 3515.477 ; gain = 0.000 ; free physical = 7280 ; free virtual = 19508
INFO: [Timing 38-480] Writing timing data to binary archive.
Writing placer database...
Writing XDEF routing.
Writing XDEF routing logical nets.
Writing XDEF routing special nets.
Write XDEF Complete: Time (s): cpu = 00:00:06 ; elapsed = 00:00:02 . Memory (MB): peak = 3515.477 ; gain = 0.000 ; free physical = 7201 ; free virtual = 19494
INFO: [Common 17-1381] The checkpoint '/home/florian/Desktop/proteus/toolchain/build/proteus_sdf_op_4_5/proteus_sdf_op_1_2.runs/impl_1/ntt_memory_wrapper_routed.dcp' has been generated.
write_checkpoint: Time (s): cpu = 00:00:11 ; elapsed = 00:00:07 . Memory (MB): peak = 3515.477 ; gain = 0.000 ; free physical = 7279 ; free virtual = 19501
INFO: [runtcl-4] Executing : report_drc -file ntt_memory_wrapper_drc_routed.rpt -pb ntt_memory_wrapper_drc_routed.pb -rpx ntt_memory_wrapper_drc_routed.rpx
Command: report_drc -file ntt_memory_wrapper_drc_routed.rpt -pb ntt_memory_wrapper_drc_routed.pb -rpx ntt_memory_wrapper_drc_routed.rpx
INFO: [IP_Flow 19-1839] IP Catalog is up to date.
INFO: [DRC 23-27] Running DRC with 8 threads
INFO: [Coretcl 2-168] The results of DRC are in file /home/florian/Desktop/proteus/toolchain/build/proteus_sdf_op_4_5/proteus_sdf_op_1_2.runs/impl_1/ntt_memory_wrapper_drc_routed.rpt.
report_drc completed successfully
report_drc: Time (s): cpu = 00:00:15 ; elapsed = 00:00:06 . Memory (MB): peak = 3571.504 ; gain = 56.027 ; free physical = 7180 ; free virtual = 19402
INFO: [runtcl-4] Executing : report_methodology -file ntt_memory_wrapper_methodology_drc_routed.rpt -pb ntt_memory_wrapper_methodology_drc_routed.pb -rpx ntt_memory_wrapper_methodology_drc_routed.rpx
Command: report_methodology -file ntt_memory_wrapper_methodology_drc_routed.rpt -pb ntt_memory_wrapper_methodology_drc_routed.pb -rpx ntt_memory_wrapper_methodology_drc_routed.rpx
INFO: [Timing 38-35] Done setting XDC timing constraints.
INFO: [DRC 23-133] Running Methodology with 8 threads
INFO: [Coretcl 2-1520] The results of Report Methodology are in file /home/florian/Desktop/proteus/toolchain/build/proteus_sdf_op_4_5/proteus_sdf_op_1_2.runs/impl_1/ntt_memory_wrapper_methodology_drc_routed.rpt.
report_methodology completed successfully
report_methodology: Time (s): cpu = 00:00:26 ; elapsed = 00:00:09 . Memory (MB): peak = 3571.504 ; gain = 0.000 ; free physical = 6660 ; free virtual = 18975
INFO: [runtcl-4] Executing : report_power -file ntt_memory_wrapper_power_routed.rpt -pb ntt_memory_wrapper_power_summary_routed.pb -rpx ntt_memory_wrapper_power_routed.rpx
Command: report_power -file ntt_memory_wrapper_power_routed.rpt -pb ntt_memory_wrapper_power_summary_routed.pb -rpx ntt_memory_wrapper_power_routed.rpx
INFO: [Timing 38-35] Done setting XDC timing constraints.
Running Vector-less Activity Propagation...

Finished Running Vector-less Activity Propagation
92 Infos, 0 Warnings, 0 Critical Warnings and 0 Errors encountered.
report_power completed successfully
report_power: Time (s): cpu = 00:00:16 ; elapsed = 00:00:10 . Memory (MB): peak = 3571.504 ; gain = 0.000 ; free physical = 6507 ; free virtual = 18777
INFO: [runtcl-4] Executing : report_route_status -file ntt_memory_wrapper_route_status.rpt -pb ntt_memory_wrapper_route_status.pb
INFO: [runtcl-4] Executing : report_timing_summary -max_paths 10 -file ntt_memory_wrapper_timing_summary_routed.rpt -pb ntt_memory_wrapper_timing_summary_routed.pb -rpx ntt_memory_wrapper_timing_summary_routed.rpx -warn_on_violation 
INFO: [Timing 38-91] UpdateTimingParams: Speed grade: -1, Delay Type: min_max.
INFO: [Timing 38-191] Multithreading enabled for timing update using a maximum of 8 CPUs
INFO: [runtcl-4] Executing : report_incremental_reuse -file ntt_memory_wrapper_incremental_reuse_routed.rpt
INFO: [Vivado_Tcl 4-1062] Incremental flow is disabled. No incremental reuse Info to report.
INFO: [runtcl-4] Executing : report_clock_utilization -file ntt_memory_wrapper_clock_utilization_routed.rpt
INFO: [runtcl-4] Executing : report_bus_skew -warn_on_violation -file ntt_memory_wrapper_bus_skew_routed.rpt -pb ntt_memory_wrapper_bus_skew_routed.pb -rpx ntt_memory_wrapper_bus_skew_routed.rpx
INFO: [Timing 38-91] UpdateTimingParams: Speed grade: -1, Delay Type: min_max.
INFO: [Timing 38-191] Multithreading enabled for timing update using a maximum of 8 CPUs
INFO: [Common 17-206] Exiting Vivado at Mon Feb  6 19:33:29 2023...
