Copyright 1986-2019 Xilinx, Inc. All Rights Reserved.
----------------------------------------------------------------------------------------------------
| Tool Version : Vivado v.2019.1 (lin64) Build 2552052 Fri May 24 14:47:09 MDT 2019
| Date         : Tue Jan 31 22:01:15 2023
| Host         : x1g9 running 64-bit Ubuntu 20.04.5 LTS
| Command      : report_control_sets -verbose -file cryptoprocessor_wrapper_control_sets_placed.rpt
| Design       : cryptoprocessor_wrapper
| Device       : xc7z020
----------------------------------------------------------------------------------------------------

Control Set Information

Table of Contents
-----------------
1. Summary
2. Histogram
3. Flip-Flop Distribution
4. Detailed Control Set Information

1. Summary
----------

+----------------------------------------------------------+-------+
|                          Status                          | Count |
+----------------------------------------------------------+-------+
| Total control sets                                       |   116 |
|    Minimum number of control sets                        |   116 |
|    Addition due to synthesis replication                 |     0 |
|    Addition due to physical synthesis replication        |     0 |
| Unused register locations in slices containing registers |   267 |
+----------------------------------------------------------+-------+
* Control sets can be merged at opt_design using control_set_merge or merge_equivalent_drivers
** Run report_qor_suggestions for automated merging and remapping suggestions


2. Histogram
------------

+--------------------+-------+
|       Fanout       | Count |
+--------------------+-------+
| Total control sets |   116 |
| >= 0 to < 4        |     9 |
| >= 4 to < 6        |    16 |
| >= 6 to < 8        |     4 |
| >= 8 to < 10       |    27 |
| >= 10 to < 12      |     2 |
| >= 12 to < 14      |     8 |
| >= 14 to < 16      |     4 |
| >= 16              |    46 |
+--------------------+-------+
* Control sets can be remapped at either synth_design or opt_design


3. Flip-Flop Distribution
-------------------------

+--------------+-----------------------+------------------------+-----------------+--------------+
| Clock Enable | Synchronous Set/Reset | Asynchronous Set/Reset | Total Registers | Total Slices |
+--------------+-----------------------+------------------------+-----------------+--------------+
| No           | No                    | No                     |           14388 |         4070 |
| No           | No                    | Yes                    |               0 |            0 |
| No           | Yes                   | No                     |             815 |          221 |
| Yes          | No                    | No                     |             296 |           78 |
| Yes          | No                    | Yes                    |               0 |            0 |
| Yes          | Yes                   | No                     |             794 |          252 |
+--------------+-----------------------+------------------------+-----------------+--------------+


4. Detailed Control Set Information
-----------------------------------

+--------------------------------------------------------+-----------------------------------------------------------------------------------------------------------------------------------------------------------------------------------------+-------------------------------------------------------------------------------------------------------------------------------------------------------------------------------+------------------+----------------+
|                      Clock Signal                      |                                                                                      Enable Signal                                                                                      |                                                                                Set/Reset Signal                                                                               | Slice Load Count | Bel Load Count |
+--------------------------------------------------------+-----------------------------------------------------------------------------------------------------------------------------------------------------------------------------------------+-------------------------------------------------------------------------------------------------------------------------------------------------------------------------------+------------------+----------------+
|  cryptoprocessor_i/processing_system7_0/inst/FCLK_CLK0 | cryptoprocessor_i/ComputeCoreWrapper_0/inst/CORE/DUT_NTT_MEM_WRAPPER/DELAY_START/delay_start                                                                                            | cryptoprocessor_i/ComputeCoreWrapper_0/inst/CORE/mult_rst                                                                                                                     |                1 |              1 |
|  cryptoprocessor_i/processing_system7_0/inst/FCLK_CLK0 | cryptoprocessor_i/ps7_0_axi_periph/s00_couplers/auto_pc/inst/gen_axilite.gen_b2s_conv.axilite_b2s/WR.b_channel_0/bid_fifo_0/bresp_push                                                  |                                                                                                                                                                               |                1 |              2 |
|  cryptoprocessor_i/processing_system7_0/inst/FCLK_CLK0 |                                                                                                                                                                                         | cryptoprocessor_i/ComputeCoreWrapper_0/inst/CORE/DUT_NTT_MEM_WRAPPER/NTT_MDC_WRAPPER/genblk3[1].NTT_MDC_STAGE/xpm_fifo_sync_inst_1/xpm_fifo_base_inst/xpm_fifo_rst_inst/rst_i |                2 |              3 |
|  cryptoprocessor_i/processing_system7_0/inst/FCLK_CLK0 |                                                                                                                                                                                         | cryptoprocessor_i/ComputeCoreWrapper_0/inst/CORE/DUT_NTT_MEM_WRAPPER/NTT_MDC_WRAPPER/genblk3[1].NTT_MDC_STAGE/xpm_fifo_sync_inst_0/xpm_fifo_base_inst/xpm_fifo_rst_inst/rst_i |                2 |              3 |
|  cryptoprocessor_i/processing_system7_0/inst/FCLK_CLK0 |                                                                                                                                                                                         | cryptoprocessor_i/ComputeCoreWrapper_0/inst/CORE/DUT_NTT_MEM_WRAPPER/NTT_MDC_WRAPPER/genblk3[0].NTT_MDC_STAGE/xpm_fifo_sync_inst_1/xpm_fifo_base_inst/xpm_fifo_rst_inst/rst_i |                1 |              3 |
|  cryptoprocessor_i/processing_system7_0/inst/FCLK_CLK0 |                                                                                                                                                                                         | cryptoprocessor_i/ComputeCoreWrapper_0/inst/CORE/DUT_NTT_MEM_WRAPPER/NTT_MDC_WRAPPER/genblk3[0].NTT_MDC_STAGE/xpm_fifo_sync_inst_0/xpm_fifo_base_inst/xpm_fifo_rst_inst/rst_i |                2 |              3 |
|  cryptoprocessor_i/processing_system7_0/inst/FCLK_CLK0 |                                                                                                                                                                                         | cryptoprocessor_i/ComputeCoreWrapper_0/inst/CORE/DUT_NTT_MEM_WRAPPER/NTT_MDC_WRAPPER/genblk3[2].NTT_MDC_STAGE/xpm_fifo_sync_inst_0/xpm_fifo_base_inst/xpm_fifo_rst_inst/rst_i |                2 |              3 |
|  cryptoprocessor_i/processing_system7_0/inst/FCLK_CLK0 |                                                                                                                                                                                         | cryptoprocessor_i/ComputeCoreWrapper_0/inst/CORE/DUT_NTT_MEM_WRAPPER/NTT_MDC_WRAPPER/genblk3[2].NTT_MDC_STAGE/xpm_fifo_sync_inst_1/xpm_fifo_base_inst/xpm_fifo_rst_inst/rst_i |                2 |              3 |
|  cryptoprocessor_i/processing_system7_0/inst/FCLK_CLK0 | cryptoprocessor_i/ComputeCoreWrapper_0/inst/CORE/DUT_NTT_MEM_WRAPPER/NTT_MDC_WRAPPER/genblk3[9].NTT_MDC_STAGE/DELAY_SW_ENABLE/intt_reg_reg                                              | cryptoprocessor_i/ComputeCoreWrapper_0/inst/CORE/mult_rst                                                                                                                     |                1 |              3 |
|  cryptoprocessor_i/processing_system7_0/inst/FCLK_CLK0 | cryptoprocessor_i/ComputeCoreWrapper_0/inst/CORE/DUT_NTT_MEM_WRAPPER/NTT_MDC_WRAPPER/genblk3[8].NTT_MDC_STAGE/DELAY_SW_ENABLE/intt_reg_reg                                              | cryptoprocessor_i/ComputeCoreWrapper_0/inst/CORE/mult_rst                                                                                                                     |                1 |              4 |
|  cryptoprocessor_i/processing_system7_0/inst/FCLK_CLK0 |                                                                                                                                                                                         | cryptoprocessor_i/ComputeCoreWrapper_0/inst/CORE/DUT_NTT_MEM_WRAPPER/NTT_MDC_WRAPPER/genblk3[2].NTT_MDC_STAGE/xpm_fifo_sync_inst_0/xpm_fifo_base_inst/xpm_fifo_rst_inst/Q[0]  |                2 |              4 |
|  cryptoprocessor_i/processing_system7_0/inst/FCLK_CLK0 |                                                                                                                                                                                         | cryptoprocessor_i/ComputeCoreWrapper_0/inst/CORE/DUT_NTT_MEM_WRAPPER/NTT_MDC_WRAPPER/genblk3[2].NTT_MDC_STAGE/xpm_fifo_sync_inst_1/xpm_fifo_base_inst/xpm_fifo_rst_inst/Q[0]  |                2 |              4 |
|  cryptoprocessor_i/processing_system7_0/inst/FCLK_CLK0 |                                                                                                                                                                                         | cryptoprocessor_i/ps7_0_axi_periph/s00_couplers/auto_pc/inst/gen_axilite.gen_b2s_conv.axilite_b2s/SI_REG/ar.ar_pipe/aresetn_d_reg[1]_inv_0                                    |                1 |              4 |
|  cryptoprocessor_i/processing_system7_0/inst/FCLK_CLK0 |                                                                                                                                                                                         | cryptoprocessor_i/ps7_0_axi_periph/s00_couplers/auto_pc/inst/gen_axilite.gen_b2s_conv.axilite_b2s/SI_REG/aw.aw_pipe/aresetn_d_reg[0]_0                                        |                2 |              4 |
|  cryptoprocessor_i/processing_system7_0/inst/FCLK_CLK0 |                                                                                                                                                                                         | cryptoprocessor_i/ComputeCoreWrapper_0/inst/CORE/DUT_NTT_MEM_WRAPPER/NTT_MDC_WRAPPER/genblk3[0].NTT_MDC_STAGE/xpm_fifo_sync_inst_0/xpm_fifo_base_inst/xpm_fifo_rst_inst/Q[0]  |                2 |              4 |
|  cryptoprocessor_i/processing_system7_0/inst/FCLK_CLK0 |                                                                                                                                                                                         | cryptoprocessor_i/ComputeCoreWrapper_0/inst/CORE/DUT_NTT_MEM_WRAPPER/NTT_MDC_WRAPPER/genblk3[0].NTT_MDC_STAGE/xpm_fifo_sync_inst_1/xpm_fifo_base_inst/xpm_fifo_rst_inst/Q[0]  |                2 |              4 |
|  cryptoprocessor_i/processing_system7_0/inst/FCLK_CLK0 |                                                                                                                                                                                         | cryptoprocessor_i/ComputeCoreWrapper_0/inst/CORE/DUT_NTT_MEM_WRAPPER/NTT_MDC_WRAPPER/genblk3[1].NTT_MDC_STAGE/xpm_fifo_sync_inst_1/xpm_fifo_base_inst/xpm_fifo_rst_inst/Q[0]  |                1 |              4 |
|  cryptoprocessor_i/processing_system7_0/inst/FCLK_CLK0 |                                                                                                                                                                                         | cryptoprocessor_i/rst_ps7_0_100M/U0/EXT_LPF/lpf_int                                                                                                                           |                1 |              4 |
|  cryptoprocessor_i/processing_system7_0/inst/FCLK_CLK0 |                                                                                                                                                                                         | cryptoprocessor_i/ComputeCoreWrapper_0/inst/CORE/DUT_NTT_MEM_WRAPPER/NTT_MDC_WRAPPER/genblk3[1].NTT_MDC_STAGE/xpm_fifo_sync_inst_0/xpm_fifo_base_inst/xpm_fifo_rst_inst/Q[0]  |                2 |              4 |
|  cryptoprocessor_i/processing_system7_0/inst/FCLK_CLK0 |                                                                                                                                                                                         | cryptoprocessor_i/ComputeCoreWrapper_0/inst/CORE/DUT_NTT_MEM_WRAPPER/NTT_MDC_WRAPPER/genblk3[5].NTT_MDC_STAGE/start_reg_reg_2                                                 |                2 |              5 |
|  cryptoprocessor_i/processing_system7_0/inst/FCLK_CLK0 | cryptoprocessor_i/ps7_0_axi_periph/s00_couplers/auto_pc/inst/gen_axilite.gen_b2s_conv.axilite_b2s/RD.r_channel_0/transaction_fifo_0/cnt_read[4]_i_1__0_n_0                              | cryptoprocessor_i/ps7_0_axi_periph/s00_couplers/auto_pc/inst/gen_axilite.gen_b2s_conv.axilite_b2s/areset_d1                                                                   |                3 |              5 |
|  cryptoprocessor_i/processing_system7_0/inst/FCLK_CLK0 | cryptoprocessor_i/ps7_0_axi_periph/s00_couplers/auto_pc/inst/gen_axilite.gen_b2s_conv.axilite_b2s/RD.r_channel_0/transaction_fifo_0/E[0]                                                | cryptoprocessor_i/ps7_0_axi_periph/s00_couplers/auto_pc/inst/gen_axilite.gen_b2s_conv.axilite_b2s/areset_d1                                                                   |                2 |              5 |
|  cryptoprocessor_i/processing_system7_0/inst/FCLK_CLK0 | cryptoprocessor_i/ps7_0_axi_periph/s00_couplers/auto_pc/inst/gen_axilite.gen_b2s_conv.axilite_b2s/WR.aw_channel_0/aw_cmd_fsm_0/m_valid_i_reg_0                                          | cryptoprocessor_i/ps7_0_axi_periph/s00_couplers/auto_pc/inst/gen_axilite.gen_b2s_conv.axilite_b2s/WR.aw_channel_0/aw_cmd_fsm_0/m_valid_i_reg                                  |                2 |              5 |
|  cryptoprocessor_i/processing_system7_0/inst/FCLK_CLK0 | cryptoprocessor_i/ComputeCoreWrapper_0/inst/CORE/DUT_NTT_MEM_WRAPPER/NTT_MDC_WRAPPER/genblk3[7].NTT_MDC_STAGE/DELAY_INTT_EN/intt_reg_reg                                                | cryptoprocessor_i/ComputeCoreWrapper_0/inst/CORE/mult_rst                                                                                                                     |                2 |              5 |
|  cryptoprocessor_i/processing_system7_0/inst/FCLK_CLK0 | cryptoprocessor_i/ps7_0_axi_periph/s00_couplers/auto_pc/inst/gen_axilite.gen_b2s_conv.axilite_b2s/RD.ar_channel_0/ar_cmd_fsm_0/m_axi_arready_0                                          | cryptoprocessor_i/ps7_0_axi_periph/s00_couplers/auto_pc/inst/gen_axilite.gen_b2s_conv.axilite_b2s/RD.ar_channel_0/ar_cmd_fsm_0/FSM_sequential_state_reg[1]_0                  |                2 |              5 |
|  cryptoprocessor_i/processing_system7_0/inst/FCLK_CLK0 | cryptoprocessor_i/rst_ps7_0_100M/U0/SEQ/seq_cnt_en                                                                                                                                      | cryptoprocessor_i/rst_ps7_0_100M/U0/SEQ/SEQ_COUNTER/clear                                                                                                                     |                1 |              6 |
|  cryptoprocessor_i/processing_system7_0/inst/FCLK_CLK0 | cryptoprocessor_i/ComputeCoreWrapper_0/inst/CORE/DUT_NTT_MEM_WRAPPER/NTT_MDC_WRAPPER/genblk3[6].NTT_MDC_STAGE/DELAY_INTT_EN/intt_reg_reg                                                | cryptoprocessor_i/ComputeCoreWrapper_0/inst/CORE/mult_rst                                                                                                                     |                3 |              6 |
|  cryptoprocessor_i/processing_system7_0/inst/FCLK_CLK0 | cryptoprocessor_i/ComputeCoreWrapper_0/inst/ISA_CTRL/inc_IR_address                                                                                                                     | cryptoprocessor_i/ComputeCoreWrapper_0/inst/ISA_CTRL/IR_address0                                                                                                              |                2 |              6 |
|  cryptoprocessor_i/processing_system7_0/inst/FCLK_CLK0 | cryptoprocessor_i/ComputeCoreWrapper_0/inst/CORE/DUT_NTT_MEM_WRAPPER/NTT_MDC_WRAPPER/genblk3[5].NTT_MDC_STAGE/DELAY_INTT_EN/intt_reg_reg                                                | cryptoprocessor_i/ComputeCoreWrapper_0/inst/CORE/mult_rst                                                                                                                     |                3 |              7 |
|  cryptoprocessor_i/processing_system7_0/inst/FCLK_CLK0 | cryptoprocessor_i/AXI_Slave8Ports_new_0/inst/AXI_Slave8Ports_new_v1_0_S00_AXI_inst/slv_reg3[7]_i_1_n_0                                                                                  | cryptoprocessor_i/AXI_Slave8Ports_new_0/inst/AXI_Slave8Ports_new_v1_0_S00_AXI_inst/slv_reg0[31]_i_1_n_0                                                                       |                3 |              8 |
|  cryptoprocessor_i/processing_system7_0/inst/FCLK_CLK0 | cryptoprocessor_i/AXI_Slave8Ports_new_0/inst/AXI_Slave8Ports_new_v1_0_S00_AXI_inst/p_1_in[31]                                                                                           | cryptoprocessor_i/AXI_Slave8Ports_new_0/inst/AXI_Slave8Ports_new_v1_0_S00_AXI_inst/slv_reg0[31]_i_1_n_0                                                                       |                3 |              8 |
|  cryptoprocessor_i/processing_system7_0/inst/FCLK_CLK0 | cryptoprocessor_i/AXI_Slave8Ports_new_0/inst/AXI_Slave8Ports_new_v1_0_S00_AXI_inst/slv_reg2[31]_i_1_n_0                                                                                 | cryptoprocessor_i/AXI_Slave8Ports_new_0/inst/AXI_Slave8Ports_new_v1_0_S00_AXI_inst/slv_reg0[31]_i_1_n_0                                                                       |                2 |              8 |
|  cryptoprocessor_i/processing_system7_0/inst/FCLK_CLK0 | cryptoprocessor_i/AXI_Slave8Ports_new_0/inst/AXI_Slave8Ports_new_v1_0_S00_AXI_inst/slv_reg3[15]_i_1_n_0                                                                                 | cryptoprocessor_i/AXI_Slave8Ports_new_0/inst/AXI_Slave8Ports_new_v1_0_S00_AXI_inst/slv_reg0[31]_i_1_n_0                                                                       |                1 |              8 |
|  cryptoprocessor_i/processing_system7_0/inst/FCLK_CLK0 | cryptoprocessor_i/ps7_0_axi_periph/s00_couplers/auto_pc/inst/gen_axilite.gen_b2s_conv.axilite_b2s/WR.aw_channel_0/aw_cmd_fsm_0/E[0]                                                     |                                                                                                                                                                               |                3 |              8 |
|  cryptoprocessor_i/processing_system7_0/inst/FCLK_CLK0 | cryptoprocessor_i/AXI_Slave8Ports_new_0/inst/AXI_Slave8Ports_new_v1_0_S00_AXI_inst/p_1_in[23]                                                                                           | cryptoprocessor_i/AXI_Slave8Ports_new_0/inst/AXI_Slave8Ports_new_v1_0_S00_AXI_inst/slv_reg0[31]_i_1_n_0                                                                       |                1 |              8 |
|  cryptoprocessor_i/processing_system7_0/inst/FCLK_CLK0 | cryptoprocessor_i/ComputeCoreWrapper_0/inst/CORE/DUT_NTT_MEM_WRAPPER/NTT_MDC_WRAPPER/genblk3[4].NTT_MDC_STAGE/DELAY_INTT_EN/intt_reg_reg                                                | cryptoprocessor_i/ComputeCoreWrapper_0/inst/CORE/mult_rst                                                                                                                     |                2 |              8 |
|  cryptoprocessor_i/processing_system7_0/inst/FCLK_CLK0 | cryptoprocessor_i/AXI_Slave8Ports_new_0/inst/AXI_Slave8Ports_new_v1_0_S00_AXI_inst/p_1_in[15]                                                                                           | cryptoprocessor_i/AXI_Slave8Ports_new_0/inst/AXI_Slave8Ports_new_v1_0_S00_AXI_inst/slv_reg0[31]_i_1_n_0                                                                       |                1 |              8 |
|  cryptoprocessor_i/processing_system7_0/inst/FCLK_CLK0 | cryptoprocessor_i/AXI_Slave8Ports_new_0/inst/AXI_Slave8Ports_new_v1_0_S00_AXI_inst/slv_reg3[23]_i_1_n_0                                                                                 | cryptoprocessor_i/AXI_Slave8Ports_new_0/inst/AXI_Slave8Ports_new_v1_0_S00_AXI_inst/slv_reg0[31]_i_1_n_0                                                                       |                2 |              8 |
|  cryptoprocessor_i/processing_system7_0/inst/FCLK_CLK0 | cryptoprocessor_i/AXI_Slave8Ports_new_0/inst/AXI_Slave8Ports_new_v1_0_S00_AXI_inst/slv_reg7[15]_i_1_n_0                                                                                 | cryptoprocessor_i/AXI_Slave8Ports_new_0/inst/AXI_Slave8Ports_new_v1_0_S00_AXI_inst/slv_reg0[31]_i_1_n_0                                                                       |                2 |              8 |
|  cryptoprocessor_i/processing_system7_0/inst/FCLK_CLK0 | cryptoprocessor_i/AXI_Slave8Ports_new_0/inst/AXI_Slave8Ports_new_v1_0_S00_AXI_inst/slv_reg7[7]_i_1_n_0                                                                                  | cryptoprocessor_i/AXI_Slave8Ports_new_0/inst/AXI_Slave8Ports_new_v1_0_S00_AXI_inst/slv_reg0[31]_i_1_n_0                                                                       |                2 |              8 |
|  cryptoprocessor_i/processing_system7_0/inst/FCLK_CLK0 | cryptoprocessor_i/AXI_Slave8Ports_new_0/inst/AXI_Slave8Ports_new_v1_0_S00_AXI_inst/slv_reg2[15]_i_1_n_0                                                                                 | cryptoprocessor_i/AXI_Slave8Ports_new_0/inst/AXI_Slave8Ports_new_v1_0_S00_AXI_inst/slv_reg0[31]_i_1_n_0                                                                       |                1 |              8 |
|  cryptoprocessor_i/processing_system7_0/inst/FCLK_CLK0 | cryptoprocessor_i/ps7_0_axi_periph/s00_couplers/auto_pc/inst/gen_axilite.gen_b2s_conv.axilite_b2s/WR.b_channel_0/mhandshake_r                                                           | cryptoprocessor_i/ps7_0_axi_periph/s00_couplers/auto_pc/inst/gen_axilite.gen_b2s_conv.axilite_b2s/WR.b_channel_0/bid_fifo_0/SR[0]                                             |                3 |              8 |
|  cryptoprocessor_i/processing_system7_0/inst/FCLK_CLK0 | cryptoprocessor_i/ps7_0_axi_periph/s00_couplers/auto_pc/inst/gen_axilite.gen_b2s_conv.axilite_b2s/WR.aw_channel_0/cmd_translator_0/incr_cmd_0/axaddr_incr[11]_i_1_n_0                   |                                                                                                                                                                               |                3 |              8 |
|  cryptoprocessor_i/processing_system7_0/inst/FCLK_CLK0 | cryptoprocessor_i/ps7_0_axi_periph/s00_couplers/auto_pc/inst/gen_axilite.gen_b2s_conv.axilite_b2s/RD.ar_channel_0/ar_cmd_fsm_0/cryptoprocessor226_net_1                                 |                                                                                                                                                                               |                3 |              8 |
|  cryptoprocessor_i/processing_system7_0/inst/FCLK_CLK0 | cryptoprocessor_i/AXI_Slave8Ports_new_0/inst/AXI_Slave8Ports_new_v1_0_S00_AXI_inst/slv_reg1[31]_i_1_n_0                                                                                 | cryptoprocessor_i/AXI_Slave8Ports_new_0/inst/AXI_Slave8Ports_new_v1_0_S00_AXI_inst/slv_reg0[31]_i_1_n_0                                                                       |                2 |              8 |
|  cryptoprocessor_i/processing_system7_0/inst/FCLK_CLK0 | cryptoprocessor_i/AXI_Slave8Ports_new_0/inst/AXI_Slave8Ports_new_v1_0_S00_AXI_inst/slv_reg7[23]_i_1_n_0                                                                                 | cryptoprocessor_i/AXI_Slave8Ports_new_0/inst/AXI_Slave8Ports_new_v1_0_S00_AXI_inst/slv_reg0[31]_i_1_n_0                                                                       |                2 |              8 |
|  cryptoprocessor_i/processing_system7_0/inst/FCLK_CLK0 | cryptoprocessor_i/AXI_Slave8Ports_new_0/inst/AXI_Slave8Ports_new_v1_0_S00_AXI_inst/slv_reg1[7]_i_1_n_0                                                                                  | cryptoprocessor_i/AXI_Slave8Ports_new_0/inst/AXI_Slave8Ports_new_v1_0_S00_AXI_inst/slv_reg0[31]_i_1_n_0                                                                       |                1 |              8 |
|  cryptoprocessor_i/processing_system7_0/inst/FCLK_CLK0 | cryptoprocessor_i/AXI_Slave8Ports_new_0/inst/AXI_Slave8Ports_new_v1_0_S00_AXI_inst/slv_reg2[23]_i_1_n_0                                                                                 | cryptoprocessor_i/AXI_Slave8Ports_new_0/inst/AXI_Slave8Ports_new_v1_0_S00_AXI_inst/slv_reg0[31]_i_1_n_0                                                                       |                1 |              8 |
|  cryptoprocessor_i/processing_system7_0/inst/FCLK_CLK0 | cryptoprocessor_i/AXI_Slave8Ports_new_0/inst/AXI_Slave8Ports_new_v1_0_S00_AXI_inst/slv_reg2[7]_i_1_n_0                                                                                  | cryptoprocessor_i/AXI_Slave8Ports_new_0/inst/AXI_Slave8Ports_new_v1_0_S00_AXI_inst/slv_reg0[31]_i_1_n_0                                                                       |                3 |              8 |
|  cryptoprocessor_i/processing_system7_0/inst/FCLK_CLK0 | cryptoprocessor_i/AXI_Slave8Ports_new_0/inst/AXI_Slave8Ports_new_v1_0_S00_AXI_inst/slv_reg7[31]_i_1_n_0                                                                                 | cryptoprocessor_i/AXI_Slave8Ports_new_0/inst/AXI_Slave8Ports_new_v1_0_S00_AXI_inst/slv_reg0[31]_i_1_n_0                                                                       |                2 |              8 |
|  cryptoprocessor_i/processing_system7_0/inst/FCLK_CLK0 | cryptoprocessor_i/AXI_Slave8Ports_new_0/inst/AXI_Slave8Ports_new_v1_0_S00_AXI_inst/slv_reg1[15]_i_1_n_0                                                                                 | cryptoprocessor_i/AXI_Slave8Ports_new_0/inst/AXI_Slave8Ports_new_v1_0_S00_AXI_inst/slv_reg0[31]_i_1_n_0                                                                       |                1 |              8 |
|  cryptoprocessor_i/processing_system7_0/inst/FCLK_CLK0 | cryptoprocessor_i/ps7_0_axi_periph/s00_couplers/auto_pc/inst/gen_axilite.gen_b2s_conv.axilite_b2s/RD.ar_channel_0/ar_cmd_fsm_0/sel_first_reg[0]                                         |                                                                                                                                                                               |                3 |              8 |
|  cryptoprocessor_i/processing_system7_0/inst/FCLK_CLK0 | cryptoprocessor_i/AXI_Slave8Ports_new_0/inst/AXI_Slave8Ports_new_v1_0_S00_AXI_inst/slv_reg3[31]_i_1_n_0                                                                                 | cryptoprocessor_i/AXI_Slave8Ports_new_0/inst/AXI_Slave8Ports_new_v1_0_S00_AXI_inst/slv_reg0[31]_i_1_n_0                                                                       |                2 |              8 |
|  cryptoprocessor_i/processing_system7_0/inst/FCLK_CLK0 | cryptoprocessor_i/AXI_Slave8Ports_new_0/inst/AXI_Slave8Ports_new_v1_0_S00_AXI_inst/slv_reg1[23]_i_1_n_0                                                                                 | cryptoprocessor_i/AXI_Slave8Ports_new_0/inst/AXI_Slave8Ports_new_v1_0_S00_AXI_inst/slv_reg0[31]_i_1_n_0                                                                       |                1 |              8 |
|  cryptoprocessor_i/processing_system7_0/inst/FCLK_CLK0 | cryptoprocessor_i/AXI_Slave8Ports_new_0/inst/AXI_Slave8Ports_new_v1_0_S00_AXI_inst/p_1_in[7]                                                                                            | cryptoprocessor_i/AXI_Slave8Ports_new_0/inst/AXI_Slave8Ports_new_v1_0_S00_AXI_inst/slv_reg0[31]_i_1_n_0                                                                       |                2 |              8 |
|  cryptoprocessor_i/processing_system7_0/inst/FCLK_CLK0 | cryptoprocessor_i/ComputeCoreWrapper_0/inst/CORE/DUT_NTT_MEM_WRAPPER/NTT_MDC_WRAPPER/genblk3[3].NTT_MDC_STAGE/DELAY_INTT_EN/DELAY_BLOCK[5].shift_array_reg[6][0]__0_0                   | cryptoprocessor_i/ComputeCoreWrapper_0/inst/CORE/mult_rst                                                                                                                     |                2 |              9 |
|  cryptoprocessor_i/processing_system7_0/inst/FCLK_CLK0 |                                                                                                                                                                                         | cryptoprocessor_i/ps7_0_axi_periph/s00_couplers/auto_pc/inst/gen_axilite.gen_b2s_conv.axilite_b2s/areset_d1                                                                   |                5 |             10 |
|  cryptoprocessor_i/processing_system7_0/inst/FCLK_CLK0 | cryptoprocessor_i/ComputeCoreWrapper_0/inst/CORE/DUT_NTT_MEM_WRAPPER/NTT_MDC_WRAPPER/genblk3[2].NTT_MDC_STAGE/DELAY_INTT_EN/sel                                                         | cryptoprocessor_i/ComputeCoreWrapper_0/inst/CORE/mult_rst                                                                                                                     |                3 |             11 |
|  cryptoprocessor_i/processing_system7_0/inst/FCLK_CLK0 | cryptoprocessor_i/ComputeCoreWrapper_0/inst/CORE/DUT_NTT_MEM_WRAPPER/NTT_MDC_WRAPPER/genblk3[0].NTT_MDC_STAGE/DELAY_INTT_EN/sel                                                         | cryptoprocessor_i/ComputeCoreWrapper_0/inst/CORE/mult_rst                                                                                                                     |                3 |             12 |
|  cryptoprocessor_i/processing_system7_0/inst/FCLK_CLK0 |                                                                                                                                                                                         | cryptoprocessor_i/AXI_Slave8Ports_new_0/inst/AXI_Slave8Ports_new_v1_0_S00_AXI_inst/slv_reg0[31]_i_1_n_0                                                                       |                4 |             12 |
|  cryptoprocessor_i/processing_system7_0/inst/FCLK_CLK0 | cryptoprocessor_i/ComputeCoreWrapper_0/inst/CORE/DUT_NTT_MEM_WRAPPER/NTT_MDC_WRAPPER/genblk3[1].NTT_MDC_STAGE/DELAY_INTT_EN/sel_0                                                       | cryptoprocessor_i/ComputeCoreWrapper_0/inst/CORE/mult_rst                                                                                                                     |                4 |             12 |
|  cryptoprocessor_i/processing_system7_0/inst/FCLK_CLK0 | cryptoprocessor_i/ps7_0_axi_periph/s00_couplers/auto_pc/inst/gen_axilite.gen_b2s_conv.axilite_b2s/RD.r_channel_0/r_push_r                                                               |                                                                                                                                                                               |                4 |             13 |
|  cryptoprocessor_i/processing_system7_0/inst/FCLK_CLK0 | cryptoprocessor_i/ComputeCoreWrapper_0/inst/CORE/DUT_NTT_MEM_WRAPPER/DELAY_START/read_address_reg0                                                                                      | cryptoprocessor_i/ComputeCoreWrapper_0/inst/CORE/mult_rst                                                                                                                     |                4 |             13 |
|  cryptoprocessor_i/processing_system7_0/inst/FCLK_CLK0 | cryptoprocessor_i/ComputeCoreWrapper_0/inst/CORE/DUT_NTT_MEM_WRAPPER/NTT_MDC_WRAPPER/genblk3[0].NTT_MDC_STAGE/wea                                                                       | cryptoprocessor_i/ComputeCoreWrapper_0/inst/CORE/mult_rst                                                                                                                     |                4 |             13 |
|  cryptoprocessor_i/processing_system7_0/inst/FCLK_CLK0 | cryptoprocessor_i/ComputeCoreWrapper_0/inst/CORE/DUT_NTT_MEM_WRAPPER/NTT_MDC_WRAPPER/genblk3[10].NTT_MDC_STAGE/start_reg                                                                | cryptoprocessor_i/ComputeCoreWrapper_0/inst/CORE/mult_rst                                                                                                                     |                4 |             13 |
|  cryptoprocessor_i/processing_system7_0/inst/FCLK_CLK0 | cryptoprocessor_i/ComputeCoreWrapper_0/inst/CORE/DUT_NTT_MEM_WRAPPER/NTT_MDC_WRAPPER/genblk3[11].NTT_MDC_STAGE/start_reg                                                                | cryptoprocessor_i/ComputeCoreWrapper_0/inst/CORE/mult_rst                                                                                                                     |                4 |             13 |
|  cryptoprocessor_i/processing_system7_0/inst/FCLK_CLK0 | cryptoprocessor_i/ps7_0_axi_periph/s00_couplers/auto_pc/inst/gen_axilite.gen_b2s_conv.axilite_b2s/SI_REG/b.b_pipe/s_ready_i_reg_0                                                       |                                                                                                                                                                               |                5 |             14 |
|  cryptoprocessor_i/processing_system7_0/inst/FCLK_CLK0 | cryptoprocessor_i/ps7_0_axi_periph/s00_couplers/auto_pc/inst/gen_axilite.gen_b2s_conv.axilite_b2s/SI_REG/b.b_pipe/p_1_in                                                                |                                                                                                                                                                               |                3 |             14 |
|  cryptoprocessor_i/processing_system7_0/inst/FCLK_CLK0 | cryptoprocessor_i/ComputeCoreWrapper_0/inst/CORE/DUT_NTT_MEM_WRAPPER/NTT_MDC_WRAPPER/genblk3[9].NTT_MDC_STAGE/start_reg                                                                 | cryptoprocessor_i/ComputeCoreWrapper_0/inst/CORE/mult_rst                                                                                                                     |                4 |             14 |
|  cryptoprocessor_i/processing_system7_0/inst/FCLK_CLK0 | cryptoprocessor_i/ComputeCoreWrapper_0/inst/CORE/DUT_NTT_MEM_WRAPPER/NTT_MDC_WRAPPER/genblk3[8].NTT_MDC_STAGE/start_reg                                                                 | cryptoprocessor_i/ComputeCoreWrapper_0/inst/CORE/mult_rst                                                                                                                     |                4 |             15 |
|  cryptoprocessor_i/processing_system7_0/inst/FCLK_CLK0 | cryptoprocessor_i/ComputeCoreWrapper_0/inst/CORE/DUT_NTT_MEM_WRAPPER/NTT_MDC_WRAPPER/genblk3[2].NTT_MDC_STAGE/xpm_fifo_sync_inst_1/xpm_fifo_base_inst/rdp_inst/cryptoprocessor119_net_4 | cryptoprocessor_i/ComputeCoreWrapper_0/inst/CORE/DUT_NTT_MEM_WRAPPER/NTT_MDC_WRAPPER/genblk3[2].NTT_MDC_STAGE/xpm_fifo_sync_inst_1/xpm_fifo_base_inst/xpm_fifo_rst_inst/Q[0]  |                7 |             16 |
|  cryptoprocessor_i/processing_system7_0/inst/FCLK_CLK0 | cryptoprocessor_i/ComputeCoreWrapper_0/inst/CORE/DUT_NTT_MEM_WRAPPER/NTT_MDC_WRAPPER/genblk3[7].NTT_MDC_STAGE/start_reg                                                                 | cryptoprocessor_i/ComputeCoreWrapper_0/inst/CORE/mult_rst                                                                                                                     |                4 |             16 |
|  cryptoprocessor_i/processing_system7_0/inst/FCLK_CLK0 | cryptoprocessor_i/ComputeCoreWrapper_0/inst/CORE/DUT_NTT_MEM_WRAPPER/NTT_MDC_WRAPPER/genblk3[2].NTT_MDC_STAGE/xpm_fifo_sync_inst_0/xpm_fifo_base_inst/xpm_fifo_rst_inst/ram_wr_en_pf    | cryptoprocessor_i/ComputeCoreWrapper_0/inst/CORE/DUT_NTT_MEM_WRAPPER/NTT_MDC_WRAPPER/genblk3[2].NTT_MDC_STAGE/xpm_fifo_sync_inst_0/xpm_fifo_base_inst/xpm_fifo_rst_inst/Q[0]  |                6 |             16 |
|  cryptoprocessor_i/processing_system7_0/inst/FCLK_CLK0 | cryptoprocessor_i/ComputeCoreWrapper_0/inst/CORE/DUT_NTT_MEM_WRAPPER/NTT_MDC_WRAPPER/genblk3[2].NTT_MDC_STAGE/xpm_fifo_sync_inst_1/xpm_fifo_base_inst/xpm_fifo_rst_inst/ram_wr_en_pf    | cryptoprocessor_i/ComputeCoreWrapper_0/inst/CORE/DUT_NTT_MEM_WRAPPER/NTT_MDC_WRAPPER/genblk3[2].NTT_MDC_STAGE/xpm_fifo_sync_inst_1/xpm_fifo_base_inst/xpm_fifo_rst_inst/Q[0]  |                5 |             16 |
|  cryptoprocessor_i/processing_system7_0/inst/FCLK_CLK0 | cryptoprocessor_i/ps7_0_axi_periph/s00_couplers/auto_pc/inst/gen_axilite.gen_b2s_conv.axilite_b2s/WR.aw_channel_0/aw_cmd_fsm_0/b_push                                                   |                                                                                                                                                                               |                3 |             16 |
|  cryptoprocessor_i/processing_system7_0/inst/FCLK_CLK0 | cryptoprocessor_i/ComputeCoreWrapper_0/inst/CORE/DUT_NTT_MEM_WRAPPER/NTT_MDC_WRAPPER/genblk3[2].NTT_MDC_STAGE/xpm_fifo_sync_inst_0/xpm_fifo_base_inst/rdp_inst/cryptoprocessor114_net_4 | cryptoprocessor_i/ComputeCoreWrapper_0/inst/CORE/DUT_NTT_MEM_WRAPPER/NTT_MDC_WRAPPER/genblk3[2].NTT_MDC_STAGE/xpm_fifo_sync_inst_0/xpm_fifo_base_inst/xpm_fifo_rst_inst/Q[0]  |                6 |             16 |
|  cryptoprocessor_i/processing_system7_0/inst/FCLK_CLK0 | cryptoprocessor_i/ps7_0_axi_periph/s00_couplers/auto_pc/inst/gen_axilite.gen_b2s_conv.axilite_b2s/RD.ar_channel_0/ar_cmd_fsm_0/m_axi_arready_0                                          |                                                                                                                                                                               |                5 |             17 |
|  cryptoprocessor_i/processing_system7_0/inst/FCLK_CLK0 | cryptoprocessor_i/ComputeCoreWrapper_0/inst/CORE/DUT_NTT_MEM_WRAPPER/NTT_MDC_WRAPPER/genblk3[6].NTT_MDC_STAGE/start_reg                                                                 | cryptoprocessor_i/ComputeCoreWrapper_0/inst/CORE/mult_rst                                                                                                                     |                4 |             17 |
|  cryptoprocessor_i/processing_system7_0/inst/FCLK_CLK0 | cryptoprocessor_i/ps7_0_axi_periph/s00_couplers/auto_pc/inst/gen_axilite.gen_b2s_conv.axilite_b2s/WR.aw_channel_0/aw_cmd_fsm_0/m_valid_i_reg_0                                          |                                                                                                                                                                               |                9 |             17 |
|  cryptoprocessor_i/processing_system7_0/inst/FCLK_CLK0 | cryptoprocessor_i/ComputeCoreWrapper_0/inst/CORE/DUT_NTT_MEM_WRAPPER/NTT_MDC_WRAPPER/genblk3[5].NTT_MDC_STAGE/start_reg                                                                 | cryptoprocessor_i/ComputeCoreWrapper_0/inst/CORE/mult_rst                                                                                                                     |                5 |             18 |
|  cryptoprocessor_i/processing_system7_0/inst/FCLK_CLK0 | cryptoprocessor_i/ComputeCoreWrapper_0/inst/CORE/DUT_NTT_MEM_WRAPPER/NTT_MDC_WRAPPER/genblk3[1].NTT_MDC_STAGE/xpm_fifo_sync_inst_1/xpm_fifo_base_inst/rdp_inst/cryptoprocessor96_net    | cryptoprocessor_i/ComputeCoreWrapper_0/inst/CORE/DUT_NTT_MEM_WRAPPER/NTT_MDC_WRAPPER/genblk3[1].NTT_MDC_STAGE/xpm_fifo_sync_inst_1/xpm_fifo_base_inst/xpm_fifo_rst_inst/Q[0]  |                6 |             18 |
|  cryptoprocessor_i/processing_system7_0/inst/FCLK_CLK0 | cryptoprocessor_i/ComputeCoreWrapper_0/inst/CORE/DUT_NTT_MEM_WRAPPER/NTT_MDC_WRAPPER/genblk3[1].NTT_MDC_STAGE/xpm_fifo_sync_inst_0/xpm_fifo_base_inst/rdp_inst/cryptoprocessor91_net    | cryptoprocessor_i/ComputeCoreWrapper_0/inst/CORE/DUT_NTT_MEM_WRAPPER/NTT_MDC_WRAPPER/genblk3[1].NTT_MDC_STAGE/xpm_fifo_sync_inst_0/xpm_fifo_base_inst/xpm_fifo_rst_inst/Q[0]  |                8 |             18 |
|  cryptoprocessor_i/processing_system7_0/inst/FCLK_CLK0 | cryptoprocessor_i/ComputeCoreWrapper_0/inst/CORE/DUT_NTT_MEM_WRAPPER/NTT_MDC_WRAPPER/genblk3[1].NTT_MDC_STAGE/xpm_fifo_sync_inst_1/xpm_fifo_base_inst/xpm_fifo_rst_inst/E[0]            | cryptoprocessor_i/ComputeCoreWrapper_0/inst/CORE/DUT_NTT_MEM_WRAPPER/NTT_MDC_WRAPPER/genblk3[1].NTT_MDC_STAGE/xpm_fifo_sync_inst_1/xpm_fifo_base_inst/xpm_fifo_rst_inst/Q[0]  |                6 |             18 |
|  cryptoprocessor_i/processing_system7_0/inst/FCLK_CLK0 | cryptoprocessor_i/ComputeCoreWrapper_0/inst/CORE/DUT_NTT_MEM_WRAPPER/NTT_MDC_WRAPPER/genblk3[1].NTT_MDC_STAGE/xpm_fifo_sync_inst_0/xpm_fifo_base_inst/xpm_fifo_rst_inst/E[0]            | cryptoprocessor_i/ComputeCoreWrapper_0/inst/CORE/DUT_NTT_MEM_WRAPPER/NTT_MDC_WRAPPER/genblk3[1].NTT_MDC_STAGE/xpm_fifo_sync_inst_0/xpm_fifo_base_inst/xpm_fifo_rst_inst/Q[0]  |                5 |             18 |
|  cryptoprocessor_i/processing_system7_0/inst/FCLK_CLK0 | cryptoprocessor_i/ComputeCoreWrapper_0/inst/CORE/DUT_NTT_MEM_WRAPPER/NTT_MDC_WRAPPER/genblk3[4].NTT_MDC_STAGE/start_reg                                                                 | cryptoprocessor_i/ComputeCoreWrapper_0/inst/CORE/mult_rst                                                                                                                     |                8 |             19 |
|  cryptoprocessor_i/processing_system7_0/inst/FCLK_CLK0 | cryptoprocessor_i/ComputeCoreWrapper_0/inst/CORE/DUT_NTT_MEM_WRAPPER/NTT_MDC_WRAPPER/genblk3[3].NTT_MDC_STAGE/start_reg                                                                 | cryptoprocessor_i/ComputeCoreWrapper_0/inst/CORE/mult_rst                                                                                                                     |                7 |             20 |
|  cryptoprocessor_i/processing_system7_0/inst/FCLK_CLK0 | cryptoprocessor_i/ComputeCoreWrapper_0/inst/CORE/DUT_NTT_MEM_WRAPPER/NTT_MDC_WRAPPER/genblk3[0].NTT_MDC_STAGE/xpm_fifo_sync_inst_0/xpm_fifo_base_inst/rdpp1_inst/cryptoprocessor43_net  | cryptoprocessor_i/ComputeCoreWrapper_0/inst/CORE/DUT_NTT_MEM_WRAPPER/NTT_MDC_WRAPPER/genblk3[0].NTT_MDC_STAGE/xpm_fifo_sync_inst_0/xpm_fifo_base_inst/xpm_fifo_rst_inst/Q[0]  |                7 |             21 |
|  cryptoprocessor_i/processing_system7_0/inst/FCLK_CLK0 | cryptoprocessor_i/ComputeCoreWrapper_0/inst/CORE/DUT_NTT_MEM_WRAPPER/NTT_MDC_WRAPPER/genblk3[0].NTT_MDC_STAGE/xpm_fifo_sync_inst_1/xpm_fifo_base_inst/rdpp1_inst/cryptoprocessor48_net  | cryptoprocessor_i/ComputeCoreWrapper_0/inst/CORE/DUT_NTT_MEM_WRAPPER/NTT_MDC_WRAPPER/genblk3[0].NTT_MDC_STAGE/xpm_fifo_sync_inst_1/xpm_fifo_base_inst/xpm_fifo_rst_inst/Q[0]  |                6 |             21 |
|  cryptoprocessor_i/processing_system7_0/inst/FCLK_CLK0 | cryptoprocessor_i/ComputeCoreWrapper_0/inst/CORE/DUT_NTT_MEM_WRAPPER/NTT_MDC_WRAPPER/genblk3[0].NTT_MDC_STAGE/xpm_fifo_sync_inst_0/xpm_fifo_base_inst/xpm_fifo_rst_inst/ram_wr_en_pf    | cryptoprocessor_i/ComputeCoreWrapper_0/inst/CORE/DUT_NTT_MEM_WRAPPER/NTT_MDC_WRAPPER/genblk3[0].NTT_MDC_STAGE/xpm_fifo_sync_inst_0/xpm_fifo_base_inst/xpm_fifo_rst_inst/Q[0]  |                6 |             21 |
|  cryptoprocessor_i/processing_system7_0/inst/FCLK_CLK0 | cryptoprocessor_i/ComputeCoreWrapper_0/inst/CORE/DUT_NTT_MEM_WRAPPER/NTT_MDC_WRAPPER/genblk3[2].NTT_MDC_STAGE/start_reg                                                                 | cryptoprocessor_i/ComputeCoreWrapper_0/inst/CORE/mult_rst                                                                                                                     |                7 |             21 |
|  cryptoprocessor_i/processing_system7_0/inst/FCLK_CLK0 | cryptoprocessor_i/ComputeCoreWrapper_0/inst/CORE/DUT_NTT_MEM_WRAPPER/NTT_MDC_WRAPPER/genblk3[0].NTT_MDC_STAGE/xpm_fifo_sync_inst_1/xpm_fifo_base_inst/xpm_fifo_rst_inst/ram_wr_en_pf    | cryptoprocessor_i/ComputeCoreWrapper_0/inst/CORE/DUT_NTT_MEM_WRAPPER/NTT_MDC_WRAPPER/genblk3[0].NTT_MDC_STAGE/xpm_fifo_sync_inst_1/xpm_fifo_base_inst/xpm_fifo_rst_inst/Q[0]  |                6 |             21 |
|  cryptoprocessor_i/processing_system7_0/inst/FCLK_CLK0 | cryptoprocessor_i/ComputeCoreWrapper_0/inst/CORE/DUT_NTT_MEM_WRAPPER/NTT_MDC_WRAPPER/genblk3[1].NTT_MDC_STAGE/start_reg                                                                 | cryptoprocessor_i/ComputeCoreWrapper_0/inst/CORE/mult_rst                                                                                                                     |                8 |             22 |
|  cryptoprocessor_i/processing_system7_0/inst/FCLK_CLK0 | cryptoprocessor_i/ComputeCoreWrapper_0/inst/CORE/DUT_NTT_MEM_WRAPPER/NTT_MDC_WRAPPER/genblk3[0].NTT_MDC_STAGE/start_reg                                                                 | cryptoprocessor_i/ComputeCoreWrapper_0/inst/CORE/mult_rst                                                                                                                     |                8 |             23 |
|  cryptoprocessor_i/processing_system7_0/inst/FCLK_CLK0 | cryptoprocessor_i/ComputeCoreWrapper_0/inst/ISA_CTRL/IR/U0/synth_options.dist_mem_inst/gen_sdp_ram.sdpram_inst/qsdpo_int[35]                                                            | cryptoprocessor_i/AXI_Slave8Ports_new_0/inst/AXI_Slave8Ports_new_v1_0_S00_AXI_inst/control_high_word[0]                                                                       |                8 |             27 |
|  cryptoprocessor_i/processing_system7_0/inst/FCLK_CLK0 | cryptoprocessor_i/ps7_0_axi_periph/s00_couplers/auto_pc/inst/gen_axilite.gen_b2s_conv.axilite_b2s/SI_REG/aw.aw_pipe/s_ready_i_reg_0                                                     |                                                                                                                                                                               |                6 |             28 |
|  cryptoprocessor_i/processing_system7_0/inst/FCLK_CLK0 | cryptoprocessor_i/ps7_0_axi_periph/s00_couplers/auto_pc/inst/gen_axilite.gen_b2s_conv.axilite_b2s/WR.aw_channel_0/aw_cmd_fsm_0/m_valid_i_reg_1[0]                                       |                                                                                                                                                                               |                5 |             28 |
|  cryptoprocessor_i/processing_system7_0/inst/FCLK_CLK0 | cryptoprocessor_i/ps7_0_axi_periph/s00_couplers/auto_pc/inst/gen_axilite.gen_b2s_conv.axilite_b2s/RD.ar_channel_0/ar_cmd_fsm_0/FSM_sequential_state_reg[1]_1[0]                         |                                                                                                                                                                               |                7 |             28 |
|  cryptoprocessor_i/processing_system7_0/inst/FCLK_CLK0 | cryptoprocessor_i/ps7_0_axi_periph/s00_couplers/auto_pc/inst/gen_axilite.gen_b2s_conv.axilite_b2s/SI_REG/ar.ar_pipe/s_ready_i_reg_0                                                     |                                                                                                                                                                               |                6 |             28 |
|  cryptoprocessor_i/processing_system7_0/inst/FCLK_CLK0 |                                                                                                                                                                                         | cryptoprocessor_i/AXI_Slave8Ports_new_0/inst/AXI_Slave8Ports_new_v1_0_S00_AXI_inst/control_high_word[0]                                                                       |                8 |             30 |
|  cryptoprocessor_i/processing_system7_0/inst/FCLK_CLK0 | cryptoprocessor_i/ps7_0_axi_periph/s00_couplers/auto_pc/inst/gen_axilite.gen_b2s_conv.axilite_b2s/RD.r_channel_0/rd_data_fifo_0/wr_en0                                                  |                                                                                                                                                                               |                8 |             32 |
|  cryptoprocessor_i/processing_system7_0/inst/FCLK_CLK0 | cryptoprocessor_i/AXI_Slave8Ports_new_0/inst/AXI_Slave8Ports_new_v1_0_S00_AXI_inst/slv_reg_rden__0                                                                                      | cryptoprocessor_i/AXI_Slave8Ports_new_0/inst/AXI_Slave8Ports_new_v1_0_S00_AXI_inst/slv_reg0[31]_i_1_n_0                                                                       |               20 |             32 |
|  cryptoprocessor_i/processing_system7_0/inst/FCLK_CLK0 | cryptoprocessor_i/ComputeCoreWrapper_0/inst/ISA_CTRL/wea_ext_ISA                                                                                                                        |                                                                                                                                                                               |               11 |             44 |
|  cryptoprocessor_i/processing_system7_0/inst/FCLK_CLK0 | cryptoprocessor_i/ps7_0_axi_periph/s00_couplers/auto_pc/inst/gen_axilite.gen_b2s_conv.axilite_b2s/SI_REG/r.r_pipe/s_ready_i_reg_0                                                       |                                                                                                                                                                               |               10 |             45 |
|  cryptoprocessor_i/processing_system7_0/inst/FCLK_CLK0 | cryptoprocessor_i/ps7_0_axi_periph/s00_couplers/auto_pc/inst/gen_axilite.gen_b2s_conv.axilite_b2s/SI_REG/r.r_pipe/p_1_in                                                                |                                                                                                                                                                               |               10 |             45 |
|  cryptoprocessor_i/processing_system7_0/inst/FCLK_CLK0 |                                                                                                                                                                                         | cryptoprocessor_i/ComputeCoreWrapper_0/inst/CORE/DUT_NTT_MEM_WRAPPER/NTT_MDC_WRAPPER/genblk2[1].TW_ROM/tw1/SR[0]                                                              |               16 |             64 |
|  cryptoprocessor_i/processing_system7_0/inst/FCLK_CLK0 |                                                                                                                                                                                         | cryptoprocessor_i/ComputeCoreWrapper_0/inst/CORE/DUT_NTT_MEM_WRAPPER/NTT_MDC_WRAPPER/genblk2[8].TW_ROM/tw8/SR[0]                                                              |               16 |             64 |
|  cryptoprocessor_i/processing_system7_0/inst/FCLK_CLK0 |                                                                                                                                                                                         | cryptoprocessor_i/ComputeCoreWrapper_0/inst/CORE/DUT_NTT_MEM_WRAPPER/NTT_MDC_WRAPPER/genblk2[7].TW_ROM/tw7/SR[0]                                                              |               16 |             64 |
|  cryptoprocessor_i/processing_system7_0/inst/FCLK_CLK0 |                                                                                                                                                                                         | cryptoprocessor_i/ComputeCoreWrapper_0/inst/CORE/DUT_NTT_MEM_WRAPPER/NTT_MDC_WRAPPER/genblk2[6].TW_ROM/tw6/SR[0]                                                              |               16 |             64 |
|  cryptoprocessor_i/processing_system7_0/inst/FCLK_CLK0 |                                                                                                                                                                                         | cryptoprocessor_i/ComputeCoreWrapper_0/inst/CORE/DUT_NTT_MEM_WRAPPER/NTT_MDC_WRAPPER/genblk2[11].TW_ROM/tw11/SR[0]                                                            |               16 |             64 |
|  cryptoprocessor_i/processing_system7_0/inst/FCLK_CLK0 |                                                                                                                                                                                         | cryptoprocessor_i/ComputeCoreWrapper_0/inst/CORE/DUT_NTT_MEM_WRAPPER/NTT_MDC_WRAPPER/genblk2[9].TW_ROM/tw9/SR[0]                                                              |               16 |             64 |
|  cryptoprocessor_i/processing_system7_0/inst/FCLK_CLK0 |                                                                                                                                                                                         | cryptoprocessor_i/ComputeCoreWrapper_0/inst/CORE/DUT_NTT_MEM_WRAPPER/NTT_MDC_WRAPPER/genblk2[2].TW_ROM/tw2/SR[0]                                                              |               16 |             64 |
|  cryptoprocessor_i/processing_system7_0/inst/FCLK_CLK0 |                                                                                                                                                                                         | cryptoprocessor_i/ComputeCoreWrapper_0/inst/CORE/DUT_NTT_MEM_WRAPPER/NTT_MDC_WRAPPER/genblk2[3].TW_ROM/tw3/SR[0]                                                              |               16 |             64 |
|  cryptoprocessor_i/processing_system7_0/inst/FCLK_CLK0 |                                                                                                                                                                                         | cryptoprocessor_i/ComputeCoreWrapper_0/inst/CORE/DUT_NTT_MEM_WRAPPER/NTT_MDC_WRAPPER/genblk2[4].TW_ROM/tw4/SR[0]                                                              |               16 |             64 |
|  cryptoprocessor_i/processing_system7_0/inst/FCLK_CLK0 |                                                                                                                                                                                         | cryptoprocessor_i/ComputeCoreWrapper_0/inst/CORE/DUT_NTT_MEM_WRAPPER/NTT_MDC_WRAPPER/genblk2[5].TW_ROM/tw5/SR[0]                                                              |               16 |             64 |
|  cryptoprocessor_i/processing_system7_0/inst/FCLK_CLK0 |                                                                                                                                                                                         | cryptoprocessor_i/ComputeCoreWrapper_0/inst/CORE/DUT_NTT_MEM_WRAPPER/NTT_MDC_WRAPPER/genblk2[10].TW_ROM/tw10/SR[0]                                                            |               16 |             64 |
|  cryptoprocessor_i/processing_system7_0/inst/FCLK_CLK0 |                                                                                                                                                                                         |                                                                                                                                                                               |             4082 |          16519 |
+--------------------------------------------------------+-----------------------------------------------------------------------------------------------------------------------------------------------------------------------------------------+-------------------------------------------------------------------------------------------------------------------------------------------------------------------------------+------------------+----------------+


