Copyright 1986-2019 Xilinx, Inc. All Rights Reserved.
----------------------------------------------------------------------------------------------------------------------------------------------------------------------------
| Tool Version     : Vivado v.2019.1 (lin64) Build 2552052 Fri May 24 14:47:09 MDT 2019
| Date             : Mon Feb 13 09:56:22 2023
| Host             : x1g9 running 64-bit Ubuntu 20.04.5 LTS
| Command          : report_power -file ntt_memory_wrapper_power_routed.rpt -pb ntt_memory_wrapper_power_summary_routed.pb -rpx ntt_memory_wrapper_power_routed.rpx
| Design           : ntt_memory_wrapper
| Device           : xc7vx485tffg1157-1
| Design State     : routed
| Grade            : commercial
| Process          : typical
| Characterization : Production
----------------------------------------------------------------------------------------------------------------------------------------------------------------------------

Power Report

Table of Contents
-----------------
1. Summary
1.1 On-Chip Components
1.2 Power Supply Summary
1.3 Confidence Level
2. Settings
2.1 Environment
2.2 Clock Constraints
3. Detailed Reports
3.1 By Hierarchy

1. Summary
----------

+--------------------------+--------------+
| Total On-Chip Power (W)  | 0.514        |
| Design Power Budget (W)  | Unspecified* |
| Power Budget Margin (W)  | NA           |
| Dynamic (W)              | 0.269        |
| Device Static (W)        | 0.245        |
| Effective TJA (C/W)      | 1.4          |
| Max Ambient (C)          | 84.3         |
| Junction Temperature (C) | 25.7         |
| Confidence Level         | Low          |
| Setting File             | ---          |
| Simulation Activity File | ---          |
| Design Nets Matched      | NA           |
+--------------------------+--------------+
* Specify Design Power Budget using, set_operating_conditions -design_power_budget <value in Watts>


1.1 On-Chip Components
----------------------

+-------------------------+-----------+----------+-----------+-----------------+
| On-Chip                 | Power (W) | Used     | Available | Utilization (%) |
+-------------------------+-----------+----------+-----------+-----------------+
| Clocks                  |     0.029 |        3 |       --- |             --- |
| Slice Logic             |     0.101 |    12398 |       --- |             --- |
|   LUT as Logic          |     0.080 |     5445 |    303600 |            1.79 |
|   CARRY4                |     0.009 |      896 |     75900 |            1.18 |
|   LUT as Shift Register |     0.007 |      557 |    130800 |            0.43 |
|   Register              |     0.004 |     3484 |    607200 |            0.57 |
|   F7/F8 Muxes           |    <0.001 |       28 |    303600 |           <0.01 |
|   Others                |     0.000 |      273 |       --- |             --- |
| Signals                 |     0.094 |     9262 |       --- |             --- |
| Block RAM               |     0.009 |        2 |      1030 |            0.19 |
| DSPs                    |     0.023 |       18 |      2800 |            0.64 |
| I/O                     |     0.013 |      110 |       600 |           18.33 |
| Static Power            |     0.245 |          |           |                 |
| Total                   |     0.514 |          |           |                 |
+-------------------------+-----------+----------+-----------+-----------------+


1.2 Power Supply Summary
------------------------

+-----------+-------------+-----------+-------------+------------+
| Source    | Voltage (V) | Total (A) | Dynamic (A) | Static (A) |
+-----------+-------------+-----------+-------------+------------+
| Vccint    |       1.000 |     0.393 |       0.257 |      0.136 |
| Vccaux    |       1.800 |     0.039 |       0.001 |      0.038 |
| Vcco33    |       3.300 |     0.000 |       0.000 |      0.000 |
| Vcco25    |       2.500 |     0.000 |       0.000 |      0.000 |
| Vcco18    |       1.800 |     0.007 |       0.006 |      0.001 |
| Vcco15    |       1.500 |     0.000 |       0.000 |      0.000 |
| Vcco135   |       1.350 |     0.000 |       0.000 |      0.000 |
| Vcco12    |       1.200 |     0.000 |       0.000 |      0.000 |
| Vccaux_io |       1.800 |     0.000 |       0.000 |      0.000 |
| Vccbram   |       1.000 |     0.004 |       0.001 |      0.003 |
| MGTAVcc   |       1.000 |     0.000 |       0.000 |      0.000 |
| MGTAVtt   |       1.200 |     0.000 |       0.000 |      0.000 |
| MGTVccaux |       1.800 |     0.000 |       0.000 |      0.000 |
| MGTZVccl  |       1.075 |     0.000 |       0.000 |      0.000 |
| MGTZAVcc  |       1.075 |     0.000 |       0.000 |      0.000 |
| MGTZVcch  |       1.800 |     0.000 |       0.000 |      0.000 |
| Vccadc    |       1.800 |     0.020 |       0.000 |      0.020 |
+-----------+-------------+-----------+-------------+------------+


1.3 Confidence Level
--------------------

+-----------------------------+------------+--------------------------------------------------------+------------------------------------------------------------------------------------------------------------+
| User Input Data             | Confidence | Details                                                | Action                                                                                                     |
+-----------------------------+------------+--------------------------------------------------------+------------------------------------------------------------------------------------------------------------+
| Design implementation state | High       | Design is routed                                       |                                                                                                            |
| Clock nodes activity        | High       | User specified more than 95% of clocks                 |                                                                                                            |
| I/O nodes activity          | Low        | More than 75% of inputs are missing user specification | Provide missing input activity with simulation results or by editing the "By Resource Type -> I/Os" view   |
| Internal nodes activity     | Medium     | User specified less than 25% of internal nodes         | Provide missing internal nodes activity with simulation results or by editing the "By Resource Type" views |
| Device models               | High       | Device models are Production                           |                                                                                                            |
|                             |            |                                                        |                                                                                                            |
| Overall confidence level    | Low        |                                                        |                                                                                                            |
+-----------------------------+------------+--------------------------------------------------------+------------------------------------------------------------------------------------------------------------+


2. Settings
-----------

2.1 Environment
---------------

+-----------------------+--------------------------+
| Ambient Temp (C)      | 25.0                     |
| ThetaJA (C/W)         | 1.4                      |
| Airflow (LFM)         | 250                      |
| Heat Sink             | medium (Medium Profile)  |
| ThetaSA (C/W)         | 2.4                      |
| Board Selection       | medium (10"x10")         |
| # of Board Layers     | 12to15 (12 to 15 Layers) |
| Board Temperature (C) | 25.0                     |
+-----------------------+--------------------------+


2.2 Clock Constraints
---------------------

+-------+--------+-----------------+
| Clock | Domain | Constraint (ns) |
+-------+--------+-----------------+
| clk   | clk    |             6.7 |
+-------+--------+-----------------+


3. Detailed Reports
-------------------

3.1 By Hierarchy
----------------

+------------------------------+-----------+
| Name                         | Power (W) |
+------------------------------+-----------+
| ntt_memory_wrapper           |     0.269 |
|   DUT_NTT                    |     0.253 |
|     genblk2[8].TW_ROM        |     0.004 |
|       tw8                    |     0.004 |
|     genblk2[9].TW_ROM        |     0.003 |
|       tw9                    |     0.003 |
|     genblk3[0].NTT_SDF_STAGE |     0.008 |
|       BTF_DIT_CT             |     0.003 |
|       MODDIV_BY_2            |     0.001 |
|       xpm_fifo_sync_inst     |     0.003 |
|     genblk3[1].NTT_SDF_STAGE |     0.025 |
|       BTF_DIT_CT             |     0.019 |
|       MODDIV_BY_2            |     0.001 |
|       xpm_fifo_sync_inst     |     0.003 |
|     genblk3[2].NTT_SDF_STAGE |     0.029 |
|       BTF_DIT_CT             |     0.021 |
|       FIFO                   |     0.003 |
|       MODDIV_BY_2            |     0.002 |
|       SHIFT                  |     0.001 |
|     genblk3[3].NTT_SDF_STAGE |     0.029 |
|       BTF_DIT_CT             |     0.023 |
|       FIFO                   |     0.002 |
|       MODDIV_BY_2            |     0.001 |
|     genblk3[4].NTT_SDF_STAGE |     0.030 |
|       BTF_DIT_CT             |     0.023 |
|       FIFO                   |     0.002 |
|       MODDIV_BY_2            |     0.001 |
|     genblk3[5].NTT_SDF_STAGE |     0.030 |
|       BTF_DIT_CT             |     0.023 |
|       FIFO                   |     0.002 |
|       MODDIV_BY_2            |     0.001 |
|     genblk3[6].NTT_SDF_STAGE |     0.031 |
|       BTF_DIT_CT             |     0.024 |
|       FIFO                   |     0.002 |
|       MODDIV_BY_2            |     0.001 |
|     genblk3[7].NTT_SDF_STAGE |     0.029 |
|       BTF_DIT_CT             |     0.023 |
|       FIFO                   |     0.001 |
|       MODDIV_BY_2            |     0.002 |
|       SHIFT                  |     0.001 |
|     genblk3[8].NTT_SDF_STAGE |     0.030 |
|       BTF_DIT_CT             |     0.024 |
|       FIFO                   |     0.001 |
|       MODDIV_BY_2            |     0.001 |
|     genblk3[9].NTT_SDF_STAGE |     0.003 |
|       BTF_DIT_CT             |     0.002 |
+------------------------------+-----------+


