Copyright 1986-2019 Xilinx, Inc. All Rights Reserved.
-----------------------------------------------------------------------------------------------
| Tool Version : Vivado v.2019.1 (lin64) Build 2552052 Fri May 24 14:47:09 MDT 2019
| Date         : Mon Feb 13 09:55:29 2023
| Host         : x1g9 running 64-bit Ubuntu 20.04.5 LTS
| Command      : report_control_sets -verbose -file ntt_memory_wrapper_control_sets_placed.rpt
| Design       : ntt_memory_wrapper
| Device       : xc7vx485t
-----------------------------------------------------------------------------------------------

Control Set Information

Table of Contents
-----------------
1. Summary
2. Histogram
3. Flip-Flop Distribution
4. Detailed Control Set Information

1. Summary
----------

+----------------------------------------------------------+-------+
|                          Status                          | Count |
+----------------------------------------------------------+-------+
| Total control sets                                       |    24 |
|    Minimum number of control sets                        |    24 |
|    Addition due to synthesis replication                 |     0 |
|    Addition due to physical synthesis replication        |     0 |
| Unused register locations in slices containing registers |   116 |
+----------------------------------------------------------+-------+
* Control sets can be merged at opt_design using control_set_merge or merge_equivalent_drivers
** Run report_qor_suggestions for automated merging and remapping suggestions


2. Histogram
------------

+--------------------+-------+
|       Fanout       | Count |
+--------------------+-------+
| Total control sets |    24 |
| >= 0 to < 4        |     2 |
| >= 4 to < 6        |     2 |
| >= 6 to < 8        |     0 |
| >= 8 to < 10       |     0 |
| >= 10 to < 12      |    12 |
| >= 12 to < 14      |     0 |
| >= 14 to < 16      |     0 |
| >= 16              |     8 |
+--------------------+-------+
* Control sets can be remapped at either synth_design or opt_design


3. Flip-Flop Distribution
-------------------------

+--------------+-----------------------+------------------------+-----------------+--------------+
| Clock Enable | Synchronous Set/Reset | Asynchronous Set/Reset | Total Registers | Total Slices |
+--------------+-----------------------+------------------------+-----------------+--------------+
| No           | No                    | No                     |            3196 |          837 |
| No           | No                    | Yes                    |               0 |            0 |
| No           | Yes                   | No                     |              98 |           49 |
| Yes          | No                    | No                     |               0 |            0 |
| Yes          | No                    | Yes                    |               0 |            0 |
| Yes          | Yes                   | No                     |             190 |           63 |
+--------------+-----------------------+------------------------+-----------------+--------------+


4. Detailed Control Set Information
-----------------------------------

+----------------+--------------------------------------------------------------------------------------------------------------------------------+------------------------------------------------------------------------------------------------+------------------+----------------+
|  Clock Signal  |                                                          Enable Signal                                                         |                                        Set/Reset Signal                                        | Slice Load Count | Bel Load Count |
+----------------+--------------------------------------------------------------------------------------------------------------------------------+------------------------------------------------------------------------------------------------+------------------+----------------+
|  clk_IBUF_BUFG |                                                                                                                                | DUT_NTT/genblk3[0].NTT_SDF_STAGE/xpm_fifo_sync_inst/xpm_fifo_base_inst/xpm_fifo_rst_inst/rst_i |                1 |              3 |
|  clk_IBUF_BUFG |                                                                                                                                | DUT_NTT/genblk3[1].NTT_SDF_STAGE/xpm_fifo_sync_inst/xpm_fifo_base_inst/xpm_fifo_rst_inst/rst_i |                1 |              3 |
|  clk_IBUF_BUFG |                                                                                                                                | DUT_NTT/genblk3[0].NTT_SDF_STAGE/xpm_fifo_sync_inst/xpm_fifo_base_inst/xpm_fifo_rst_inst/Q[0]  |                2 |              4 |
|  clk_IBUF_BUFG |                                                                                                                                | DUT_NTT/genblk3[1].NTT_SDF_STAGE/xpm_fifo_sync_inst/xpm_fifo_base_inst/xpm_fifo_rst_inst/Q[0]  |                3 |              4 |
|  clk_IBUF_BUFG | ntt_start                                                                                                                      | rst_IBUF                                                                                       |                3 |             10 |
|  clk_IBUF_BUFG | DUT_NTT/genblk3[6].NTT_SDF_STAGE/DELAY_FINISH/DELAY_BLOCK[12].shift_array_reg[13][0]__0_0[0]                                   | rst_IBUF                                                                                       |                2 |             10 |
|  clk_IBUF_BUFG | DUT_NTT/genblk3[4].NTT_SDF_STAGE/DELAY_FINISH/DELAY_BLOCK[36].shift_array_reg[37][0]__0_0[0]                                   | rst_IBUF                                                                                       |                3 |             10 |
|  clk_IBUF_BUFG | DUT_NTT/genblk3[5].NTT_SDF_STAGE/DELAY_FINISH/DELAY_BLOCK[20].shift_array_reg[21][0]__0_0[0]                                   | rst_IBUF                                                                                       |                2 |             10 |
|  clk_IBUF_BUFG | DUT_NTT/genblk3[8].NTT_SDF_STAGE/DELAY_FINISH/DELAY_BLOCK[6].shift_array_reg[7][0]__0_0[0]                                     | rst_IBUF                                                                                       |                4 |             10 |
|  clk_IBUF_BUFG | DUT_NTT/genblk3[7].NTT_SDF_STAGE/DELAY_FINISH/DELAY_BLOCK[8].shift_array_reg[9][0]__0_0[0]                                     | rst_IBUF                                                                                       |                4 |             10 |
|  clk_IBUF_BUFG | DUT_NTT/genblk3[1].NTT_SDF_STAGE/DELAY_FINISH/DELAY_BLOCK[260].shift_array_reg[261][0]__0_0[0]                                 | rst_IBUF                                                                                       |                3 |             10 |
|  clk_IBUF_BUFG | DUT_NTT/genblk3[0].NTT_SDF_STAGE/DELAY_FINISH/E[0]                                                                             | rst_IBUF                                                                                       |                3 |             10 |
|  clk_IBUF_BUFG | DUT_NTT/genblk3[3].NTT_SDF_STAGE/DELAY_FINISH/DELAY_BLOCK[68].shift_array_reg[69][0]__0_0[0]                                   | rst_IBUF                                                                                       |                3 |             10 |
|  clk_IBUF_BUFG | DUT_NTT/genblk3[2].NTT_SDF_STAGE/DELAY_FINISH/DELAY_BLOCK[132].shift_array_reg[133][0]__0_0[0]                                 | rst_IBUF                                                                                       |                4 |             10 |
|  clk_IBUF_BUFG | DUT_NTT/genblk3[9].NTT_SDF_STAGE/DELAY_FINISH/write_address_reg_reg[0][0]                                                      | rst_IBUF                                                                                       |                4 |             11 |
|  clk_IBUF_BUFG | DELAY_START/E[0]                                                                                                               | rst_IBUF                                                                                       |                4 |             11 |
|  clk_IBUF_BUFG | DUT_NTT/genblk3[1].NTT_SDF_STAGE/xpm_fifo_sync_inst/xpm_fifo_base_inst/rdp_inst/FSM_sequential_gen_fwft.curr_fwft_state_reg[1] | DUT_NTT/genblk3[1].NTT_SDF_STAGE/xpm_fifo_sync_inst/xpm_fifo_base_inst/xpm_fifo_rst_inst/Q[0]  |                7 |             16 |
|  clk_IBUF_BUFG | DUT_NTT/genblk3[1].NTT_SDF_STAGE/xpm_fifo_sync_inst/xpm_fifo_base_inst/xpm_fifo_rst_inst/ram_wr_en_pf                          | DUT_NTT/genblk3[1].NTT_SDF_STAGE/xpm_fifo_sync_inst/xpm_fifo_base_inst/xpm_fifo_rst_inst/Q[0]  |                6 |             16 |
|  clk_IBUF_BUFG | DUT_NTT/genblk3[0].NTT_SDF_STAGE/xpm_fifo_sync_inst/xpm_fifo_base_inst/rdp_inst/E[0]                                           | DUT_NTT/genblk3[0].NTT_SDF_STAGE/xpm_fifo_sync_inst/xpm_fifo_base_inst/xpm_fifo_rst_inst/Q[0]  |                6 |             18 |
|  clk_IBUF_BUFG | DUT_NTT/genblk3[0].NTT_SDF_STAGE/xpm_fifo_sync_inst/xpm_fifo_base_inst/xpm_fifo_rst_inst/E[0]                                  | DUT_NTT/genblk3[0].NTT_SDF_STAGE/xpm_fifo_sync_inst/xpm_fifo_base_inst/xpm_fifo_rst_inst/Q[0]  |                5 |             18 |
|  clk_IBUF_BUFG |                                                                                                                                | DUT_NTT/genblk3[9].NTT_SDF_STAGE/counter_reg[0]                                                |               13 |             28 |
|  clk_IBUF_BUFG |                                                                                                                                | DUT_NTT/genblk3[8].NTT_SDF_STAGE/p_0_in                                                        |               17 |             28 |
|  clk_IBUF_BUFG |                                                                                                                                | DUT_NTT/genblk3[7].NTT_SDF_STAGE/p_0_in                                                        |               12 |             28 |
|  clk_IBUF_BUFG |                                                                                                                                |                                                                                                |              842 |           3981 |
+----------------+--------------------------------------------------------------------------------------------------------------------------------+------------------------------------------------------------------------------------------------+------------------+----------------+


