Vivado Simulator 2019.1
Copyright 1986-1999, 2001-2019 Xilinx, Inc. All Rights Reserved.
Running: /opt/Xilinx/Vivado/2019.1/bin/unwrapped/lnx64.o/xelab -wto 37b0fe42c6c547ceaaac991d375c6a73 --incr --debug typical --relax --mt 8 -L xil_defaultlib -L unisims_ver -L unimacro_ver -L secureip -L xpm --snapshot ntt_tb_behav xil_defaultlib.ntt_tb xil_defaultlib.glbl -log elaborate.log 
Using 8 slave threads.
Starting static elaboration
WARNING: [VRFC 10-3091] actual bit length 12 differs from formal bit length 2 for port 'a' [/home/florian/Desktop/proteus/toolchain/hw/sdf/op_3_4/stage_wrapper.v:174]
Completed static elaboration
Starting simulation data flow analysis
WARNING: [XSIM 43-4099] "/home/florian/Desktop/proteus/toolchain/hw/common/wlmont/csa_tree.sv" Line 13. Module csa_tree(SIZE_I=128,DEPTH=12,SIZE_O=132) doesn't have a timescale but at least one module in design has a timescale.
WARNING: [XSIM 43-4099] "/home/florian/Desktop/proteus/toolchain/hw/common/wlmont/csa_2.sv" Line 17. Module csa_2(K=132) doesn't have a timescale but at least one module in design has a timescale.
WARNING: [XSIM 43-4099] "/home/florian/Desktop/proteus/toolchain/hw/common/wlmont/csa_2.sv" Line 17. Module csa_2(K=132) doesn't have a timescale but at least one module in design has a timescale.
WARNING: [XSIM 43-4099] "/home/florian/Desktop/proteus/toolchain/hw/common/wlmont/csa_2.sv" Line 17. Module csa_2(K=132) doesn't have a timescale but at least one module in design has a timescale.
WARNING: [XSIM 43-4099] "/home/florian/Desktop/proteus/toolchain/hw/common/wlmont/csa_2.sv" Line 17. Module csa_2(K=132) doesn't have a timescale but at least one module in design has a timescale.
WARNING: [XSIM 43-4099] "/home/florian/Desktop/proteus/toolchain/hw/common/wlmont/csa_tree.sv" Line 13. Module csa_tree(SIZE_I=129,DEPTH=8,SIZE_O=132) doesn't have a timescale but at least one module in design has a timescale.
WARNING: [XSIM 43-4099] "/home/florian/Desktop/proteus/toolchain/hw/common/wlmont/csa_2.sv" Line 17. Module csa_2(K=132) doesn't have a timescale but at least one module in design has a timescale.
WARNING: [XSIM 43-4099] "/home/florian/Desktop/proteus/toolchain/hw/common/wlmont/csa_2.sv" Line 17. Module csa_2(K=132) doesn't have a timescale but at least one module in design has a timescale.
WARNING: [XSIM 43-4099] "/home/florian/Desktop/proteus/toolchain/hw/common/wlmont/csa_tree.sv" Line 13. Module csa_tree(SIZE_I=130,DEPTH=6,SIZE_O=132) doesn't have a timescale but at least one module in design has a timescale.
WARNING: [XSIM 43-4099] "/home/florian/Desktop/proteus/toolchain/hw/common/wlmont/csa_2.sv" Line 17. Module csa_2(K=132) doesn't have a timescale but at least one module in design has a timescale.
WARNING: [XSIM 43-4099] "/home/florian/Desktop/proteus/toolchain/hw/common/wlmont/csa_2.sv" Line 17. Module csa_2(K=132) doesn't have a timescale but at least one module in design has a timescale.
WARNING: [XSIM 43-4099] "/home/florian/Desktop/proteus/toolchain/hw/common/wlmont/csa_tree.sv" Line 13. Module csa_tree(SIZE_I=131,DEPTH=4,SIZE_O=132) doesn't have a timescale but at least one module in design has a timescale.
WARNING: [XSIM 43-4099] "/home/florian/Desktop/proteus/toolchain/hw/common/wlmont/csa_2.sv" Line 17. Module csa_2(K=132) doesn't have a timescale but at least one module in design has a timescale.
WARNING: [XSIM 43-4099] "/home/florian/Desktop/proteus/toolchain/hw/common/wlmont/csa_tree.sv" Line 13. Module csa_tree(SIZE_I=132,DEPTH=3,SIZE_O=132) doesn't have a timescale but at least one module in design has a timescale.
WARNING: [XSIM 43-4099] "/home/florian/Desktop/proteus/toolchain/hw/common/wlmont/csa_2.sv" Line 17. Module csa_2(K=132) doesn't have a timescale but at least one module in design has a timescale.
WARNING: [XSIM 43-4099] "/home/florian/Desktop/proteus/toolchain/hw/common/wlmont/csa_tree.sv" Line 13. Module csa_tree(SIZE_I=128,DEPTH=12,SIZE_O=132) doesn't have a timescale but at least one module in design has a timescale.
WARNING: [XSIM 43-4099] "/home/florian/Desktop/proteus/toolchain/hw/common/wlmont/csa_2.sv" Line 17. Module csa_2(K=132) doesn't have a timescale but at least one module in design has a timescale.
WARNING: [XSIM 43-4099] "/home/florian/Desktop/proteus/toolchain/hw/common/wlmont/csa_2.sv" Line 17. Module csa_2(K=132) doesn't have a timescale but at least one module in design has a timescale.
WARNING: [XSIM 43-4099] "/home/florian/Desktop/proteus/toolchain/hw/common/wlmont/csa_2.sv" Line 17. Module csa_2(K=132) doesn't have a timescale but at least one module in design has a timescale.
WARNING: [XSIM 43-4099] "/home/florian/Desktop/proteus/toolchain/hw/common/wlmont/csa_2.sv" Line 17. Module csa_2(K=132) doesn't have a timescale but at least one module in design has a timescale.
WARNING: [XSIM 43-4099] "/home/florian/Desktop/proteus/toolchain/hw/common/wlmont/csa_tree.sv" Line 13. Module csa_tree(SIZE_I=129,DEPTH=8,SIZE_O=132) doesn't have a timescale but at least one module in design has a timescale.
WARNING: [XSIM 43-4099] "/home/florian/Desktop/proteus/toolchain/hw/common/wlmont/csa_2.sv" Line 17. Module csa_2(K=132) doesn't have a timescale but at least one module in design has a timescale.
WARNING: [XSIM 43-4099] "/home/florian/Desktop/proteus/toolchain/hw/common/wlmont/csa_2.sv" Line 17. Module csa_2(K=132) doesn't have a timescale but at least one module in design has a timescale.
WARNING: [XSIM 43-4099] "/home/florian/Desktop/proteus/toolchain/hw/common/wlmont/csa_tree.sv" Line 13. Module csa_tree(SIZE_I=130,DEPTH=6,SIZE_O=132) doesn't have a timescale but at least one module in design has a timescale.
WARNING: [XSIM 43-4099] "/home/florian/Desktop/proteus/toolchain/hw/common/wlmont/csa_2.sv" Line 17. Module csa_2(K=132) doesn't have a timescale but at least one module in design has a timescale.
WARNING: [XSIM 43-4099] "/home/florian/Desktop/proteus/toolchain/hw/common/wlmont/csa_2.sv" Line 17. Module csa_2(K=132) doesn't have a timescale but at least one module in design has a timescale.
WARNING: [XSIM 43-4099] "/home/florian/Desktop/proteus/toolchain/hw/common/wlmont/csa_tree.sv" Line 13. Module csa_tree(SIZE_I=131,DEPTH=4,SIZE_O=132) doesn't have a timescale but at least one module in design has a timescale.
WARNING: [XSIM 43-4099] "/home/florian/Desktop/proteus/toolchain/hw/common/wlmont/csa_2.sv" Line 17. Module csa_2(K=132) doesn't have a timescale but at least one module in design has a timescale.
WARNING: [XSIM 43-4099] "/home/florian/Desktop/proteus/toolchain/hw/common/wlmont/csa_tree.sv" Line 13. Module csa_tree(SIZE_I=132,DEPTH=3,SIZE_O=132) doesn't have a timescale but at least one module in design has a timescale.
WARNING: [XSIM 43-4099] "/home/florian/Desktop/proteus/toolchain/hw/common/wlmont/csa_2.sv" Line 17. Module csa_2(K=132) doesn't have a timescale but at least one module in design has a timescale.
WARNING: [XSIM 43-4099] "/home/florian/Desktop/proteus/toolchain/hw/common/wlmont/csa_tree.sv" Line 13. Module csa_tree(SIZE_I=128,DEPTH=12,SIZE_O=132) doesn't have a timescale but at least one module in design has a timescale.
WARNING: [XSIM 43-4099] "/home/florian/Desktop/proteus/toolchain/hw/common/wlmont/csa_2.sv" Line 17. Module csa_2(K=132) doesn't have a timescale but at least one module in design has a timescale.
WARNING: [XSIM 43-4099] "/home/florian/Desktop/proteus/toolchain/hw/common/wlmont/csa_2.sv" Line 17. Module csa_2(K=132) doesn't have a timescale but at least one module in design has a timescale.
WARNING: [XSIM 43-4099] "/home/florian/Desktop/proteus/toolchain/hw/common/wlmont/csa_2.sv" Line 17. Module csa_2(K=132) doesn't have a timescale but at least one module in design has a timescale.
WARNING: [XSIM 43-4099] "/home/florian/Desktop/proteus/toolchain/hw/common/wlmont/csa_2.sv" Line 17. Module csa_2(K=132) doesn't have a timescale but at least one module in design has a timescale.
WARNING: [XSIM 43-4099] "/home/florian/Desktop/proteus/toolchain/hw/common/wlmont/csa_tree.sv" Line 13. Module csa_tree(SIZE_I=129,DEPTH=8,SIZE_O=132) doesn't have a timescale but at least one module in design has a timescale.
WARNING: [XSIM 43-4099] "/home/florian/Desktop/proteus/toolchain/hw/common/wlmont/csa_2.sv" Line 17. Module csa_2(K=132) doesn't have a timescale but at least one module in design has a timescale.
WARNING: [XSIM 43-4099] "/home/florian/Desktop/proteus/toolchain/hw/common/wlmont/csa_2.sv" Line 17. Module csa_2(K=132) doesn't have a timescale but at least one module in design has a timescale.
WARNING: [XSIM 43-4099] "/home/florian/Desktop/proteus/toolchain/hw/common/wlmont/csa_tree.sv" Line 13. Module csa_tree(SIZE_I=130,DEPTH=6,SIZE_O=132) doesn't have a timescale but at least one module in design has a timescale.
WARNING: [XSIM 43-4099] "/home/florian/Desktop/proteus/toolchain/hw/common/wlmont/csa_2.sv" Line 17. Module csa_2(K=132) doesn't have a timescale but at least one module in design has a timescale.
WARNING: [XSIM 43-4099] "/home/florian/Desktop/proteus/toolchain/hw/common/wlmont/csa_2.sv" Line 17. Module csa_2(K=132) doesn't have a timescale but at least one module in design has a timescale.
WARNING: [XSIM 43-4099] "/home/florian/Desktop/proteus/toolchain/hw/common/wlmont/csa_tree.sv" Line 13. Module csa_tree(SIZE_I=131,DEPTH=4,SIZE_O=132) doesn't have a timescale but at least one module in design has a timescale.
WARNING: [XSIM 43-4099] "/home/florian/Desktop/proteus/toolchain/hw/common/wlmont/csa_2.sv" Line 17. Module csa_2(K=132) doesn't have a timescale but at least one module in design has a timescale.
WARNING: [XSIM 43-4099] "/home/florian/Desktop/proteus/toolchain/hw/common/wlmont/csa_tree.sv" Line 13. Module csa_tree(SIZE_I=132,DEPTH=3,SIZE_O=132) doesn't have a timescale but at least one module in design has a timescale.
WARNING: [XSIM 43-4099] "/home/florian/Desktop/proteus/toolchain/hw/common/wlmont/csa_2.sv" Line 17. Module csa_2(K=132) doesn't have a timescale but at least one module in design has a timescale.
WARNING: [XSIM 43-4099] "/home/florian/Desktop/proteus/toolchain/hw/common/wlmont/csa_tree.sv" Line 13. Module csa_tree(SIZE_I=128,DEPTH=12,SIZE_O=132) doesn't have a timescale but at least one module in design has a timescale.
WARNING: [XSIM 43-4099] "/home/florian/Desktop/proteus/toolchain/hw/common/wlmont/csa_2.sv" Line 17. Module csa_2(K=132) doesn't have a timescale but at least one module in design has a timescale.
WARNING: [XSIM 43-4099] "/home/florian/Desktop/proteus/toolchain/hw/common/wlmont/csa_2.sv" Line 17. Module csa_2(K=132) doesn't have a timescale but at least one module in design has a timescale.
WARNING: [XSIM 43-4099] "/home/florian/Desktop/proteus/toolchain/hw/common/wlmont/csa_2.sv" Line 17. Module csa_2(K=132) doesn't have a timescale but at least one module in design has a timescale.
WARNING: [XSIM 43-4099] "/home/florian/Desktop/proteus/toolchain/hw/common/wlmont/csa_2.sv" Line 17. Module csa_2(K=132) doesn't have a timescale but at least one module in design has a timescale.
WARNING: [XSIM 43-4099] "/home/florian/Desktop/proteus/toolchain/hw/common/wlmont/csa_tree.sv" Line 13. Module csa_tree(SIZE_I=129,DEPTH=8,SIZE_O=132) doesn't have a timescale but at least one module in design has a timescale.
WARNING: [XSIM 43-4099] "/home/florian/Desktop/proteus/toolchain/hw/common/wlmont/csa_2.sv" Line 17. Module csa_2(K=132) doesn't have a timescale but at least one module in design has a timescale.
WARNING: [XSIM 43-4099] "/home/florian/Desktop/proteus/toolchain/hw/common/wlmont/csa_2.sv" Line 17. Module csa_2(K=132) doesn't have a timescale but at least one module in design has a timescale.
WARNING: [XSIM 43-4099] "/home/florian/Desktop/proteus/toolchain/hw/common/wlmont/csa_tree.sv" Line 13. Module csa_tree(SIZE_I=130,DEPTH=6,SIZE_O=132) doesn't have a timescale but at least one module in design has a timescale.
WARNING: [XSIM 43-4099] "/home/florian/Desktop/proteus/toolchain/hw/common/wlmont/csa_2.sv" Line 17. Module csa_2(K=132) doesn't have a timescale but at least one module in design has a timescale.
WARNING: [XSIM 43-4099] "/home/florian/Desktop/proteus/toolchain/hw/common/wlmont/csa_2.sv" Line 17. Module csa_2(K=132) doesn't have a timescale but at least one module in design has a timescale.
WARNING: [XSIM 43-4099] "/home/florian/Desktop/proteus/toolchain/hw/common/wlmont/csa_tree.sv" Line 13. Module csa_tree(SIZE_I=131,DEPTH=4,SIZE_O=132) doesn't have a timescale but at least one module in design has a timescale.
WARNING: [XSIM 43-4099] "/home/florian/Desktop/proteus/toolchain/hw/common/wlmont/csa_2.sv" Line 17. Module csa_2(K=132) doesn't have a timescale but at least one module in design has a timescale.
WARNING: [XSIM 43-4099] "/home/florian/Desktop/proteus/toolchain/hw/common/wlmont/csa_tree.sv" Line 13. Module csa_tree(SIZE_I=132,DEPTH=3,SIZE_O=132) doesn't have a timescale but at least one module in design has a timescale.
WARNING: [XSIM 43-4099] "/home/florian/Desktop/proteus/toolchain/hw/common/wlmont/csa_2.sv" Line 17. Module csa_2(K=132) doesn't have a timescale but at least one module in design has a timescale.
WARNING: [XSIM 43-4099] "/home/florian/Desktop/proteus/toolchain/hw/common/wlmont/csa_tree.sv" Line 13. Module csa_tree(SIZE_I=128,DEPTH=12,SIZE_O=132) doesn't have a timescale but at least one module in design has a timescale.
WARNING: [XSIM 43-4099] "/home/florian/Desktop/proteus/toolchain/hw/common/wlmont/csa_2.sv" Line 17. Module csa_2(K=132) doesn't have a timescale but at least one module in design has a timescale.
WARNING: [XSIM 43-4099] "/home/florian/Desktop/proteus/toolchain/hw/common/wlmont/csa_2.sv" Line 17. Module csa_2(K=132) doesn't have a timescale but at least one module in design has a timescale.
WARNING: [XSIM 43-4099] "/home/florian/Desktop/proteus/toolchain/hw/common/wlmont/csa_2.sv" Line 17. Module csa_2(K=132) doesn't have a timescale but at least one module in design has a timescale.
WARNING: [XSIM 43-4099] "/home/florian/Desktop/proteus/toolchain/hw/common/wlmont/csa_2.sv" Line 17. Module csa_2(K=132) doesn't have a timescale but at least one module in design has a timescale.
WARNING: [XSIM 43-4099] "/home/florian/Desktop/proteus/toolchain/hw/common/wlmont/csa_tree.sv" Line 13. Module csa_tree(SIZE_I=129,DEPTH=8,SIZE_O=132) doesn't have a timescale but at least one module in design has a timescale.
WARNING: [XSIM 43-4099] "/home/florian/Desktop/proteus/toolchain/hw/common/wlmont/csa_2.sv" Line 17. Module csa_2(K=132) doesn't have a timescale but at least one module in design has a timescale.
WARNING: [XSIM 43-4099] "/home/florian/Desktop/proteus/toolchain/hw/common/wlmont/csa_2.sv" Line 17. Module csa_2(K=132) doesn't have a timescale but at least one module in design has a timescale.
WARNING: [XSIM 43-4099] "/home/florian/Desktop/proteus/toolchain/hw/common/wlmont/csa_tree.sv" Line 13. Module csa_tree(SIZE_I=130,DEPTH=6,SIZE_O=132) doesn't have a timescale but at least one module in design has a timescale.
WARNING: [XSIM 43-4099] "/home/florian/Desktop/proteus/toolchain/hw/common/wlmont/csa_2.sv" Line 17. Module csa_2(K=132) doesn't have a timescale but at least one module in design has a timescale.
WARNING: [XSIM 43-4099] "/home/florian/Desktop/proteus/toolchain/hw/common/wlmont/csa_2.sv" Line 17. Module csa_2(K=132) doesn't have a timescale but at least one module in design has a timescale.
WARNING: [XSIM 43-4099] "/home/florian/Desktop/proteus/toolchain/hw/common/wlmont/csa_tree.sv" Line 13. Module csa_tree(SIZE_I=131,DEPTH=4,SIZE_O=132) doesn't have a timescale but at least one module in design has a timescale.
WARNING: [XSIM 43-4099] "/home/florian/Desktop/proteus/toolchain/hw/common/wlmont/csa_2.sv" Line 17. Module csa_2(K=132) doesn't have a timescale but at least one module in design has a timescale.
WARNING: [XSIM 43-4099] "/home/florian/Desktop/proteus/toolchain/hw/common/wlmont/csa_tree.sv" Line 13. Module csa_tree(SIZE_I=132,DEPTH=3,SIZE_O=132) doesn't have a timescale but at least one module in design has a timescale.
WARNING: [XSIM 43-4099] "/home/florian/Desktop/proteus/toolchain/hw/common/wlmont/csa_2.sv" Line 17. Module csa_2(K=132) doesn't have a timescale but at least one module in design has a timescale.
WARNING: [XSIM 43-4099] "/home/florian/Desktop/proteus/toolchain/hw/common/wlmont/csa_tree.sv" Line 13. Module csa_tree(SIZE_I=128,DEPTH=12,SIZE_O=132) doesn't have a timescale but at least one module in design has a timescale.
WARNING: [XSIM 43-4099] "/home/florian/Desktop/proteus/toolchain/hw/common/wlmont/csa_2.sv" Line 17. Module csa_2(K=132) doesn't have a timescale but at least one module in design has a timescale.
WARNING: [XSIM 43-4099] "/home/florian/Desktop/proteus/toolchain/hw/common/wlmont/csa_2.sv" Line 17. Module csa_2(K=132) doesn't have a timescale but at least one module in design has a timescale.
WARNING: [XSIM 43-4099] "/home/florian/Desktop/proteus/toolchain/hw/common/wlmont/csa_2.sv" Line 17. Module csa_2(K=132) doesn't have a timescale but at least one module in design has a timescale.
WARNING: [XSIM 43-4099] "/home/florian/Desktop/proteus/toolchain/hw/common/wlmont/csa_2.sv" Line 17. Module csa_2(K=132) doesn't have a timescale but at least one module in design has a timescale.
WARNING: [XSIM 43-4099] "/home/florian/Desktop/proteus/toolchain/hw/common/wlmont/csa_tree.sv" Line 13. Module csa_tree(SIZE_I=129,DEPTH=8,SIZE_O=132) doesn't have a timescale but at least one module in design has a timescale.
WARNING: [XSIM 43-4099] "/home/florian/Desktop/proteus/toolchain/hw/common/wlmont/csa_2.sv" Line 17. Module csa_2(K=132) doesn't have a timescale but at least one module in design has a timescale.
WARNING: [XSIM 43-4099] "/home/florian/Desktop/proteus/toolchain/hw/common/wlmont/csa_2.sv" Line 17. Module csa_2(K=132) doesn't have a timescale but at least one module in design has a timescale.
WARNING: [XSIM 43-4099] "/home/florian/Desktop/proteus/toolchain/hw/common/wlmont/csa_tree.sv" Line 13. Module csa_tree(SIZE_I=130,DEPTH=6,SIZE_O=132) doesn't have a timescale but at least one module in design has a timescale.
WARNING: [XSIM 43-4099] "/home/florian/Desktop/proteus/toolchain/hw/common/wlmont/csa_2.sv" Line 17. Module csa_2(K=132) doesn't have a timescale but at least one module in design has a timescale.
WARNING: [XSIM 43-4099] "/home/florian/Desktop/proteus/toolchain/hw/common/wlmont/csa_2.sv" Line 17. Module csa_2(K=132) doesn't have a timescale but at least one module in design has a timescale.
WARNING: [XSIM 43-4099] "/home/florian/Desktop/proteus/toolchain/hw/common/wlmont/csa_tree.sv" Line 13. Module csa_tree(SIZE_I=131,DEPTH=4,SIZE_O=132) doesn't have a timescale but at least one module in design has a timescale.
WARNING: [XSIM 43-4099] "/home/florian/Desktop/proteus/toolchain/hw/common/wlmont/csa_2.sv" Line 17. Module csa_2(K=132) doesn't have a timescale but at least one module in design has a timescale.
WARNING: [XSIM 43-4099] "/home/florian/Desktop/proteus/toolchain/hw/common/wlmont/csa_tree.sv" Line 13. Module csa_tree(SIZE_I=132,DEPTH=3,SIZE_O=132) doesn't have a timescale but at least one module in design has a timescale.
WARNING: [XSIM 43-4099] "/home/florian/Desktop/proteus/toolchain/hw/common/wlmont/csa_2.sv" Line 17. Module csa_2(K=132) doesn't have a timescale but at least one module in design has a timescale.
WARNING: [XSIM 43-4099] "/home/florian/Desktop/proteus/toolchain/hw/common/wlmont/csa_tree.sv" Line 13. Module csa_tree(SIZE_I=128,DEPTH=12,SIZE_O=132) doesn't have a timescale but at least one module in design has a timescale.
WARNING: [XSIM 43-4099] "/home/florian/Desktop/proteus/toolchain/hw/common/wlmont/csa_2.sv" Line 17. Module csa_2(K=132) doesn't have a timescale but at least one module in design has a timescale.
WARNING: [XSIM 43-4099] "/home/florian/Desktop/proteus/toolchain/hw/common/wlmont/csa_2.sv" Line 17. Module csa_2(K=132) doesn't have a timescale but at least one module in design has a timescale.
WARNING: [XSIM 43-4099] "/home/florian/Desktop/proteus/toolchain/hw/common/wlmont/csa_2.sv" Line 17. Module csa_2(K=132) doesn't have a timescale but at least one module in design has a timescale.
WARNING: [XSIM 43-4099] "/home/florian/Desktop/proteus/toolchain/hw/common/wlmont/csa_2.sv" Line 17. Module csa_2(K=132) doesn't have a timescale but at least one module in design has a timescale.
WARNING: [XSIM 43-4099] "/home/florian/Desktop/proteus/toolchain/hw/common/wlmont/csa_tree.sv" Line 13. Module csa_tree(SIZE_I=129,DEPTH=8,SIZE_O=132) doesn't have a timescale but at least one module in design has a timescale.
WARNING: [XSIM 43-4099] "/home/florian/Desktop/proteus/toolchain/hw/common/wlmont/csa_2.sv" Line 17. Module csa_2(K=132) doesn't have a timescale but at least one module in design has a timescale.
WARNING: [XSIM 43-4099] "/home/florian/Desktop/proteus/toolchain/hw/common/wlmont/csa_2.sv" Line 17. Module csa_2(K=132) doesn't have a timescale but at least one module in design has a timescale.
WARNING: [XSIM 43-4099] "/home/florian/Desktop/proteus/toolchain/hw/common/wlmont/csa_tree.sv" Line 13. Module csa_tree(SIZE_I=130,DEPTH=6,SIZE_O=132) doesn't have a timescale but at least one module in design has a timescale.
WARNING: [XSIM 43-4099] "/home/florian/Desktop/proteus/toolchain/hw/common/wlmont/csa_2.sv" Line 17. Module csa_2(K=132) doesn't have a timescale but at least one module in design has a timescale.
INFO: [Common 17-14] Message 'XSIM 43-4099' appears 100 times and further instances of the messages will be disabled. Use the Tcl command set_msg_config to change the current settings.
Completed simulation data flow analysis
Time Resolution for simulation is 1ps
Compiling module xil_defaultlib.tw_roms_wrapper(LOGQ=64,LOGN=12,...
Compiling module xil_defaultlib.tw_rom_1(LOGN=12)
Compiling module xil_defaultlib.tw_roms_wrapper(LOGQ=64,LOGN=12,...
Compiling module xil_defaultlib.tw_rom_2(LOGN=12,STAGE=2)
Compiling module xil_defaultlib.tw_roms_wrapper(LOGQ=64,LOGN=12,...
Compiling module xil_defaultlib.tw_rom_3(LOGN=12,STAGE=3)
Compiling module xil_defaultlib.tw_roms_wrapper(LOGQ=64,LOGN=12,...
Compiling module xil_defaultlib.tw_rom_4(LOGN=12,STAGE=4)
Compiling module xil_defaultlib.tw_roms_wrapper(LOGQ=64,LOGN=12,...
Compiling module xil_defaultlib.tw_rom_5(LOGN=12,STAGE=5)
Compiling module xil_defaultlib.tw_roms_wrapper(LOGQ=64,LOGN=12,...
Compiling module xil_defaultlib.tw_rom_6(LOGN=12,STAGE=6)
Compiling module xil_defaultlib.tw_roms_wrapper(LOGQ=64,LOGN=12,...
Compiling module xil_defaultlib.tw_rom_7(LOGN=12,STAGE=7)
Compiling module xil_defaultlib.tw_roms_wrapper(LOGQ=64,LOGN=12,...
Compiling module xil_defaultlib.tw_rom_8(LOGN=12,STAGE=8)
Compiling module xil_defaultlib.tw_roms_wrapper(LOGQ=64,LOGN=12,...
Compiling module xil_defaultlib.tw_rom_9(LOGN=12,STAGE=9)
Compiling module xil_defaultlib.tw_roms_wrapper(LOGQ=64,LOGN=12,...
Compiling module xil_defaultlib.tw_rom_10(LOGN=12,STAGE=10)
Compiling module xil_defaultlib.tw_roms_wrapper(LOGQ=64,LOGN=12,...
Compiling module xil_defaultlib.tw_rom_11(LOGN=12,STAGE=11)
Compiling module xil_defaultlib.tw_roms_wrapper(LOGQ=64,LOGN=12,...
Compiling module xil_defaultlib.shiftreg(SHIFT=2056,DATA=1)
Compiling module xil_defaultlib.bitreverse(LOGN=0)
Compiling module xil_defaultlib.shiftreg(SHIFT=5,DATA=64)
Compiling module xil_defaultlib.csa_2(K=132)
Compiling module xil_defaultlib.csa_tree(SIZE_I=132,DEPTH=3,SIZE...
Compiling module xil_defaultlib.csa_tree(SIZE_I=131,DEPTH=4,SIZE...
Compiling module xil_defaultlib.csa_tree(SIZE_I=130,DEPTH=6,SIZE...
Compiling module xil_defaultlib.csa_tree(SIZE_I=129,DEPTH=8,SIZE...
Compiling module xil_defaultlib.csa_tree(SIZE_I=128,DEPTH=12,SIZ...
Compiling module xil_defaultlib.intmul(LOGQ=64)
Compiling module xil_defaultlib.modred_64
Compiling module xil_defaultlib.modmul(LOGQ=64,LOGN=12,Q=64'b111...
Compiling module xil_defaultlib.modadd(LOGQ=64,LOGN=12,Q=64'b111...
Compiling module xil_defaultlib.modsub(LOGQ=64,LOGN=12,Q=64'b111...
Compiling module xil_defaultlib.btf_dit_ct(LOGQ=64,LOGN=12,Q=64'...
Compiling module xil_defaultlib.shiftreg(DATA=64)
Compiling module xil_defaultlib.moddiv_by_2(LOGQ=64,LOGN=12,Q=64...
Compiling module xil_defaultlib.shiftreg(SHIFT=0,DATA=1)
Compiling module xil_defaultlib.shiftreg(SHIFT=7,DATA=1)
Compiling module xil_defaultlib.shiftreg(SHIFT=7,DATA=64)
Compiling module xil_defaultlib.shiftreg(SHIFT=2041,DATA=1)
Compiling module xpm.xpm_fifo_rst_default
Compiling module xpm.xpm_fifo_reg_bit
Compiling module xpm.xpm_counter_updn(COUNTER_WIDTH=1...
Compiling module xpm.xpm_counter_updn(COUNTER_WIDTH=1...
Compiling module xpm.xpm_counter_updn(COUNTER_WIDTH=1...
Compiling module xpm.xpm_memory_base(MEMORY_TYPE=1,ME...
Compiling module xpm.xpm_counter_updn(COUNTER_WIDTH=2...
Compiling module xpm.xpm_fifo_base(WRITE_DATA_WIDTH=6...
Compiling module xpm.xpm_fifo_sync(WRITE_DATA_WIDTH=6...
Compiling module xil_defaultlib.ntt_sdf_stage(LOGQ=64,LOGN=12,Q=...
Compiling module xil_defaultlib.shiftreg(SHIFT=1032,DATA=1)
Compiling module xil_defaultlib.bitreverse(LOGN=1)
Compiling module xil_defaultlib.btf_dit_ct(LOGQ=64,LOGN=12,Q=64'...
Compiling module xil_defaultlib.shiftreg(SHIFT=1017,DATA=1)
Compiling module xpm.xpm_counter_updn(COUNTER_WIDTH=1...
Compiling module xpm.xpm_counter_updn(COUNTER_WIDTH=1...
Compiling module xpm.xpm_counter_updn(COUNTER_WIDTH=1...
Compiling module xpm.xpm_memory_base(MEMORY_TYPE=1,ME...
Compiling module xpm.xpm_fifo_base(FIFO_WRITE_DEPTH=1...
Compiling module xpm.xpm_fifo_sync(FIFO_WRITE_DEPTH=1...
Compiling module xil_defaultlib.ntt_sdf_stage(LOGQ=64,LOGN=12,Q=...
Compiling module xil_defaultlib.shiftreg(SHIFT=520,DATA=1)
Compiling module xil_defaultlib.bitreverse(LOGN=2)
Compiling module xil_defaultlib.btf_dit_ct(LOGQ=64,LOGN=12,Q=64'...
Compiling module xil_defaultlib.shiftreg(SHIFT=505,DATA=1)
Compiling module xpm.xpm_counter_updn(COUNTER_WIDTH=1...
Compiling module xpm.xpm_counter_updn(COUNTER_WIDTH=9...
Compiling module xpm.xpm_counter_updn(COUNTER_WIDTH=9...
Compiling module xpm.xpm_memory_base(MEMORY_TYPE=1,ME...
Compiling module xpm.xpm_fifo_base(FIFO_WRITE_DEPTH=5...
Compiling module xpm.xpm_fifo_sync(FIFO_WRITE_DEPTH=5...
Compiling module xil_defaultlib.ntt_sdf_stage(LOGQ=64,LOGN=12,Q=...
Compiling module xil_defaultlib.shiftreg(SHIFT=264,DATA=1)
Compiling module xil_defaultlib.bitreverse(LOGN=3)
Compiling module xil_defaultlib.btf_dit_ct(LOGQ=64,LOGN=12,Q=64'...
Compiling module xil_defaultlib.shiftreg(SHIFT=249,DATA=1)
Compiling module xpm.xpm_counter_updn(COUNTER_WIDTH=9...
Compiling module xpm.xpm_counter_updn(COUNTER_WIDTH=8...
Compiling module xpm.xpm_counter_updn(COUNTER_WIDTH=8...
Compiling module xpm.xpm_memory_base(MEMORY_TYPE=1,ME...
Compiling module xpm.xpm_fifo_base(FIFO_WRITE_DEPTH=2...
Compiling module xpm.xpm_fifo_sync(FIFO_WRITE_DEPTH=2...
Compiling module xil_defaultlib.ntt_sdf_stage(LOGQ=64,LOGN=12,Q=...
Compiling module xil_defaultlib.shiftreg(SHIFT=136,DATA=1)
Compiling module xil_defaultlib.bitreverse(LOGN=4)
Compiling module xil_defaultlib.btf_dit_ct(LOGQ=64,LOGN=12,Q=64'...
Compiling module xil_defaultlib.shiftreg(SHIFT=121,DATA=1)
Compiling module xil_defaultlib.shiftreg(SHIFT=121,DATA=64)
Compiling module xil_defaultlib.ntt_sdf_stage(LOGQ=64,LOGN=12,Q=...
Compiling module xil_defaultlib.shiftreg(SHIFT=72,DATA=1)
Compiling module xil_defaultlib.bitreverse(LOGN=5)
Compiling module xil_defaultlib.btf_dit_ct(LOGQ=64,LOGN=12,Q=64'...
Compiling module xil_defaultlib.shiftreg(SHIFT=57,DATA=1)
Compiling module xil_defaultlib.shiftreg(SHIFT=57,DATA=64)
Compiling module xil_defaultlib.ntt_sdf_stage(LOGQ=64,LOGN=12,Q=...
Compiling module xil_defaultlib.shiftreg(SHIFT=40,DATA=1)
Compiling module xil_defaultlib.bitreverse(LOGN=6)
Compiling module xil_defaultlib.btf_dit_ct(LOGQ=64,LOGN=12,Q=64'...
Compiling module xil_defaultlib.shiftreg(SHIFT=25,DATA=1)
Compiling module xil_defaultlib.shiftreg(SHIFT=25,DATA=64)
Compiling module xil_defaultlib.ntt_sdf_stage(LOGQ=64,LOGN=12,Q=...
Compiling module xil_defaultlib.shiftreg(SHIFT=24,DATA=1)
Compiling module xil_defaultlib.bitreverse(LOGN=7)
Compiling module xil_defaultlib.btf_dit_ct(LOGQ=64,LOGN=12,Q=64'...
Compiling module xil_defaultlib.shiftreg(SHIFT=9,DATA=1)
Compiling module xil_defaultlib.shiftreg(SHIFT=9,DATA=64)
Compiling module xil_defaultlib.ntt_sdf_stage(LOGQ=64,LOGN=12,Q=...
Compiling module xil_defaultlib.shiftreg(SHIFT=16,DATA=1)
Compiling module xil_defaultlib.bitreverse(LOGN=8)
Compiling module xil_defaultlib.btf_dit_ct(LOGQ=64,LOGN=12,Q=64'...
Compiling module xil_defaultlib.shiftreg(DATA=1)
Compiling module xil_defaultlib.ntt_sdf_stage(LOGQ=64,LOGN=12,Q=...
Compiling module xil_defaultlib.shiftreg(SHIFT=12,DATA=1)
Compiling module xil_defaultlib.bitreverse(LOGN=9)
Compiling module xil_defaultlib.btf_dit_ct(LOGQ=64,LOGN=12,Q=64'...
Compiling module xil_defaultlib.shiftreg(SHIFT=4,DATA=64)
Compiling module xil_defaultlib.shiftreg(SHIFT=4,DATA=1)
Compiling module xil_defaultlib.ntt_sdf_stage(LOGQ=64,LOGN=12,Q=...
Compiling module xil_defaultlib.shiftreg(SHIFT=10,DATA=1)
Compiling module xil_defaultlib.bitreverse(LOGN=10)
Compiling module xil_defaultlib.btf_dit_ct(LOGQ=64,LOGN=12,Q=64'...
Compiling module xil_defaultlib.shiftreg(SHIFT=2,DATA=64)
Compiling module xil_defaultlib.shiftreg(SHIFT=2,DATA=1)
Compiling module xil_defaultlib.ntt_sdf_stage(LOGQ=64,LOGN=12,Q=...
Compiling module xil_defaultlib.bitreverse(LOGN=11)
Compiling module xil_defaultlib.btf_dit_ct(LOGQ=64,LOGN=12,Q=64'...
Compiling module xil_defaultlib.ntt_sdf_stage(LOGQ=64,LOGN=12,Q=...
Compiling module xil_defaultlib.ntt_sdf_wrapper(LOGQ=64,LOGN=12,...
Compiling module xil_defaultlib.ntt_memory_wrapper_default
Compiling module xil_defaultlib.ntt_tb
Compiling module xil_defaultlib.glbl
Built simulation snapshot ntt_tb_behav
