INFO: [VRFC 10-2263] Analyzing Verilog file "C:/Vivado_Projects/SABER_HW/project_1/project_1.sim/sim_1/impl/func/xsim/tb_lfsr_func_impl.v" into library xil_defaultlib
INFO: [VRFC 10-311] analyzing module Top
INFO: [VRFC 10-311] analyzing module Top_AXI_Slave8Ports_new_0_0
INFO: [VRFC 10-311] analyzing module Top_AXI_Slave8Ports_new_0_0_AXI_Slave8Ports_new_v1_0
INFO: [VRFC 10-311] analyzing module Top_AXI_Slave8Ports_new_0_0_AXI_Slave8Ports_new_v1_0_S00_AXI
INFO: [VRFC 10-311] analyzing module Top_ComputeCoreWrapper_0_0
INFO: [VRFC 10-311] analyzing module Top_ComputeCoreWrapper_0_0_BRAM64_1024
INFO: [VRFC 10-311] analyzing module Top_ComputeCoreWrapper_0_0_ComputeCore3
INFO: [VRFC 10-311] analyzing module Top_ComputeCoreWrapper_0_0_ComputeCoreWrapper
INFO: [VRFC 10-311] analyzing module Top_ComputeCoreWrapper_0_0_INS_RAM
INFO: [VRFC 10-311] analyzing module Top_ComputeCoreWrapper_0_0_ISA_control
INFO: [VRFC 10-311] analyzing module Top_ComputeCoreWrapper_0_0_TRNG_RO
INFO: [VRFC 10-311] analyzing module Top_ComputeCoreWrapper_0_0_ro_3inv
INFO: [VRFC 10-311] analyzing module Top_ComputeCoreWrapper_0_0_ro_3inv__1
INFO: [VRFC 10-311] analyzing module Top_ComputeCoreWrapper_0_0_ro_3inv__2
INFO: [VRFC 10-311] analyzing module Top_ComputeCoreWrapper_0_0_ro_3inv__3
INFO: [VRFC 10-311] analyzing module Top_ComputeCoreWrapper_0_0_ro_3inv__4
INFO: [VRFC 10-311] analyzing module Top_ComputeCoreWrapper_0_0_ro_5inv
INFO: [VRFC 10-311] analyzing module Top_ComputeCoreWrapper_0_0_trng2
INFO: [VRFC 10-311] analyzing module Top_auto_pc_0
INFO: [VRFC 10-311] analyzing module Top_auto_pc_0__axi_protocol_converter_v2_1_19_axi_protocol_converter
INFO: [VRFC 10-311] analyzing module Top_auto_pc_0__axi_protocol_converter_v2_1_19_b2s
INFO: [VRFC 10-311] analyzing module Top_auto_pc_0__axi_protocol_converter_v2_1_19_b2s_ar_channel
INFO: [VRFC 10-311] analyzing module Top_auto_pc_0__axi_protocol_converter_v2_1_19_b2s_aw_channel
INFO: [VRFC 10-311] analyzing module Top_auto_pc_0__axi_protocol_converter_v2_1_19_b2s_b_channel
INFO: [VRFC 10-311] analyzing module Top_auto_pc_0__axi_protocol_converter_v2_1_19_b2s_cmd_translator
INFO: [VRFC 10-311] analyzing module Top_auto_pc_0__axi_protocol_converter_v2_1_19_b2s_cmd_translator_1
INFO: [VRFC 10-311] analyzing module Top_auto_pc_0__axi_protocol_converter_v2_1_19_b2s_incr_cmd
INFO: [VRFC 10-311] analyzing module Top_auto_pc_0__axi_protocol_converter_v2_1_19_b2s_incr_cmd_2
INFO: [VRFC 10-311] analyzing module Top_auto_pc_0__axi_protocol_converter_v2_1_19_b2s_r_channel
INFO: [VRFC 10-311] analyzing module Top_auto_pc_0__axi_protocol_converter_v2_1_19_b2s_rd_cmd_fsm
INFO: [VRFC 10-311] analyzing module Top_auto_pc_0__axi_protocol_converter_v2_1_19_b2s_simple_fifo
INFO: [VRFC 10-311] analyzing module Top_auto_pc_0__axi_protocol_converter_v2_1_19_b2s_simple_fifo__parameterized0
INFO: [VRFC 10-311] analyzing module Top_auto_pc_0__axi_protocol_converter_v2_1_19_b2s_simple_fifo__parameterized1
INFO: [VRFC 10-311] analyzing module Top_auto_pc_0__axi_protocol_converter_v2_1_19_b2s_simple_fifo__parameterized2
INFO: [VRFC 10-311] analyzing module Top_auto_pc_0__axi_protocol_converter_v2_1_19_b2s_wr_cmd_fsm
INFO: [VRFC 10-311] analyzing module Top_auto_pc_0__axi_protocol_converter_v2_1_19_b2s_wrap_cmd
INFO: [VRFC 10-311] analyzing module Top_auto_pc_0__axi_protocol_converter_v2_1_19_b2s_wrap_cmd_3
INFO: [VRFC 10-311] analyzing module Top_auto_pc_0__axi_register_slice_v2_1_19_axi_register_slice
INFO: [VRFC 10-311] analyzing module Top_auto_pc_0__axi_register_slice_v2_1_19_axic_register_slice
INFO: [VRFC 10-311] analyzing module Top_auto_pc_0__axi_register_slice_v2_1_19_axic_register_slice_0
INFO: [VRFC 10-311] analyzing module Top_auto_pc_0__axi_register_slice_v2_1_19_axic_register_slice__parameterized1
INFO: [VRFC 10-311] analyzing module Top_auto_pc_0__axi_register_slice_v2_1_19_axic_register_slice__parameterized2
INFO: [VRFC 10-311] analyzing module Top_processing_system7_0_0
INFO: [VRFC 10-311] analyzing module Top_processing_system7_0_0_processing_system7_v5_5_processing_system7
INFO: [VRFC 10-311] analyzing module Top_ps7_0_axi_periph_1
INFO: [VRFC 10-311] analyzing module Top_rst_ps7_0_100M_0
INFO: [VRFC 10-311] analyzing module Top_rst_ps7_0_100M_0__cdc_sync
INFO: [VRFC 10-311] analyzing module Top_rst_ps7_0_100M_0__cdc_sync_0
INFO: [VRFC 10-311] analyzing module Top_rst_ps7_0_100M_0__lpf
INFO: [VRFC 10-311] analyzing module Top_rst_ps7_0_100M_0__proc_sys_reset
INFO: [VRFC 10-311] analyzing module Top_rst_ps7_0_100M_0__sequence_psr
INFO: [VRFC 10-311] analyzing module Top_rst_ps7_0_100M_0__upcnt_n
INFO: [VRFC 10-311] analyzing module Top_wrapper
INFO: [VRFC 10-311] analyzing module s00_couplers_imp_X92YDC
INFO: [VRFC 10-311] analyzing module Top_ComputeCoreWrapper_0_0_blk_mem_gen_generic_cstr
INFO: [VRFC 10-311] analyzing module Top_ComputeCoreWrapper_0_0_blk_mem_gen_prim_width
INFO: [VRFC 10-311] analyzing module Top_ComputeCoreWrapper_0_0_blk_mem_gen_prim_width__parameterized0
INFO: [VRFC 10-311] analyzing module Top_ComputeCoreWrapper_0_0_blk_mem_gen_prim_wrapper
INFO: [VRFC 10-311] analyzing module Top_ComputeCoreWrapper_0_0_blk_mem_gen_prim_wrapper__parameterized0
INFO: [VRFC 10-311] analyzing module Top_ComputeCoreWrapper_0_0_blk_mem_gen_top
INFO: [VRFC 10-311] analyzing module Top_ComputeCoreWrapper_0_0_blk_mem_gen_v8_4_3
INFO: [VRFC 10-311] analyzing module Top_ComputeCoreWrapper_0_0_blk_mem_gen_v8_4_3_synth
INFO: [VRFC 10-311] analyzing module Top_ComputeCoreWrapper_0_0_dist_mem_gen_v8_0_13
INFO: [VRFC 10-311] analyzing module Top_ComputeCoreWrapper_0_0_dist_mem_gen_v8_0_13_synth
INFO: [VRFC 10-311] analyzing module Top_ComputeCoreWrapper_0_0_sdpram
INFO: [VRFC 10-311] analyzing module glbl
INFO: [VRFC 10-2263] Analyzing Verilog file "C:/Vivado_Projects/SABER_HW/project_1/project_1.srcs/sim_1/new/tb_lfsr.v" into library xil_defaultlib
INFO: [VRFC 10-311] analyzing module tb_lfsr
