Vivado Simulator 2019.1
Time resolution is 1 ps
Info: [XPM_MEMORY 20-1] MEMORY_PRIMITIVE (0) instructs Vivado Synthesis to choose the memory primitive type. Depending on their values, other XPM_MEMORY parameters may preclude the choice of certain memory primitive types. Review XPM_MEMORY documentation and parameter values to understand any limitations, or set MEMORY_PRIMITIVE to a different value. ntt_tb.DUT_FNTT_MEM_WRAPPER.DUT_NTT.genblk3[0].NTT_SDF_STAGE.genblk4.xpm_fifo_sync_inst.xpm_fifo_base_inst.gen_sdpram.xpm_memory_base_inst.config_drc
Time: 1 ps  Iteration: 0  Process: /ntt_tb/DUT_FNTT_MEM_WRAPPER/DUT_NTT/genblk3[0].NTT_SDF_STAGE/genblk4.xpm_fifo_sync_inst/xpm_fifo_base_inst/gen_sdpram.xpm_memory_base_inst/Initial290_4141  File: /wrk/2019.1/continuous/2019_05_24_2552052/packages/customer/vivado/data/ip/xpm/xpm_memory/hdl/xpm_memory.sv
Info: [XPM_MEMORY 20-1] MEMORY_PRIMITIVE (0) instructs Vivado Synthesis to choose the memory primitive type. Depending on their values, other XPM_MEMORY parameters may preclude the choice of certain memory primitive types. Review XPM_MEMORY documentation and parameter values to understand any limitations, or set MEMORY_PRIMITIVE to a different value. ntt_tb.DUT_FNTT_MEM_WRAPPER.DUT_NTT.genblk3[1].NTT_SDF_STAGE.genblk4.xpm_fifo_sync_inst.xpm_fifo_base_inst.gen_sdpram.xpm_memory_base_inst.config_drc
Time: 1 ps  Iteration: 0  Process: /ntt_tb/DUT_FNTT_MEM_WRAPPER/DUT_NTT/genblk3[1].NTT_SDF_STAGE/genblk4.xpm_fifo_sync_inst/xpm_fifo_base_inst/gen_sdpram.xpm_memory_base_inst/Initial290_6305  File: /wrk/2019.1/continuous/2019_05_24_2552052/packages/customer/vivado/data/ip/xpm/xpm_memory/hdl/xpm_memory.sv
Info: [XPM_MEMORY 20-1] MEMORY_PRIMITIVE (0) instructs Vivado Synthesis to choose the memory primitive type. Depending on their values, other XPM_MEMORY parameters may preclude the choice of certain memory primitive types. Review XPM_MEMORY documentation and parameter values to understand any limitations, or set MEMORY_PRIMITIVE to a different value. ntt_tb.DUT_FNTT_MEM_WRAPPER.DUT_NTT.genblk3[2].NTT_SDF_STAGE.genblk4.xpm_fifo_sync_inst.xpm_fifo_base_inst.gen_sdpram.xpm_memory_base_inst.config_drc
Time: 1 ps  Iteration: 0  Process: /ntt_tb/DUT_FNTT_MEM_WRAPPER/DUT_NTT/genblk3[2].NTT_SDF_STAGE/genblk4.xpm_fifo_sync_inst/xpm_fifo_base_inst/gen_sdpram.xpm_memory_base_inst/Initial290_7445  File: /wrk/2019.1/continuous/2019_05_24_2552052/packages/customer/vivado/data/ip/xpm/xpm_memory/hdl/xpm_memory.sv
Info: [XPM_MEMORY 20-1] MEMORY_PRIMITIVE (0) instructs Vivado Synthesis to choose the memory primitive type. Depending on their values, other XPM_MEMORY parameters may preclude the choice of certain memory primitive types. Review XPM_MEMORY documentation and parameter values to understand any limitations, or set MEMORY_PRIMITIVE to a different value. ntt_tb.DUT_FNTT_MEM_WRAPPER.DUT_NTT.genblk3[3].NTT_SDF_STAGE.genblk4.xpm_fifo_sync_inst.xpm_fifo_base_inst.gen_sdpram.xpm_memory_base_inst.config_drc
Time: 1 ps  Iteration: 0  Process: /ntt_tb/DUT_FNTT_MEM_WRAPPER/DUT_NTT/genblk3[3].NTT_SDF_STAGE/genblk4.xpm_fifo_sync_inst/xpm_fifo_base_inst/gen_sdpram.xpm_memory_base_inst/Initial290_8073  File: /wrk/2019.1/continuous/2019_05_24_2552052/packages/customer/vivado/data/ip/xpm/xpm_memory/hdl/xpm_memory.sv
Info: [XPM_MEMORY 20-1] MEMORY_PRIMITIVE (0) instructs Vivado Synthesis to choose the memory primitive type. Depending on their values, other XPM_MEMORY parameters may preclude the choice of certain memory primitive types. Review XPM_MEMORY documentation and parameter values to understand any limitations, or set MEMORY_PRIMITIVE to a different value. ntt_tb.DUT_INTT_MEM_WRAPPER.DUT_NTT.genblk3[0].NTT_SDF_STAGE.genblk4.xpm_fifo_sync_inst.xpm_fifo_base_inst.gen_sdpram.xpm_memory_base_inst.config_drc
Time: 1 ps  Iteration: 0  Process: /ntt_tb/DUT_INTT_MEM_WRAPPER/DUT_NTT/genblk3[0].NTT_SDF_STAGE/genblk4.xpm_fifo_sync_inst/xpm_fifo_base_inst/gen_sdpram.xpm_memory_base_inst/Initial290_4141  File: /wrk/2019.1/continuous/2019_05_24_2552052/packages/customer/vivado/data/ip/xpm/xpm_memory/hdl/xpm_memory.sv
Info: [XPM_MEMORY 20-1] MEMORY_PRIMITIVE (0) instructs Vivado Synthesis to choose the memory primitive type. Depending on their values, other XPM_MEMORY parameters may preclude the choice of certain memory primitive types. Review XPM_MEMORY documentation and parameter values to understand any limitations, or set MEMORY_PRIMITIVE to a different value. ntt_tb.DUT_INTT_MEM_WRAPPER.DUT_NTT.genblk3[1].NTT_SDF_STAGE.genblk4.xpm_fifo_sync_inst.xpm_fifo_base_inst.gen_sdpram.xpm_memory_base_inst.config_drc
Time: 1 ps  Iteration: 0  Process: /ntt_tb/DUT_INTT_MEM_WRAPPER/DUT_NTT/genblk3[1].NTT_SDF_STAGE/genblk4.xpm_fifo_sync_inst/xpm_fifo_base_inst/gen_sdpram.xpm_memory_base_inst/Initial290_6305  File: /wrk/2019.1/continuous/2019_05_24_2552052/packages/customer/vivado/data/ip/xpm/xpm_memory/hdl/xpm_memory.sv
Info: [XPM_MEMORY 20-1] MEMORY_PRIMITIVE (0) instructs Vivado Synthesis to choose the memory primitive type. Depending on their values, other XPM_MEMORY parameters may preclude the choice of certain memory primitive types. Review XPM_MEMORY documentation and parameter values to understand any limitations, or set MEMORY_PRIMITIVE to a different value. ntt_tb.DUT_INTT_MEM_WRAPPER.DUT_NTT.genblk3[2].NTT_SDF_STAGE.genblk4.xpm_fifo_sync_inst.xpm_fifo_base_inst.gen_sdpram.xpm_memory_base_inst.config_drc
Time: 1 ps  Iteration: 0  Process: /ntt_tb/DUT_INTT_MEM_WRAPPER/DUT_NTT/genblk3[2].NTT_SDF_STAGE/genblk4.xpm_fifo_sync_inst/xpm_fifo_base_inst/gen_sdpram.xpm_memory_base_inst/Initial290_7445  File: /wrk/2019.1/continuous/2019_05_24_2552052/packages/customer/vivado/data/ip/xpm/xpm_memory/hdl/xpm_memory.sv
Info: [XPM_MEMORY 20-1] MEMORY_PRIMITIVE (0) instructs Vivado Synthesis to choose the memory primitive type. Depending on their values, other XPM_MEMORY parameters may preclude the choice of certain memory primitive types. Review XPM_MEMORY documentation and parameter values to understand any limitations, or set MEMORY_PRIMITIVE to a different value. ntt_tb.DUT_INTT_MEM_WRAPPER.DUT_NTT.genblk3[3].NTT_SDF_STAGE.genblk4.xpm_fifo_sync_inst.xpm_fifo_base_inst.gen_sdpram.xpm_memory_base_inst.config_drc
Time: 1 ps  Iteration: 0  Process: /ntt_tb/DUT_INTT_MEM_WRAPPER/DUT_NTT/genblk3[3].NTT_SDF_STAGE/genblk4.xpm_fifo_sync_inst/xpm_fifo_base_inst/gen_sdpram.xpm_memory_base_inst/Initial290_8073  File: /wrk/2019.1/continuous/2019_05_24_2552052/packages/customer/vivado/data/ip/xpm/xpm_memory/hdl/xpm_memory.sv
[INTT] test took                 8293 cycles
[INTT] test passed
[FNTT] test took                 8293 cycles
[FNTT] test passed
$finish called at time : 83965 ns : File "/home/florian/Desktop/proteus/toolchain/hw/sdf/op_7_8/ntt_tb.v" Line 223
