Vivado Simulator 2019.1
Copyright 1986-1999, 2001-2019 Xilinx, Inc. All Rights Reserved.
Running: /opt/Xilinx/Vivado/2019.1/bin/unwrapped/lnx64.o/xelab -wto 5622309cf07a428893ca36aaeb3cc5d4 --incr --debug typical --rangecheck --relax --mt 8 -L xil_defaultlib -L xilinx_vip -L unisims_ver -L unimacro_ver -L secureip -L xpm --snapshot ntt_tb_behav xil_defaultlib.ntt_tb xil_defaultlib.glbl -log elaborate.log 
Using 8 slave threads.
Starting static elaboration
WARNING: [VRFC 10-3091] actual bit length 4 differs from formal bit length 2 for port 'a' [/home/fhirner/Desktop/proteus/vivado_projects/mdc/ntt_op_7_8/Verilog_src/ntt/sdf_stage.v:119]
WARNING: [VRFC 10-3091] actual bit length 10 differs from formal bit length 3 for port 'a' [/home/fhirner/Desktop/proteus/vivado_projects/mdc/ntt_op_7_8/Verilog_src/ntt/ntt_memory_wrapper.v:136]
Completed static elaboration
Starting simulation data flow analysis
WARNING: [XSIM 43-4099] "/home/fhirner/Desktop/proteus/vivado_projects/mdc/ntt_op_7_8/project_1/project_1.srcs/sources_1/imports/wlmont/csa_tree.sv" Line 13. Module csa_tree(SIZE_I=128,DEPTH=12,SIZE_O=132) doesn't have a timescale but at least one module in design has a timescale.
WARNING: [XSIM 43-4099] "/home/fhirner/Desktop/proteus/vivado_projects/mdc/ntt_op_7_8/project_1/project_1.srcs/sources_1/imports/wlmont/csa_2.sv" Line 17. Module csa_2(K=132) doesn't have a timescale but at least one module in design has a timescale.
WARNING: [XSIM 43-4099] "/home/fhirner/Desktop/proteus/vivado_projects/mdc/ntt_op_7_8/project_1/project_1.srcs/sources_1/imports/wlmont/csa_2.sv" Line 17. Module csa_2(K=132) doesn't have a timescale but at least one module in design has a timescale.
WARNING: [XSIM 43-4099] "/home/fhirner/Desktop/proteus/vivado_projects/mdc/ntt_op_7_8/project_1/project_1.srcs/sources_1/imports/wlmont/csa_2.sv" Line 17. Module csa_2(K=132) doesn't have a timescale but at least one module in design has a timescale.
WARNING: [XSIM 43-4099] "/home/fhirner/Desktop/proteus/vivado_projects/mdc/ntt_op_7_8/project_1/project_1.srcs/sources_1/imports/wlmont/csa_2.sv" Line 17. Module csa_2(K=132) doesn't have a timescale but at least one module in design has a timescale.
WARNING: [XSIM 43-4099] "/home/fhirner/Desktop/proteus/vivado_projects/mdc/ntt_op_7_8/project_1/project_1.srcs/sources_1/imports/wlmont/csa_tree.sv" Line 13. Module csa_tree(SIZE_I=129,DEPTH=8,SIZE_O=132) doesn't have a timescale but at least one module in design has a timescale.
WARNING: [XSIM 43-4099] "/home/fhirner/Desktop/proteus/vivado_projects/mdc/ntt_op_7_8/project_1/project_1.srcs/sources_1/imports/wlmont/csa_2.sv" Line 17. Module csa_2(K=132) doesn't have a timescale but at least one module in design has a timescale.
WARNING: [XSIM 43-4099] "/home/fhirner/Desktop/proteus/vivado_projects/mdc/ntt_op_7_8/project_1/project_1.srcs/sources_1/imports/wlmont/csa_2.sv" Line 17. Module csa_2(K=132) doesn't have a timescale but at least one module in design has a timescale.
WARNING: [XSIM 43-4099] "/home/fhirner/Desktop/proteus/vivado_projects/mdc/ntt_op_7_8/project_1/project_1.srcs/sources_1/imports/wlmont/csa_tree.sv" Line 13. Module csa_tree(SIZE_I=130,DEPTH=6,SIZE_O=132) doesn't have a timescale but at least one module in design has a timescale.
WARNING: [XSIM 43-4099] "/home/fhirner/Desktop/proteus/vivado_projects/mdc/ntt_op_7_8/project_1/project_1.srcs/sources_1/imports/wlmont/csa_2.sv" Line 17. Module csa_2(K=132) doesn't have a timescale but at least one module in design has a timescale.
WARNING: [XSIM 43-4099] "/home/fhirner/Desktop/proteus/vivado_projects/mdc/ntt_op_7_8/project_1/project_1.srcs/sources_1/imports/wlmont/csa_2.sv" Line 17. Module csa_2(K=132) doesn't have a timescale but at least one module in design has a timescale.
WARNING: [XSIM 43-4099] "/home/fhirner/Desktop/proteus/vivado_projects/mdc/ntt_op_7_8/project_1/project_1.srcs/sources_1/imports/wlmont/csa_tree.sv" Line 13. Module csa_tree(SIZE_I=131,DEPTH=4,SIZE_O=132) doesn't have a timescale but at least one module in design has a timescale.
WARNING: [XSIM 43-4099] "/home/fhirner/Desktop/proteus/vivado_projects/mdc/ntt_op_7_8/project_1/project_1.srcs/sources_1/imports/wlmont/csa_2.sv" Line 17. Module csa_2(K=132) doesn't have a timescale but at least one module in design has a timescale.
WARNING: [XSIM 43-4099] "/home/fhirner/Desktop/proteus/vivado_projects/mdc/ntt_op_7_8/project_1/project_1.srcs/sources_1/imports/wlmont/csa_tree.sv" Line 13. Module csa_tree(SIZE_I=132,DEPTH=3,SIZE_O=132) doesn't have a timescale but at least one module in design has a timescale.
WARNING: [XSIM 43-4099] "/home/fhirner/Desktop/proteus/vivado_projects/mdc/ntt_op_7_8/project_1/project_1.srcs/sources_1/imports/wlmont/csa_2.sv" Line 17. Module csa_2(K=132) doesn't have a timescale but at least one module in design has a timescale.
WARNING: [XSIM 43-4099] "/home/fhirner/Desktop/proteus/vivado_projects/mdc/ntt_op_7_8/project_1/project_1.srcs/sources_1/imports/wlmont/int_mult_add.sv" Line 15. Module int_mult_add(LOGB=16,LOGC=1,LOGP=113,OP_TYPE=1) doesn't have a timescale but at least one module in design has a timescale.
WARNING: [XSIM 43-4099] "/home/fhirner/Desktop/proteus/vivado_projects/mdc/ntt_op_7_8/project_1/project_1.srcs/sources_1/imports/wlmont/int_mult_add.sv" Line 15. Module int_mult_add(LOGB=16,LOGC=1,LOGP=113,SHIFT=24,OP_TYPE=2) doesn't have a timescale but at least one module in design has a timescale.
WARNING: [XSIM 43-4099] "/home/fhirner/Desktop/proteus/vivado_projects/mdc/ntt_op_7_8/project_1/project_1.srcs/sources_1/imports/wlmont/csa_tree.sv" Line 13. Module csa_tree(SIZE_I=113,DEPTH=3,SIZE_O=113) doesn't have a timescale but at least one module in design has a timescale.
WARNING: [XSIM 43-4099] "/home/fhirner/Desktop/proteus/vivado_projects/mdc/ntt_op_7_8/project_1/project_1.srcs/sources_1/imports/wlmont/csa_2.sv" Line 17. Module csa_2(K=113) doesn't have a timescale but at least one module in design has a timescale.
WARNING: [XSIM 43-4099] "/home/fhirner/Desktop/proteus/vivado_projects/mdc/ntt_op_7_8/project_1/project_1.srcs/sources_1/imports/wlmont/int_mult_add.sv" Line 15. Module int_mult_add(LOGB=16,LOGC=1,LOGP=98,OP_TYPE=1) doesn't have a timescale but at least one module in design has a timescale.
WARNING: [XSIM 43-4099] "/home/fhirner/Desktop/proteus/vivado_projects/mdc/ntt_op_7_8/project_1/project_1.srcs/sources_1/imports/wlmont/int_mult_add.sv" Line 15. Module int_mult_add(LOGB=16,LOGC=1,LOGP=98,SHIFT=24,OP_TYPE=2) doesn't have a timescale but at least one module in design has a timescale.
WARNING: [XSIM 43-4099] "/home/fhirner/Desktop/proteus/vivado_projects/mdc/ntt_op_7_8/project_1/project_1.srcs/sources_1/imports/wlmont/csa_tree.sv" Line 13. Module csa_tree(SIZE_I=98,DEPTH=3,SIZE_O=98) doesn't have a timescale but at least one module in design has a timescale.
WARNING: [XSIM 43-4099] "/home/fhirner/Desktop/proteus/vivado_projects/mdc/ntt_op_7_8/project_1/project_1.srcs/sources_1/imports/wlmont/csa_2.sv" Line 17. Module csa_2(K=98) doesn't have a timescale but at least one module in design has a timescale.
WARNING: [XSIM 43-4099] "/home/fhirner/Desktop/proteus/vivado_projects/mdc/ntt_op_7_8/project_1/project_1.srcs/sources_1/imports/wlmont/int_mult_add.sv" Line 15. Module int_mult_add(LOGB=16,LOGC=1,LOGP=83,OP_TYPE=1) doesn't have a timescale but at least one module in design has a timescale.
WARNING: [XSIM 43-4099] "/home/fhirner/Desktop/proteus/vivado_projects/mdc/ntt_op_7_8/project_1/project_1.srcs/sources_1/imports/wlmont/int_mult_add.sv" Line 15. Module int_mult_add(LOGB=16,LOGC=1,LOGP=83,SHIFT=24,OP_TYPE=2) doesn't have a timescale but at least one module in design has a timescale.
WARNING: [XSIM 43-4099] "/home/fhirner/Desktop/proteus/vivado_projects/mdc/ntt_op_7_8/project_1/project_1.srcs/sources_1/imports/wlmont/csa_tree.sv" Line 13. Module csa_tree(SIZE_I=83,DEPTH=3,SIZE_O=83) doesn't have a timescale but at least one module in design has a timescale.
WARNING: [XSIM 43-4099] "/home/fhirner/Desktop/proteus/vivado_projects/mdc/ntt_op_7_8/project_1/project_1.srcs/sources_1/imports/wlmont/csa_2.sv" Line 17. Module csa_2(K=83) doesn't have a timescale but at least one module in design has a timescale.
WARNING: [XSIM 43-4099] "/home/fhirner/Desktop/proteus/vivado_projects/mdc/ntt_op_7_8/project_1/project_1.srcs/sources_1/imports/wlmont/int_mult_add.sv" Line 15. Module int_mult_add(LOGB=16,LOGC=1,LOGP=68,OP_TYPE=1) doesn't have a timescale but at least one module in design has a timescale.
WARNING: [XSIM 43-4099] "/home/fhirner/Desktop/proteus/vivado_projects/mdc/ntt_op_7_8/project_1/project_1.srcs/sources_1/imports/wlmont/int_mult_add.sv" Line 15. Module int_mult_add(LOGB=16,LOGC=1,LOGP=68,SHIFT=24,OP_TYPE=2) doesn't have a timescale but at least one module in design has a timescale.
WARNING: [XSIM 43-4099] "/home/fhirner/Desktop/proteus/vivado_projects/mdc/ntt_op_7_8/project_1/project_1.srcs/sources_1/imports/wlmont/csa_tree.sv" Line 13. Module csa_tree(SIZE_I=68,DEPTH=3,SIZE_O=68) doesn't have a timescale but at least one module in design has a timescale.
WARNING: [XSIM 43-4099] "/home/fhirner/Desktop/proteus/vivado_projects/mdc/ntt_op_7_8/project_1/project_1.srcs/sources_1/imports/wlmont/csa_2.sv" Line 17. Module csa_2(K=68) doesn't have a timescale but at least one module in design has a timescale.
WARNING: [XSIM 43-4099] "/home/fhirner/Desktop/proteus/vivado_projects/mdc/ntt_op_7_8/project_1/project_1.srcs/sources_1/imports/wlmont/csa_tree.sv" Line 13. Module csa_tree(SIZE_I=128,DEPTH=12,SIZE_O=132) doesn't have a timescale but at least one module in design has a timescale.
WARNING: [XSIM 43-4099] "/home/fhirner/Desktop/proteus/vivado_projects/mdc/ntt_op_7_8/project_1/project_1.srcs/sources_1/imports/wlmont/csa_2.sv" Line 17. Module csa_2(K=132) doesn't have a timescale but at least one module in design has a timescale.
WARNING: [XSIM 43-4099] "/home/fhirner/Desktop/proteus/vivado_projects/mdc/ntt_op_7_8/project_1/project_1.srcs/sources_1/imports/wlmont/csa_2.sv" Line 17. Module csa_2(K=132) doesn't have a timescale but at least one module in design has a timescale.
WARNING: [XSIM 43-4099] "/home/fhirner/Desktop/proteus/vivado_projects/mdc/ntt_op_7_8/project_1/project_1.srcs/sources_1/imports/wlmont/csa_2.sv" Line 17. Module csa_2(K=132) doesn't have a timescale but at least one module in design has a timescale.
WARNING: [XSIM 43-4099] "/home/fhirner/Desktop/proteus/vivado_projects/mdc/ntt_op_7_8/project_1/project_1.srcs/sources_1/imports/wlmont/csa_2.sv" Line 17. Module csa_2(K=132) doesn't have a timescale but at least one module in design has a timescale.
WARNING: [XSIM 43-4099] "/home/fhirner/Desktop/proteus/vivado_projects/mdc/ntt_op_7_8/project_1/project_1.srcs/sources_1/imports/wlmont/csa_tree.sv" Line 13. Module csa_tree(SIZE_I=129,DEPTH=8,SIZE_O=132) doesn't have a timescale but at least one module in design has a timescale.
WARNING: [XSIM 43-4099] "/home/fhirner/Desktop/proteus/vivado_projects/mdc/ntt_op_7_8/project_1/project_1.srcs/sources_1/imports/wlmont/csa_2.sv" Line 17. Module csa_2(K=132) doesn't have a timescale but at least one module in design has a timescale.
WARNING: [XSIM 43-4099] "/home/fhirner/Desktop/proteus/vivado_projects/mdc/ntt_op_7_8/project_1/project_1.srcs/sources_1/imports/wlmont/csa_2.sv" Line 17. Module csa_2(K=132) doesn't have a timescale but at least one module in design has a timescale.
WARNING: [XSIM 43-4099] "/home/fhirner/Desktop/proteus/vivado_projects/mdc/ntt_op_7_8/project_1/project_1.srcs/sources_1/imports/wlmont/csa_tree.sv" Line 13. Module csa_tree(SIZE_I=130,DEPTH=6,SIZE_O=132) doesn't have a timescale but at least one module in design has a timescale.
WARNING: [XSIM 43-4099] "/home/fhirner/Desktop/proteus/vivado_projects/mdc/ntt_op_7_8/project_1/project_1.srcs/sources_1/imports/wlmont/csa_2.sv" Line 17. Module csa_2(K=132) doesn't have a timescale but at least one module in design has a timescale.
WARNING: [XSIM 43-4099] "/home/fhirner/Desktop/proteus/vivado_projects/mdc/ntt_op_7_8/project_1/project_1.srcs/sources_1/imports/wlmont/csa_2.sv" Line 17. Module csa_2(K=132) doesn't have a timescale but at least one module in design has a timescale.
WARNING: [XSIM 43-4099] "/home/fhirner/Desktop/proteus/vivado_projects/mdc/ntt_op_7_8/project_1/project_1.srcs/sources_1/imports/wlmont/csa_tree.sv" Line 13. Module csa_tree(SIZE_I=131,DEPTH=4,SIZE_O=132) doesn't have a timescale but at least one module in design has a timescale.
WARNING: [XSIM 43-4099] "/home/fhirner/Desktop/proteus/vivado_projects/mdc/ntt_op_7_8/project_1/project_1.srcs/sources_1/imports/wlmont/csa_2.sv" Line 17. Module csa_2(K=132) doesn't have a timescale but at least one module in design has a timescale.
WARNING: [XSIM 43-4099] "/home/fhirner/Desktop/proteus/vivado_projects/mdc/ntt_op_7_8/project_1/project_1.srcs/sources_1/imports/wlmont/csa_tree.sv" Line 13. Module csa_tree(SIZE_I=132,DEPTH=3,SIZE_O=132) doesn't have a timescale but at least one module in design has a timescale.
WARNING: [XSIM 43-4099] "/home/fhirner/Desktop/proteus/vivado_projects/mdc/ntt_op_7_8/project_1/project_1.srcs/sources_1/imports/wlmont/csa_2.sv" Line 17. Module csa_2(K=132) doesn't have a timescale but at least one module in design has a timescale.
WARNING: [XSIM 43-4099] "/home/fhirner/Desktop/proteus/vivado_projects/mdc/ntt_op_7_8/project_1/project_1.srcs/sources_1/imports/wlmont/int_mult_add.sv" Line 15. Module int_mult_add(LOGB=16,LOGC=1,LOGP=113,OP_TYPE=1) doesn't have a timescale but at least one module in design has a timescale.
WARNING: [XSIM 43-4099] "/home/fhirner/Desktop/proteus/vivado_projects/mdc/ntt_op_7_8/project_1/project_1.srcs/sources_1/imports/wlmont/int_mult_add.sv" Line 15. Module int_mult_add(LOGB=16,LOGC=1,LOGP=113,SHIFT=24,OP_TYPE=2) doesn't have a timescale but at least one module in design has a timescale.
WARNING: [XSIM 43-4099] "/home/fhirner/Desktop/proteus/vivado_projects/mdc/ntt_op_7_8/project_1/project_1.srcs/sources_1/imports/wlmont/csa_tree.sv" Line 13. Module csa_tree(SIZE_I=113,DEPTH=3,SIZE_O=113) doesn't have a timescale but at least one module in design has a timescale.
WARNING: [XSIM 43-4099] "/home/fhirner/Desktop/proteus/vivado_projects/mdc/ntt_op_7_8/project_1/project_1.srcs/sources_1/imports/wlmont/csa_2.sv" Line 17. Module csa_2(K=113) doesn't have a timescale but at least one module in design has a timescale.
WARNING: [XSIM 43-4099] "/home/fhirner/Desktop/proteus/vivado_projects/mdc/ntt_op_7_8/project_1/project_1.srcs/sources_1/imports/wlmont/int_mult_add.sv" Line 15. Module int_mult_add(LOGB=16,LOGC=1,LOGP=98,OP_TYPE=1) doesn't have a timescale but at least one module in design has a timescale.
WARNING: [XSIM 43-4099] "/home/fhirner/Desktop/proteus/vivado_projects/mdc/ntt_op_7_8/project_1/project_1.srcs/sources_1/imports/wlmont/int_mult_add.sv" Line 15. Module int_mult_add(LOGB=16,LOGC=1,LOGP=98,SHIFT=24,OP_TYPE=2) doesn't have a timescale but at least one module in design has a timescale.
WARNING: [XSIM 43-4099] "/home/fhirner/Desktop/proteus/vivado_projects/mdc/ntt_op_7_8/project_1/project_1.srcs/sources_1/imports/wlmont/csa_tree.sv" Line 13. Module csa_tree(SIZE_I=98,DEPTH=3,SIZE_O=98) doesn't have a timescale but at least one module in design has a timescale.
WARNING: [XSIM 43-4099] "/home/fhirner/Desktop/proteus/vivado_projects/mdc/ntt_op_7_8/project_1/project_1.srcs/sources_1/imports/wlmont/csa_2.sv" Line 17. Module csa_2(K=98) doesn't have a timescale but at least one module in design has a timescale.
WARNING: [XSIM 43-4099] "/home/fhirner/Desktop/proteus/vivado_projects/mdc/ntt_op_7_8/project_1/project_1.srcs/sources_1/imports/wlmont/int_mult_add.sv" Line 15. Module int_mult_add(LOGB=16,LOGC=1,LOGP=83,OP_TYPE=1) doesn't have a timescale but at least one module in design has a timescale.
WARNING: [XSIM 43-4099] "/home/fhirner/Desktop/proteus/vivado_projects/mdc/ntt_op_7_8/project_1/project_1.srcs/sources_1/imports/wlmont/int_mult_add.sv" Line 15. Module int_mult_add(LOGB=16,LOGC=1,LOGP=83,SHIFT=24,OP_TYPE=2) doesn't have a timescale but at least one module in design has a timescale.
WARNING: [XSIM 43-4099] "/home/fhirner/Desktop/proteus/vivado_projects/mdc/ntt_op_7_8/project_1/project_1.srcs/sources_1/imports/wlmont/csa_tree.sv" Line 13. Module csa_tree(SIZE_I=83,DEPTH=3,SIZE_O=83) doesn't have a timescale but at least one module in design has a timescale.
WARNING: [XSIM 43-4099] "/home/fhirner/Desktop/proteus/vivado_projects/mdc/ntt_op_7_8/project_1/project_1.srcs/sources_1/imports/wlmont/csa_2.sv" Line 17. Module csa_2(K=83) doesn't have a timescale but at least one module in design has a timescale.
WARNING: [XSIM 43-4099] "/home/fhirner/Desktop/proteus/vivado_projects/mdc/ntt_op_7_8/project_1/project_1.srcs/sources_1/imports/wlmont/int_mult_add.sv" Line 15. Module int_mult_add(LOGB=16,LOGC=1,LOGP=68,OP_TYPE=1) doesn't have a timescale but at least one module in design has a timescale.
WARNING: [XSIM 43-4099] "/home/fhirner/Desktop/proteus/vivado_projects/mdc/ntt_op_7_8/project_1/project_1.srcs/sources_1/imports/wlmont/int_mult_add.sv" Line 15. Module int_mult_add(LOGB=16,LOGC=1,LOGP=68,SHIFT=24,OP_TYPE=2) doesn't have a timescale but at least one module in design has a timescale.
WARNING: [XSIM 43-4099] "/home/fhirner/Desktop/proteus/vivado_projects/mdc/ntt_op_7_8/project_1/project_1.srcs/sources_1/imports/wlmont/csa_tree.sv" Line 13. Module csa_tree(SIZE_I=68,DEPTH=3,SIZE_O=68) doesn't have a timescale but at least one module in design has a timescale.
WARNING: [XSIM 43-4099] "/home/fhirner/Desktop/proteus/vivado_projects/mdc/ntt_op_7_8/project_1/project_1.srcs/sources_1/imports/wlmont/csa_2.sv" Line 17. Module csa_2(K=68) doesn't have a timescale but at least one module in design has a timescale.
WARNING: [XSIM 43-4099] "/home/fhirner/Desktop/proteus/vivado_projects/mdc/ntt_op_7_8/project_1/project_1.srcs/sources_1/imports/wlmont/csa_tree.sv" Line 13. Module csa_tree(SIZE_I=128,DEPTH=12,SIZE_O=132) doesn't have a timescale but at least one module in design has a timescale.
WARNING: [XSIM 43-4099] "/home/fhirner/Desktop/proteus/vivado_projects/mdc/ntt_op_7_8/project_1/project_1.srcs/sources_1/imports/wlmont/csa_2.sv" Line 17. Module csa_2(K=132) doesn't have a timescale but at least one module in design has a timescale.
WARNING: [XSIM 43-4099] "/home/fhirner/Desktop/proteus/vivado_projects/mdc/ntt_op_7_8/project_1/project_1.srcs/sources_1/imports/wlmont/csa_2.sv" Line 17. Module csa_2(K=132) doesn't have a timescale but at least one module in design has a timescale.
WARNING: [XSIM 43-4099] "/home/fhirner/Desktop/proteus/vivado_projects/mdc/ntt_op_7_8/project_1/project_1.srcs/sources_1/imports/wlmont/csa_2.sv" Line 17. Module csa_2(K=132) doesn't have a timescale but at least one module in design has a timescale.
WARNING: [XSIM 43-4099] "/home/fhirner/Desktop/proteus/vivado_projects/mdc/ntt_op_7_8/project_1/project_1.srcs/sources_1/imports/wlmont/csa_2.sv" Line 17. Module csa_2(K=132) doesn't have a timescale but at least one module in design has a timescale.
WARNING: [XSIM 43-4099] "/home/fhirner/Desktop/proteus/vivado_projects/mdc/ntt_op_7_8/project_1/project_1.srcs/sources_1/imports/wlmont/csa_tree.sv" Line 13. Module csa_tree(SIZE_I=129,DEPTH=8,SIZE_O=132) doesn't have a timescale but at least one module in design has a timescale.
WARNING: [XSIM 43-4099] "/home/fhirner/Desktop/proteus/vivado_projects/mdc/ntt_op_7_8/project_1/project_1.srcs/sources_1/imports/wlmont/csa_2.sv" Line 17. Module csa_2(K=132) doesn't have a timescale but at least one module in design has a timescale.
WARNING: [XSIM 43-4099] "/home/fhirner/Desktop/proteus/vivado_projects/mdc/ntt_op_7_8/project_1/project_1.srcs/sources_1/imports/wlmont/csa_2.sv" Line 17. Module csa_2(K=132) doesn't have a timescale but at least one module in design has a timescale.
WARNING: [XSIM 43-4099] "/home/fhirner/Desktop/proteus/vivado_projects/mdc/ntt_op_7_8/project_1/project_1.srcs/sources_1/imports/wlmont/csa_tree.sv" Line 13. Module csa_tree(SIZE_I=130,DEPTH=6,SIZE_O=132) doesn't have a timescale but at least one module in design has a timescale.
WARNING: [XSIM 43-4099] "/home/fhirner/Desktop/proteus/vivado_projects/mdc/ntt_op_7_8/project_1/project_1.srcs/sources_1/imports/wlmont/csa_2.sv" Line 17. Module csa_2(K=132) doesn't have a timescale but at least one module in design has a timescale.
WARNING: [XSIM 43-4099] "/home/fhirner/Desktop/proteus/vivado_projects/mdc/ntt_op_7_8/project_1/project_1.srcs/sources_1/imports/wlmont/csa_2.sv" Line 17. Module csa_2(K=132) doesn't have a timescale but at least one module in design has a timescale.
WARNING: [XSIM 43-4099] "/home/fhirner/Desktop/proteus/vivado_projects/mdc/ntt_op_7_8/project_1/project_1.srcs/sources_1/imports/wlmont/csa_tree.sv" Line 13. Module csa_tree(SIZE_I=131,DEPTH=4,SIZE_O=132) doesn't have a timescale but at least one module in design has a timescale.
WARNING: [XSIM 43-4099] "/home/fhirner/Desktop/proteus/vivado_projects/mdc/ntt_op_7_8/project_1/project_1.srcs/sources_1/imports/wlmont/csa_2.sv" Line 17. Module csa_2(K=132) doesn't have a timescale but at least one module in design has a timescale.
WARNING: [XSIM 43-4099] "/home/fhirner/Desktop/proteus/vivado_projects/mdc/ntt_op_7_8/project_1/project_1.srcs/sources_1/imports/wlmont/csa_tree.sv" Line 13. Module csa_tree(SIZE_I=132,DEPTH=3,SIZE_O=132) doesn't have a timescale but at least one module in design has a timescale.
WARNING: [XSIM 43-4099] "/home/fhirner/Desktop/proteus/vivado_projects/mdc/ntt_op_7_8/project_1/project_1.srcs/sources_1/imports/wlmont/csa_2.sv" Line 17. Module csa_2(K=132) doesn't have a timescale but at least one module in design has a timescale.
WARNING: [XSIM 43-4099] "/home/fhirner/Desktop/proteus/vivado_projects/mdc/ntt_op_7_8/project_1/project_1.srcs/sources_1/imports/wlmont/int_mult_add.sv" Line 15. Module int_mult_add(LOGB=16,LOGC=1,LOGP=113,OP_TYPE=1) doesn't have a timescale but at least one module in design has a timescale.
WARNING: [XSIM 43-4099] "/home/fhirner/Desktop/proteus/vivado_projects/mdc/ntt_op_7_8/project_1/project_1.srcs/sources_1/imports/wlmont/int_mult_add.sv" Line 15. Module int_mult_add(LOGB=16,LOGC=1,LOGP=113,SHIFT=24,OP_TYPE=2) doesn't have a timescale but at least one module in design has a timescale.
WARNING: [XSIM 43-4099] "/home/fhirner/Desktop/proteus/vivado_projects/mdc/ntt_op_7_8/project_1/project_1.srcs/sources_1/imports/wlmont/csa_tree.sv" Line 13. Module csa_tree(SIZE_I=113,DEPTH=3,SIZE_O=113) doesn't have a timescale but at least one module in design has a timescale.
WARNING: [XSIM 43-4099] "/home/fhirner/Desktop/proteus/vivado_projects/mdc/ntt_op_7_8/project_1/project_1.srcs/sources_1/imports/wlmont/csa_2.sv" Line 17. Module csa_2(K=113) doesn't have a timescale but at least one module in design has a timescale.
WARNING: [XSIM 43-4099] "/home/fhirner/Desktop/proteus/vivado_projects/mdc/ntt_op_7_8/project_1/project_1.srcs/sources_1/imports/wlmont/int_mult_add.sv" Line 15. Module int_mult_add(LOGB=16,LOGC=1,LOGP=98,OP_TYPE=1) doesn't have a timescale but at least one module in design has a timescale.
WARNING: [XSIM 43-4099] "/home/fhirner/Desktop/proteus/vivado_projects/mdc/ntt_op_7_8/project_1/project_1.srcs/sources_1/imports/wlmont/int_mult_add.sv" Line 15. Module int_mult_add(LOGB=16,LOGC=1,LOGP=98,SHIFT=24,OP_TYPE=2) doesn't have a timescale but at least one module in design has a timescale.
WARNING: [XSIM 43-4099] "/home/fhirner/Desktop/proteus/vivado_projects/mdc/ntt_op_7_8/project_1/project_1.srcs/sources_1/imports/wlmont/csa_tree.sv" Line 13. Module csa_tree(SIZE_I=98,DEPTH=3,SIZE_O=98) doesn't have a timescale but at least one module in design has a timescale.
WARNING: [XSIM 43-4099] "/home/fhirner/Desktop/proteus/vivado_projects/mdc/ntt_op_7_8/project_1/project_1.srcs/sources_1/imports/wlmont/csa_2.sv" Line 17. Module csa_2(K=98) doesn't have a timescale but at least one module in design has a timescale.
WARNING: [XSIM 43-4099] "/home/fhirner/Desktop/proteus/vivado_projects/mdc/ntt_op_7_8/project_1/project_1.srcs/sources_1/imports/wlmont/int_mult_add.sv" Line 15. Module int_mult_add(LOGB=16,LOGC=1,LOGP=83,OP_TYPE=1) doesn't have a timescale but at least one module in design has a timescale.
WARNING: [XSIM 43-4099] "/home/fhirner/Desktop/proteus/vivado_projects/mdc/ntt_op_7_8/project_1/project_1.srcs/sources_1/imports/wlmont/int_mult_add.sv" Line 15. Module int_mult_add(LOGB=16,LOGC=1,LOGP=83,SHIFT=24,OP_TYPE=2) doesn't have a timescale but at least one module in design has a timescale.
WARNING: [XSIM 43-4099] "/home/fhirner/Desktop/proteus/vivado_projects/mdc/ntt_op_7_8/project_1/project_1.srcs/sources_1/imports/wlmont/csa_tree.sv" Line 13. Module csa_tree(SIZE_I=83,DEPTH=3,SIZE_O=83) doesn't have a timescale but at least one module in design has a timescale.
WARNING: [XSIM 43-4099] "/home/fhirner/Desktop/proteus/vivado_projects/mdc/ntt_op_7_8/project_1/project_1.srcs/sources_1/imports/wlmont/csa_2.sv" Line 17. Module csa_2(K=83) doesn't have a timescale but at least one module in design has a timescale.
WARNING: [XSIM 43-4099] "/home/fhirner/Desktop/proteus/vivado_projects/mdc/ntt_op_7_8/project_1/project_1.srcs/sources_1/imports/wlmont/int_mult_add.sv" Line 15. Module int_mult_add(LOGB=16,LOGC=1,LOGP=68,OP_TYPE=1) doesn't have a timescale but at least one module in design has a timescale.
WARNING: [XSIM 43-4099] "/home/fhirner/Desktop/proteus/vivado_projects/mdc/ntt_op_7_8/project_1/project_1.srcs/sources_1/imports/wlmont/int_mult_add.sv" Line 15. Module int_mult_add(LOGB=16,LOGC=1,LOGP=68,SHIFT=24,OP_TYPE=2) doesn't have a timescale but at least one module in design has a timescale.
WARNING: [XSIM 43-4099] "/home/fhirner/Desktop/proteus/vivado_projects/mdc/ntt_op_7_8/project_1/project_1.srcs/sources_1/imports/wlmont/csa_tree.sv" Line 13. Module csa_tree(SIZE_I=68,DEPTH=3,SIZE_O=68) doesn't have a timescale but at least one module in design has a timescale.
WARNING: [XSIM 43-4099] "/home/fhirner/Desktop/proteus/vivado_projects/mdc/ntt_op_7_8/project_1/project_1.srcs/sources_1/imports/wlmont/csa_2.sv" Line 17. Module csa_2(K=68) doesn't have a timescale but at least one module in design has a timescale.
WARNING: [XSIM 43-4099] "/home/fhirner/Desktop/proteus/vivado_projects/mdc/ntt_op_7_8/project_1/project_1.srcs/sources_1/imports/wlmont/csa_tree.sv" Line 13. Module csa_tree(SIZE_I=128,DEPTH=12,SIZE_O=132) doesn't have a timescale but at least one module in design has a timescale.
WARNING: [XSIM 43-4099] "/home/fhirner/Desktop/proteus/vivado_projects/mdc/ntt_op_7_8/project_1/project_1.srcs/sources_1/imports/wlmont/csa_2.sv" Line 17. Module csa_2(K=132) doesn't have a timescale but at least one module in design has a timescale.
WARNING: [XSIM 43-4099] "/home/fhirner/Desktop/proteus/vivado_projects/mdc/ntt_op_7_8/project_1/project_1.srcs/sources_1/imports/wlmont/csa_2.sv" Line 17. Module csa_2(K=132) doesn't have a timescale but at least one module in design has a timescale.
WARNING: [XSIM 43-4099] "/home/fhirner/Desktop/proteus/vivado_projects/mdc/ntt_op_7_8/project_1/project_1.srcs/sources_1/imports/wlmont/csa_2.sv" Line 17. Module csa_2(K=132) doesn't have a timescale but at least one module in design has a timescale.
WARNING: [XSIM 43-4099] "/home/fhirner/Desktop/proteus/vivado_projects/mdc/ntt_op_7_8/project_1/project_1.srcs/sources_1/imports/wlmont/csa_2.sv" Line 17. Module csa_2(K=132) doesn't have a timescale but at least one module in design has a timescale.
WARNING: [XSIM 43-4099] "/home/fhirner/Desktop/proteus/vivado_projects/mdc/ntt_op_7_8/project_1/project_1.srcs/sources_1/imports/wlmont/csa_tree.sv" Line 13. Module csa_tree(SIZE_I=129,DEPTH=8,SIZE_O=132) doesn't have a timescale but at least one module in design has a timescale.
WARNING: [XSIM 43-4099] "/home/fhirner/Desktop/proteus/vivado_projects/mdc/ntt_op_7_8/project_1/project_1.srcs/sources_1/imports/wlmont/csa_2.sv" Line 17. Module csa_2(K=132) doesn't have a timescale but at least one module in design has a timescale.
INFO: [Common 17-14] Message 'XSIM 43-4099' appears 100 times and further instances of the messages will be disabled. Use the Tcl command set_msg_config to change the current settings.
Completed simulation data flow analysis
Time Resolution for simulation is 1ps
Compiling module xil_defaultlib.tw_roms_wrapper(LOGQ=64,LOGN=4,Q...
Compiling module xil_defaultlib.tw_rom_1(LOGN=4)
Compiling module xil_defaultlib.tw_roms_wrapper(LOGQ=64,LOGN=4,Q...
Compiling module xil_defaultlib.tw_rom_2(LOGN=4,STAGE=2)
Compiling module xil_defaultlib.tw_roms_wrapper(LOGQ=64,LOGN=4,Q...
Compiling module xil_defaultlib.tw_rom_3(LOGN=4,STAGE=3)
Compiling module xil_defaultlib.tw_roms_wrapper(LOGQ=64,LOGN=4,Q...
Compiling module xil_defaultlib.shiftreg(SHIFT=6,DATA=1)
Compiling module xil_defaultlib.shiftreg(SHIFT=7,DATA=1)
Compiling module xil_defaultlib.shiftreg(SHIFT=2,DATA=1)
Compiling module xil_defaultlib.shiftreg(SHIFT=4,DATA=1)
Compiling module xil_defaultlib.bitreverse(LOGN=0)
Compiling module xil_defaultlib.modadd(LOGQ=64,LOGN=4,Q=64'b1000...
Compiling module xil_defaultlib.modsub(LOGQ=64,LOGN=4,Q=64'b1000...
Compiling module xil_defaultlib.btf_dit_ct(LOGQ=64,LOGN=4,Q=64'b...
Compiling module xil_defaultlib.shiftreg(SHIFT=4,DATA=64)
Compiling module xil_defaultlib.shiftreg(DATA=64)
Compiling module xil_defaultlib.moddiv_by_2(LOGQ=64,LOGN=4,Q=64'...
Compiling module xil_defaultlib.ntt_mdc_stage(LOGQ=64,LOGN=4,Q=6...
Compiling module xil_defaultlib.shiftreg(SHIFT=15,DATA=1)
Compiling module xil_defaultlib.shiftreg(SHIFT=16,DATA=1)
Compiling module xil_defaultlib.shiftreg(SHIFT=13,DATA=1)
Compiling module xil_defaultlib.bitreverse(LOGN=1)
Compiling module xil_defaultlib.shiftreg(SHIFT=11,DATA=64)
Compiling module xil_defaultlib.csa_2(K=132)
Compiling module xil_defaultlib.csa_tree(SIZE_I=132,DEPTH=3,SIZE...
Compiling module xil_defaultlib.csa_tree(SIZE_I=131,DEPTH=4,SIZE...
Compiling module xil_defaultlib.csa_tree(SIZE_I=130,DEPTH=6,SIZE...
Compiling module xil_defaultlib.csa_tree(SIZE_I=129,DEPTH=8,SIZE...
Compiling module xil_defaultlib.csa_tree(SIZE_I=128,DEPTH=12,SIZ...
Compiling module xil_defaultlib.intmul_default
Compiling module xil_defaultlib.int_mult_add(LOGB=16,LOGC=1,LOGP...
Compiling module xil_defaultlib.int_mult_add(LOGB=16,LOGC=1,LOGP...
Compiling module xil_defaultlib.csa_2(K=113)
Compiling module xil_defaultlib.csa_tree(SIZE_I=113,DEPTH=3,SIZE...
Compiling module xil_defaultlib.wlmont_sub(LOGQ=64,LOGTi=128,LOG...
Compiling module xil_defaultlib.int_mult_add(LOGB=16,LOGC=1,LOGP...
Compiling module xil_defaultlib.int_mult_add(LOGB=16,LOGC=1,LOGP...
Compiling module xil_defaultlib.csa_2(K=98)
Compiling module xil_defaultlib.csa_tree(SIZE_I=98,DEPTH=3,SIZE_...
Compiling module xil_defaultlib.wlmont_sub(LOGQ=64,LOGTi=113,LOG...
Compiling module xil_defaultlib.int_mult_add(LOGB=16,LOGC=1,LOGP...
Compiling module xil_defaultlib.int_mult_add(LOGB=16,LOGC=1,LOGP...
Compiling module xil_defaultlib.csa_2(K=83)
Compiling module xil_defaultlib.csa_tree(SIZE_I=83,DEPTH=3,SIZE_...
Compiling module xil_defaultlib.wlmont_sub(LOGQ=64,LOGTi=98,LOGT...
Compiling module xil_defaultlib.int_mult_add(LOGB=16,LOGC=1,LOGP...
Compiling module xil_defaultlib.int_mult_add(LOGB=16,LOGC=1,LOGP...
Compiling module xil_defaultlib.csa_2(K=68)
Compiling module xil_defaultlib.csa_tree(SIZE_I=68,DEPTH=3,SIZE_...
Compiling module xil_defaultlib.wlmont_sub(LOGQ=64,LOGTi=83,LOGT...
Compiling module xil_defaultlib.wlmont(LOGQ=64,W=16)
Compiling module xil_defaultlib.modmul(LOGQ=64,LOGN=4,Q=64'b1000...
Compiling module xil_defaultlib.btf_dit_ct(LOGQ=64,LOGN=4,Q=64'b...
Compiling module xil_defaultlib.shiftreg(SHIFT=2,DATA=64)
Compiling module xil_defaultlib.ntt_mdc_stage(LOGQ=64,LOGN=4,Q=6...
Compiling module xil_defaultlib.shiftreg(SHIFT=14,DATA=1)
Compiling module xil_defaultlib.shiftreg(DATA=1)
Compiling module xil_defaultlib.bitreverse(LOGN=2)
Compiling module xil_defaultlib.btf_dit_ct(LOGQ=64,LOGN=4,Q=64'b...
Compiling module xil_defaultlib.ntt_mdc_stage(LOGQ=64,LOGN=4,Q=6...
Compiling module xil_defaultlib.shiftreg(SHIFT=0,DATA=1)
Compiling module xil_defaultlib.bitreverse(LOGN=3)
Compiling module xil_defaultlib.btf_dit_ct(LOGQ=64,LOGN=4,Q=64'b...
Compiling module xil_defaultlib.shiftreg(SHIFT=0,DATA=64)
Compiling module xil_defaultlib.ntt_mdc_stage(LOGQ=64,LOGN=4,Q=6...
Compiling module xil_defaultlib.ntt_mdc_wrapper(LOGQ=64,LOGN=4,Q...
Compiling module xil_defaultlib.shiftreg(SHIFT=10,DATA=1)
Compiling module xil_defaultlib.ntt_memory_wrapper(LOGQ=64,LOGN=...
Compiling module xil_defaultlib.ntt_tb
Compiling module xil_defaultlib.glbl
Built simulation snapshot ntt_tb_behav
