#-----------------------------------------------------------
# Vivado v2019.1 (64-bit)
# SW Build 2552052 on Fri May 24 14:47:09 MDT 2019
# IP Build 2548770 on Fri May 24 18:01:18 MDT 2019
# Start of session at: Thu Feb  2 10:23:21 2023
# Process ID: 675104
# Current directory: /home/florian/Desktop/proteus/sdf/ntt_op_7_8/project_1
# Command line: vivado -source project_1.xpr
# Log file: /home/florian/Desktop/proteus/sdf/ntt_op_7_8/project_1/vivado.log
# Journal file: /home/florian/Desktop/proteus/sdf/ntt_op_7_8/project_1/vivado.jou
#-----------------------------------------------------------
start_gui
open_project project_1.xpr
INFO: [Project 1-313] Project file moved from '/home/florian/Desktop/proteus/ntt_op_7_8/project_1' since last save.
CRITICAL WARNING: [Project 1-311] Could not find the file '/home/florian/Desktop/proteus/sdf/ntt_op_7_8/project_1/tb_behav.wcfg', nor could it be found using path '/home/florian/Desktop/proteus/ntt_op_7_8/project_1/tb_behav.wcfg'.
Scanning sources...
Finished scanning sources
INFO: [IP_Flow 19-234] Refreshing IP repositories
INFO: [IP_Flow 19-1700] Loaded user IP repository '/home/florian/Desktop/proteus/sdf/ntt_op_7_8/ip_repo/AXI_Slave8Ports_new_1.0'.
INFO: [IP_Flow 19-1700] Loaded user IP repository '/home/florian/Desktop/proteus/sdf/ntt_op_7_8/ip_repo/AXI_Slave8Ports_1.0'.
INFO: [IP_Flow 19-1700] Loaded user IP repository '/home/florian/Desktop/proteus/sdf/ntt_op_7_8/ip_repo/AXIslave_1.0'.
INFO: [IP_Flow 19-2313] Loaded Vivado IP repository '/opt/Xilinx/Vivado/2019.1/data/ip'.
update_compile_order -fileset sources_1
update_module_reference cryptoprocessor_ComputeCoreWrapper_0_0
INFO: [IP_Flow 19-5107] Inferred bus interface 'clk' of definition 'xilinx.com:signal:clock:1.0' (from Xilinx Repository).
WARNING: [IP_Flow 19-3153] Bus Interface 'clk': ASSOCIATED_BUSIF bus parameter is missing.
INFO: [IP_Flow 19-234] Refreshing IP repositories
INFO: [IP_Flow 19-1700] Loaded user IP repository '/home/florian/Desktop/proteus/sdf/ntt_op_7_8/ip_repo/AXI_Slave8Ports_new_1.0'.
INFO: [IP_Flow 19-1700] Loaded user IP repository '/home/florian/Desktop/proteus/sdf/ntt_op_7_8/ip_repo/AXI_Slave8Ports_1.0'.
INFO: [IP_Flow 19-1700] Loaded user IP repository '/home/florian/Desktop/proteus/sdf/ntt_op_7_8/ip_repo/AXIslave_1.0'.
Adding component instance block -- xilinx.com:ip:processing_system7:5.5 - processing_system7_0
Adding component instance block -- tugraz.at:user:AXI_Slave8Ports_new:1.0 - AXI_Slave8Ports_new_0
Adding component instance block -- xilinx.com:ip:axi_interconnect:2.1 - ps7_0_axi_periph
Adding component instance block -- xilinx.com:ip:axi_protocol_converter:2.1 - auto_pc
Adding component instance block -- xilinx.com:ip:proc_sys_reset:5.0 - rst_ps7_0_100M
Adding component instance block -- xilinx.com:module_ref:ComputeCoreWrapper:1.0 - ComputeCoreWrapper_0
Successfully read diagram <cryptoprocessor> from BD file </home/florian/Desktop/proteus/sdf/ntt_op_7_8/project_1/project_1.srcs/sources_1/bd/cryptoprocessor/cryptoprocessor.bd>
Upgrading '/home/florian/Desktop/proteus/sdf/ntt_op_7_8/project_1/project_1.srcs/sources_1/bd/cryptoprocessor/cryptoprocessor.bd'
INFO: [IP_Flow 19-3420] Updated cryptoprocessor_ComputeCoreWrapper_0_0 to use current project options
Wrote  : </home/florian/Desktop/proteus/sdf/ntt_op_7_8/project_1/project_1.srcs/sources_1/bd/cryptoprocessor/cryptoprocessor.bd> 
Wrote  : </home/florian/Desktop/proteus/sdf/ntt_op_7_8/project_1/project_1.srcs/sources_1/bd/cryptoprocessor/ui/bd_2914acb1.ui> 
upgrade_ip: Time (s): cpu = 00:00:18 ; elapsed = 00:00:06 . Memory (MB): peak = 7085.883 ; gain = 129.105 ; free physical = 6232 ; free virtual = 23114
update_module_reference: Time (s): cpu = 00:00:18 ; elapsed = 00:00:06 . Memory (MB): peak = 7085.883 ; gain = 129.105 ; free physical = 6232 ; free virtual = 23114
reset_simulation -simset sim_1 -mode behavioral
INFO: [Vivado 12-2266] Removing simulation data...
INFO: [Vivado 12-2267] Reset complete
INFO: [Vivado 12-5457] ref source:/home/florian/Desktop/proteus/sdf/ntt_op_7_8/project_1/project_1.srcs/sources_1/ip/INS_RAM/INS_RAM.xci
generate_target Simulation [get_files /home/florian/Desktop/proteus/sdf/ntt_op_7_8/project_1/project_1.srcs/sources_1/ip/INS_RAM/INS_RAM.xci]
INFO: [IP_Flow 19-1706] Not generating 'Simulation' target for IP 'INS_RAM'. Target already exists and is up to date.
INFO: [Vivado 12-5457] ref source:/home/florian/Desktop/proteus/sdf/ntt_op_7_8/project_1/project_1.srcs/sources_1/ip/BRAM64_1024_1/BRAM64_1024.xci
generate_target Simulation [get_files /home/florian/Desktop/proteus/sdf/ntt_op_7_8/project_1/project_1.srcs/sources_1/ip/BRAM64_1024_1/BRAM64_1024.xci]
INFO: [IP_Flow 19-1706] Not generating 'Simulation' target for IP 'BRAM64_1024'. Target already exists and is up to date.
launch_simulation
INFO: [Vivado 12-5698] Checking validity of IPs in the design for the 'XSim' simulator...
INFO: [Vivado 12-5682] Launching behavioral simulation in '/home/florian/Desktop/proteus/sdf/ntt_op_7_8/project_1/project_1.sim/sim_1/behav/xsim'
INFO: [Vivado 12-4795] Using compiled simulation libraries for IPs
INFO: [SIM-utils-51] Simulation object is 'sim_1'
INFO: [USF-XSim-7] Finding pre-compiled libraries...
INFO: [USF-XSim-11] File '/opt/Xilinx/Vivado/2019.1/data/xsim/xsim.ini' copied to run dir:'/home/florian/Desktop/proteus/sdf/ntt_op_7_8/project_1/project_1.sim/sim_1/behav/xsim'
INFO: [SIM-utils-54] Inspecting design source files for 'ntt_tb' in fileset 'sim_1'...
INFO: [SIM-utils-43] Exported '/home/florian/Desktop/proteus/sdf/ntt_op_7_8/project_1/project_1.sim/sim_1/behav/xsim/NTT_DOUT.mem'
INFO: [SIM-utils-43] Exported '/home/florian/Desktop/proteus/sdf/ntt_op_7_8/project_1/project_1.sim/sim_1/behav/xsim/NTT_DIN.mem'
INFO: [SIM-utils-43] Exported '/home/florian/Desktop/proteus/sdf/ntt_op_7_8/project_1/project_1.sim/sim_1/behav/xsim/INTT_DOUT.mem'
INFO: [SIM-utils-43] Exported '/home/florian/Desktop/proteus/sdf/ntt_op_7_8/project_1/project_1.sim/sim_1/behav/xsim/INTT_DIN.mem'
INFO: [SIM-utils-43] Exported '/home/florian/Desktop/proteus/sdf/ntt_op_7_8/project_1/project_1.sim/sim_1/behav/xsim/INTT_DOUT.mem'
INFO: [SIM-utils-43] Exported '/home/florian/Desktop/proteus/sdf/ntt_op_7_8/project_1/project_1.sim/sim_1/behav/xsim/INTT_DIN.mem'
INFO: [USF-XSim-97] Finding global include files...
INFO: [USF-XSim-98] Fetching design files from 'sim_1'...
INFO: [USF-XSim-2] XSim::Compile design
INFO: [USF-XSim-61] Executing 'COMPILE and ANALYZE' step in '/home/florian/Desktop/proteus/sdf/ntt_op_7_8/project_1/project_1.sim/sim_1/behav/xsim'
xvlog --incr --relax -L axi_vip_v1_1_5 -L processing_system7_vip_v1_0_7 -L xilinx_vip -prj ntt_tb_vlog.prj
INFO: [VRFC 10-2263] Analyzing Verilog file "/home/florian/Desktop/proteus/sdf/ntt_op_7_8/Verilog_src/ntt/bitreverse.v" into library xil_defaultlib
INFO: [VRFC 10-311] analyzing module bitreverse
INFO: [VRFC 10-2263] Analyzing Verilog file "/home/florian/Desktop/proteus/sdf/ntt_op_7_8/Verilog_src/ntt/btf_dif_gs.v" into library xil_defaultlib
INFO: [VRFC 10-311] analyzing module btf_dif_gs
INFO: [VRFC 10-2263] Analyzing Verilog file "/home/florian/Desktop/proteus/sdf/ntt_op_7_8/Verilog_src/ntt/btf_dit_ct.v" into library xil_defaultlib
INFO: [VRFC 10-311] analyzing module btf_dit_ct
INFO: [VRFC 10-2263] Analyzing Verilog file "/home/florian/Desktop/proteus/sdf/ntt_op_7_8/Verilog_src/ntt/modadd.v" into library xil_defaultlib
INFO: [VRFC 10-311] analyzing module modadd
INFO: [VRFC 10-2263] Analyzing Verilog file "/home/florian/Desktop/proteus/sdf/ntt_op_7_8/Verilog_src/ntt/moddiv_by_2.v" into library xil_defaultlib
INFO: [VRFC 10-311] analyzing module moddiv_by_2
INFO: [VRFC 10-2263] Analyzing Verilog file "/home/florian/Desktop/proteus/sdf/ntt_op_7_8/Verilog_src/ntt/modmul.v" into library xil_defaultlib
INFO: [VRFC 10-311] analyzing module modmul
INFO: [VRFC 10-2263] Analyzing Verilog file "/home/florian/Desktop/proteus/sdf/ntt_op_7_8/Verilog_src/ntt/modred_64.v" into library xil_defaultlib
INFO: [VRFC 10-311] analyzing module modred_64
INFO: [VRFC 10-2263] Analyzing Verilog file "/home/florian/Desktop/proteus/sdf/ntt_op_7_8/Verilog_src/ntt/modsub.v" into library xil_defaultlib
INFO: [VRFC 10-311] analyzing module modsub
INFO: [VRFC 10-2263] Analyzing Verilog file "/home/florian/Desktop/proteus/sdf/ntt_op_7_8/Verilog_src/ntt/ntt_memory_wrapper.v" into library xil_defaultlib
INFO: [VRFC 10-311] analyzing module ntt_memory_wrapper
INFO: [VRFC 10-2263] Analyzing Verilog file "/home/florian/Desktop/proteus/sdf/ntt_op_7_8/Verilog_src/ntt/ntt_sdf_wrapper.v" into library xil_defaultlib
INFO: [VRFC 10-311] analyzing module ntt_sdf_wrapper
INFO: [VRFC 10-2263] Analyzing Verilog file "/home/florian/Desktop/proteus/sdf/ntt_op_7_8/Verilog_src/ntt/sdf_stage.v" into library xil_defaultlib
INFO: [VRFC 10-311] analyzing module ntt_sdf_stage
INFO: [VRFC 10-2263] Analyzing Verilog file "/home/florian/Desktop/proteus/sdf/ntt_op_7_8/Verilog_src/ntt/shiftreg.v" into library xil_defaultlib
INFO: [VRFC 10-311] analyzing module shiftreg
INFO: [VRFC 10-2263] Analyzing Verilog file "/home/florian/Desktop/proteus/sdf/ntt_op_7_8/Verilog_src/ntt/tw_roms.v" into library xil_defaultlib
INFO: [VRFC 10-311] analyzing module tw_rom_1
INFO: [VRFC 10-311] analyzing module tw_rom_2
INFO: [VRFC 10-311] analyzing module tw_rom_3
INFO: [VRFC 10-311] analyzing module tw_rom_4
INFO: [VRFC 10-311] analyzing module tw_rom_5
INFO: [VRFC 10-311] analyzing module tw_rom_6
INFO: [VRFC 10-311] analyzing module tw_rom_7
INFO: [VRFC 10-311] analyzing module tw_rom_8
INFO: [VRFC 10-311] analyzing module tw_rom_9
INFO: [VRFC 10-311] analyzing module tw_rom_10
INFO: [VRFC 10-311] analyzing module tw_rom_11
INFO: [VRFC 10-2263] Analyzing Verilog file "/home/florian/Desktop/proteus/sdf/ntt_op_7_8/Verilog_src/ntt/tw_roms_wrapper.v" into library xil_defaultlib
INFO: [VRFC 10-311] analyzing module tw_roms_wrapper
INFO: [VRFC 10-2263] Analyzing SystemVerilog file "/home/florian/Desktop/proteus/sdf/ntt_op_7_8/project_1/project_1.srcs/sources_1/imports/wlmont/csa_2.sv" into library xil_defaultlib
INFO: [VRFC 10-311] analyzing module csa_2
INFO: [VRFC 10-2263] Analyzing SystemVerilog file "/home/florian/Desktop/proteus/sdf/ntt_op_7_8/project_1/project_1.srcs/sources_1/imports/wlmont/csa_tree.sv" into library xil_defaultlib
INFO: [VRFC 10-311] analyzing module csa_tree
INFO: [VRFC 10-2263] Analyzing SystemVerilog file "/home/florian/Desktop/proteus/sdf/ntt_op_7_8/project_1/project_1.srcs/sources_1/imports/wlmont/int_mult_add.sv" into library xil_defaultlib
INFO: [VRFC 10-311] analyzing module int_mult_add
INFO: [VRFC 10-2263] Analyzing SystemVerilog file "/home/florian/Desktop/proteus/sdf/ntt_op_7_8/Verilog_src/ntt/intmul.v" into library xil_defaultlib
INFO: [VRFC 10-311] analyzing module intmul
INFO: [VRFC 10-2263] Analyzing SystemVerilog file "/home/florian/Desktop/proteus/sdf/ntt_op_7_8/project_1/project_1.srcs/sources_1/imports/wlmont/wlmont.sv" into library xil_defaultlib
INFO: [VRFC 10-311] analyzing module wlmont
INFO: [VRFC 10-2263] Analyzing SystemVerilog file "/home/florian/Desktop/proteus/sdf/ntt_op_7_8/project_1/project_1.srcs/sources_1/imports/wlmont/wlmont_sub.sv" into library xil_defaultlib
INFO: [VRFC 10-311] analyzing module wlmont_sub
INFO: [VRFC 10-2263] Analyzing Verilog file "/home/florian/Desktop/proteus/sdf/ntt_op_7_8/Verilog_src/ntt/ntt_tb.v" into library xil_defaultlib
INFO: [VRFC 10-311] analyzing module ntt_tb
WARNING: [VRFC 10-3380] identifier 'TYPE_RED' is used before its declaration [/home/florian/Desktop/proteus/sdf/ntt_op_7_8/Verilog_src/ntt/ntt_tb.v:8]
WARNING: [VRFC 10-3380] identifier 'TYPE_RED' is used before its declaration [/home/florian/Desktop/proteus/sdf/ntt_op_7_8/Verilog_src/ntt/ntt_tb.v:14]
INFO: [VRFC 10-2263] Analyzing Verilog file "/home/florian/Desktop/proteus/sdf/ntt_op_7_8/project_1/project_1.sim/sim_1/behav/xsim/glbl.v" into library xil_defaultlib
INFO: [VRFC 10-311] analyzing module glbl
INFO: [USF-XSim-69] 'compile' step finished in '1' seconds
INFO: [USF-XSim-3] XSim::Elaborate design
INFO: [USF-XSim-61] Executing 'ELABORATE' step in '/home/florian/Desktop/proteus/sdf/ntt_op_7_8/project_1/project_1.sim/sim_1/behav/xsim'
xelab -wto 5622309cf07a428893ca36aaeb3cc5d4 --incr --debug typical --rangecheck --relax --mt 8 -L xil_defaultlib -L xilinx_vip -L unisims_ver -L unimacro_ver -L secureip -L xpm --snapshot ntt_tb_behav xil_defaultlib.ntt_tb xil_defaultlib.glbl -log elaborate.log
Vivado Simulator 2019.1
Copyright 1986-1999, 2001-2019 Xilinx, Inc. All Rights Reserved.
Running: /opt/Xilinx/Vivado/2019.1/bin/unwrapped/lnx64.o/xelab -wto 5622309cf07a428893ca36aaeb3cc5d4 --incr --debug typical --rangecheck --relax --mt 8 -L xil_defaultlib -L xilinx_vip -L unisims_ver -L unimacro_ver -L secureip -L xpm --snapshot ntt_tb_behav xil_defaultlib.ntt_tb xil_defaultlib.glbl -log elaborate.log 
Using 8 slave threads.
Starting static elaboration
WARNING: [VRFC 10-3091] actual bit length 12 differs from formal bit length 2 for port 'a' [/home/florian/Desktop/proteus/sdf/ntt_op_7_8/Verilog_src/ntt/sdf_stage.v:98]
WARNING: [VRFC 10-3091] actual bit length 13 differs from formal bit length 12 for port 'a' [/home/florian/Desktop/proteus/sdf/ntt_op_7_8/Verilog_src/ntt/ntt_memory_wrapper.v:131]
Completed static elaboration
Starting simulation data flow analysis
WARNING: [XSIM 43-4099] "/home/florian/Desktop/proteus/sdf/ntt_op_7_8/project_1/project_1.srcs/sources_1/imports/wlmont/csa_tree.sv" Line 13. Module csa_tree(SIZE_I=128,DEPTH=12,SIZE_O=132) doesn't have a timescale but at least one module in design has a timescale.
WARNING: [XSIM 43-4099] "/home/florian/Desktop/proteus/sdf/ntt_op_7_8/project_1/project_1.srcs/sources_1/imports/wlmont/csa_2.sv" Line 17. Module csa_2(K=132) doesn't have a timescale but at least one module in design has a timescale.
WARNING: [XSIM 43-4099] "/home/florian/Desktop/proteus/sdf/ntt_op_7_8/project_1/project_1.srcs/sources_1/imports/wlmont/csa_2.sv" Line 17. Module csa_2(K=132) doesn't have a timescale but at least one module in design has a timescale.
WARNING: [XSIM 43-4099] "/home/florian/Desktop/proteus/sdf/ntt_op_7_8/project_1/project_1.srcs/sources_1/imports/wlmont/csa_2.sv" Line 17. Module csa_2(K=132) doesn't have a timescale but at least one module in design has a timescale.
WARNING: [XSIM 43-4099] "/home/florian/Desktop/proteus/sdf/ntt_op_7_8/project_1/project_1.srcs/sources_1/imports/wlmont/csa_2.sv" Line 17. Module csa_2(K=132) doesn't have a timescale but at least one module in design has a timescale.
WARNING: [XSIM 43-4099] "/home/florian/Desktop/proteus/sdf/ntt_op_7_8/project_1/project_1.srcs/sources_1/imports/wlmont/csa_tree.sv" Line 13. Module csa_tree(SIZE_I=129,DEPTH=8,SIZE_O=132) doesn't have a timescale but at least one module in design has a timescale.
WARNING: [XSIM 43-4099] "/home/florian/Desktop/proteus/sdf/ntt_op_7_8/project_1/project_1.srcs/sources_1/imports/wlmont/csa_2.sv" Line 17. Module csa_2(K=132) doesn't have a timescale but at least one module in design has a timescale.
WARNING: [XSIM 43-4099] "/home/florian/Desktop/proteus/sdf/ntt_op_7_8/project_1/project_1.srcs/sources_1/imports/wlmont/csa_2.sv" Line 17. Module csa_2(K=132) doesn't have a timescale but at least one module in design has a timescale.
WARNING: [XSIM 43-4099] "/home/florian/Desktop/proteus/sdf/ntt_op_7_8/project_1/project_1.srcs/sources_1/imports/wlmont/csa_tree.sv" Line 13. Module csa_tree(SIZE_I=130,DEPTH=6,SIZE_O=132) doesn't have a timescale but at least one module in design has a timescale.
WARNING: [XSIM 43-4099] "/home/florian/Desktop/proteus/sdf/ntt_op_7_8/project_1/project_1.srcs/sources_1/imports/wlmont/csa_2.sv" Line 17. Module csa_2(K=132) doesn't have a timescale but at least one module in design has a timescale.
WARNING: [XSIM 43-4099] "/home/florian/Desktop/proteus/sdf/ntt_op_7_8/project_1/project_1.srcs/sources_1/imports/wlmont/csa_2.sv" Line 17. Module csa_2(K=132) doesn't have a timescale but at least one module in design has a timescale.
WARNING: [XSIM 43-4099] "/home/florian/Desktop/proteus/sdf/ntt_op_7_8/project_1/project_1.srcs/sources_1/imports/wlmont/csa_tree.sv" Line 13. Module csa_tree(SIZE_I=131,DEPTH=4,SIZE_O=132) doesn't have a timescale but at least one module in design has a timescale.
WARNING: [XSIM 43-4099] "/home/florian/Desktop/proteus/sdf/ntt_op_7_8/project_1/project_1.srcs/sources_1/imports/wlmont/csa_2.sv" Line 17. Module csa_2(K=132) doesn't have a timescale but at least one module in design has a timescale.
WARNING: [XSIM 43-4099] "/home/florian/Desktop/proteus/sdf/ntt_op_7_8/project_1/project_1.srcs/sources_1/imports/wlmont/csa_tree.sv" Line 13. Module csa_tree(SIZE_I=132,DEPTH=3,SIZE_O=132) doesn't have a timescale but at least one module in design has a timescale.
WARNING: [XSIM 43-4099] "/home/florian/Desktop/proteus/sdf/ntt_op_7_8/project_1/project_1.srcs/sources_1/imports/wlmont/csa_2.sv" Line 17. Module csa_2(K=132) doesn't have a timescale but at least one module in design has a timescale.
WARNING: [XSIM 43-4099] "/home/florian/Desktop/proteus/sdf/ntt_op_7_8/project_1/project_1.srcs/sources_1/imports/wlmont/int_mult_add.sv" Line 15. Module int_mult_add(LOGB=16,LOGC=1,LOGP=113,OP_TYPE=1) doesn't have a timescale but at least one module in design has a timescale.
WARNING: [XSIM 43-4099] "/home/florian/Desktop/proteus/sdf/ntt_op_7_8/project_1/project_1.srcs/sources_1/imports/wlmont/int_mult_add.sv" Line 15. Module int_mult_add(LOGB=16,LOGC=1,LOGP=113,SHIFT=24,OP_TYPE=2) doesn't have a timescale but at least one module in design has a timescale.
WARNING: [XSIM 43-4099] "/home/florian/Desktop/proteus/sdf/ntt_op_7_8/project_1/project_1.srcs/sources_1/imports/wlmont/csa_tree.sv" Line 13. Module csa_tree(SIZE_I=113,DEPTH=3,SIZE_O=113) doesn't have a timescale but at least one module in design has a timescale.
WARNING: [XSIM 43-4099] "/home/florian/Desktop/proteus/sdf/ntt_op_7_8/project_1/project_1.srcs/sources_1/imports/wlmont/csa_2.sv" Line 17. Module csa_2(K=113) doesn't have a timescale but at least one module in design has a timescale.
WARNING: [XSIM 43-4099] "/home/florian/Desktop/proteus/sdf/ntt_op_7_8/project_1/project_1.srcs/sources_1/imports/wlmont/int_mult_add.sv" Line 15. Module int_mult_add(LOGB=16,LOGC=1,LOGP=98,OP_TYPE=1) doesn't have a timescale but at least one module in design has a timescale.
WARNING: [XSIM 43-4099] "/home/florian/Desktop/proteus/sdf/ntt_op_7_8/project_1/project_1.srcs/sources_1/imports/wlmont/int_mult_add.sv" Line 15. Module int_mult_add(LOGB=16,LOGC=1,LOGP=98,SHIFT=24,OP_TYPE=2) doesn't have a timescale but at least one module in design has a timescale.
WARNING: [XSIM 43-4099] "/home/florian/Desktop/proteus/sdf/ntt_op_7_8/project_1/project_1.srcs/sources_1/imports/wlmont/csa_tree.sv" Line 13. Module csa_tree(SIZE_I=98,DEPTH=3,SIZE_O=98) doesn't have a timescale but at least one module in design has a timescale.
WARNING: [XSIM 43-4099] "/home/florian/Desktop/proteus/sdf/ntt_op_7_8/project_1/project_1.srcs/sources_1/imports/wlmont/csa_2.sv" Line 17. Module csa_2(K=98) doesn't have a timescale but at least one module in design has a timescale.
WARNING: [XSIM 43-4099] "/home/florian/Desktop/proteus/sdf/ntt_op_7_8/project_1/project_1.srcs/sources_1/imports/wlmont/int_mult_add.sv" Line 15. Module int_mult_add(LOGB=16,LOGC=1,LOGP=83,OP_TYPE=1) doesn't have a timescale but at least one module in design has a timescale.
WARNING: [XSIM 43-4099] "/home/florian/Desktop/proteus/sdf/ntt_op_7_8/project_1/project_1.srcs/sources_1/imports/wlmont/int_mult_add.sv" Line 15. Module int_mult_add(LOGB=16,LOGC=1,LOGP=83,SHIFT=24,OP_TYPE=2) doesn't have a timescale but at least one module in design has a timescale.
WARNING: [XSIM 43-4099] "/home/florian/Desktop/proteus/sdf/ntt_op_7_8/project_1/project_1.srcs/sources_1/imports/wlmont/csa_tree.sv" Line 13. Module csa_tree(SIZE_I=83,DEPTH=3,SIZE_O=83) doesn't have a timescale but at least one module in design has a timescale.
WARNING: [XSIM 43-4099] "/home/florian/Desktop/proteus/sdf/ntt_op_7_8/project_1/project_1.srcs/sources_1/imports/wlmont/csa_2.sv" Line 17. Module csa_2(K=83) doesn't have a timescale but at least one module in design has a timescale.
WARNING: [XSIM 43-4099] "/home/florian/Desktop/proteus/sdf/ntt_op_7_8/project_1/project_1.srcs/sources_1/imports/wlmont/int_mult_add.sv" Line 15. Module int_mult_add(LOGB=16,LOGC=1,LOGP=68,OP_TYPE=1) doesn't have a timescale but at least one module in design has a timescale.
WARNING: [XSIM 43-4099] "/home/florian/Desktop/proteus/sdf/ntt_op_7_8/project_1/project_1.srcs/sources_1/imports/wlmont/int_mult_add.sv" Line 15. Module int_mult_add(LOGB=16,LOGC=1,LOGP=68,SHIFT=24,OP_TYPE=2) doesn't have a timescale but at least one module in design has a timescale.
WARNING: [XSIM 43-4099] "/home/florian/Desktop/proteus/sdf/ntt_op_7_8/project_1/project_1.srcs/sources_1/imports/wlmont/csa_tree.sv" Line 13. Module csa_tree(SIZE_I=68,DEPTH=3,SIZE_O=68) doesn't have a timescale but at least one module in design has a timescale.
WARNING: [XSIM 43-4099] "/home/florian/Desktop/proteus/sdf/ntt_op_7_8/project_1/project_1.srcs/sources_1/imports/wlmont/csa_2.sv" Line 17. Module csa_2(K=68) doesn't have a timescale but at least one module in design has a timescale.
WARNING: [XSIM 43-4099] "/home/florian/Desktop/proteus/sdf/ntt_op_7_8/project_1/project_1.srcs/sources_1/imports/wlmont/csa_tree.sv" Line 13. Module csa_tree(SIZE_I=128,DEPTH=12,SIZE_O=132) doesn't have a timescale but at least one module in design has a timescale.
WARNING: [XSIM 43-4099] "/home/florian/Desktop/proteus/sdf/ntt_op_7_8/project_1/project_1.srcs/sources_1/imports/wlmont/csa_2.sv" Line 17. Module csa_2(K=132) doesn't have a timescale but at least one module in design has a timescale.
WARNING: [XSIM 43-4099] "/home/florian/Desktop/proteus/sdf/ntt_op_7_8/project_1/project_1.srcs/sources_1/imports/wlmont/csa_2.sv" Line 17. Module csa_2(K=132) doesn't have a timescale but at least one module in design has a timescale.
WARNING: [XSIM 43-4099] "/home/florian/Desktop/proteus/sdf/ntt_op_7_8/project_1/project_1.srcs/sources_1/imports/wlmont/csa_2.sv" Line 17. Module csa_2(K=132) doesn't have a timescale but at least one module in design has a timescale.
WARNING: [XSIM 43-4099] "/home/florian/Desktop/proteus/sdf/ntt_op_7_8/project_1/project_1.srcs/sources_1/imports/wlmont/csa_2.sv" Line 17. Module csa_2(K=132) doesn't have a timescale but at least one module in design has a timescale.
WARNING: [XSIM 43-4099] "/home/florian/Desktop/proteus/sdf/ntt_op_7_8/project_1/project_1.srcs/sources_1/imports/wlmont/csa_tree.sv" Line 13. Module csa_tree(SIZE_I=129,DEPTH=8,SIZE_O=132) doesn't have a timescale but at least one module in design has a timescale.
WARNING: [XSIM 43-4099] "/home/florian/Desktop/proteus/sdf/ntt_op_7_8/project_1/project_1.srcs/sources_1/imports/wlmont/csa_2.sv" Line 17. Module csa_2(K=132) doesn't have a timescale but at least one module in design has a timescale.
WARNING: [XSIM 43-4099] "/home/florian/Desktop/proteus/sdf/ntt_op_7_8/project_1/project_1.srcs/sources_1/imports/wlmont/csa_2.sv" Line 17. Module csa_2(K=132) doesn't have a timescale but at least one module in design has a timescale.
WARNING: [XSIM 43-4099] "/home/florian/Desktop/proteus/sdf/ntt_op_7_8/project_1/project_1.srcs/sources_1/imports/wlmont/csa_tree.sv" Line 13. Module csa_tree(SIZE_I=130,DEPTH=6,SIZE_O=132) doesn't have a timescale but at least one module in design has a timescale.
WARNING: [XSIM 43-4099] "/home/florian/Desktop/proteus/sdf/ntt_op_7_8/project_1/project_1.srcs/sources_1/imports/wlmont/csa_2.sv" Line 17. Module csa_2(K=132) doesn't have a timescale but at least one module in design has a timescale.
WARNING: [XSIM 43-4099] "/home/florian/Desktop/proteus/sdf/ntt_op_7_8/project_1/project_1.srcs/sources_1/imports/wlmont/csa_2.sv" Line 17. Module csa_2(K=132) doesn't have a timescale but at least one module in design has a timescale.
WARNING: [XSIM 43-4099] "/home/florian/Desktop/proteus/sdf/ntt_op_7_8/project_1/project_1.srcs/sources_1/imports/wlmont/csa_tree.sv" Line 13. Module csa_tree(SIZE_I=131,DEPTH=4,SIZE_O=132) doesn't have a timescale but at least one module in design has a timescale.
WARNING: [XSIM 43-4099] "/home/florian/Desktop/proteus/sdf/ntt_op_7_8/project_1/project_1.srcs/sources_1/imports/wlmont/csa_2.sv" Line 17. Module csa_2(K=132) doesn't have a timescale but at least one module in design has a timescale.
WARNING: [XSIM 43-4099] "/home/florian/Desktop/proteus/sdf/ntt_op_7_8/project_1/project_1.srcs/sources_1/imports/wlmont/csa_tree.sv" Line 13. Module csa_tree(SIZE_I=132,DEPTH=3,SIZE_O=132) doesn't have a timescale but at least one module in design has a timescale.
WARNING: [XSIM 43-4099] "/home/florian/Desktop/proteus/sdf/ntt_op_7_8/project_1/project_1.srcs/sources_1/imports/wlmont/csa_2.sv" Line 17. Module csa_2(K=132) doesn't have a timescale but at least one module in design has a timescale.
WARNING: [XSIM 43-4099] "/home/florian/Desktop/proteus/sdf/ntt_op_7_8/project_1/project_1.srcs/sources_1/imports/wlmont/int_mult_add.sv" Line 15. Module int_mult_add(LOGB=16,LOGC=1,LOGP=113,OP_TYPE=1) doesn't have a timescale but at least one module in design has a timescale.
WARNING: [XSIM 43-4099] "/home/florian/Desktop/proteus/sdf/ntt_op_7_8/project_1/project_1.srcs/sources_1/imports/wlmont/int_mult_add.sv" Line 15. Module int_mult_add(LOGB=16,LOGC=1,LOGP=113,SHIFT=24,OP_TYPE=2) doesn't have a timescale but at least one module in design has a timescale.
WARNING: [XSIM 43-4099] "/home/florian/Desktop/proteus/sdf/ntt_op_7_8/project_1/project_1.srcs/sources_1/imports/wlmont/csa_tree.sv" Line 13. Module csa_tree(SIZE_I=113,DEPTH=3,SIZE_O=113) doesn't have a timescale but at least one module in design has a timescale.
WARNING: [XSIM 43-4099] "/home/florian/Desktop/proteus/sdf/ntt_op_7_8/project_1/project_1.srcs/sources_1/imports/wlmont/csa_2.sv" Line 17. Module csa_2(K=113) doesn't have a timescale but at least one module in design has a timescale.
WARNING: [XSIM 43-4099] "/home/florian/Desktop/proteus/sdf/ntt_op_7_8/project_1/project_1.srcs/sources_1/imports/wlmont/int_mult_add.sv" Line 15. Module int_mult_add(LOGB=16,LOGC=1,LOGP=98,OP_TYPE=1) doesn't have a timescale but at least one module in design has a timescale.
WARNING: [XSIM 43-4099] "/home/florian/Desktop/proteus/sdf/ntt_op_7_8/project_1/project_1.srcs/sources_1/imports/wlmont/int_mult_add.sv" Line 15. Module int_mult_add(LOGB=16,LOGC=1,LOGP=98,SHIFT=24,OP_TYPE=2) doesn't have a timescale but at least one module in design has a timescale.
WARNING: [XSIM 43-4099] "/home/florian/Desktop/proteus/sdf/ntt_op_7_8/project_1/project_1.srcs/sources_1/imports/wlmont/csa_tree.sv" Line 13. Module csa_tree(SIZE_I=98,DEPTH=3,SIZE_O=98) doesn't have a timescale but at least one module in design has a timescale.
WARNING: [XSIM 43-4099] "/home/florian/Desktop/proteus/sdf/ntt_op_7_8/project_1/project_1.srcs/sources_1/imports/wlmont/csa_2.sv" Line 17. Module csa_2(K=98) doesn't have a timescale but at least one module in design has a timescale.
WARNING: [XSIM 43-4099] "/home/florian/Desktop/proteus/sdf/ntt_op_7_8/project_1/project_1.srcs/sources_1/imports/wlmont/int_mult_add.sv" Line 15. Module int_mult_add(LOGB=16,LOGC=1,LOGP=83,OP_TYPE=1) doesn't have a timescale but at least one module in design has a timescale.
WARNING: [XSIM 43-4099] "/home/florian/Desktop/proteus/sdf/ntt_op_7_8/project_1/project_1.srcs/sources_1/imports/wlmont/int_mult_add.sv" Line 15. Module int_mult_add(LOGB=16,LOGC=1,LOGP=83,SHIFT=24,OP_TYPE=2) doesn't have a timescale but at least one module in design has a timescale.
WARNING: [XSIM 43-4099] "/home/florian/Desktop/proteus/sdf/ntt_op_7_8/project_1/project_1.srcs/sources_1/imports/wlmont/csa_tree.sv" Line 13. Module csa_tree(SIZE_I=83,DEPTH=3,SIZE_O=83) doesn't have a timescale but at least one module in design has a timescale.
WARNING: [XSIM 43-4099] "/home/florian/Desktop/proteus/sdf/ntt_op_7_8/project_1/project_1.srcs/sources_1/imports/wlmont/csa_2.sv" Line 17. Module csa_2(K=83) doesn't have a timescale but at least one module in design has a timescale.
WARNING: [XSIM 43-4099] "/home/florian/Desktop/proteus/sdf/ntt_op_7_8/project_1/project_1.srcs/sources_1/imports/wlmont/int_mult_add.sv" Line 15. Module int_mult_add(LOGB=16,LOGC=1,LOGP=68,OP_TYPE=1) doesn't have a timescale but at least one module in design has a timescale.
WARNING: [XSIM 43-4099] "/home/florian/Desktop/proteus/sdf/ntt_op_7_8/project_1/project_1.srcs/sources_1/imports/wlmont/int_mult_add.sv" Line 15. Module int_mult_add(LOGB=16,LOGC=1,LOGP=68,SHIFT=24,OP_TYPE=2) doesn't have a timescale but at least one module in design has a timescale.
WARNING: [XSIM 43-4099] "/home/florian/Desktop/proteus/sdf/ntt_op_7_8/project_1/project_1.srcs/sources_1/imports/wlmont/csa_tree.sv" Line 13. Module csa_tree(SIZE_I=68,DEPTH=3,SIZE_O=68) doesn't have a timescale but at least one module in design has a timescale.
WARNING: [XSIM 43-4099] "/home/florian/Desktop/proteus/sdf/ntt_op_7_8/project_1/project_1.srcs/sources_1/imports/wlmont/csa_2.sv" Line 17. Module csa_2(K=68) doesn't have a timescale but at least one module in design has a timescale.
WARNING: [XSIM 43-4099] "/home/florian/Desktop/proteus/sdf/ntt_op_7_8/project_1/project_1.srcs/sources_1/imports/wlmont/csa_tree.sv" Line 13. Module csa_tree(SIZE_I=128,DEPTH=12,SIZE_O=132) doesn't have a timescale but at least one module in design has a timescale.
WARNING: [XSIM 43-4099] "/home/florian/Desktop/proteus/sdf/ntt_op_7_8/project_1/project_1.srcs/sources_1/imports/wlmont/csa_2.sv" Line 17. Module csa_2(K=132) doesn't have a timescale but at least one module in design has a timescale.
WARNING: [XSIM 43-4099] "/home/florian/Desktop/proteus/sdf/ntt_op_7_8/project_1/project_1.srcs/sources_1/imports/wlmont/csa_2.sv" Line 17. Module csa_2(K=132) doesn't have a timescale but at least one module in design has a timescale.
WARNING: [XSIM 43-4099] "/home/florian/Desktop/proteus/sdf/ntt_op_7_8/project_1/project_1.srcs/sources_1/imports/wlmont/csa_2.sv" Line 17. Module csa_2(K=132) doesn't have a timescale but at least one module in design has a timescale.
WARNING: [XSIM 43-4099] "/home/florian/Desktop/proteus/sdf/ntt_op_7_8/project_1/project_1.srcs/sources_1/imports/wlmont/csa_2.sv" Line 17. Module csa_2(K=132) doesn't have a timescale but at least one module in design has a timescale.
WARNING: [XSIM 43-4099] "/home/florian/Desktop/proteus/sdf/ntt_op_7_8/project_1/project_1.srcs/sources_1/imports/wlmont/csa_tree.sv" Line 13. Module csa_tree(SIZE_I=129,DEPTH=8,SIZE_O=132) doesn't have a timescale but at least one module in design has a timescale.
WARNING: [XSIM 43-4099] "/home/florian/Desktop/proteus/sdf/ntt_op_7_8/project_1/project_1.srcs/sources_1/imports/wlmont/csa_2.sv" Line 17. Module csa_2(K=132) doesn't have a timescale but at least one module in design has a timescale.
WARNING: [XSIM 43-4099] "/home/florian/Desktop/proteus/sdf/ntt_op_7_8/project_1/project_1.srcs/sources_1/imports/wlmont/csa_2.sv" Line 17. Module csa_2(K=132) doesn't have a timescale but at least one module in design has a timescale.
WARNING: [XSIM 43-4099] "/home/florian/Desktop/proteus/sdf/ntt_op_7_8/project_1/project_1.srcs/sources_1/imports/wlmont/csa_tree.sv" Line 13. Module csa_tree(SIZE_I=130,DEPTH=6,SIZE_O=132) doesn't have a timescale but at least one module in design has a timescale.
WARNING: [XSIM 43-4099] "/home/florian/Desktop/proteus/sdf/ntt_op_7_8/project_1/project_1.srcs/sources_1/imports/wlmont/csa_2.sv" Line 17. Module csa_2(K=132) doesn't have a timescale but at least one module in design has a timescale.
WARNING: [XSIM 43-4099] "/home/florian/Desktop/proteus/sdf/ntt_op_7_8/project_1/project_1.srcs/sources_1/imports/wlmont/csa_2.sv" Line 17. Module csa_2(K=132) doesn't have a timescale but at least one module in design has a timescale.
WARNING: [XSIM 43-4099] "/home/florian/Desktop/proteus/sdf/ntt_op_7_8/project_1/project_1.srcs/sources_1/imports/wlmont/csa_tree.sv" Line 13. Module csa_tree(SIZE_I=131,DEPTH=4,SIZE_O=132) doesn't have a timescale but at least one module in design has a timescale.
WARNING: [XSIM 43-4099] "/home/florian/Desktop/proteus/sdf/ntt_op_7_8/project_1/project_1.srcs/sources_1/imports/wlmont/csa_2.sv" Line 17. Module csa_2(K=132) doesn't have a timescale but at least one module in design has a timescale.
WARNING: [XSIM 43-4099] "/home/florian/Desktop/proteus/sdf/ntt_op_7_8/project_1/project_1.srcs/sources_1/imports/wlmont/csa_tree.sv" Line 13. Module csa_tree(SIZE_I=132,DEPTH=3,SIZE_O=132) doesn't have a timescale but at least one module in design has a timescale.
WARNING: [XSIM 43-4099] "/home/florian/Desktop/proteus/sdf/ntt_op_7_8/project_1/project_1.srcs/sources_1/imports/wlmont/csa_2.sv" Line 17. Module csa_2(K=132) doesn't have a timescale but at least one module in design has a timescale.
WARNING: [XSIM 43-4099] "/home/florian/Desktop/proteus/sdf/ntt_op_7_8/project_1/project_1.srcs/sources_1/imports/wlmont/int_mult_add.sv" Line 15. Module int_mult_add(LOGB=16,LOGC=1,LOGP=113,OP_TYPE=1) doesn't have a timescale but at least one module in design has a timescale.
WARNING: [XSIM 43-4099] "/home/florian/Desktop/proteus/sdf/ntt_op_7_8/project_1/project_1.srcs/sources_1/imports/wlmont/int_mult_add.sv" Line 15. Module int_mult_add(LOGB=16,LOGC=1,LOGP=113,SHIFT=24,OP_TYPE=2) doesn't have a timescale but at least one module in design has a timescale.
WARNING: [XSIM 43-4099] "/home/florian/Desktop/proteus/sdf/ntt_op_7_8/project_1/project_1.srcs/sources_1/imports/wlmont/csa_tree.sv" Line 13. Module csa_tree(SIZE_I=113,DEPTH=3,SIZE_O=113) doesn't have a timescale but at least one module in design has a timescale.
WARNING: [XSIM 43-4099] "/home/florian/Desktop/proteus/sdf/ntt_op_7_8/project_1/project_1.srcs/sources_1/imports/wlmont/csa_2.sv" Line 17. Module csa_2(K=113) doesn't have a timescale but at least one module in design has a timescale.
WARNING: [XSIM 43-4099] "/home/florian/Desktop/proteus/sdf/ntt_op_7_8/project_1/project_1.srcs/sources_1/imports/wlmont/int_mult_add.sv" Line 15. Module int_mult_add(LOGB=16,LOGC=1,LOGP=98,OP_TYPE=1) doesn't have a timescale but at least one module in design has a timescale.
WARNING: [XSIM 43-4099] "/home/florian/Desktop/proteus/sdf/ntt_op_7_8/project_1/project_1.srcs/sources_1/imports/wlmont/int_mult_add.sv" Line 15. Module int_mult_add(LOGB=16,LOGC=1,LOGP=98,SHIFT=24,OP_TYPE=2) doesn't have a timescale but at least one module in design has a timescale.
WARNING: [XSIM 43-4099] "/home/florian/Desktop/proteus/sdf/ntt_op_7_8/project_1/project_1.srcs/sources_1/imports/wlmont/csa_tree.sv" Line 13. Module csa_tree(SIZE_I=98,DEPTH=3,SIZE_O=98) doesn't have a timescale but at least one module in design has a timescale.
WARNING: [XSIM 43-4099] "/home/florian/Desktop/proteus/sdf/ntt_op_7_8/project_1/project_1.srcs/sources_1/imports/wlmont/csa_2.sv" Line 17. Module csa_2(K=98) doesn't have a timescale but at least one module in design has a timescale.
WARNING: [XSIM 43-4099] "/home/florian/Desktop/proteus/sdf/ntt_op_7_8/project_1/project_1.srcs/sources_1/imports/wlmont/int_mult_add.sv" Line 15. Module int_mult_add(LOGB=16,LOGC=1,LOGP=83,OP_TYPE=1) doesn't have a timescale but at least one module in design has a timescale.
WARNING: [XSIM 43-4099] "/home/florian/Desktop/proteus/sdf/ntt_op_7_8/project_1/project_1.srcs/sources_1/imports/wlmont/int_mult_add.sv" Line 15. Module int_mult_add(LOGB=16,LOGC=1,LOGP=83,SHIFT=24,OP_TYPE=2) doesn't have a timescale but at least one module in design has a timescale.
WARNING: [XSIM 43-4099] "/home/florian/Desktop/proteus/sdf/ntt_op_7_8/project_1/project_1.srcs/sources_1/imports/wlmont/csa_tree.sv" Line 13. Module csa_tree(SIZE_I=83,DEPTH=3,SIZE_O=83) doesn't have a timescale but at least one module in design has a timescale.
WARNING: [XSIM 43-4099] "/home/florian/Desktop/proteus/sdf/ntt_op_7_8/project_1/project_1.srcs/sources_1/imports/wlmont/csa_2.sv" Line 17. Module csa_2(K=83) doesn't have a timescale but at least one module in design has a timescale.
WARNING: [XSIM 43-4099] "/home/florian/Desktop/proteus/sdf/ntt_op_7_8/project_1/project_1.srcs/sources_1/imports/wlmont/int_mult_add.sv" Line 15. Module int_mult_add(LOGB=16,LOGC=1,LOGP=68,OP_TYPE=1) doesn't have a timescale but at least one module in design has a timescale.
WARNING: [XSIM 43-4099] "/home/florian/Desktop/proteus/sdf/ntt_op_7_8/project_1/project_1.srcs/sources_1/imports/wlmont/int_mult_add.sv" Line 15. Module int_mult_add(LOGB=16,LOGC=1,LOGP=68,SHIFT=24,OP_TYPE=2) doesn't have a timescale but at least one module in design has a timescale.
WARNING: [XSIM 43-4099] "/home/florian/Desktop/proteus/sdf/ntt_op_7_8/project_1/project_1.srcs/sources_1/imports/wlmont/csa_tree.sv" Line 13. Module csa_tree(SIZE_I=68,DEPTH=3,SIZE_O=68) doesn't have a timescale but at least one module in design has a timescale.
WARNING: [XSIM 43-4099] "/home/florian/Desktop/proteus/sdf/ntt_op_7_8/project_1/project_1.srcs/sources_1/imports/wlmont/csa_2.sv" Line 17. Module csa_2(K=68) doesn't have a timescale but at least one module in design has a timescale.
WARNING: [XSIM 43-4099] "/home/florian/Desktop/proteus/sdf/ntt_op_7_8/project_1/project_1.srcs/sources_1/imports/wlmont/csa_tree.sv" Line 13. Module csa_tree(SIZE_I=128,DEPTH=12,SIZE_O=132) doesn't have a timescale but at least one module in design has a timescale.
WARNING: [XSIM 43-4099] "/home/florian/Desktop/proteus/sdf/ntt_op_7_8/project_1/project_1.srcs/sources_1/imports/wlmont/csa_2.sv" Line 17. Module csa_2(K=132) doesn't have a timescale but at least one module in design has a timescale.
WARNING: [XSIM 43-4099] "/home/florian/Desktop/proteus/sdf/ntt_op_7_8/project_1/project_1.srcs/sources_1/imports/wlmont/csa_2.sv" Line 17. Module csa_2(K=132) doesn't have a timescale but at least one module in design has a timescale.
WARNING: [XSIM 43-4099] "/home/florian/Desktop/proteus/sdf/ntt_op_7_8/project_1/project_1.srcs/sources_1/imports/wlmont/csa_2.sv" Line 17. Module csa_2(K=132) doesn't have a timescale but at least one module in design has a timescale.
WARNING: [XSIM 43-4099] "/home/florian/Desktop/proteus/sdf/ntt_op_7_8/project_1/project_1.srcs/sources_1/imports/wlmont/csa_2.sv" Line 17. Module csa_2(K=132) doesn't have a timescale but at least one module in design has a timescale.
WARNING: [XSIM 43-4099] "/home/florian/Desktop/proteus/sdf/ntt_op_7_8/project_1/project_1.srcs/sources_1/imports/wlmont/csa_tree.sv" Line 13. Module csa_tree(SIZE_I=129,DEPTH=8,SIZE_O=132) doesn't have a timescale but at least one module in design has a timescale.
WARNING: [XSIM 43-4099] "/home/florian/Desktop/proteus/sdf/ntt_op_7_8/project_1/project_1.srcs/sources_1/imports/wlmont/csa_2.sv" Line 17. Module csa_2(K=132) doesn't have a timescale but at least one module in design has a timescale.
INFO: [Common 17-14] Message 'XSIM 43-4099' appears 100 times and further instances of the messages will be disabled. Use the Tcl command set_msg_config to change the current settings.
Completed simulation data flow analysis
Time Resolution for simulation is 1ps
Compiling module xil_defaultlib.tw_roms_wrapper(LOGQ=64,LOGN=12,...
Compiling module xil_defaultlib.tw_rom_1(LOGN=12)
Compiling module xil_defaultlib.tw_roms_wrapper(LOGQ=64,LOGN=12,...
Compiling module xil_defaultlib.tw_rom_2(LOGN=12,STAGE=2)
Compiling module xil_defaultlib.tw_roms_wrapper(LOGQ=64,LOGN=12,...
Compiling module xil_defaultlib.tw_rom_3(LOGN=12,STAGE=3)
Compiling module xil_defaultlib.tw_roms_wrapper(LOGQ=64,LOGN=12,...
Compiling module xil_defaultlib.tw_rom_4(LOGN=12,STAGE=4)
Compiling module xil_defaultlib.tw_roms_wrapper(LOGQ=64,LOGN=12,...
Compiling module xil_defaultlib.tw_rom_5(LOGN=12,STAGE=5)
Compiling module xil_defaultlib.tw_roms_wrapper(LOGQ=64,LOGN=12,...
Compiling module xil_defaultlib.tw_rom_6(LOGN=12,STAGE=6)
Compiling module xil_defaultlib.tw_roms_wrapper(LOGQ=64,LOGN=12,...
Compiling module xil_defaultlib.tw_rom_7(LOGN=12,STAGE=7)
Compiling module xil_defaultlib.tw_roms_wrapper(LOGQ=64,LOGN=12,...
Compiling module xil_defaultlib.tw_rom_8(LOGN=12,STAGE=8)
Compiling module xil_defaultlib.tw_roms_wrapper(LOGQ=64,LOGN=12,...
Compiling module xil_defaultlib.tw_rom_9(LOGN=12,STAGE=9)
Compiling module xil_defaultlib.tw_roms_wrapper(LOGQ=64,LOGN=12,...
Compiling module xil_defaultlib.tw_rom_10(LOGN=12,STAGE=10)
Compiling module xil_defaultlib.tw_roms_wrapper(LOGQ=64,LOGN=12,...
Compiling module xil_defaultlib.tw_rom_11(LOGN=12,STAGE=11)
Compiling module xil_defaultlib.tw_roms_wrapper(LOGQ=64,LOGN=12,...
Compiling module xil_defaultlib.shiftreg(SHIFT=2051,DATA=1)
Compiling module xil_defaultlib.bitreverse(LOGN=0)
Compiling module xil_defaultlib.modadd(LOGQ=64,LOGN=12,Q=64'b100...
Compiling module xil_defaultlib.modsub(LOGQ=64,LOGN=12,Q=64'b100...
Compiling module xil_defaultlib.btf_dit_ct(LOGQ=64,LOGN=12,Q=64'...
Compiling module xil_defaultlib.shiftreg(DATA=64)
Compiling module xil_defaultlib.moddiv_by_2(LOGQ=64,LOGN=12,Q=64...
Compiling module xil_defaultlib.shiftreg(SHIFT=0,DATA=1)
Compiling module xil_defaultlib.shiftreg(SHIFT=2,DATA=1)
Compiling module xil_defaultlib.shiftreg(SHIFT=2,DATA=64)
Compiling module xil_defaultlib.shiftreg(SHIFT=2046,DATA=1)
Compiling module xpm.xpm_fifo_rst_default
Compiling module xpm.xpm_fifo_reg_bit
Compiling module xpm.xpm_counter_updn(COUNTER_WIDTH=1...
Compiling module xpm.xpm_counter_updn(COUNTER_WIDTH=1...
Compiling module xpm.xpm_counter_updn(COUNTER_WIDTH=1...
Compiling module xpm.xpm_memory_base(MEMORY_TYPE=1,ME...
Compiling module xpm.xpm_counter_updn(COUNTER_WIDTH=2...
Compiling module xpm.xpm_fifo_base(WRITE_DATA_WIDTH=6...
Compiling module xpm.xpm_fifo_sync(WRITE_DATA_WIDTH=6...
Compiling module xil_defaultlib.ntt_sdf_stage(LOGQ=64,LOGN=12,Q=...
Compiling module xil_defaultlib.shiftreg(SHIFT=1038,DATA=1)
Compiling module xil_defaultlib.bitreverse(LOGN=1)
Compiling module xil_defaultlib.shiftreg(SHIFT=11,DATA=64)
Compiling module xil_defaultlib.csa_2(K=132)
Compiling module xil_defaultlib.csa_tree(SIZE_I=132,DEPTH=3,SIZE...
Compiling module xil_defaultlib.csa_tree(SIZE_I=131,DEPTH=4,SIZE...
Compiling module xil_defaultlib.csa_tree(SIZE_I=130,DEPTH=6,SIZE...
Compiling module xil_defaultlib.csa_tree(SIZE_I=129,DEPTH=8,SIZE...
Compiling module xil_defaultlib.csa_tree(SIZE_I=128,DEPTH=12,SIZ...
Compiling module xil_defaultlib.intmul_default
Compiling module xil_defaultlib.int_mult_add(LOGB=16,LOGC=1,LOGP...
Compiling module xil_defaultlib.int_mult_add(LOGB=16,LOGC=1,LOGP...
Compiling module xil_defaultlib.csa_2(K=113)
Compiling module xil_defaultlib.csa_tree(SIZE_I=113,DEPTH=3,SIZE...
Compiling module xil_defaultlib.wlmont_sub(LOGQ=64,LOGTi=128,LOG...
Compiling module xil_defaultlib.int_mult_add(LOGB=16,LOGC=1,LOGP...
Compiling module xil_defaultlib.int_mult_add(LOGB=16,LOGC=1,LOGP...
Compiling module xil_defaultlib.csa_2(K=98)
Compiling module xil_defaultlib.csa_tree(SIZE_I=98,DEPTH=3,SIZE_...
Compiling module xil_defaultlib.wlmont_sub(LOGQ=64,LOGTi=113,LOG...
Compiling module xil_defaultlib.int_mult_add(LOGB=16,LOGC=1,LOGP...
Compiling module xil_defaultlib.int_mult_add(LOGB=16,LOGC=1,LOGP...
Compiling module xil_defaultlib.csa_2(K=83)
Compiling module xil_defaultlib.csa_tree(SIZE_I=83,DEPTH=3,SIZE_...
Compiling module xil_defaultlib.wlmont_sub(LOGQ=64,LOGTi=98,LOGT...
Compiling module xil_defaultlib.int_mult_add(LOGB=16,LOGC=1,LOGP...
Compiling module xil_defaultlib.int_mult_add(LOGB=16,LOGC=1,LOGP...
Compiling module xil_defaultlib.csa_2(K=68)
Compiling module xil_defaultlib.csa_tree(SIZE_I=68,DEPTH=3,SIZE_...
Compiling module xil_defaultlib.wlmont_sub(LOGQ=64,LOGTi=83,LOGT...
Compiling module xil_defaultlib.wlmont(LOGQ=64,W=16)
Compiling module xil_defaultlib.modmul(LOGQ=64,LOGN=12,Q=64'b100...
Compiling module xil_defaultlib.btf_dit_ct(LOGQ=64,LOGN=12,Q=64'...
Compiling module xil_defaultlib.shiftreg(SHIFT=13,DATA=1)
Compiling module xil_defaultlib.shiftreg(SHIFT=13,DATA=64)
Compiling module xil_defaultlib.shiftreg(SHIFT=1011,DATA=1)
Compiling module xpm.xpm_counter_updn(COUNTER_WIDTH=1...
Compiling module xpm.xpm_counter_updn(COUNTER_WIDTH=1...
Compiling module xpm.xpm_counter_updn(COUNTER_WIDTH=1...
Compiling module xpm.xpm_memory_base(MEMORY_TYPE=1,ME...
Compiling module xpm.xpm_fifo_base(FIFO_WRITE_DEPTH=1...
Compiling module xpm.xpm_fifo_sync(FIFO_WRITE_DEPTH=1...
Compiling module xil_defaultlib.ntt_sdf_stage(LOGQ=64,LOGN=12,Q=...
Compiling module xil_defaultlib.shiftreg(SHIFT=526,DATA=1)
Compiling module xil_defaultlib.bitreverse(LOGN=2)
Compiling module xil_defaultlib.btf_dit_ct(LOGQ=64,LOGN=12,Q=64'...
Compiling module xil_defaultlib.shiftreg(SHIFT=499,DATA=1)
Compiling module xpm.xpm_counter_updn(COUNTER_WIDTH=1...
Compiling module xpm.xpm_counter_updn(COUNTER_WIDTH=9...
Compiling module xpm.xpm_counter_updn(COUNTER_WIDTH=9...
Compiling module xpm.xpm_memory_base(MEMORY_TYPE=1,ME...
Compiling module xpm.xpm_fifo_base(FIFO_WRITE_DEPTH=5...
Compiling module xpm.xpm_fifo_sync(FIFO_WRITE_DEPTH=5...
Compiling module xil_defaultlib.ntt_sdf_stage(LOGQ=64,LOGN=12,Q=...
Compiling module xil_defaultlib.shiftreg(SHIFT=270,DATA=1)
Compiling module xil_defaultlib.bitreverse(LOGN=3)
Compiling module xil_defaultlib.btf_dit_ct(LOGQ=64,LOGN=12,Q=64'...
Compiling module xil_defaultlib.shiftreg(SHIFT=243,DATA=1)
Compiling module xpm.xpm_counter_updn(COUNTER_WIDTH=9...
Compiling module xpm.xpm_counter_updn(COUNTER_WIDTH=8...
Compiling module xpm.xpm_counter_updn(COUNTER_WIDTH=8...
Compiling module xpm.xpm_memory_base(MEMORY_TYPE=1,ME...
Compiling module xpm.xpm_fifo_base(FIFO_WRITE_DEPTH=2...
Compiling module xpm.xpm_fifo_sync(FIFO_WRITE_DEPTH=2...
Compiling module xil_defaultlib.ntt_sdf_stage(LOGQ=64,LOGN=12,Q=...
Compiling module xil_defaultlib.shiftreg(SHIFT=142,DATA=1)
Compiling module xil_defaultlib.bitreverse(LOGN=4)
Compiling module xil_defaultlib.btf_dit_ct(LOGQ=64,LOGN=12,Q=64'...
Compiling module xil_defaultlib.shiftreg(SHIFT=115,DATA=1)
Compiling module xil_defaultlib.shiftreg(SHIFT=115,DATA=64)
Compiling module xil_defaultlib.ntt_sdf_stage(LOGQ=64,LOGN=12,Q=...
Compiling module xil_defaultlib.shiftreg(SHIFT=78,DATA=1)
Compiling module xil_defaultlib.bitreverse(LOGN=5)
Compiling module xil_defaultlib.btf_dit_ct(LOGQ=64,LOGN=12,Q=64'...
Compiling module xil_defaultlib.shiftreg(SHIFT=51,DATA=1)
Compiling module xil_defaultlib.shiftreg(SHIFT=51,DATA=64)
Compiling module xil_defaultlib.ntt_sdf_stage(LOGQ=64,LOGN=12,Q=...
Compiling module xil_defaultlib.shiftreg(SHIFT=46,DATA=1)
Compiling module xil_defaultlib.bitreverse(LOGN=6)
Compiling module xil_defaultlib.btf_dit_ct(LOGQ=64,LOGN=12,Q=64'...
Compiling module xil_defaultlib.shiftreg(SHIFT=19,DATA=1)
Compiling module xil_defaultlib.shiftreg(SHIFT=19,DATA=64)
Compiling module xil_defaultlib.ntt_sdf_stage(LOGQ=64,LOGN=12,Q=...
Compiling module xil_defaultlib.shiftreg(SHIFT=30,DATA=1)
Compiling module xil_defaultlib.bitreverse(LOGN=7)
Compiling module xil_defaultlib.btf_dit_ct(LOGQ=64,LOGN=12,Q=64'...
Compiling module xil_defaultlib.shiftreg(SHIFT=3,DATA=1)
Compiling module xil_defaultlib.shiftreg(SHIFT=3,DATA=64)
Compiling module xil_defaultlib.ntt_sdf_stage(LOGQ=64,LOGN=12,Q=...
Compiling module xil_defaultlib.shiftreg(SHIFT=22,DATA=1)
Compiling module xil_defaultlib.bitreverse(LOGN=8)
Compiling module xil_defaultlib.btf_dit_ct(LOGQ=64,LOGN=12,Q=64'...
Compiling module xil_defaultlib.shiftreg(SHIFT=8,DATA=64)
Compiling module xil_defaultlib.shiftreg(SHIFT=8,DATA=1)
Compiling module xil_defaultlib.ntt_sdf_stage(LOGQ=64,LOGN=12,Q=...
Compiling module xil_defaultlib.shiftreg(SHIFT=18,DATA=1)
Compiling module xil_defaultlib.bitreverse(LOGN=9)
Compiling module xil_defaultlib.btf_dit_ct(LOGQ=64,LOGN=12,Q=64'...
Compiling module xil_defaultlib.shiftreg(SHIFT=4,DATA=64)
Compiling module xil_defaultlib.shiftreg(SHIFT=4,DATA=1)
Compiling module xil_defaultlib.ntt_sdf_stage(LOGQ=64,LOGN=12,Q=...
Compiling module xil_defaultlib.shiftreg(SHIFT=16,DATA=1)
Compiling module xil_defaultlib.bitreverse(LOGN=10)
Compiling module xil_defaultlib.btf_dit_ct(LOGQ=64,LOGN=12,Q=64'...
Compiling module xil_defaultlib.ntt_sdf_stage(LOGQ=64,LOGN=12,Q=...
Compiling module xil_defaultlib.shiftreg(SHIFT=15,DATA=1)
Compiling module xil_defaultlib.bitreverse(LOGN=11)
Compiling module xil_defaultlib.btf_dit_ct(LOGQ=64,LOGN=12,Q=64'...
Compiling module xil_defaultlib.shiftreg(DATA=1)
Compiling module xil_defaultlib.ntt_sdf_stage(LOGQ=64,LOGN=12,Q=...
Compiling module xil_defaultlib.ntt_sdf_wrapper(LOGQ=64,LOGN=12,...
Compiling module xil_defaultlib.shiftreg(SHIFT=10,DATA=1)
Compiling module xil_defaultlib.bitreverse_default
Compiling module xil_defaultlib.ntt_memory_wrapper(LOGQ=64,LOGN=...
Compiling module xil_defaultlib.ntt_tb
Compiling module xil_defaultlib.glbl
Built simulation snapshot ntt_tb_behav

****** Webtalk v2019.1 (64-bit)
  **** SW Build 2552052 on Fri May 24 14:47:09 MDT 2019
  **** IP Build 2548770 on Fri May 24 18:01:18 MDT 2019
    ** Copyright 1986-2019 Xilinx, Inc. All Rights Reserved.

source /home/florian/Desktop/proteus/sdf/ntt_op_7_8/project_1/project_1.sim/sim_1/behav/xsim/xsim.dir/ntt_tb_behav/webtalk/xsim_webtalk.tcl -notrace
INFO: [Common 17-186] '/home/florian/Desktop/proteus/sdf/ntt_op_7_8/project_1/project_1.sim/sim_1/behav/xsim/xsim.dir/ntt_tb_behav/webtalk/usage_statistics_ext_xsim.xml' has been successfully sent to Xilinx on Thu Feb  2 10:56:11 2023. For additional details about this file, please refer to the WebTalk help file at /opt/Xilinx/Vivado/2019.1/doc/webtalk_introduction.html.
INFO: [Common 17-206] Exiting Webtalk at Thu Feb  2 10:56:11 2023...
run_program: Time (s): cpu = 00:00:15 ; elapsed = 00:00:10 . Memory (MB): peak = 7139.844 ; gain = 0.000 ; free physical = 6230 ; free virtual = 23119
INFO: [USF-XSim-69] 'elaborate' step finished in '10' seconds
INFO: [USF-XSim-4] XSim::Simulate design
WARNING: [USF-XSim-17] WCFG file does not exist:/home/florian/Desktop/proteus/sdf/ntt_op_7_8/project_1/tb_behav.wcfg
WARNING: [USF-XSim-17] WCFG file does not exist:/home/florian/Desktop/proteus/sdf/ntt_op_7_8/project_1/tb_behav.wcfg
INFO: [USF-XSim-61] Executing 'SIMULATE' step in '/home/florian/Desktop/proteus/sdf/ntt_op_7_8/project_1/project_1.sim/sim_1/behav/xsim'
INFO: [USF-XSim-98] *** Running xsim
   with args "ntt_tb_behav -key {Behavioral:sim_1:Functional:ntt_tb} -tclbatch {ntt_tb.tcl} -view {/home/florian/Desktop/proteus/sdf/ntt_op_7_8/project_1/tb_sdf_intt_behav.wcfg} -log {simulate.log}"
INFO: [USF-XSim-8] Loading simulator feature
Vivado Simulator 2019.1
Time resolution is 1 ps
open_wave_config /home/florian/Desktop/proteus/sdf/ntt_op_7_8/project_1/tb_sdf_intt_behav.wcfg
source ntt_tb.tcl
# set curr_wave [current_wave_config]
# if { [string length $curr_wave] == 0 } {
#   if { [llength [get_objects]] > 0} {
#     add_wave /
#     set_property needs_save false [current_wave_config]
#   } else {
#      send_msg_id Add_Wave-1 WARNING "No top level signals found. Simulator will start without a wave window. If you want to open a wave window go to 'File->New Waveform Configuration' or type 'create_wave_config' in the TCL console."
#   }
# }
# run 2000ns
Info: [XPM_MEMORY 20-1] MEMORY_PRIMITIVE (0) instructs Vivado Synthesis to choose the memory primitive type. Depending on their values, other XPM_MEMORY parameters may preclude the choice of certain memory primitive types. Review XPM_MEMORY documentation and parameter values to understand any limitations, or set MEMORY_PRIMITIVE to a different value. ntt_tb.DUT_FNTT_MEM_WRAPPER.DUT_NTT.genblk3[0].NTT_SDF_STAGE.genblk4.xpm_fifo_sync_inst.xpm_fifo_base_inst.gen_sdpram.xpm_memory_base_inst.config_drc
Time: 1 ps  Iteration: 0  Process: /ntt_tb/DUT_FNTT_MEM_WRAPPER/DUT_NTT/genblk3[0].NTT_SDF_STAGE/genblk4.xpm_fifo_sync_inst/xpm_fifo_base_inst/gen_sdpram.xpm_memory_base_inst/Initial290_4141  File: /wrk/2019.1/continuous/2019_05_24_2552052/packages/customer/vivado/data/ip/xpm/xpm_memory/hdl/xpm_memory.sv
Info: [XPM_MEMORY 20-1] MEMORY_PRIMITIVE (0) instructs Vivado Synthesis to choose the memory primitive type. Depending on their values, other XPM_MEMORY parameters may preclude the choice of certain memory primitive types. Review XPM_MEMORY documentation and parameter values to understand any limitations, or set MEMORY_PRIMITIVE to a different value. ntt_tb.DUT_FNTT_MEM_WRAPPER.DUT_NTT.genblk3[1].NTT_SDF_STAGE.genblk4.xpm_fifo_sync_inst.xpm_fifo_base_inst.gen_sdpram.xpm_memory_base_inst.config_drc
Time: 1 ps  Iteration: 0  Process: /ntt_tb/DUT_FNTT_MEM_WRAPPER/DUT_NTT/genblk3[1].NTT_SDF_STAGE/genblk4.xpm_fifo_sync_inst/xpm_fifo_base_inst/gen_sdpram.xpm_memory_base_inst/Initial290_6355  File: /wrk/2019.1/continuous/2019_05_24_2552052/packages/customer/vivado/data/ip/xpm/xpm_memory/hdl/xpm_memory.sv
Info: [XPM_MEMORY 20-1] MEMORY_PRIMITIVE (0) instructs Vivado Synthesis to choose the memory primitive type. Depending on their values, other XPM_MEMORY parameters may preclude the choice of certain memory primitive types. Review XPM_MEMORY documentation and parameter values to understand any limitations, or set MEMORY_PRIMITIVE to a different value. ntt_tb.DUT_FNTT_MEM_WRAPPER.DUT_NTT.genblk3[2].NTT_SDF_STAGE.genblk4.xpm_fifo_sync_inst.xpm_fifo_base_inst.gen_sdpram.xpm_memory_base_inst.config_drc
Time: 1 ps  Iteration: 0  Process: /ntt_tb/DUT_FNTT_MEM_WRAPPER/DUT_NTT/genblk3[2].NTT_SDF_STAGE/genblk4.xpm_fifo_sync_inst/xpm_fifo_base_inst/gen_sdpram.xpm_memory_base_inst/Initial290_7533  File: /wrk/2019.1/continuous/2019_05_24_2552052/packages/customer/vivado/data/ip/xpm/xpm_memory/hdl/xpm_memory.sv
Info: [XPM_MEMORY 20-1] MEMORY_PRIMITIVE (0) instructs Vivado Synthesis to choose the memory primitive type. Depending on their values, other XPM_MEMORY parameters may preclude the choice of certain memory primitive types. Review XPM_MEMORY documentation and parameter values to understand any limitations, or set MEMORY_PRIMITIVE to a different value. ntt_tb.DUT_FNTT_MEM_WRAPPER.DUT_NTT.genblk3[3].NTT_SDF_STAGE.genblk4.xpm_fifo_sync_inst.xpm_fifo_base_inst.gen_sdpram.xpm_memory_base_inst.config_drc
Time: 1 ps  Iteration: 0  Process: /ntt_tb/DUT_FNTT_MEM_WRAPPER/DUT_NTT/genblk3[3].NTT_SDF_STAGE/genblk4.xpm_fifo_sync_inst/xpm_fifo_base_inst/gen_sdpram.xpm_memory_base_inst/Initial290_8199  File: /wrk/2019.1/continuous/2019_05_24_2552052/packages/customer/vivado/data/ip/xpm/xpm_memory/hdl/xpm_memory.sv
Info: [XPM_MEMORY 20-1] MEMORY_PRIMITIVE (0) instructs Vivado Synthesis to choose the memory primitive type. Depending on their values, other XPM_MEMORY parameters may preclude the choice of certain memory primitive types. Review XPM_MEMORY documentation and parameter values to understand any limitations, or set MEMORY_PRIMITIVE to a different value. ntt_tb.DUT_INTT_MEM_WRAPPER.DUT_NTT.genblk3[0].NTT_SDF_STAGE.genblk4.xpm_fifo_sync_inst.xpm_fifo_base_inst.gen_sdpram.xpm_memory_base_inst.config_drc
Time: 1 ps  Iteration: 0  Process: /ntt_tb/DUT_INTT_MEM_WRAPPER/DUT_NTT/genblk3[0].NTT_SDF_STAGE/genblk4.xpm_fifo_sync_inst/xpm_fifo_base_inst/gen_sdpram.xpm_memory_base_inst/Initial290_4141  File: /wrk/2019.1/continuous/2019_05_24_2552052/packages/customer/vivado/data/ip/xpm/xpm_memory/hdl/xpm_memory.sv
Info: [XPM_MEMORY 20-1] MEMORY_PRIMITIVE (0) instructs Vivado Synthesis to choose the memory primitive type. Depending on their values, other XPM_MEMORY parameters may preclude the choice of certain memory primitive types. Review XPM_MEMORY documentation and parameter values to understand any limitations, or set MEMORY_PRIMITIVE to a different value. ntt_tb.DUT_INTT_MEM_WRAPPER.DUT_NTT.genblk3[1].NTT_SDF_STAGE.genblk4.xpm_fifo_sync_inst.xpm_fifo_base_inst.gen_sdpram.xpm_memory_base_inst.config_drc
Time: 1 ps  Iteration: 0  Process: /ntt_tb/DUT_INTT_MEM_WRAPPER/DUT_NTT/genblk3[1].NTT_SDF_STAGE/genblk4.xpm_fifo_sync_inst/xpm_fifo_base_inst/gen_sdpram.xpm_memory_base_inst/Initial290_6355  File: /wrk/2019.1/continuous/2019_05_24_2552052/packages/customer/vivado/data/ip/xpm/xpm_memory/hdl/xpm_memory.sv
Info: [XPM_MEMORY 20-1] MEMORY_PRIMITIVE (0) instructs Vivado Synthesis to choose the memory primitive type. Depending on their values, other XPM_MEMORY parameters may preclude the choice of certain memory primitive types. Review XPM_MEMORY documentation and parameter values to understand any limitations, or set MEMORY_PRIMITIVE to a different value. ntt_tb.DUT_INTT_MEM_WRAPPER.DUT_NTT.genblk3[2].NTT_SDF_STAGE.genblk4.xpm_fifo_sync_inst.xpm_fifo_base_inst.gen_sdpram.xpm_memory_base_inst.config_drc
Time: 1 ps  Iteration: 0  Process: /ntt_tb/DUT_INTT_MEM_WRAPPER/DUT_NTT/genblk3[2].NTT_SDF_STAGE/genblk4.xpm_fifo_sync_inst/xpm_fifo_base_inst/gen_sdpram.xpm_memory_base_inst/Initial290_7533  File: /wrk/2019.1/continuous/2019_05_24_2552052/packages/customer/vivado/data/ip/xpm/xpm_memory/hdl/xpm_memory.sv
Info: [XPM_MEMORY 20-1] MEMORY_PRIMITIVE (0) instructs Vivado Synthesis to choose the memory primitive type. Depending on their values, other XPM_MEMORY parameters may preclude the choice of certain memory primitive types. Review XPM_MEMORY documentation and parameter values to understand any limitations, or set MEMORY_PRIMITIVE to a different value. ntt_tb.DUT_INTT_MEM_WRAPPER.DUT_NTT.genblk3[3].NTT_SDF_STAGE.genblk4.xpm_fifo_sync_inst.xpm_fifo_base_inst.gen_sdpram.xpm_memory_base_inst.config_drc
Time: 1 ps  Iteration: 0  Process: /ntt_tb/DUT_INTT_MEM_WRAPPER/DUT_NTT/genblk3[3].NTT_SDF_STAGE/genblk4.xpm_fifo_sync_inst/xpm_fifo_base_inst/gen_sdpram.xpm_memory_base_inst/Initial290_8199  File: /wrk/2019.1/continuous/2019_05_24_2552052/packages/customer/vivado/data/ip/xpm/xpm_memory/hdl/xpm_memory.sv
INFO: [USF-XSim-96] XSim completed. Design snapshot 'ntt_tb_behav' loaded.
INFO: [USF-XSim-97] XSim simulation ran for 2000ns
launch_simulation: Time (s): cpu = 00:00:21 ; elapsed = 00:00:14 . Memory (MB): peak = 7406.922 ; gain = 267.078 ; free physical = 6040 ; free virtual = 22943
run 200 us
run: Time (s): cpu = 00:00:12 ; elapsed = 00:01:07 . Memory (MB): peak = 7430.941 ; gain = 19.859 ; free physical = 6006 ; free virtual = 22913
save_wave_config {/home/florian/Desktop/proteus/sdf/ntt_op_7_8/project_1/tb_sdf_intt_behav.wcfg}
relaunch_sim
INFO: [Vivado 12-5698] Checking validity of IPs in the design for the 'XSim' simulator...
INFO: [Vivado 12-5682] Launching behavioral simulation in '/home/florian/Desktop/proteus/sdf/ntt_op_7_8/project_1/project_1.sim/sim_1/behav/xsim'
INFO: [Vivado 12-4795] Using compiled simulation libraries for IPs
INFO: [SIM-utils-51] Simulation object is 'sim_1'
INFO: [USF-XSim-7] Finding pre-compiled libraries...
INFO: [USF-XSim-11] File '/opt/Xilinx/Vivado/2019.1/data/xsim/xsim.ini' copied to run dir:'/home/florian/Desktop/proteus/sdf/ntt_op_7_8/project_1/project_1.sim/sim_1/behav/xsim'
INFO: [SIM-utils-54] Inspecting design source files for 'ntt_tb' in fileset 'sim_1'...
INFO: [SIM-utils-43] Exported '/home/florian/Desktop/proteus/sdf/ntt_op_7_8/project_1/project_1.sim/sim_1/behav/xsim/NTT_DOUT.mem'
INFO: [SIM-utils-43] Exported '/home/florian/Desktop/proteus/sdf/ntt_op_7_8/project_1/project_1.sim/sim_1/behav/xsim/NTT_DIN.mem'
INFO: [SIM-utils-43] Exported '/home/florian/Desktop/proteus/sdf/ntt_op_7_8/project_1/project_1.sim/sim_1/behav/xsim/INTT_DOUT.mem'
INFO: [SIM-utils-43] Exported '/home/florian/Desktop/proteus/sdf/ntt_op_7_8/project_1/project_1.sim/sim_1/behav/xsim/INTT_DIN.mem'
INFO: [SIM-utils-43] Exported '/home/florian/Desktop/proteus/sdf/ntt_op_7_8/project_1/project_1.sim/sim_1/behav/xsim/INTT_DOUT.mem'
INFO: [SIM-utils-43] Exported '/home/florian/Desktop/proteus/sdf/ntt_op_7_8/project_1/project_1.sim/sim_1/behav/xsim/INTT_DIN.mem'
INFO: [USF-XSim-97] Finding global include files...
INFO: [USF-XSim-98] Fetching design files from 'sim_1'...
INFO: [USF-XSim-2] XSim::Compile design
INFO: [USF-XSim-61] Executing 'COMPILE and ANALYZE' step in '/home/florian/Desktop/proteus/sdf/ntt_op_7_8/project_1/project_1.sim/sim_1/behav/xsim'
xvlog --incr --relax -L axi_vip_v1_1_5 -L processing_system7_vip_v1_0_7 -L xilinx_vip -prj ntt_tb_vlog.prj
INFO: [USF-XSim-69] 'compile' step finished in '1' seconds
INFO: [Vivado 12-5698] Checking validity of IPs in the design for the 'XSim' simulator...
INFO: [Vivado 12-5682] Launching behavioral simulation in '/home/florian/Desktop/proteus/sdf/ntt_op_7_8/project_1/project_1.sim/sim_1/behav/xsim'
INFO: [Vivado 12-4795] Using compiled simulation libraries for IPs
INFO: [USF-XSim-3] XSim::Elaborate design
INFO: [USF-XSim-61] Executing 'ELABORATE' step in '/home/florian/Desktop/proteus/sdf/ntt_op_7_8/project_1/project_1.sim/sim_1/behav/xsim'
xelab -wto 5622309cf07a428893ca36aaeb3cc5d4 --incr --debug typical --rangecheck --relax --mt 8 -L xil_defaultlib -L xilinx_vip -L unisims_ver -L unimacro_ver -L secureip -L xpm --snapshot ntt_tb_behav xil_defaultlib.ntt_tb xil_defaultlib.glbl -log elaborate.log
Vivado Simulator 2019.1
Copyright 1986-1999, 2001-2019 Xilinx, Inc. All Rights Reserved.
Running: /opt/Xilinx/Vivado/2019.1/bin/unwrapped/lnx64.o/xelab -wto 5622309cf07a428893ca36aaeb3cc5d4 --incr --debug typical --rangecheck --relax --mt 8 -L xil_defaultlib -L xilinx_vip -L unisims_ver -L unimacro_ver -L secureip -L xpm --snapshot ntt_tb_behav xil_defaultlib.ntt_tb xil_defaultlib.glbl -log elaborate.log 
Using 8 slave threads.
Starting static elaboration
WARNING: [VRFC 10-3091] actual bit length 12 differs from formal bit length 2 for port 'a' [/home/florian/Desktop/proteus/sdf/ntt_op_7_8/Verilog_src/ntt/sdf_stage.v:98]
WARNING: [VRFC 10-3091] actual bit length 13 differs from formal bit length 12 for port 'a' [/home/florian/Desktop/proteus/sdf/ntt_op_7_8/Verilog_src/ntt/ntt_memory_wrapper.v:131]
Completed static elaboration
INFO: [XSIM 43-4323] No Change in HDL. Linking previously generated obj files to create kernel
INFO: [USF-XSim-69] 'elaborate' step finished in '1' seconds
Vivado Simulator 2019.1
Time resolution is 1 ps
Info: [XPM_MEMORY 20-1] MEMORY_PRIMITIVE (0) instructs Vivado Synthesis to choose the memory primitive type. Depending on their values, other XPM_MEMORY parameters may preclude the choice of certain memory primitive types. Review XPM_MEMORY documentation and parameter values to understand any limitations, or set MEMORY_PRIMITIVE to a different value. ntt_tb.DUT_FNTT_MEM_WRAPPER.DUT_NTT.genblk3[0].NTT_SDF_STAGE.genblk4.xpm_fifo_sync_inst.xpm_fifo_base_inst.gen_sdpram.xpm_memory_base_inst.config_drc
Time: 1 ps  Iteration: 0  Process: /ntt_tb/DUT_FNTT_MEM_WRAPPER/DUT_NTT/genblk3[0].NTT_SDF_STAGE/genblk4.xpm_fifo_sync_inst/xpm_fifo_base_inst/gen_sdpram.xpm_memory_base_inst/Initial290_4141  File: /wrk/2019.1/continuous/2019_05_24_2552052/packages/customer/vivado/data/ip/xpm/xpm_memory/hdl/xpm_memory.sv
Info: [XPM_MEMORY 20-1] MEMORY_PRIMITIVE (0) instructs Vivado Synthesis to choose the memory primitive type. Depending on their values, other XPM_MEMORY parameters may preclude the choice of certain memory primitive types. Review XPM_MEMORY documentation and parameter values to understand any limitations, or set MEMORY_PRIMITIVE to a different value. ntt_tb.DUT_FNTT_MEM_WRAPPER.DUT_NTT.genblk3[1].NTT_SDF_STAGE.genblk4.xpm_fifo_sync_inst.xpm_fifo_base_inst.gen_sdpram.xpm_memory_base_inst.config_drc
Time: 1 ps  Iteration: 0  Process: /ntt_tb/DUT_FNTT_MEM_WRAPPER/DUT_NTT/genblk3[1].NTT_SDF_STAGE/genblk4.xpm_fifo_sync_inst/xpm_fifo_base_inst/gen_sdpram.xpm_memory_base_inst/Initial290_6355  File: /wrk/2019.1/continuous/2019_05_24_2552052/packages/customer/vivado/data/ip/xpm/xpm_memory/hdl/xpm_memory.sv
Info: [XPM_MEMORY 20-1] MEMORY_PRIMITIVE (0) instructs Vivado Synthesis to choose the memory primitive type. Depending on their values, other XPM_MEMORY parameters may preclude the choice of certain memory primitive types. Review XPM_MEMORY documentation and parameter values to understand any limitations, or set MEMORY_PRIMITIVE to a different value. ntt_tb.DUT_FNTT_MEM_WRAPPER.DUT_NTT.genblk3[2].NTT_SDF_STAGE.genblk4.xpm_fifo_sync_inst.xpm_fifo_base_inst.gen_sdpram.xpm_memory_base_inst.config_drc
Time: 1 ps  Iteration: 0  Process: /ntt_tb/DUT_FNTT_MEM_WRAPPER/DUT_NTT/genblk3[2].NTT_SDF_STAGE/genblk4.xpm_fifo_sync_inst/xpm_fifo_base_inst/gen_sdpram.xpm_memory_base_inst/Initial290_7533  File: /wrk/2019.1/continuous/2019_05_24_2552052/packages/customer/vivado/data/ip/xpm/xpm_memory/hdl/xpm_memory.sv
Info: [XPM_MEMORY 20-1] MEMORY_PRIMITIVE (0) instructs Vivado Synthesis to choose the memory primitive type. Depending on their values, other XPM_MEMORY parameters may preclude the choice of certain memory primitive types. Review XPM_MEMORY documentation and parameter values to understand any limitations, or set MEMORY_PRIMITIVE to a different value. ntt_tb.DUT_FNTT_MEM_WRAPPER.DUT_NTT.genblk3[3].NTT_SDF_STAGE.genblk4.xpm_fifo_sync_inst.xpm_fifo_base_inst.gen_sdpram.xpm_memory_base_inst.config_drc
Time: 1 ps  Iteration: 0  Process: /ntt_tb/DUT_FNTT_MEM_WRAPPER/DUT_NTT/genblk3[3].NTT_SDF_STAGE/genblk4.xpm_fifo_sync_inst/xpm_fifo_base_inst/gen_sdpram.xpm_memory_base_inst/Initial290_8199  File: /wrk/2019.1/continuous/2019_05_24_2552052/packages/customer/vivado/data/ip/xpm/xpm_memory/hdl/xpm_memory.sv
Info: [XPM_MEMORY 20-1] MEMORY_PRIMITIVE (0) instructs Vivado Synthesis to choose the memory primitive type. Depending on their values, other XPM_MEMORY parameters may preclude the choice of certain memory primitive types. Review XPM_MEMORY documentation and parameter values to understand any limitations, or set MEMORY_PRIMITIVE to a different value. ntt_tb.DUT_INTT_MEM_WRAPPER.DUT_NTT.genblk3[0].NTT_SDF_STAGE.genblk4.xpm_fifo_sync_inst.xpm_fifo_base_inst.gen_sdpram.xpm_memory_base_inst.config_drc
Time: 1 ps  Iteration: 0  Process: /ntt_tb/DUT_INTT_MEM_WRAPPER/DUT_NTT/genblk3[0].NTT_SDF_STAGE/genblk4.xpm_fifo_sync_inst/xpm_fifo_base_inst/gen_sdpram.xpm_memory_base_inst/Initial290_4141  File: /wrk/2019.1/continuous/2019_05_24_2552052/packages/customer/vivado/data/ip/xpm/xpm_memory/hdl/xpm_memory.sv
Info: [XPM_MEMORY 20-1] MEMORY_PRIMITIVE (0) instructs Vivado Synthesis to choose the memory primitive type. Depending on their values, other XPM_MEMORY parameters may preclude the choice of certain memory primitive types. Review XPM_MEMORY documentation and parameter values to understand any limitations, or set MEMORY_PRIMITIVE to a different value. ntt_tb.DUT_INTT_MEM_WRAPPER.DUT_NTT.genblk3[1].NTT_SDF_STAGE.genblk4.xpm_fifo_sync_inst.xpm_fifo_base_inst.gen_sdpram.xpm_memory_base_inst.config_drc
Time: 1 ps  Iteration: 0  Process: /ntt_tb/DUT_INTT_MEM_WRAPPER/DUT_NTT/genblk3[1].NTT_SDF_STAGE/genblk4.xpm_fifo_sync_inst/xpm_fifo_base_inst/gen_sdpram.xpm_memory_base_inst/Initial290_6355  File: /wrk/2019.1/continuous/2019_05_24_2552052/packages/customer/vivado/data/ip/xpm/xpm_memory/hdl/xpm_memory.sv
Info: [XPM_MEMORY 20-1] MEMORY_PRIMITIVE (0) instructs Vivado Synthesis to choose the memory primitive type. Depending on their values, other XPM_MEMORY parameters may preclude the choice of certain memory primitive types. Review XPM_MEMORY documentation and parameter values to understand any limitations, or set MEMORY_PRIMITIVE to a different value. ntt_tb.DUT_INTT_MEM_WRAPPER.DUT_NTT.genblk3[2].NTT_SDF_STAGE.genblk4.xpm_fifo_sync_inst.xpm_fifo_base_inst.gen_sdpram.xpm_memory_base_inst.config_drc
Time: 1 ps  Iteration: 0  Process: /ntt_tb/DUT_INTT_MEM_WRAPPER/DUT_NTT/genblk3[2].NTT_SDF_STAGE/genblk4.xpm_fifo_sync_inst/xpm_fifo_base_inst/gen_sdpram.xpm_memory_base_inst/Initial290_7533  File: /wrk/2019.1/continuous/2019_05_24_2552052/packages/customer/vivado/data/ip/xpm/xpm_memory/hdl/xpm_memory.sv
Info: [XPM_MEMORY 20-1] MEMORY_PRIMITIVE (0) instructs Vivado Synthesis to choose the memory primitive type. Depending on their values, other XPM_MEMORY parameters may preclude the choice of certain memory primitive types. Review XPM_MEMORY documentation and parameter values to understand any limitations, or set MEMORY_PRIMITIVE to a different value. ntt_tb.DUT_INTT_MEM_WRAPPER.DUT_NTT.genblk3[3].NTT_SDF_STAGE.genblk4.xpm_fifo_sync_inst.xpm_fifo_base_inst.gen_sdpram.xpm_memory_base_inst.config_drc
Time: 1 ps  Iteration: 0  Process: /ntt_tb/DUT_INTT_MEM_WRAPPER/DUT_NTT/genblk3[3].NTT_SDF_STAGE/genblk4.xpm_fifo_sync_inst/xpm_fifo_base_inst/gen_sdpram.xpm_memory_base_inst/Initial290_8199  File: /wrk/2019.1/continuous/2019_05_24_2552052/packages/customer/vivado/data/ip/xpm/xpm_memory/hdl/xpm_memory.sv
relaunch_sim: Time (s): cpu = 00:01:13 ; elapsed = 00:00:08 . Memory (MB): peak = 7481.578 ; gain = 27.012 ; free physical = 6136 ; free virtual = 23038
run 200 us
run: Time (s): cpu = 00:00:05 ; elapsed = 00:01:10 . Memory (MB): peak = 7586.613 ; gain = 105.035 ; free physical = 5911 ; free virtual = 22851
close_sim
INFO: [Simtcl 6-16] Simulation closed
exit
INFO: [Common 17-206] Exiting Vivado at Thu Feb  2 11:01:45 2023...
