Copyright 1986-2019 Xilinx, Inc. All Rights Reserved.
--------------------------------------------------------------------------------------------------------------------------------------------------------------------------------------------
| Tool Version : Vivado v.2019.1 (lin64) Build 2552052 Fri May 24 14:47:09 MDT 2019
| Date         : Sun Feb 12 21:41:22 2023
| Host         : x1g9 running 64-bit Ubuntu 20.04.5 LTS
| Command      : report_methodology -file ntt_memory_wrapper_methodology_drc_routed.rpt -pb ntt_memory_wrapper_methodology_drc_routed.pb -rpx ntt_memory_wrapper_methodology_drc_routed.rpx
| Design       : ntt_memory_wrapper
| Device       : xc7vx485tffg1157-1
| Speed File   : -1
| Design State : Fully Routed
--------------------------------------------------------------------------------------------------------------------------------------------------------------------------------------------

Report Methodology

Table of Contents
-----------------
1. REPORT SUMMARY
2. REPORT DETAILS

1. REPORT SUMMARY
-----------------
            Netlist: netlist
          Floorplan: design_1
      Design limits: <entire design considered>
             Max violations: <unlimited>
             Violations found: 190
+-----------+----------+--------------------------------------------+------------+
| Rule      | Severity | Description                                | Violations |
+-----------+----------+--------------------------------------------+------------+
| SYNTH-6   | Warning  | Timing of a block RAM might be sub-optimal | 4          |
| SYNTH-12  | Warning  | DSP input not registered                   | 20         |
| TIMING-18 | Warning  | Missing input or output delay              | 166        |
+-----------+----------+--------------------------------------------+------------+

2. REPORT DETAILS
-----------------
SYNTH-6#1 Warning
Timing of a block RAM might be sub-optimal  
The timing for the instance NTT_MDC_WRAPPER/genblk2[8].TW_ROM/itw8/brom_out_reg, implemented as a block RAM, might be sub-optimal as no output register was merged into the block
Related violations: <none>

SYNTH-6#2 Warning
Timing of a block RAM might be sub-optimal  
The timing for the instance NTT_MDC_WRAPPER/genblk2[8].TW_ROM/tw8/brom_out_reg, implemented as a block RAM, might be sub-optimal as no output register was merged into the block
Related violations: <none>

SYNTH-6#3 Warning
Timing of a block RAM might be sub-optimal  
The timing for the instance NTT_MDC_WRAPPER/genblk2[9].TW_ROM/itw9/brom_out_reg, implemented as a block RAM, might be sub-optimal as no output register was merged into the block
Related violations: <none>

SYNTH-6#4 Warning
Timing of a block RAM might be sub-optimal  
The timing for the instance NTT_MDC_WRAPPER/genblk2[9].TW_ROM/tw9/brom_out_reg, implemented as a block RAM, might be sub-optimal as no output register was merged into the block
Related violations: <none>

SYNTH-12#1 Warning
DSP input not registered  
DSP instance NTT_MDC_WRAPPER/genblk3[0].NTT_MDC_STAGE/BTF_UNIFIED/MODMUL/INTMUL/genblk3[0].genblk1[0].MUL_reg[0] is not fully pipelined on the input side. AREG/BREG/CREG/DREG are not used.
Related violations: <none>

SYNTH-12#2 Warning
DSP input not registered  
DSP instance NTT_MDC_WRAPPER/genblk3[0].NTT_MDC_STAGE/BTF_UNIFIED/MODMUL/INTMUL/genblk3[1].genblk1[0].MUL_reg[2] is not fully pipelined on the input side. AREG/BREG/CREG/DREG are not used.
Related violations: <none>

SYNTH-12#3 Warning
DSP input not registered  
DSP instance NTT_MDC_WRAPPER/genblk3[1].NTT_MDC_STAGE/BTF_UNIFIED/MODMUL/INTMUL/genblk3[0].genblk1[0].MUL_reg[0] is not fully pipelined on the input side. AREG/BREG/CREG/DREG are not used.
Related violations: <none>

SYNTH-12#4 Warning
DSP input not registered  
DSP instance NTT_MDC_WRAPPER/genblk3[1].NTT_MDC_STAGE/BTF_UNIFIED/MODMUL/INTMUL/genblk3[1].genblk1[0].MUL_reg[2] is not fully pipelined on the input side. AREG/BREG/CREG/DREG are not used.
Related violations: <none>

SYNTH-12#5 Warning
DSP input not registered  
DSP instance NTT_MDC_WRAPPER/genblk3[2].NTT_MDC_STAGE/BTF_UNIFIED/MODMUL/INTMUL/genblk3[0].genblk1[0].MUL_reg[0] is not fully pipelined on the input side. AREG/BREG/CREG/DREG are not used.
Related violations: <none>

SYNTH-12#6 Warning
DSP input not registered  
DSP instance NTT_MDC_WRAPPER/genblk3[2].NTT_MDC_STAGE/BTF_UNIFIED/MODMUL/INTMUL/genblk3[1].genblk1[0].MUL_reg[2] is not fully pipelined on the input side. AREG/BREG/CREG/DREG are not used.
Related violations: <none>

SYNTH-12#7 Warning
DSP input not registered  
DSP instance NTT_MDC_WRAPPER/genblk3[3].NTT_MDC_STAGE/BTF_UNIFIED/MODMUL/INTMUL/genblk3[0].genblk1[0].MUL_reg[0] is not fully pipelined on the input side. AREG/BREG/CREG/DREG are not used.
Related violations: <none>

SYNTH-12#8 Warning
DSP input not registered  
DSP instance NTT_MDC_WRAPPER/genblk3[3].NTT_MDC_STAGE/BTF_UNIFIED/MODMUL/INTMUL/genblk3[1].genblk1[0].MUL_reg[2] is not fully pipelined on the input side. AREG/BREG/CREG/DREG are not used.
Related violations: <none>

SYNTH-12#9 Warning
DSP input not registered  
DSP instance NTT_MDC_WRAPPER/genblk3[4].NTT_MDC_STAGE/BTF_UNIFIED/MODMUL/INTMUL/genblk3[0].genblk1[0].MUL_reg[0] is not fully pipelined on the input side. AREG/BREG/CREG/DREG are not used.
Related violations: <none>

SYNTH-12#10 Warning
DSP input not registered  
DSP instance NTT_MDC_WRAPPER/genblk3[4].NTT_MDC_STAGE/BTF_UNIFIED/MODMUL/INTMUL/genblk3[1].genblk1[0].MUL_reg[2] is not fully pipelined on the input side. AREG/BREG/CREG/DREG are not used.
Related violations: <none>

SYNTH-12#11 Warning
DSP input not registered  
DSP instance NTT_MDC_WRAPPER/genblk3[5].NTT_MDC_STAGE/BTF_UNIFIED/MODMUL/INTMUL/genblk3[0].genblk1[0].MUL_reg[0] is not fully pipelined on the input side. AREG/BREG/CREG/DREG are not used.
Related violations: <none>

SYNTH-12#12 Warning
DSP input not registered  
DSP instance NTT_MDC_WRAPPER/genblk3[5].NTT_MDC_STAGE/BTF_UNIFIED/MODMUL/INTMUL/genblk3[1].genblk1[0].MUL_reg[2] is not fully pipelined on the input side. AREG/BREG/CREG/DREG are not used.
Related violations: <none>

SYNTH-12#13 Warning
DSP input not registered  
DSP instance NTT_MDC_WRAPPER/genblk3[6].NTT_MDC_STAGE/BTF_UNIFIED/MODMUL/INTMUL/genblk3[0].genblk1[0].MUL_reg[0] is not fully pipelined on the input side. AREG/BREG/CREG/DREG are not used.
Related violations: <none>

SYNTH-12#14 Warning
DSP input not registered  
DSP instance NTT_MDC_WRAPPER/genblk3[6].NTT_MDC_STAGE/BTF_UNIFIED/MODMUL/INTMUL/genblk3[1].genblk1[0].MUL_reg[2] is not fully pipelined on the input side. AREG/BREG/CREG/DREG are not used.
Related violations: <none>

SYNTH-12#15 Warning
DSP input not registered  
DSP instance NTT_MDC_WRAPPER/genblk3[7].NTT_MDC_STAGE/BTF_UNIFIED/MODMUL/INTMUL/genblk3[0].genblk1[0].MUL_reg[0] is not fully pipelined on the input side. AREG/BREG/CREG/DREG are not used.
Related violations: <none>

SYNTH-12#16 Warning
DSP input not registered  
DSP instance NTT_MDC_WRAPPER/genblk3[7].NTT_MDC_STAGE/BTF_UNIFIED/MODMUL/INTMUL/genblk3[1].genblk1[0].MUL_reg[2] is not fully pipelined on the input side. AREG/BREG/CREG/DREG are not used.
Related violations: <none>

SYNTH-12#17 Warning
DSP input not registered  
DSP instance NTT_MDC_WRAPPER/genblk3[8].NTT_MDC_STAGE/BTF_UNIFIED/MODMUL/INTMUL/genblk3[0].genblk1[0].MUL_reg[0] is not fully pipelined on the input side. AREG/BREG/CREG/DREG are not used.
Related violations: <none>

SYNTH-12#18 Warning
DSP input not registered  
DSP instance NTT_MDC_WRAPPER/genblk3[8].NTT_MDC_STAGE/BTF_UNIFIED/MODMUL/INTMUL/genblk3[1].genblk1[0].MUL_reg[2] is not fully pipelined on the input side. AREG/BREG/CREG/DREG are not used.
Related violations: <none>

SYNTH-12#19 Warning
DSP input not registered  
DSP instance NTT_MDC_WRAPPER/genblk3[9].NTT_MDC_STAGE/BTF_UNIFIED/MODMUL/INTMUL/genblk3[0].genblk1[0].MUL_reg[0] is not fully pipelined on the input side. AREG/BREG/CREG/DREG are not used.
Related violations: <none>

SYNTH-12#20 Warning
DSP input not registered  
DSP instance NTT_MDC_WRAPPER/genblk3[9].NTT_MDC_STAGE/BTF_UNIFIED/MODMUL/INTMUL/genblk3[1].genblk1[0].MUL_reg[2] is not fully pipelined on the input side. AREG/BREG/CREG/DREG are not used.
Related violations: <none>

TIMING-18#1 Warning
Missing input or output delay  
An input delay is missing on btf_gs relative to clock(s) clk
Related violations: <none>

TIMING-18#2 Warning
Missing input or output delay  
An input delay is missing on data64_in_0[0] relative to clock(s) clk
Related violations: <none>

TIMING-18#3 Warning
Missing input or output delay  
An input delay is missing on data64_in_0[10] relative to clock(s) clk
Related violations: <none>

TIMING-18#4 Warning
Missing input or output delay  
An input delay is missing on data64_in_0[11] relative to clock(s) clk
Related violations: <none>

TIMING-18#5 Warning
Missing input or output delay  
An input delay is missing on data64_in_0[12] relative to clock(s) clk
Related violations: <none>

TIMING-18#6 Warning
Missing input or output delay  
An input delay is missing on data64_in_0[13] relative to clock(s) clk
Related violations: <none>

TIMING-18#7 Warning
Missing input or output delay  
An input delay is missing on data64_in_0[14] relative to clock(s) clk
Related violations: <none>

TIMING-18#8 Warning
Missing input or output delay  
An input delay is missing on data64_in_0[15] relative to clock(s) clk
Related violations: <none>

TIMING-18#9 Warning
Missing input or output delay  
An input delay is missing on data64_in_0[16] relative to clock(s) clk
Related violations: <none>

TIMING-18#10 Warning
Missing input or output delay  
An input delay is missing on data64_in_0[17] relative to clock(s) clk
Related violations: <none>

TIMING-18#11 Warning
Missing input or output delay  
An input delay is missing on data64_in_0[18] relative to clock(s) clk
Related violations: <none>

TIMING-18#12 Warning
Missing input or output delay  
An input delay is missing on data64_in_0[19] relative to clock(s) clk
Related violations: <none>

TIMING-18#13 Warning
Missing input or output delay  
An input delay is missing on data64_in_0[1] relative to clock(s) clk
Related violations: <none>

TIMING-18#14 Warning
Missing input or output delay  
An input delay is missing on data64_in_0[20] relative to clock(s) clk
Related violations: <none>

TIMING-18#15 Warning
Missing input or output delay  
An input delay is missing on data64_in_0[21] relative to clock(s) clk
Related violations: <none>

TIMING-18#16 Warning
Missing input or output delay  
An input delay is missing on data64_in_0[22] relative to clock(s) clk
Related violations: <none>

TIMING-18#17 Warning
Missing input or output delay  
An input delay is missing on data64_in_0[23] relative to clock(s) clk
Related violations: <none>

TIMING-18#18 Warning
Missing input or output delay  
An input delay is missing on data64_in_0[24] relative to clock(s) clk
Related violations: <none>

TIMING-18#19 Warning
Missing input or output delay  
An input delay is missing on data64_in_0[25] relative to clock(s) clk
Related violations: <none>

TIMING-18#20 Warning
Missing input or output delay  
An input delay is missing on data64_in_0[26] relative to clock(s) clk
Related violations: <none>

TIMING-18#21 Warning
Missing input or output delay  
An input delay is missing on data64_in_0[27] relative to clock(s) clk
Related violations: <none>

TIMING-18#22 Warning
Missing input or output delay  
An input delay is missing on data64_in_0[2] relative to clock(s) clk
Related violations: <none>

TIMING-18#23 Warning
Missing input or output delay  
An input delay is missing on data64_in_0[3] relative to clock(s) clk
Related violations: <none>

TIMING-18#24 Warning
Missing input or output delay  
An input delay is missing on data64_in_0[4] relative to clock(s) clk
Related violations: <none>

TIMING-18#25 Warning
Missing input or output delay  
An input delay is missing on data64_in_0[5] relative to clock(s) clk
Related violations: <none>

TIMING-18#26 Warning
Missing input or output delay  
An input delay is missing on data64_in_0[6] relative to clock(s) clk
Related violations: <none>

TIMING-18#27 Warning
Missing input or output delay  
An input delay is missing on data64_in_0[7] relative to clock(s) clk
Related violations: <none>

TIMING-18#28 Warning
Missing input or output delay  
An input delay is missing on data64_in_0[8] relative to clock(s) clk
Related violations: <none>

TIMING-18#29 Warning
Missing input or output delay  
An input delay is missing on data64_in_0[9] relative to clock(s) clk
Related violations: <none>

TIMING-18#30 Warning
Missing input or output delay  
An input delay is missing on data64_in_1[0] relative to clock(s) clk
Related violations: <none>

TIMING-18#31 Warning
Missing input or output delay  
An input delay is missing on data64_in_1[10] relative to clock(s) clk
Related violations: <none>

TIMING-18#32 Warning
Missing input or output delay  
An input delay is missing on data64_in_1[11] relative to clock(s) clk
Related violations: <none>

TIMING-18#33 Warning
Missing input or output delay  
An input delay is missing on data64_in_1[12] relative to clock(s) clk
Related violations: <none>

TIMING-18#34 Warning
Missing input or output delay  
An input delay is missing on data64_in_1[13] relative to clock(s) clk
Related violations: <none>

TIMING-18#35 Warning
Missing input or output delay  
An input delay is missing on data64_in_1[14] relative to clock(s) clk
Related violations: <none>

TIMING-18#36 Warning
Missing input or output delay  
An input delay is missing on data64_in_1[15] relative to clock(s) clk
Related violations: <none>

TIMING-18#37 Warning
Missing input or output delay  
An input delay is missing on data64_in_1[16] relative to clock(s) clk
Related violations: <none>

TIMING-18#38 Warning
Missing input or output delay  
An input delay is missing on data64_in_1[17] relative to clock(s) clk
Related violations: <none>

TIMING-18#39 Warning
Missing input or output delay  
An input delay is missing on data64_in_1[18] relative to clock(s) clk
Related violations: <none>

TIMING-18#40 Warning
Missing input or output delay  
An input delay is missing on data64_in_1[19] relative to clock(s) clk
Related violations: <none>

TIMING-18#41 Warning
Missing input or output delay  
An input delay is missing on data64_in_1[1] relative to clock(s) clk
Related violations: <none>

TIMING-18#42 Warning
Missing input or output delay  
An input delay is missing on data64_in_1[20] relative to clock(s) clk
Related violations: <none>

TIMING-18#43 Warning
Missing input or output delay  
An input delay is missing on data64_in_1[21] relative to clock(s) clk
Related violations: <none>

TIMING-18#44 Warning
Missing input or output delay  
An input delay is missing on data64_in_1[22] relative to clock(s) clk
Related violations: <none>

TIMING-18#45 Warning
Missing input or output delay  
An input delay is missing on data64_in_1[23] relative to clock(s) clk
Related violations: <none>

TIMING-18#46 Warning
Missing input or output delay  
An input delay is missing on data64_in_1[24] relative to clock(s) clk
Related violations: <none>

TIMING-18#47 Warning
Missing input or output delay  
An input delay is missing on data64_in_1[25] relative to clock(s) clk
Related violations: <none>

TIMING-18#48 Warning
Missing input or output delay  
An input delay is missing on data64_in_1[26] relative to clock(s) clk
Related violations: <none>

TIMING-18#49 Warning
Missing input or output delay  
An input delay is missing on data64_in_1[27] relative to clock(s) clk
Related violations: <none>

TIMING-18#50 Warning
Missing input or output delay  
An input delay is missing on data64_in_1[2] relative to clock(s) clk
Related violations: <none>

TIMING-18#51 Warning
Missing input or output delay  
An input delay is missing on data64_in_1[3] relative to clock(s) clk
Related violations: <none>

TIMING-18#52 Warning
Missing input or output delay  
An input delay is missing on data64_in_1[4] relative to clock(s) clk
Related violations: <none>

TIMING-18#53 Warning
Missing input or output delay  
An input delay is missing on data64_in_1[5] relative to clock(s) clk
Related violations: <none>

TIMING-18#54 Warning
Missing input or output delay  
An input delay is missing on data64_in_1[6] relative to clock(s) clk
Related violations: <none>

TIMING-18#55 Warning
Missing input or output delay  
An input delay is missing on data64_in_1[7] relative to clock(s) clk
Related violations: <none>

TIMING-18#56 Warning
Missing input or output delay  
An input delay is missing on data64_in_1[8] relative to clock(s) clk
Related violations: <none>

TIMING-18#57 Warning
Missing input or output delay  
An input delay is missing on data64_in_1[9] relative to clock(s) clk
Related violations: <none>

TIMING-18#58 Warning
Missing input or output delay  
An input delay is missing on intt relative to clock(s) clk
Related violations: <none>

TIMING-18#59 Warning
Missing input or output delay  
An input delay is missing on q[0] relative to clock(s) clk
Related violations: <none>

TIMING-18#60 Warning
Missing input or output delay  
An input delay is missing on q[10] relative to clock(s) clk
Related violations: <none>

TIMING-18#61 Warning
Missing input or output delay  
An input delay is missing on q[11] relative to clock(s) clk
Related violations: <none>

TIMING-18#62 Warning
Missing input or output delay  
An input delay is missing on q[12] relative to clock(s) clk
Related violations: <none>

TIMING-18#63 Warning
Missing input or output delay  
An input delay is missing on q[13] relative to clock(s) clk
Related violations: <none>

TIMING-18#64 Warning
Missing input or output delay  
An input delay is missing on q[14] relative to clock(s) clk
Related violations: <none>

TIMING-18#65 Warning
Missing input or output delay  
An input delay is missing on q[15] relative to clock(s) clk
Related violations: <none>

TIMING-18#66 Warning
Missing input or output delay  
An input delay is missing on q[16] relative to clock(s) clk
Related violations: <none>

TIMING-18#67 Warning
Missing input or output delay  
An input delay is missing on q[17] relative to clock(s) clk
Related violations: <none>

TIMING-18#68 Warning
Missing input or output delay  
An input delay is missing on q[18] relative to clock(s) clk
Related violations: <none>

TIMING-18#69 Warning
Missing input or output delay  
An input delay is missing on q[19] relative to clock(s) clk
Related violations: <none>

TIMING-18#70 Warning
Missing input or output delay  
An input delay is missing on q[1] relative to clock(s) clk
Related violations: <none>

TIMING-18#71 Warning
Missing input or output delay  
An input delay is missing on q[20] relative to clock(s) clk
Related violations: <none>

TIMING-18#72 Warning
Missing input or output delay  
An input delay is missing on q[21] relative to clock(s) clk
Related violations: <none>

TIMING-18#73 Warning
Missing input or output delay  
An input delay is missing on q[22] relative to clock(s) clk
Related violations: <none>

TIMING-18#74 Warning
Missing input or output delay  
An input delay is missing on q[23] relative to clock(s) clk
Related violations: <none>

TIMING-18#75 Warning
Missing input or output delay  
An input delay is missing on q[24] relative to clock(s) clk
Related violations: <none>

TIMING-18#76 Warning
Missing input or output delay  
An input delay is missing on q[25] relative to clock(s) clk
Related violations: <none>

TIMING-18#77 Warning
Missing input or output delay  
An input delay is missing on q[26] relative to clock(s) clk
Related violations: <none>

TIMING-18#78 Warning
Missing input or output delay  
An input delay is missing on q[27] relative to clock(s) clk
Related violations: <none>

TIMING-18#79 Warning
Missing input or output delay  
An input delay is missing on q[2] relative to clock(s) clk
Related violations: <none>

TIMING-18#80 Warning
Missing input or output delay  
An input delay is missing on q[3] relative to clock(s) clk
Related violations: <none>

TIMING-18#81 Warning
Missing input or output delay  
An input delay is missing on q[4] relative to clock(s) clk
Related violations: <none>

TIMING-18#82 Warning
Missing input or output delay  
An input delay is missing on q[5] relative to clock(s) clk
Related violations: <none>

TIMING-18#83 Warning
Missing input or output delay  
An input delay is missing on q[6] relative to clock(s) clk
Related violations: <none>

TIMING-18#84 Warning
Missing input or output delay  
An input delay is missing on q[7] relative to clock(s) clk
Related violations: <none>

TIMING-18#85 Warning
Missing input or output delay  
An input delay is missing on q[8] relative to clock(s) clk
Related violations: <none>

TIMING-18#86 Warning
Missing input or output delay  
An input delay is missing on q[9] relative to clock(s) clk
Related violations: <none>

TIMING-18#87 Warning
Missing input or output delay  
An input delay is missing on rst relative to clock(s) clk
Related violations: <none>

TIMING-18#88 Warning
Missing input or output delay  
An input delay is missing on start relative to clock(s) clk
Related violations: <none>

TIMING-18#89 Warning
Missing input or output delay  
An output delay is missing on data64_out_0[0] relative to clock(s) clk
Related violations: <none>

TIMING-18#90 Warning
Missing input or output delay  
An output delay is missing on data64_out_0[10] relative to clock(s) clk
Related violations: <none>

TIMING-18#91 Warning
Missing input or output delay  
An output delay is missing on data64_out_0[11] relative to clock(s) clk
Related violations: <none>

TIMING-18#92 Warning
Missing input or output delay  
An output delay is missing on data64_out_0[12] relative to clock(s) clk
Related violations: <none>

TIMING-18#93 Warning
Missing input or output delay  
An output delay is missing on data64_out_0[13] relative to clock(s) clk
Related violations: <none>

TIMING-18#94 Warning
Missing input or output delay  
An output delay is missing on data64_out_0[14] relative to clock(s) clk
Related violations: <none>

TIMING-18#95 Warning
Missing input or output delay  
An output delay is missing on data64_out_0[15] relative to clock(s) clk
Related violations: <none>

TIMING-18#96 Warning
Missing input or output delay  
An output delay is missing on data64_out_0[16] relative to clock(s) clk
Related violations: <none>

TIMING-18#97 Warning
Missing input or output delay  
An output delay is missing on data64_out_0[17] relative to clock(s) clk
Related violations: <none>

TIMING-18#98 Warning
Missing input or output delay  
An output delay is missing on data64_out_0[18] relative to clock(s) clk
Related violations: <none>

TIMING-18#99 Warning
Missing input or output delay  
An output delay is missing on data64_out_0[19] relative to clock(s) clk
Related violations: <none>

TIMING-18#100 Warning
Missing input or output delay  
An output delay is missing on data64_out_0[1] relative to clock(s) clk
Related violations: <none>

TIMING-18#101 Warning
Missing input or output delay  
An output delay is missing on data64_out_0[20] relative to clock(s) clk
Related violations: <none>

TIMING-18#102 Warning
Missing input or output delay  
An output delay is missing on data64_out_0[21] relative to clock(s) clk
Related violations: <none>

TIMING-18#103 Warning
Missing input or output delay  
An output delay is missing on data64_out_0[22] relative to clock(s) clk
Related violations: <none>

TIMING-18#104 Warning
Missing input or output delay  
An output delay is missing on data64_out_0[23] relative to clock(s) clk
Related violations: <none>

TIMING-18#105 Warning
Missing input or output delay  
An output delay is missing on data64_out_0[24] relative to clock(s) clk
Related violations: <none>

TIMING-18#106 Warning
Missing input or output delay  
An output delay is missing on data64_out_0[25] relative to clock(s) clk
Related violations: <none>

TIMING-18#107 Warning
Missing input or output delay  
An output delay is missing on data64_out_0[26] relative to clock(s) clk
Related violations: <none>

TIMING-18#108 Warning
Missing input or output delay  
An output delay is missing on data64_out_0[27] relative to clock(s) clk
Related violations: <none>

TIMING-18#109 Warning
Missing input or output delay  
An output delay is missing on data64_out_0[2] relative to clock(s) clk
Related violations: <none>

TIMING-18#110 Warning
Missing input or output delay  
An output delay is missing on data64_out_0[3] relative to clock(s) clk
Related violations: <none>

TIMING-18#111 Warning
Missing input or output delay  
An output delay is missing on data64_out_0[4] relative to clock(s) clk
Related violations: <none>

TIMING-18#112 Warning
Missing input or output delay  
An output delay is missing on data64_out_0[5] relative to clock(s) clk
Related violations: <none>

TIMING-18#113 Warning
Missing input or output delay  
An output delay is missing on data64_out_0[6] relative to clock(s) clk
Related violations: <none>

TIMING-18#114 Warning
Missing input or output delay  
An output delay is missing on data64_out_0[7] relative to clock(s) clk
Related violations: <none>

TIMING-18#115 Warning
Missing input or output delay  
An output delay is missing on data64_out_0[8] relative to clock(s) clk
Related violations: <none>

TIMING-18#116 Warning
Missing input or output delay  
An output delay is missing on data64_out_0[9] relative to clock(s) clk
Related violations: <none>

TIMING-18#117 Warning
Missing input or output delay  
An output delay is missing on data64_out_1[0] relative to clock(s) clk
Related violations: <none>

TIMING-18#118 Warning
Missing input or output delay  
An output delay is missing on data64_out_1[10] relative to clock(s) clk
Related violations: <none>

TIMING-18#119 Warning
Missing input or output delay  
An output delay is missing on data64_out_1[11] relative to clock(s) clk
Related violations: <none>

TIMING-18#120 Warning
Missing input or output delay  
An output delay is missing on data64_out_1[12] relative to clock(s) clk
Related violations: <none>

TIMING-18#121 Warning
Missing input or output delay  
An output delay is missing on data64_out_1[13] relative to clock(s) clk
Related violations: <none>

TIMING-18#122 Warning
Missing input or output delay  
An output delay is missing on data64_out_1[14] relative to clock(s) clk
Related violations: <none>

TIMING-18#123 Warning
Missing input or output delay  
An output delay is missing on data64_out_1[15] relative to clock(s) clk
Related violations: <none>

TIMING-18#124 Warning
Missing input or output delay  
An output delay is missing on data64_out_1[16] relative to clock(s) clk
Related violations: <none>

TIMING-18#125 Warning
Missing input or output delay  
An output delay is missing on data64_out_1[17] relative to clock(s) clk
Related violations: <none>

TIMING-18#126 Warning
Missing input or output delay  
An output delay is missing on data64_out_1[18] relative to clock(s) clk
Related violations: <none>

TIMING-18#127 Warning
Missing input or output delay  
An output delay is missing on data64_out_1[19] relative to clock(s) clk
Related violations: <none>

TIMING-18#128 Warning
Missing input or output delay  
An output delay is missing on data64_out_1[1] relative to clock(s) clk
Related violations: <none>

TIMING-18#129 Warning
Missing input or output delay  
An output delay is missing on data64_out_1[20] relative to clock(s) clk
Related violations: <none>

TIMING-18#130 Warning
Missing input or output delay  
An output delay is missing on data64_out_1[21] relative to clock(s) clk
Related violations: <none>

TIMING-18#131 Warning
Missing input or output delay  
An output delay is missing on data64_out_1[22] relative to clock(s) clk
Related violations: <none>

TIMING-18#132 Warning
Missing input or output delay  
An output delay is missing on data64_out_1[23] relative to clock(s) clk
Related violations: <none>

TIMING-18#133 Warning
Missing input or output delay  
An output delay is missing on data64_out_1[24] relative to clock(s) clk
Related violations: <none>

TIMING-18#134 Warning
Missing input or output delay  
An output delay is missing on data64_out_1[25] relative to clock(s) clk
Related violations: <none>

TIMING-18#135 Warning
Missing input or output delay  
An output delay is missing on data64_out_1[26] relative to clock(s) clk
Related violations: <none>

TIMING-18#136 Warning
Missing input or output delay  
An output delay is missing on data64_out_1[27] relative to clock(s) clk
Related violations: <none>

TIMING-18#137 Warning
Missing input or output delay  
An output delay is missing on data64_out_1[2] relative to clock(s) clk
Related violations: <none>

TIMING-18#138 Warning
Missing input or output delay  
An output delay is missing on data64_out_1[3] relative to clock(s) clk
Related violations: <none>

TIMING-18#139 Warning
Missing input or output delay  
An output delay is missing on data64_out_1[4] relative to clock(s) clk
Related violations: <none>

TIMING-18#140 Warning
Missing input or output delay  
An output delay is missing on data64_out_1[5] relative to clock(s) clk
Related violations: <none>

TIMING-18#141 Warning
Missing input or output delay  
An output delay is missing on data64_out_1[6] relative to clock(s) clk
Related violations: <none>

TIMING-18#142 Warning
Missing input or output delay  
An output delay is missing on data64_out_1[7] relative to clock(s) clk
Related violations: <none>

TIMING-18#143 Warning
Missing input or output delay  
An output delay is missing on data64_out_1[8] relative to clock(s) clk
Related violations: <none>

TIMING-18#144 Warning
Missing input or output delay  
An output delay is missing on data64_out_1[9] relative to clock(s) clk
Related violations: <none>

TIMING-18#145 Warning
Missing input or output delay  
An output delay is missing on finish relative to clock(s) clk
Related violations: <none>

TIMING-18#146 Warning
Missing input or output delay  
An output delay is missing on read_address[0] relative to clock(s) clk
Related violations: <none>

TIMING-18#147 Warning
Missing input or output delay  
An output delay is missing on read_address[1] relative to clock(s) clk
Related violations: <none>

TIMING-18#148 Warning
Missing input or output delay  
An output delay is missing on read_address[2] relative to clock(s) clk
Related violations: <none>

TIMING-18#149 Warning
Missing input or output delay  
An output delay is missing on read_address[3] relative to clock(s) clk
Related violations: <none>

TIMING-18#150 Warning
Missing input or output delay  
An output delay is missing on read_address[4] relative to clock(s) clk
Related violations: <none>

TIMING-18#151 Warning
Missing input or output delay  
An output delay is missing on read_address[5] relative to clock(s) clk
Related violations: <none>

TIMING-18#152 Warning
Missing input or output delay  
An output delay is missing on read_address[6] relative to clock(s) clk
Related violations: <none>

TIMING-18#153 Warning
Missing input or output delay  
An output delay is missing on read_address[7] relative to clock(s) clk
Related violations: <none>

TIMING-18#154 Warning
Missing input or output delay  
An output delay is missing on read_address[8] relative to clock(s) clk
Related violations: <none>

TIMING-18#155 Warning
Missing input or output delay  
An output delay is missing on read_address[9] relative to clock(s) clk
Related violations: <none>

TIMING-18#156 Warning
Missing input or output delay  
An output delay is missing on wea relative to clock(s) clk
Related violations: <none>

TIMING-18#157 Warning
Missing input or output delay  
An output delay is missing on write_address[0] relative to clock(s) clk
Related violations: <none>

TIMING-18#158 Warning
Missing input or output delay  
An output delay is missing on write_address[1] relative to clock(s) clk
Related violations: <none>

TIMING-18#159 Warning
Missing input or output delay  
An output delay is missing on write_address[2] relative to clock(s) clk
Related violations: <none>

TIMING-18#160 Warning
Missing input or output delay  
An output delay is missing on write_address[3] relative to clock(s) clk
Related violations: <none>

TIMING-18#161 Warning
Missing input or output delay  
An output delay is missing on write_address[4] relative to clock(s) clk
Related violations: <none>

TIMING-18#162 Warning
Missing input or output delay  
An output delay is missing on write_address[5] relative to clock(s) clk
Related violations: <none>

TIMING-18#163 Warning
Missing input or output delay  
An output delay is missing on write_address[6] relative to clock(s) clk
Related violations: <none>

TIMING-18#164 Warning
Missing input or output delay  
An output delay is missing on write_address[7] relative to clock(s) clk
Related violations: <none>

TIMING-18#165 Warning
Missing input or output delay  
An output delay is missing on write_address[8] relative to clock(s) clk
Related violations: <none>

TIMING-18#166 Warning
Missing input or output delay  
An output delay is missing on write_address[9] relative to clock(s) clk
Related violations: <none>


