Copyright 1986-2019 Xilinx, Inc. All Rights Reserved.
----------------------------------------------------------------------------------------------------------------------------------------------------------------------------
| Tool Version     : Vivado v.2019.1 (lin64) Build 2552052 Fri May 24 14:47:09 MDT 2019
| Date             : Sun Feb 12 21:41:25 2023
| Host             : x1g9 running 64-bit Ubuntu 20.04.5 LTS
| Command          : report_power -file ntt_memory_wrapper_power_routed.rpt -pb ntt_memory_wrapper_power_summary_routed.pb -rpx ntt_memory_wrapper_power_routed.rpx
| Design           : ntt_memory_wrapper
| Device           : xc7vx485tffg1157-1
| Design State     : routed
| Grade            : commercial
| Process          : typical
| Characterization : Production
----------------------------------------------------------------------------------------------------------------------------------------------------------------------------

Power Report

Table of Contents
-----------------
1. Summary
1.1 On-Chip Components
1.2 Power Supply Summary
1.3 Confidence Level
2. Settings
2.1 Environment
2.2 Clock Constraints
3. Detailed Reports
3.1 By Hierarchy

1. Summary
----------

+--------------------------+--------------+
| Total On-Chip Power (W)  | 0.860        |
| Design Power Budget (W)  | Unspecified* |
| Power Budget Margin (W)  | NA           |
| Dynamic (W)              | 0.612        |
| Device Static (W)        | 0.248        |
| Effective TJA (C/W)      | 1.4          |
| Max Ambient (C)          | 83.8         |
| Junction Temperature (C) | 26.2         |
| Confidence Level         | Low          |
| Setting File             | ---          |
| Simulation Activity File | ---          |
| Design Nets Matched      | NA           |
+--------------------------+--------------+
* Specify Design Power Budget using, set_operating_conditions -design_power_budget <value in Watts>


1.1 On-Chip Components
----------------------

+-------------------------+-----------+----------+-----------+-----------------+
| On-Chip                 | Power (W) | Used     | Available | Utilization (%) |
+-------------------------+-----------+----------+-----------+-----------------+
| Clocks                  |     0.048 |        3 |       --- |             --- |
| Slice Logic             |     0.215 |    19862 |       --- |             --- |
|   LUT as Logic          |     0.184 |     8812 |    303600 |            2.90 |
|   CARRY4                |     0.012 |     1020 |     75900 |            1.34 |
|   LUT as Shift Register |     0.010 |      678 |    130800 |            0.52 |
|   Register              |     0.009 |     6053 |    607200 |            1.00 |
|   F7/F8 Muxes           |    <0.001 |       57 |    303600 |            0.02 |
|   Others                |     0.000 |      326 |       --- |             --- |
| Signals                 |     0.225 |    13464 |       --- |             --- |
| Block RAM               |     0.015 |        3 |      1030 |            0.29 |
| DSPs                    |     0.033 |       20 |      2800 |            0.71 |
| I/O                     |     0.077 |      167 |       600 |           27.83 |
| Static Power            |     0.248 |          |           |                 |
| Total                   |     0.860 |          |           |                 |
+-------------------------+-----------+----------+-----------+-----------------+


1.2 Power Supply Summary
------------------------

+-----------+-------------+-----------+-------------+------------+
| Source    | Voltage (V) | Total (A) | Dynamic (A) | Static (A) |
+-----------+-------------+-----------+-------------+------------+
| Vccint    |       1.000 |     0.674 |       0.535 |      0.139 |
| Vccaux    |       1.800 |     0.044 |       0.006 |      0.038 |
| Vcco33    |       3.300 |     0.000 |       0.000 |      0.000 |
| Vcco25    |       2.500 |     0.000 |       0.000 |      0.000 |
| Vcco18    |       1.800 |     0.037 |       0.036 |      0.001 |
| Vcco15    |       1.500 |     0.000 |       0.000 |      0.000 |
| Vcco135   |       1.350 |     0.000 |       0.000 |      0.000 |
| Vcco12    |       1.200 |     0.000 |       0.000 |      0.000 |
| Vccaux_io |       1.800 |     0.000 |       0.000 |      0.000 |
| Vccbram   |       1.000 |     0.004 |       0.001 |      0.003 |
| MGTAVcc   |       1.000 |     0.000 |       0.000 |      0.000 |
| MGTAVtt   |       1.200 |     0.000 |       0.000 |      0.000 |
| MGTVccaux |       1.800 |     0.000 |       0.000 |      0.000 |
| MGTZVccl  |       1.075 |     0.000 |       0.000 |      0.000 |
| MGTZAVcc  |       1.075 |     0.000 |       0.000 |      0.000 |
| MGTZVcch  |       1.800 |     0.000 |       0.000 |      0.000 |
| Vccadc    |       1.800 |     0.020 |       0.000 |      0.020 |
+-----------+-------------+-----------+-------------+------------+


1.3 Confidence Level
--------------------

+-----------------------------+------------+--------------------------------------------------------+------------------------------------------------------------------------------------------------------------+
| User Input Data             | Confidence | Details                                                | Action                                                                                                     |
+-----------------------------+------------+--------------------------------------------------------+------------------------------------------------------------------------------------------------------------+
| Design implementation state | High       | Design is routed                                       |                                                                                                            |
| Clock nodes activity        | High       | User specified more than 95% of clocks                 |                                                                                                            |
| I/O nodes activity          | Low        | More than 75% of inputs are missing user specification | Provide missing input activity with simulation results or by editing the "By Resource Type -> I/Os" view   |
| Internal nodes activity     | Medium     | User specified less than 25% of internal nodes         | Provide missing internal nodes activity with simulation results or by editing the "By Resource Type" views |
| Device models               | High       | Device models are Production                           |                                                                                                            |
|                             |            |                                                        |                                                                                                            |
| Overall confidence level    | Low        |                                                        |                                                                                                            |
+-----------------------------+------------+--------------------------------------------------------+------------------------------------------------------------------------------------------------------------+


2. Settings
-----------

2.1 Environment
---------------

+-----------------------+--------------------------+
| Ambient Temp (C)      | 25.0                     |
| ThetaJA (C/W)         | 1.4                      |
| Airflow (LFM)         | 250                      |
| Heat Sink             | medium (Medium Profile)  |
| ThetaSA (C/W)         | 2.4                      |
| Board Selection       | medium (10"x10")         |
| # of Board Layers     | 12to15 (12 to 15 Layers) |
| Board Temperature (C) | 25.0                     |
+-----------------------+--------------------------+


2.2 Clock Constraints
---------------------

+-------+--------+-----------------+
| Clock | Domain | Constraint (ns) |
+-------+--------+-----------------+
| clk   | clk    |             6.7 |
+-------+--------+-----------------+


3. Detailed Reports
-------------------

3.1 By Hierarchy
----------------

+------------------------------+-----------+
| Name                         | Power (W) |
+------------------------------+-----------+
| ntt_memory_wrapper           |     0.612 |
|   NTT_MDC_WRAPPER            |     0.530 |
|     genblk2[0].TW_ROM        |     0.003 |
|     genblk2[1].TW_ROM        |     0.003 |
|     genblk2[2].TW_ROM        |     0.004 |
|     genblk2[3].TW_ROM        |     0.005 |
|     genblk2[4].TW_ROM        |     0.006 |
|     genblk2[5].TW_ROM        |     0.006 |
|     genblk2[6].TW_ROM        |     0.006 |
|     genblk2[7].TW_ROM        |     0.006 |
|     genblk2[8].TW_ROM        |     0.012 |
|       itw8                   |     0.004 |
|       tw8                    |     0.003 |
|     genblk2[9].TW_ROM        |     0.011 |
|       itw9                   |     0.004 |
|       tw9                    |     0.003 |
|     genblk3[0].NTT_MDC_STAGE |     0.054 |
|       BTF_UNIFIED            |     0.033 |
|       xpm_fifo_sync_inst_0   |     0.002 |
|       xpm_fifo_sync_inst_1   |     0.002 |
|     genblk3[1].NTT_MDC_STAGE |     0.049 |
|       BTF_UNIFIED            |     0.034 |
|       FIFO_0                 |     0.004 |
|       FIFO_1                 |     0.004 |
|     genblk3[2].NTT_MDC_STAGE |     0.049 |
|       BTF_UNIFIED            |     0.034 |
|       FIFO_0                 |     0.003 |
|       FIFO_1                 |     0.004 |
|     genblk3[3].NTT_MDC_STAGE |     0.046 |
|       BTF_UNIFIED            |     0.033 |
|       FIFO_0                 |     0.002 |
|       FIFO_1                 |     0.003 |
|     genblk3[4].NTT_MDC_STAGE |     0.044 |
|       BTF_UNIFIED            |     0.032 |
|       FIFO_0                 |     0.003 |
|       FIFO_1                 |     0.003 |
|     genblk3[5].NTT_MDC_STAGE |     0.045 |
|       BTF_UNIFIED            |     0.033 |
|       FIFO_0                 |     0.003 |
|       FIFO_1                 |     0.003 |
|     genblk3[6].NTT_MDC_STAGE |     0.047 |
|       BTF_UNIFIED            |     0.033 |
|       FIFO_0                 |     0.002 |
|       FIFO_1                 |     0.004 |
|     genblk3[7].NTT_MDC_STAGE |     0.047 |
|       BTF_UNIFIED            |     0.034 |
|       FIFO_0                 |     0.003 |
|       FIFO_1                 |     0.003 |
|     genblk3[8].NTT_MDC_STAGE |     0.044 |
|       BTF_UNIFIED            |     0.033 |
|       FIFO_0                 |     0.003 |
|       FIFO_1                 |     0.002 |
|     genblk3[9].NTT_MDC_STAGE |     0.037 |
|       BTF_UNIFIED            |     0.031 |
+------------------------------+-----------+


