Copyright 1986-2019 Xilinx, Inc. All Rights Reserved.
--------------------------------------------------------------------------------------------------------------------------------------------------------------------------------------------
| Tool Version : Vivado v.2019.1 (lin64) Build 2552052 Fri May 24 14:47:09 MDT 2019
| Date         : Mon Feb  6 20:28:35 2023
| Host         : x1g9 running 64-bit Ubuntu 20.04.5 LTS
| Command      : report_methodology -file ntt_memory_wrapper_methodology_drc_routed.rpt -pb ntt_memory_wrapper_methodology_drc_routed.pb -rpx ntt_memory_wrapper_methodology_drc_routed.rpx
| Design       : ntt_memory_wrapper
| Device       : xc7vx485tffg1157-1
| Speed File   : -1
| Design State : Fully Routed
--------------------------------------------------------------------------------------------------------------------------------------------------------------------------------------------

Report Methodology

Table of Contents
-----------------
1. REPORT SUMMARY
2. REPORT DETAILS

1. REPORT SUMMARY
-----------------
            Netlist: netlist
          Floorplan: design_1
      Design limits: <entire design considered>
             Max violations: <unlimited>
             Violations found: 363
+-----------+----------+--------------------------------------------+------------+
| Rule      | Severity | Description                                | Violations |
+-----------+----------+--------------------------------------------+------------+
| SYNTH-6   | Warning  | Timing of a block RAM might be sub-optimal | 10         |
| SYNTH-12  | Warning  | DSP input not registered                   | 132        |
| TIMING-18 | Warning  | Missing input or output delay              | 221        |
+-----------+----------+--------------------------------------------+------------+

2. REPORT DETAILS
-----------------
SYNTH-6#1 Warning
Timing of a block RAM might be sub-optimal  
The timing for the instance DUT_NTT/genblk2[10].TW_ROM/tw10/brom_out_reg_0, implemented as a block RAM, might be sub-optimal as no output register was merged into the block
Related violations: <none>

SYNTH-6#2 Warning
Timing of a block RAM might be sub-optimal  
The timing for the instance DUT_NTT/genblk2[10].TW_ROM/tw10/brom_out_reg_1, implemented as a block RAM, might be sub-optimal as no output register was merged into the block
Related violations: <none>

SYNTH-6#3 Warning
Timing of a block RAM might be sub-optimal  
The timing for the instance DUT_NTT/genblk2[11].TW_ROM/tw11/brom_out_reg_0, implemented as a block RAM, might be sub-optimal as no output register was merged into the block
Related violations: <none>

SYNTH-6#4 Warning
Timing of a block RAM might be sub-optimal  
The timing for the instance DUT_NTT/genblk2[11].TW_ROM/tw11/brom_out_reg_1, implemented as a block RAM, might be sub-optimal as no output register was merged into the block
Related violations: <none>

SYNTH-6#5 Warning
Timing of a block RAM might be sub-optimal  
The timing for the instance DUT_NTT/genblk2[11].TW_ROM/tw11/brom_out_reg_2, implemented as a block RAM, might be sub-optimal as no output register was merged into the block
Related violations: <none>

SYNTH-6#6 Warning
Timing of a block RAM might be sub-optimal  
The timing for the instance DUT_NTT/genblk2[11].TW_ROM/tw11/brom_out_reg_3, implemented as a block RAM, might be sub-optimal as no output register was merged into the block
Related violations: <none>

SYNTH-6#7 Warning
Timing of a block RAM might be sub-optimal  
The timing for the instance DUT_NTT/genblk2[8].TW_ROM/tw8/brom_out_reg_0, implemented as a block RAM, might be sub-optimal as no output register was merged into the block
Related violations: <none>

SYNTH-6#8 Warning
Timing of a block RAM might be sub-optimal  
The timing for the instance DUT_NTT/genblk2[8].TW_ROM/tw8/brom_out_reg_1, implemented as a block RAM, might be sub-optimal as no output register was merged into the block
Related violations: <none>

SYNTH-6#9 Warning
Timing of a block RAM might be sub-optimal  
The timing for the instance DUT_NTT/genblk2[9].TW_ROM/tw9/brom_out_reg_0, implemented as a block RAM, might be sub-optimal as no output register was merged into the block
Related violations: <none>

SYNTH-6#10 Warning
Timing of a block RAM might be sub-optimal  
The timing for the instance DUT_NTT/genblk2[9].TW_ROM/tw9/brom_out_reg_1, implemented as a block RAM, might be sub-optimal as no output register was merged into the block
Related violations: <none>

SYNTH-12#1 Warning
DSP input not registered  
DSP instance DUT_NTT/genblk3[10].NTT_SDF_STAGE/BTF_DIT_CT/MODMUL/INTMUL/genblk3[0].genblk1[0].MUL_reg[0] is not fully pipelined on the input side. AREG/BREG/CREG/DREG are not used.
Related violations: <none>

SYNTH-12#2 Warning
DSP input not registered  
DSP instance DUT_NTT/genblk3[10].NTT_SDF_STAGE/BTF_DIT_CT/MODMUL/INTMUL/genblk3[0].genblk1[1].MUL_reg[1] is not fully pipelined on the input side. AREG/BREG/CREG/DREG are not used.
Related violations: <none>

SYNTH-12#3 Warning
DSP input not registered  
DSP instance DUT_NTT/genblk3[10].NTT_SDF_STAGE/BTF_DIT_CT/MODMUL/INTMUL/genblk3[0].genblk1[2].MUL_reg[2] is not fully pipelined on the input side. AREG/BREG/CREG/DREG are not used.
Related violations: <none>

SYNTH-12#4 Warning
DSP input not registered  
DSP instance DUT_NTT/genblk3[10].NTT_SDF_STAGE/BTF_DIT_CT/MODMUL/INTMUL/genblk3[1].genblk1[0].MUL_reg[3] is not fully pipelined on the input side. AREG/BREG/CREG/DREG are not used.
Related violations: <none>

SYNTH-12#5 Warning
DSP input not registered  
DSP instance DUT_NTT/genblk3[10].NTT_SDF_STAGE/BTF_DIT_CT/MODMUL/INTMUL/genblk3[1].genblk1[1].MUL_reg[4] is not fully pipelined on the input side. AREG/BREG/CREG/DREG are not used.
Related violations: <none>

SYNTH-12#6 Warning
DSP input not registered  
DSP instance DUT_NTT/genblk3[10].NTT_SDF_STAGE/BTF_DIT_CT/MODMUL/INTMUL/genblk3[1].genblk1[2].MUL_reg[5] is not fully pipelined on the input side. AREG/BREG/CREG/DREG are not used.
Related violations: <none>

SYNTH-12#7 Warning
DSP input not registered  
DSP instance DUT_NTT/genblk3[10].NTT_SDF_STAGE/BTF_DIT_CT/MODMUL/INTMUL/genblk3[2].genblk1[0].MUL_reg[6] is not fully pipelined on the input side. AREG/BREG/CREG/DREG are not used.
Related violations: <none>

SYNTH-12#8 Warning
DSP input not registered  
DSP instance DUT_NTT/genblk3[10].NTT_SDF_STAGE/BTF_DIT_CT/MODMUL/INTMUL/genblk3[2].genblk1[1].MUL_reg[7] is not fully pipelined on the input side. AREG/BREG/CREG/DREG are not used.
Related violations: <none>

SYNTH-12#9 Warning
DSP input not registered  
DSP instance DUT_NTT/genblk3[10].NTT_SDF_STAGE/BTF_DIT_CT/MODMUL/INTMUL/genblk3[2].genblk1[2].MUL_reg[8] is not fully pipelined on the input side. AREG/BREG/CREG/DREG are not used.
Related violations: <none>

SYNTH-12#10 Warning
DSP input not registered  
DSP instance DUT_NTT/genblk3[10].NTT_SDF_STAGE/BTF_DIT_CT/MODMUL/INTMUL/genblk3[3].genblk1[0].MUL_reg[9] is not fully pipelined on the input side. AREG/BREG/CREG/DREG are not used.
Related violations: <none>

SYNTH-12#11 Warning
DSP input not registered  
DSP instance DUT_NTT/genblk3[10].NTT_SDF_STAGE/BTF_DIT_CT/MODMUL/INTMUL/genblk3[3].genblk1[1].MUL_reg[10] is not fully pipelined on the input side. AREG/BREG/CREG/DREG are not used.
Related violations: <none>

SYNTH-12#12 Warning
DSP input not registered  
DSP instance DUT_NTT/genblk3[10].NTT_SDF_STAGE/BTF_DIT_CT/MODMUL/INTMUL/genblk3[3].genblk1[2].MUL_reg[11] is not fully pipelined on the input side. AREG/BREG/CREG/DREG are not used.
Related violations: <none>

SYNTH-12#13 Warning
DSP input not registered  
DSP instance DUT_NTT/genblk3[11].NTT_SDF_STAGE/BTF_DIT_CT/MODMUL/INTMUL/genblk3[0].genblk1[0].MUL_reg[0] is not fully pipelined on the input side. AREG/BREG/CREG/DREG are not used.
Related violations: <none>

SYNTH-12#14 Warning
DSP input not registered  
DSP instance DUT_NTT/genblk3[11].NTT_SDF_STAGE/BTF_DIT_CT/MODMUL/INTMUL/genblk3[0].genblk1[1].MUL_reg[1] is not fully pipelined on the input side. AREG/BREG/CREG/DREG are not used.
Related violations: <none>

SYNTH-12#15 Warning
DSP input not registered  
DSP instance DUT_NTT/genblk3[11].NTT_SDF_STAGE/BTF_DIT_CT/MODMUL/INTMUL/genblk3[0].genblk1[2].MUL_reg[2] is not fully pipelined on the input side. AREG/BREG/CREG/DREG are not used.
Related violations: <none>

SYNTH-12#16 Warning
DSP input not registered  
DSP instance DUT_NTT/genblk3[11].NTT_SDF_STAGE/BTF_DIT_CT/MODMUL/INTMUL/genblk3[1].genblk1[0].MUL_reg[3] is not fully pipelined on the input side. AREG/BREG/CREG/DREG are not used.
Related violations: <none>

SYNTH-12#17 Warning
DSP input not registered  
DSP instance DUT_NTT/genblk3[11].NTT_SDF_STAGE/BTF_DIT_CT/MODMUL/INTMUL/genblk3[1].genblk1[1].MUL_reg[4] is not fully pipelined on the input side. AREG/BREG/CREG/DREG are not used.
Related violations: <none>

SYNTH-12#18 Warning
DSP input not registered  
DSP instance DUT_NTT/genblk3[11].NTT_SDF_STAGE/BTF_DIT_CT/MODMUL/INTMUL/genblk3[1].genblk1[2].MUL_reg[5] is not fully pipelined on the input side. AREG/BREG/CREG/DREG are not used.
Related violations: <none>

SYNTH-12#19 Warning
DSP input not registered  
DSP instance DUT_NTT/genblk3[11].NTT_SDF_STAGE/BTF_DIT_CT/MODMUL/INTMUL/genblk3[2].genblk1[0].MUL_reg[6] is not fully pipelined on the input side. AREG/BREG/CREG/DREG are not used.
Related violations: <none>

SYNTH-12#20 Warning
DSP input not registered  
DSP instance DUT_NTT/genblk3[11].NTT_SDF_STAGE/BTF_DIT_CT/MODMUL/INTMUL/genblk3[2].genblk1[1].MUL_reg[7] is not fully pipelined on the input side. AREG/BREG/CREG/DREG are not used.
Related violations: <none>

SYNTH-12#21 Warning
DSP input not registered  
DSP instance DUT_NTT/genblk3[11].NTT_SDF_STAGE/BTF_DIT_CT/MODMUL/INTMUL/genblk3[2].genblk1[2].MUL_reg[8] is not fully pipelined on the input side. AREG/BREG/CREG/DREG are not used.
Related violations: <none>

SYNTH-12#22 Warning
DSP input not registered  
DSP instance DUT_NTT/genblk3[11].NTT_SDF_STAGE/BTF_DIT_CT/MODMUL/INTMUL/genblk3[3].genblk1[0].MUL_reg[9] is not fully pipelined on the input side. AREG/BREG/CREG/DREG are not used.
Related violations: <none>

SYNTH-12#23 Warning
DSP input not registered  
DSP instance DUT_NTT/genblk3[11].NTT_SDF_STAGE/BTF_DIT_CT/MODMUL/INTMUL/genblk3[3].genblk1[1].MUL_reg[10] is not fully pipelined on the input side. AREG/BREG/CREG/DREG are not used.
Related violations: <none>

SYNTH-12#24 Warning
DSP input not registered  
DSP instance DUT_NTT/genblk3[11].NTT_SDF_STAGE/BTF_DIT_CT/MODMUL/INTMUL/genblk3[3].genblk1[2].MUL_reg[11] is not fully pipelined on the input side. AREG/BREG/CREG/DREG are not used.
Related violations: <none>

SYNTH-12#25 Warning
DSP input not registered  
DSP instance DUT_NTT/genblk3[1].NTT_SDF_STAGE/BTF_DIT_CT/MODMUL/INTMUL/genblk3[0].genblk1[0].MUL_reg[0] is not fully pipelined on the input side. AREG/BREG/CREG/DREG are not used.
Related violations: <none>

SYNTH-12#26 Warning
DSP input not registered  
DSP instance DUT_NTT/genblk3[1].NTT_SDF_STAGE/BTF_DIT_CT/MODMUL/INTMUL/genblk3[0].genblk1[1].MUL_reg[1] is not fully pipelined on the input side. AREG/BREG/CREG/DREG are not used.
Related violations: <none>

SYNTH-12#27 Warning
DSP input not registered  
DSP instance DUT_NTT/genblk3[1].NTT_SDF_STAGE/BTF_DIT_CT/MODMUL/INTMUL/genblk3[0].genblk1[2].MUL_reg[2] is not fully pipelined on the input side. AREG/BREG/CREG/DREG are not used.
Related violations: <none>

SYNTH-12#28 Warning
DSP input not registered  
DSP instance DUT_NTT/genblk3[1].NTT_SDF_STAGE/BTF_DIT_CT/MODMUL/INTMUL/genblk3[1].genblk1[0].MUL_reg[3] is not fully pipelined on the input side. AREG/BREG/CREG/DREG are not used.
Related violations: <none>

SYNTH-12#29 Warning
DSP input not registered  
DSP instance DUT_NTT/genblk3[1].NTT_SDF_STAGE/BTF_DIT_CT/MODMUL/INTMUL/genblk3[1].genblk1[1].MUL_reg[4] is not fully pipelined on the input side. AREG/BREG/CREG/DREG are not used.
Related violations: <none>

SYNTH-12#30 Warning
DSP input not registered  
DSP instance DUT_NTT/genblk3[1].NTT_SDF_STAGE/BTF_DIT_CT/MODMUL/INTMUL/genblk3[1].genblk1[2].MUL_reg[5] is not fully pipelined on the input side. AREG/BREG/CREG/DREG are not used.
Related violations: <none>

SYNTH-12#31 Warning
DSP input not registered  
DSP instance DUT_NTT/genblk3[1].NTT_SDF_STAGE/BTF_DIT_CT/MODMUL/INTMUL/genblk3[2].genblk1[0].MUL_reg[6] is not fully pipelined on the input side. AREG/BREG/CREG/DREG are not used.
Related violations: <none>

SYNTH-12#32 Warning
DSP input not registered  
DSP instance DUT_NTT/genblk3[1].NTT_SDF_STAGE/BTF_DIT_CT/MODMUL/INTMUL/genblk3[2].genblk1[1].MUL_reg[7] is not fully pipelined on the input side. AREG/BREG/CREG/DREG are not used.
Related violations: <none>

SYNTH-12#33 Warning
DSP input not registered  
DSP instance DUT_NTT/genblk3[1].NTT_SDF_STAGE/BTF_DIT_CT/MODMUL/INTMUL/genblk3[2].genblk1[2].MUL_reg[8] is not fully pipelined on the input side. AREG/BREG/CREG/DREG are not used.
Related violations: <none>

SYNTH-12#34 Warning
DSP input not registered  
DSP instance DUT_NTT/genblk3[1].NTT_SDF_STAGE/BTF_DIT_CT/MODMUL/INTMUL/genblk3[3].genblk1[0].MUL_reg[9] is not fully pipelined on the input side. AREG/BREG/CREG/DREG are not used.
Related violations: <none>

SYNTH-12#35 Warning
DSP input not registered  
DSP instance DUT_NTT/genblk3[1].NTT_SDF_STAGE/BTF_DIT_CT/MODMUL/INTMUL/genblk3[3].genblk1[1].MUL_reg[10] is not fully pipelined on the input side. AREG/BREG/CREG/DREG are not used.
Related violations: <none>

SYNTH-12#36 Warning
DSP input not registered  
DSP instance DUT_NTT/genblk3[1].NTT_SDF_STAGE/BTF_DIT_CT/MODMUL/INTMUL/genblk3[3].genblk1[2].MUL_reg[11] is not fully pipelined on the input side. AREG/BREG/CREG/DREG are not used.
Related violations: <none>

SYNTH-12#37 Warning
DSP input not registered  
DSP instance DUT_NTT/genblk3[2].NTT_SDF_STAGE/BTF_DIT_CT/MODMUL/INTMUL/genblk3[0].genblk1[0].MUL_reg[0] is not fully pipelined on the input side. AREG/BREG/CREG/DREG are not used.
Related violations: <none>

SYNTH-12#38 Warning
DSP input not registered  
DSP instance DUT_NTT/genblk3[2].NTT_SDF_STAGE/BTF_DIT_CT/MODMUL/INTMUL/genblk3[0].genblk1[1].MUL_reg[1] is not fully pipelined on the input side. AREG/BREG/CREG/DREG are not used.
Related violations: <none>

SYNTH-12#39 Warning
DSP input not registered  
DSP instance DUT_NTT/genblk3[2].NTT_SDF_STAGE/BTF_DIT_CT/MODMUL/INTMUL/genblk3[0].genblk1[2].MUL_reg[2] is not fully pipelined on the input side. AREG/BREG/CREG/DREG are not used.
Related violations: <none>

SYNTH-12#40 Warning
DSP input not registered  
DSP instance DUT_NTT/genblk3[2].NTT_SDF_STAGE/BTF_DIT_CT/MODMUL/INTMUL/genblk3[1].genblk1[0].MUL_reg[3] is not fully pipelined on the input side. AREG/BREG/CREG/DREG are not used.
Related violations: <none>

SYNTH-12#41 Warning
DSP input not registered  
DSP instance DUT_NTT/genblk3[2].NTT_SDF_STAGE/BTF_DIT_CT/MODMUL/INTMUL/genblk3[1].genblk1[1].MUL_reg[4] is not fully pipelined on the input side. AREG/BREG/CREG/DREG are not used.
Related violations: <none>

SYNTH-12#42 Warning
DSP input not registered  
DSP instance DUT_NTT/genblk3[2].NTT_SDF_STAGE/BTF_DIT_CT/MODMUL/INTMUL/genblk3[1].genblk1[2].MUL_reg[5] is not fully pipelined on the input side. AREG/BREG/CREG/DREG are not used.
Related violations: <none>

SYNTH-12#43 Warning
DSP input not registered  
DSP instance DUT_NTT/genblk3[2].NTT_SDF_STAGE/BTF_DIT_CT/MODMUL/INTMUL/genblk3[2].genblk1[0].MUL_reg[6] is not fully pipelined on the input side. AREG/BREG/CREG/DREG are not used.
Related violations: <none>

SYNTH-12#44 Warning
DSP input not registered  
DSP instance DUT_NTT/genblk3[2].NTT_SDF_STAGE/BTF_DIT_CT/MODMUL/INTMUL/genblk3[2].genblk1[1].MUL_reg[7] is not fully pipelined on the input side. AREG/BREG/CREG/DREG are not used.
Related violations: <none>

SYNTH-12#45 Warning
DSP input not registered  
DSP instance DUT_NTT/genblk3[2].NTT_SDF_STAGE/BTF_DIT_CT/MODMUL/INTMUL/genblk3[2].genblk1[2].MUL_reg[8] is not fully pipelined on the input side. AREG/BREG/CREG/DREG are not used.
Related violations: <none>

SYNTH-12#46 Warning
DSP input not registered  
DSP instance DUT_NTT/genblk3[2].NTT_SDF_STAGE/BTF_DIT_CT/MODMUL/INTMUL/genblk3[3].genblk1[0].MUL_reg[9] is not fully pipelined on the input side. AREG/BREG/CREG/DREG are not used.
Related violations: <none>

SYNTH-12#47 Warning
DSP input not registered  
DSP instance DUT_NTT/genblk3[2].NTT_SDF_STAGE/BTF_DIT_CT/MODMUL/INTMUL/genblk3[3].genblk1[1].MUL_reg[10] is not fully pipelined on the input side. AREG/BREG/CREG/DREG are not used.
Related violations: <none>

SYNTH-12#48 Warning
DSP input not registered  
DSP instance DUT_NTT/genblk3[2].NTT_SDF_STAGE/BTF_DIT_CT/MODMUL/INTMUL/genblk3[3].genblk1[2].MUL_reg[11] is not fully pipelined on the input side. AREG/BREG/CREG/DREG are not used.
Related violations: <none>

SYNTH-12#49 Warning
DSP input not registered  
DSP instance DUT_NTT/genblk3[3].NTT_SDF_STAGE/BTF_DIT_CT/MODMUL/INTMUL/genblk3[0].genblk1[0].MUL_reg[0] is not fully pipelined on the input side. AREG/BREG/CREG/DREG are not used.
Related violations: <none>

SYNTH-12#50 Warning
DSP input not registered  
DSP instance DUT_NTT/genblk3[3].NTT_SDF_STAGE/BTF_DIT_CT/MODMUL/INTMUL/genblk3[0].genblk1[1].MUL_reg[1] is not fully pipelined on the input side. AREG/BREG/CREG/DREG are not used.
Related violations: <none>

SYNTH-12#51 Warning
DSP input not registered  
DSP instance DUT_NTT/genblk3[3].NTT_SDF_STAGE/BTF_DIT_CT/MODMUL/INTMUL/genblk3[0].genblk1[2].MUL_reg[2] is not fully pipelined on the input side. AREG/BREG/CREG/DREG are not used.
Related violations: <none>

SYNTH-12#52 Warning
DSP input not registered  
DSP instance DUT_NTT/genblk3[3].NTT_SDF_STAGE/BTF_DIT_CT/MODMUL/INTMUL/genblk3[1].genblk1[0].MUL_reg[3] is not fully pipelined on the input side. AREG/BREG/CREG/DREG are not used.
Related violations: <none>

SYNTH-12#53 Warning
DSP input not registered  
DSP instance DUT_NTT/genblk3[3].NTT_SDF_STAGE/BTF_DIT_CT/MODMUL/INTMUL/genblk3[1].genblk1[1].MUL_reg[4] is not fully pipelined on the input side. AREG/BREG/CREG/DREG are not used.
Related violations: <none>

SYNTH-12#54 Warning
DSP input not registered  
DSP instance DUT_NTT/genblk3[3].NTT_SDF_STAGE/BTF_DIT_CT/MODMUL/INTMUL/genblk3[1].genblk1[2].MUL_reg[5] is not fully pipelined on the input side. AREG/BREG/CREG/DREG are not used.
Related violations: <none>

SYNTH-12#55 Warning
DSP input not registered  
DSP instance DUT_NTT/genblk3[3].NTT_SDF_STAGE/BTF_DIT_CT/MODMUL/INTMUL/genblk3[2].genblk1[0].MUL_reg[6] is not fully pipelined on the input side. AREG/BREG/CREG/DREG are not used.
Related violations: <none>

SYNTH-12#56 Warning
DSP input not registered  
DSP instance DUT_NTT/genblk3[3].NTT_SDF_STAGE/BTF_DIT_CT/MODMUL/INTMUL/genblk3[2].genblk1[1].MUL_reg[7] is not fully pipelined on the input side. AREG/BREG/CREG/DREG are not used.
Related violations: <none>

SYNTH-12#57 Warning
DSP input not registered  
DSP instance DUT_NTT/genblk3[3].NTT_SDF_STAGE/BTF_DIT_CT/MODMUL/INTMUL/genblk3[2].genblk1[2].MUL_reg[8] is not fully pipelined on the input side. AREG/BREG/CREG/DREG are not used.
Related violations: <none>

SYNTH-12#58 Warning
DSP input not registered  
DSP instance DUT_NTT/genblk3[3].NTT_SDF_STAGE/BTF_DIT_CT/MODMUL/INTMUL/genblk3[3].genblk1[0].MUL_reg[9] is not fully pipelined on the input side. AREG/BREG/CREG/DREG are not used.
Related violations: <none>

SYNTH-12#59 Warning
DSP input not registered  
DSP instance DUT_NTT/genblk3[3].NTT_SDF_STAGE/BTF_DIT_CT/MODMUL/INTMUL/genblk3[3].genblk1[1].MUL_reg[10] is not fully pipelined on the input side. AREG/BREG/CREG/DREG are not used.
Related violations: <none>

SYNTH-12#60 Warning
DSP input not registered  
DSP instance DUT_NTT/genblk3[3].NTT_SDF_STAGE/BTF_DIT_CT/MODMUL/INTMUL/genblk3[3].genblk1[2].MUL_reg[11] is not fully pipelined on the input side. AREG/BREG/CREG/DREG are not used.
Related violations: <none>

SYNTH-12#61 Warning
DSP input not registered  
DSP instance DUT_NTT/genblk3[4].NTT_SDF_STAGE/BTF_DIT_CT/MODMUL/INTMUL/genblk3[0].genblk1[0].MUL_reg[0] is not fully pipelined on the input side. AREG/BREG/CREG/DREG are not used.
Related violations: <none>

SYNTH-12#62 Warning
DSP input not registered  
DSP instance DUT_NTT/genblk3[4].NTT_SDF_STAGE/BTF_DIT_CT/MODMUL/INTMUL/genblk3[0].genblk1[1].MUL_reg[1] is not fully pipelined on the input side. AREG/BREG/CREG/DREG are not used.
Related violations: <none>

SYNTH-12#63 Warning
DSP input not registered  
DSP instance DUT_NTT/genblk3[4].NTT_SDF_STAGE/BTF_DIT_CT/MODMUL/INTMUL/genblk3[0].genblk1[2].MUL_reg[2] is not fully pipelined on the input side. AREG/BREG/CREG/DREG are not used.
Related violations: <none>

SYNTH-12#64 Warning
DSP input not registered  
DSP instance DUT_NTT/genblk3[4].NTT_SDF_STAGE/BTF_DIT_CT/MODMUL/INTMUL/genblk3[1].genblk1[0].MUL_reg[3] is not fully pipelined on the input side. AREG/BREG/CREG/DREG are not used.
Related violations: <none>

SYNTH-12#65 Warning
DSP input not registered  
DSP instance DUT_NTT/genblk3[4].NTT_SDF_STAGE/BTF_DIT_CT/MODMUL/INTMUL/genblk3[1].genblk1[1].MUL_reg[4] is not fully pipelined on the input side. AREG/BREG/CREG/DREG are not used.
Related violations: <none>

SYNTH-12#66 Warning
DSP input not registered  
DSP instance DUT_NTT/genblk3[4].NTT_SDF_STAGE/BTF_DIT_CT/MODMUL/INTMUL/genblk3[1].genblk1[2].MUL_reg[5] is not fully pipelined on the input side. AREG/BREG/CREG/DREG are not used.
Related violations: <none>

SYNTH-12#67 Warning
DSP input not registered  
DSP instance DUT_NTT/genblk3[4].NTT_SDF_STAGE/BTF_DIT_CT/MODMUL/INTMUL/genblk3[2].genblk1[0].MUL_reg[6] is not fully pipelined on the input side. AREG/BREG/CREG/DREG are not used.
Related violations: <none>

SYNTH-12#68 Warning
DSP input not registered  
DSP instance DUT_NTT/genblk3[4].NTT_SDF_STAGE/BTF_DIT_CT/MODMUL/INTMUL/genblk3[2].genblk1[1].MUL_reg[7] is not fully pipelined on the input side. AREG/BREG/CREG/DREG are not used.
Related violations: <none>

SYNTH-12#69 Warning
DSP input not registered  
DSP instance DUT_NTT/genblk3[4].NTT_SDF_STAGE/BTF_DIT_CT/MODMUL/INTMUL/genblk3[2].genblk1[2].MUL_reg[8] is not fully pipelined on the input side. AREG/BREG/CREG/DREG are not used.
Related violations: <none>

SYNTH-12#70 Warning
DSP input not registered  
DSP instance DUT_NTT/genblk3[4].NTT_SDF_STAGE/BTF_DIT_CT/MODMUL/INTMUL/genblk3[3].genblk1[0].MUL_reg[9] is not fully pipelined on the input side. AREG/BREG/CREG/DREG are not used.
Related violations: <none>

SYNTH-12#71 Warning
DSP input not registered  
DSP instance DUT_NTT/genblk3[4].NTT_SDF_STAGE/BTF_DIT_CT/MODMUL/INTMUL/genblk3[3].genblk1[1].MUL_reg[10] is not fully pipelined on the input side. AREG/BREG/CREG/DREG are not used.
Related violations: <none>

SYNTH-12#72 Warning
DSP input not registered  
DSP instance DUT_NTT/genblk3[4].NTT_SDF_STAGE/BTF_DIT_CT/MODMUL/INTMUL/genblk3[3].genblk1[2].MUL_reg[11] is not fully pipelined on the input side. AREG/BREG/CREG/DREG are not used.
Related violations: <none>

SYNTH-12#73 Warning
DSP input not registered  
DSP instance DUT_NTT/genblk3[5].NTT_SDF_STAGE/BTF_DIT_CT/MODMUL/INTMUL/genblk3[0].genblk1[0].MUL_reg[0] is not fully pipelined on the input side. AREG/BREG/CREG/DREG are not used.
Related violations: <none>

SYNTH-12#74 Warning
DSP input not registered  
DSP instance DUT_NTT/genblk3[5].NTT_SDF_STAGE/BTF_DIT_CT/MODMUL/INTMUL/genblk3[0].genblk1[1].MUL_reg[1] is not fully pipelined on the input side. AREG/BREG/CREG/DREG are not used.
Related violations: <none>

SYNTH-12#75 Warning
DSP input not registered  
DSP instance DUT_NTT/genblk3[5].NTT_SDF_STAGE/BTF_DIT_CT/MODMUL/INTMUL/genblk3[0].genblk1[2].MUL_reg[2] is not fully pipelined on the input side. AREG/BREG/CREG/DREG are not used.
Related violations: <none>

SYNTH-12#76 Warning
DSP input not registered  
DSP instance DUT_NTT/genblk3[5].NTT_SDF_STAGE/BTF_DIT_CT/MODMUL/INTMUL/genblk3[1].genblk1[0].MUL_reg[3] is not fully pipelined on the input side. AREG/BREG/CREG/DREG are not used.
Related violations: <none>

SYNTH-12#77 Warning
DSP input not registered  
DSP instance DUT_NTT/genblk3[5].NTT_SDF_STAGE/BTF_DIT_CT/MODMUL/INTMUL/genblk3[1].genblk1[1].MUL_reg[4] is not fully pipelined on the input side. AREG/BREG/CREG/DREG are not used.
Related violations: <none>

SYNTH-12#78 Warning
DSP input not registered  
DSP instance DUT_NTT/genblk3[5].NTT_SDF_STAGE/BTF_DIT_CT/MODMUL/INTMUL/genblk3[1].genblk1[2].MUL_reg[5] is not fully pipelined on the input side. AREG/BREG/CREG/DREG are not used.
Related violations: <none>

SYNTH-12#79 Warning
DSP input not registered  
DSP instance DUT_NTT/genblk3[5].NTT_SDF_STAGE/BTF_DIT_CT/MODMUL/INTMUL/genblk3[2].genblk1[0].MUL_reg[6] is not fully pipelined on the input side. AREG/BREG/CREG/DREG are not used.
Related violations: <none>

SYNTH-12#80 Warning
DSP input not registered  
DSP instance DUT_NTT/genblk3[5].NTT_SDF_STAGE/BTF_DIT_CT/MODMUL/INTMUL/genblk3[2].genblk1[1].MUL_reg[7] is not fully pipelined on the input side. AREG/BREG/CREG/DREG are not used.
Related violations: <none>

SYNTH-12#81 Warning
DSP input not registered  
DSP instance DUT_NTT/genblk3[5].NTT_SDF_STAGE/BTF_DIT_CT/MODMUL/INTMUL/genblk3[2].genblk1[2].MUL_reg[8] is not fully pipelined on the input side. AREG/BREG/CREG/DREG are not used.
Related violations: <none>

SYNTH-12#82 Warning
DSP input not registered  
DSP instance DUT_NTT/genblk3[5].NTT_SDF_STAGE/BTF_DIT_CT/MODMUL/INTMUL/genblk3[3].genblk1[0].MUL_reg[9] is not fully pipelined on the input side. AREG/BREG/CREG/DREG are not used.
Related violations: <none>

SYNTH-12#83 Warning
DSP input not registered  
DSP instance DUT_NTT/genblk3[5].NTT_SDF_STAGE/BTF_DIT_CT/MODMUL/INTMUL/genblk3[3].genblk1[1].MUL_reg[10] is not fully pipelined on the input side. AREG/BREG/CREG/DREG are not used.
Related violations: <none>

SYNTH-12#84 Warning
DSP input not registered  
DSP instance DUT_NTT/genblk3[5].NTT_SDF_STAGE/BTF_DIT_CT/MODMUL/INTMUL/genblk3[3].genblk1[2].MUL_reg[11] is not fully pipelined on the input side. AREG/BREG/CREG/DREG are not used.
Related violations: <none>

SYNTH-12#85 Warning
DSP input not registered  
DSP instance DUT_NTT/genblk3[6].NTT_SDF_STAGE/BTF_DIT_CT/MODMUL/INTMUL/genblk3[0].genblk1[0].MUL_reg[0] is not fully pipelined on the input side. AREG/BREG/CREG/DREG are not used.
Related violations: <none>

SYNTH-12#86 Warning
DSP input not registered  
DSP instance DUT_NTT/genblk3[6].NTT_SDF_STAGE/BTF_DIT_CT/MODMUL/INTMUL/genblk3[0].genblk1[1].MUL_reg[1] is not fully pipelined on the input side. AREG/BREG/CREG/DREG are not used.
Related violations: <none>

SYNTH-12#87 Warning
DSP input not registered  
DSP instance DUT_NTT/genblk3[6].NTT_SDF_STAGE/BTF_DIT_CT/MODMUL/INTMUL/genblk3[0].genblk1[2].MUL_reg[2] is not fully pipelined on the input side. AREG/BREG/CREG/DREG are not used.
Related violations: <none>

SYNTH-12#88 Warning
DSP input not registered  
DSP instance DUT_NTT/genblk3[6].NTT_SDF_STAGE/BTF_DIT_CT/MODMUL/INTMUL/genblk3[1].genblk1[0].MUL_reg[3] is not fully pipelined on the input side. AREG/BREG/CREG/DREG are not used.
Related violations: <none>

SYNTH-12#89 Warning
DSP input not registered  
DSP instance DUT_NTT/genblk3[6].NTT_SDF_STAGE/BTF_DIT_CT/MODMUL/INTMUL/genblk3[1].genblk1[1].MUL_reg[4] is not fully pipelined on the input side. AREG/BREG/CREG/DREG are not used.
Related violations: <none>

SYNTH-12#90 Warning
DSP input not registered  
DSP instance DUT_NTT/genblk3[6].NTT_SDF_STAGE/BTF_DIT_CT/MODMUL/INTMUL/genblk3[1].genblk1[2].MUL_reg[5] is not fully pipelined on the input side. AREG/BREG/CREG/DREG are not used.
Related violations: <none>

SYNTH-12#91 Warning
DSP input not registered  
DSP instance DUT_NTT/genblk3[6].NTT_SDF_STAGE/BTF_DIT_CT/MODMUL/INTMUL/genblk3[2].genblk1[0].MUL_reg[6] is not fully pipelined on the input side. AREG/BREG/CREG/DREG are not used.
Related violations: <none>

SYNTH-12#92 Warning
DSP input not registered  
DSP instance DUT_NTT/genblk3[6].NTT_SDF_STAGE/BTF_DIT_CT/MODMUL/INTMUL/genblk3[2].genblk1[1].MUL_reg[7] is not fully pipelined on the input side. AREG/BREG/CREG/DREG are not used.
Related violations: <none>

SYNTH-12#93 Warning
DSP input not registered  
DSP instance DUT_NTT/genblk3[6].NTT_SDF_STAGE/BTF_DIT_CT/MODMUL/INTMUL/genblk3[2].genblk1[2].MUL_reg[8] is not fully pipelined on the input side. AREG/BREG/CREG/DREG are not used.
Related violations: <none>

SYNTH-12#94 Warning
DSP input not registered  
DSP instance DUT_NTT/genblk3[6].NTT_SDF_STAGE/BTF_DIT_CT/MODMUL/INTMUL/genblk3[3].genblk1[0].MUL_reg[9] is not fully pipelined on the input side. AREG/BREG/CREG/DREG are not used.
Related violations: <none>

SYNTH-12#95 Warning
DSP input not registered  
DSP instance DUT_NTT/genblk3[6].NTT_SDF_STAGE/BTF_DIT_CT/MODMUL/INTMUL/genblk3[3].genblk1[1].MUL_reg[10] is not fully pipelined on the input side. AREG/BREG/CREG/DREG are not used.
Related violations: <none>

SYNTH-12#96 Warning
DSP input not registered  
DSP instance DUT_NTT/genblk3[6].NTT_SDF_STAGE/BTF_DIT_CT/MODMUL/INTMUL/genblk3[3].genblk1[2].MUL_reg[11] is not fully pipelined on the input side. AREG/BREG/CREG/DREG are not used.
Related violations: <none>

SYNTH-12#97 Warning
DSP input not registered  
DSP instance DUT_NTT/genblk3[7].NTT_SDF_STAGE/BTF_DIT_CT/MODMUL/INTMUL/genblk3[0].genblk1[0].MUL_reg[0] is not fully pipelined on the input side. AREG/BREG/CREG/DREG are not used.
Related violations: <none>

SYNTH-12#98 Warning
DSP input not registered  
DSP instance DUT_NTT/genblk3[7].NTT_SDF_STAGE/BTF_DIT_CT/MODMUL/INTMUL/genblk3[0].genblk1[1].MUL_reg[1] is not fully pipelined on the input side. AREG/BREG/CREG/DREG are not used.
Related violations: <none>

SYNTH-12#99 Warning
DSP input not registered  
DSP instance DUT_NTT/genblk3[7].NTT_SDF_STAGE/BTF_DIT_CT/MODMUL/INTMUL/genblk3[0].genblk1[2].MUL_reg[2] is not fully pipelined on the input side. AREG/BREG/CREG/DREG are not used.
Related violations: <none>

SYNTH-12#100 Warning
DSP input not registered  
DSP instance DUT_NTT/genblk3[7].NTT_SDF_STAGE/BTF_DIT_CT/MODMUL/INTMUL/genblk3[1].genblk1[0].MUL_reg[3] is not fully pipelined on the input side. AREG/BREG/CREG/DREG are not used.
Related violations: <none>

SYNTH-12#101 Warning
DSP input not registered  
DSP instance DUT_NTT/genblk3[7].NTT_SDF_STAGE/BTF_DIT_CT/MODMUL/INTMUL/genblk3[1].genblk1[1].MUL_reg[4] is not fully pipelined on the input side. AREG/BREG/CREG/DREG are not used.
Related violations: <none>

SYNTH-12#102 Warning
DSP input not registered  
DSP instance DUT_NTT/genblk3[7].NTT_SDF_STAGE/BTF_DIT_CT/MODMUL/INTMUL/genblk3[1].genblk1[2].MUL_reg[5] is not fully pipelined on the input side. AREG/BREG/CREG/DREG are not used.
Related violations: <none>

SYNTH-12#103 Warning
DSP input not registered  
DSP instance DUT_NTT/genblk3[7].NTT_SDF_STAGE/BTF_DIT_CT/MODMUL/INTMUL/genblk3[2].genblk1[0].MUL_reg[6] is not fully pipelined on the input side. AREG/BREG/CREG/DREG are not used.
Related violations: <none>

SYNTH-12#104 Warning
DSP input not registered  
DSP instance DUT_NTT/genblk3[7].NTT_SDF_STAGE/BTF_DIT_CT/MODMUL/INTMUL/genblk3[2].genblk1[1].MUL_reg[7] is not fully pipelined on the input side. AREG/BREG/CREG/DREG are not used.
Related violations: <none>

SYNTH-12#105 Warning
DSP input not registered  
DSP instance DUT_NTT/genblk3[7].NTT_SDF_STAGE/BTF_DIT_CT/MODMUL/INTMUL/genblk3[2].genblk1[2].MUL_reg[8] is not fully pipelined on the input side. AREG/BREG/CREG/DREG are not used.
Related violations: <none>

SYNTH-12#106 Warning
DSP input not registered  
DSP instance DUT_NTT/genblk3[7].NTT_SDF_STAGE/BTF_DIT_CT/MODMUL/INTMUL/genblk3[3].genblk1[0].MUL_reg[9] is not fully pipelined on the input side. AREG/BREG/CREG/DREG are not used.
Related violations: <none>

SYNTH-12#107 Warning
DSP input not registered  
DSP instance DUT_NTT/genblk3[7].NTT_SDF_STAGE/BTF_DIT_CT/MODMUL/INTMUL/genblk3[3].genblk1[1].MUL_reg[10] is not fully pipelined on the input side. AREG/BREG/CREG/DREG are not used.
Related violations: <none>

SYNTH-12#108 Warning
DSP input not registered  
DSP instance DUT_NTT/genblk3[7].NTT_SDF_STAGE/BTF_DIT_CT/MODMUL/INTMUL/genblk3[3].genblk1[2].MUL_reg[11] is not fully pipelined on the input side. AREG/BREG/CREG/DREG are not used.
Related violations: <none>

SYNTH-12#109 Warning
DSP input not registered  
DSP instance DUT_NTT/genblk3[8].NTT_SDF_STAGE/BTF_DIT_CT/MODMUL/INTMUL/genblk3[0].genblk1[0].MUL_reg[0] is not fully pipelined on the input side. AREG/BREG/CREG/DREG are not used.
Related violations: <none>

SYNTH-12#110 Warning
DSP input not registered  
DSP instance DUT_NTT/genblk3[8].NTT_SDF_STAGE/BTF_DIT_CT/MODMUL/INTMUL/genblk3[0].genblk1[1].MUL_reg[1] is not fully pipelined on the input side. AREG/BREG/CREG/DREG are not used.
Related violations: <none>

SYNTH-12#111 Warning
DSP input not registered  
DSP instance DUT_NTT/genblk3[8].NTT_SDF_STAGE/BTF_DIT_CT/MODMUL/INTMUL/genblk3[0].genblk1[2].MUL_reg[2] is not fully pipelined on the input side. AREG/BREG/CREG/DREG are not used.
Related violations: <none>

SYNTH-12#112 Warning
DSP input not registered  
DSP instance DUT_NTT/genblk3[8].NTT_SDF_STAGE/BTF_DIT_CT/MODMUL/INTMUL/genblk3[1].genblk1[0].MUL_reg[3] is not fully pipelined on the input side. AREG/BREG/CREG/DREG are not used.
Related violations: <none>

SYNTH-12#113 Warning
DSP input not registered  
DSP instance DUT_NTT/genblk3[8].NTT_SDF_STAGE/BTF_DIT_CT/MODMUL/INTMUL/genblk3[1].genblk1[1].MUL_reg[4] is not fully pipelined on the input side. AREG/BREG/CREG/DREG are not used.
Related violations: <none>

SYNTH-12#114 Warning
DSP input not registered  
DSP instance DUT_NTT/genblk3[8].NTT_SDF_STAGE/BTF_DIT_CT/MODMUL/INTMUL/genblk3[1].genblk1[2].MUL_reg[5] is not fully pipelined on the input side. AREG/BREG/CREG/DREG are not used.
Related violations: <none>

SYNTH-12#115 Warning
DSP input not registered  
DSP instance DUT_NTT/genblk3[8].NTT_SDF_STAGE/BTF_DIT_CT/MODMUL/INTMUL/genblk3[2].genblk1[0].MUL_reg[6] is not fully pipelined on the input side. AREG/BREG/CREG/DREG are not used.
Related violations: <none>

SYNTH-12#116 Warning
DSP input not registered  
DSP instance DUT_NTT/genblk3[8].NTT_SDF_STAGE/BTF_DIT_CT/MODMUL/INTMUL/genblk3[2].genblk1[1].MUL_reg[7] is not fully pipelined on the input side. AREG/BREG/CREG/DREG are not used.
Related violations: <none>

SYNTH-12#117 Warning
DSP input not registered  
DSP instance DUT_NTT/genblk3[8].NTT_SDF_STAGE/BTF_DIT_CT/MODMUL/INTMUL/genblk3[2].genblk1[2].MUL_reg[8] is not fully pipelined on the input side. AREG/BREG/CREG/DREG are not used.
Related violations: <none>

SYNTH-12#118 Warning
DSP input not registered  
DSP instance DUT_NTT/genblk3[8].NTT_SDF_STAGE/BTF_DIT_CT/MODMUL/INTMUL/genblk3[3].genblk1[0].MUL_reg[9] is not fully pipelined on the input side. AREG/BREG/CREG/DREG are not used.
Related violations: <none>

SYNTH-12#119 Warning
DSP input not registered  
DSP instance DUT_NTT/genblk3[8].NTT_SDF_STAGE/BTF_DIT_CT/MODMUL/INTMUL/genblk3[3].genblk1[1].MUL_reg[10] is not fully pipelined on the input side. AREG/BREG/CREG/DREG are not used.
Related violations: <none>

SYNTH-12#120 Warning
DSP input not registered  
DSP instance DUT_NTT/genblk3[8].NTT_SDF_STAGE/BTF_DIT_CT/MODMUL/INTMUL/genblk3[3].genblk1[2].MUL_reg[11] is not fully pipelined on the input side. AREG/BREG/CREG/DREG are not used.
Related violations: <none>

SYNTH-12#121 Warning
DSP input not registered  
DSP instance DUT_NTT/genblk3[9].NTT_SDF_STAGE/BTF_DIT_CT/MODMUL/INTMUL/genblk3[0].genblk1[0].MUL_reg[0] is not fully pipelined on the input side. AREG/BREG/CREG/DREG are not used.
Related violations: <none>

SYNTH-12#122 Warning
DSP input not registered  
DSP instance DUT_NTT/genblk3[9].NTT_SDF_STAGE/BTF_DIT_CT/MODMUL/INTMUL/genblk3[0].genblk1[1].MUL_reg[1] is not fully pipelined on the input side. AREG/BREG/CREG/DREG are not used.
Related violations: <none>

SYNTH-12#123 Warning
DSP input not registered  
DSP instance DUT_NTT/genblk3[9].NTT_SDF_STAGE/BTF_DIT_CT/MODMUL/INTMUL/genblk3[0].genblk1[2].MUL_reg[2] is not fully pipelined on the input side. AREG/BREG/CREG/DREG are not used.
Related violations: <none>

SYNTH-12#124 Warning
DSP input not registered  
DSP instance DUT_NTT/genblk3[9].NTT_SDF_STAGE/BTF_DIT_CT/MODMUL/INTMUL/genblk3[1].genblk1[0].MUL_reg[3] is not fully pipelined on the input side. AREG/BREG/CREG/DREG are not used.
Related violations: <none>

SYNTH-12#125 Warning
DSP input not registered  
DSP instance DUT_NTT/genblk3[9].NTT_SDF_STAGE/BTF_DIT_CT/MODMUL/INTMUL/genblk3[1].genblk1[1].MUL_reg[4] is not fully pipelined on the input side. AREG/BREG/CREG/DREG are not used.
Related violations: <none>

SYNTH-12#126 Warning
DSP input not registered  
DSP instance DUT_NTT/genblk3[9].NTT_SDF_STAGE/BTF_DIT_CT/MODMUL/INTMUL/genblk3[1].genblk1[2].MUL_reg[5] is not fully pipelined on the input side. AREG/BREG/CREG/DREG are not used.
Related violations: <none>

SYNTH-12#127 Warning
DSP input not registered  
DSP instance DUT_NTT/genblk3[9].NTT_SDF_STAGE/BTF_DIT_CT/MODMUL/INTMUL/genblk3[2].genblk1[0].MUL_reg[6] is not fully pipelined on the input side. AREG/BREG/CREG/DREG are not used.
Related violations: <none>

SYNTH-12#128 Warning
DSP input not registered  
DSP instance DUT_NTT/genblk3[9].NTT_SDF_STAGE/BTF_DIT_CT/MODMUL/INTMUL/genblk3[2].genblk1[1].MUL_reg[7] is not fully pipelined on the input side. AREG/BREG/CREG/DREG are not used.
Related violations: <none>

SYNTH-12#129 Warning
DSP input not registered  
DSP instance DUT_NTT/genblk3[9].NTT_SDF_STAGE/BTF_DIT_CT/MODMUL/INTMUL/genblk3[2].genblk1[2].MUL_reg[8] is not fully pipelined on the input side. AREG/BREG/CREG/DREG are not used.
Related violations: <none>

SYNTH-12#130 Warning
DSP input not registered  
DSP instance DUT_NTT/genblk3[9].NTT_SDF_STAGE/BTF_DIT_CT/MODMUL/INTMUL/genblk3[3].genblk1[0].MUL_reg[9] is not fully pipelined on the input side. AREG/BREG/CREG/DREG are not used.
Related violations: <none>

SYNTH-12#131 Warning
DSP input not registered  
DSP instance DUT_NTT/genblk3[9].NTT_SDF_STAGE/BTF_DIT_CT/MODMUL/INTMUL/genblk3[3].genblk1[1].MUL_reg[10] is not fully pipelined on the input side. AREG/BREG/CREG/DREG are not used.
Related violations: <none>

SYNTH-12#132 Warning
DSP input not registered  
DSP instance DUT_NTT/genblk3[9].NTT_SDF_STAGE/BTF_DIT_CT/MODMUL/INTMUL/genblk3[3].genblk1[2].MUL_reg[11] is not fully pipelined on the input side. AREG/BREG/CREG/DREG are not used.
Related violations: <none>

TIMING-18#1 Warning
Missing input or output delay  
An input delay is missing on data64_in[0] relative to clock(s) clk
Related violations: <none>

TIMING-18#2 Warning
Missing input or output delay  
An input delay is missing on data64_in[10] relative to clock(s) clk
Related violations: <none>

TIMING-18#3 Warning
Missing input or output delay  
An input delay is missing on data64_in[11] relative to clock(s) clk
Related violations: <none>

TIMING-18#4 Warning
Missing input or output delay  
An input delay is missing on data64_in[12] relative to clock(s) clk
Related violations: <none>

TIMING-18#5 Warning
Missing input or output delay  
An input delay is missing on data64_in[13] relative to clock(s) clk
Related violations: <none>

TIMING-18#6 Warning
Missing input or output delay  
An input delay is missing on data64_in[14] relative to clock(s) clk
Related violations: <none>

TIMING-18#7 Warning
Missing input or output delay  
An input delay is missing on data64_in[15] relative to clock(s) clk
Related violations: <none>

TIMING-18#8 Warning
Missing input or output delay  
An input delay is missing on data64_in[16] relative to clock(s) clk
Related violations: <none>

TIMING-18#9 Warning
Missing input or output delay  
An input delay is missing on data64_in[17] relative to clock(s) clk
Related violations: <none>

TIMING-18#10 Warning
Missing input or output delay  
An input delay is missing on data64_in[18] relative to clock(s) clk
Related violations: <none>

TIMING-18#11 Warning
Missing input or output delay  
An input delay is missing on data64_in[19] relative to clock(s) clk
Related violations: <none>

TIMING-18#12 Warning
Missing input or output delay  
An input delay is missing on data64_in[1] relative to clock(s) clk
Related violations: <none>

TIMING-18#13 Warning
Missing input or output delay  
An input delay is missing on data64_in[20] relative to clock(s) clk
Related violations: <none>

TIMING-18#14 Warning
Missing input or output delay  
An input delay is missing on data64_in[21] relative to clock(s) clk
Related violations: <none>

TIMING-18#15 Warning
Missing input or output delay  
An input delay is missing on data64_in[22] relative to clock(s) clk
Related violations: <none>

TIMING-18#16 Warning
Missing input or output delay  
An input delay is missing on data64_in[23] relative to clock(s) clk
Related violations: <none>

TIMING-18#17 Warning
Missing input or output delay  
An input delay is missing on data64_in[24] relative to clock(s) clk
Related violations: <none>

TIMING-18#18 Warning
Missing input or output delay  
An input delay is missing on data64_in[25] relative to clock(s) clk
Related violations: <none>

TIMING-18#19 Warning
Missing input or output delay  
An input delay is missing on data64_in[26] relative to clock(s) clk
Related violations: <none>

TIMING-18#20 Warning
Missing input or output delay  
An input delay is missing on data64_in[27] relative to clock(s) clk
Related violations: <none>

TIMING-18#21 Warning
Missing input or output delay  
An input delay is missing on data64_in[28] relative to clock(s) clk
Related violations: <none>

TIMING-18#22 Warning
Missing input or output delay  
An input delay is missing on data64_in[29] relative to clock(s) clk
Related violations: <none>

TIMING-18#23 Warning
Missing input or output delay  
An input delay is missing on data64_in[2] relative to clock(s) clk
Related violations: <none>

TIMING-18#24 Warning
Missing input or output delay  
An input delay is missing on data64_in[30] relative to clock(s) clk
Related violations: <none>

TIMING-18#25 Warning
Missing input or output delay  
An input delay is missing on data64_in[31] relative to clock(s) clk
Related violations: <none>

TIMING-18#26 Warning
Missing input or output delay  
An input delay is missing on data64_in[32] relative to clock(s) clk
Related violations: <none>

TIMING-18#27 Warning
Missing input or output delay  
An input delay is missing on data64_in[33] relative to clock(s) clk
Related violations: <none>

TIMING-18#28 Warning
Missing input or output delay  
An input delay is missing on data64_in[34] relative to clock(s) clk
Related violations: <none>

TIMING-18#29 Warning
Missing input or output delay  
An input delay is missing on data64_in[35] relative to clock(s) clk
Related violations: <none>

TIMING-18#30 Warning
Missing input or output delay  
An input delay is missing on data64_in[36] relative to clock(s) clk
Related violations: <none>

TIMING-18#31 Warning
Missing input or output delay  
An input delay is missing on data64_in[37] relative to clock(s) clk
Related violations: <none>

TIMING-18#32 Warning
Missing input or output delay  
An input delay is missing on data64_in[38] relative to clock(s) clk
Related violations: <none>

TIMING-18#33 Warning
Missing input or output delay  
An input delay is missing on data64_in[39] relative to clock(s) clk
Related violations: <none>

TIMING-18#34 Warning
Missing input or output delay  
An input delay is missing on data64_in[3] relative to clock(s) clk
Related violations: <none>

TIMING-18#35 Warning
Missing input or output delay  
An input delay is missing on data64_in[40] relative to clock(s) clk
Related violations: <none>

TIMING-18#36 Warning
Missing input or output delay  
An input delay is missing on data64_in[41] relative to clock(s) clk
Related violations: <none>

TIMING-18#37 Warning
Missing input or output delay  
An input delay is missing on data64_in[42] relative to clock(s) clk
Related violations: <none>

TIMING-18#38 Warning
Missing input or output delay  
An input delay is missing on data64_in[43] relative to clock(s) clk
Related violations: <none>

TIMING-18#39 Warning
Missing input or output delay  
An input delay is missing on data64_in[44] relative to clock(s) clk
Related violations: <none>

TIMING-18#40 Warning
Missing input or output delay  
An input delay is missing on data64_in[45] relative to clock(s) clk
Related violations: <none>

TIMING-18#41 Warning
Missing input or output delay  
An input delay is missing on data64_in[46] relative to clock(s) clk
Related violations: <none>

TIMING-18#42 Warning
Missing input or output delay  
An input delay is missing on data64_in[47] relative to clock(s) clk
Related violations: <none>

TIMING-18#43 Warning
Missing input or output delay  
An input delay is missing on data64_in[48] relative to clock(s) clk
Related violations: <none>

TIMING-18#44 Warning
Missing input or output delay  
An input delay is missing on data64_in[49] relative to clock(s) clk
Related violations: <none>

TIMING-18#45 Warning
Missing input or output delay  
An input delay is missing on data64_in[4] relative to clock(s) clk
Related violations: <none>

TIMING-18#46 Warning
Missing input or output delay  
An input delay is missing on data64_in[50] relative to clock(s) clk
Related violations: <none>

TIMING-18#47 Warning
Missing input or output delay  
An input delay is missing on data64_in[51] relative to clock(s) clk
Related violations: <none>

TIMING-18#48 Warning
Missing input or output delay  
An input delay is missing on data64_in[52] relative to clock(s) clk
Related violations: <none>

TIMING-18#49 Warning
Missing input or output delay  
An input delay is missing on data64_in[53] relative to clock(s) clk
Related violations: <none>

TIMING-18#50 Warning
Missing input or output delay  
An input delay is missing on data64_in[54] relative to clock(s) clk
Related violations: <none>

TIMING-18#51 Warning
Missing input or output delay  
An input delay is missing on data64_in[55] relative to clock(s) clk
Related violations: <none>

TIMING-18#52 Warning
Missing input or output delay  
An input delay is missing on data64_in[56] relative to clock(s) clk
Related violations: <none>

TIMING-18#53 Warning
Missing input or output delay  
An input delay is missing on data64_in[57] relative to clock(s) clk
Related violations: <none>

TIMING-18#54 Warning
Missing input or output delay  
An input delay is missing on data64_in[58] relative to clock(s) clk
Related violations: <none>

TIMING-18#55 Warning
Missing input or output delay  
An input delay is missing on data64_in[59] relative to clock(s) clk
Related violations: <none>

TIMING-18#56 Warning
Missing input or output delay  
An input delay is missing on data64_in[5] relative to clock(s) clk
Related violations: <none>

TIMING-18#57 Warning
Missing input or output delay  
An input delay is missing on data64_in[60] relative to clock(s) clk
Related violations: <none>

TIMING-18#58 Warning
Missing input or output delay  
An input delay is missing on data64_in[61] relative to clock(s) clk
Related violations: <none>

TIMING-18#59 Warning
Missing input or output delay  
An input delay is missing on data64_in[62] relative to clock(s) clk
Related violations: <none>

TIMING-18#60 Warning
Missing input or output delay  
An input delay is missing on data64_in[63] relative to clock(s) clk
Related violations: <none>

TIMING-18#61 Warning
Missing input or output delay  
An input delay is missing on data64_in[6] relative to clock(s) clk
Related violations: <none>

TIMING-18#62 Warning
Missing input or output delay  
An input delay is missing on data64_in[7] relative to clock(s) clk
Related violations: <none>

TIMING-18#63 Warning
Missing input or output delay  
An input delay is missing on data64_in[8] relative to clock(s) clk
Related violations: <none>

TIMING-18#64 Warning
Missing input or output delay  
An input delay is missing on data64_in[9] relative to clock(s) clk
Related violations: <none>

TIMING-18#65 Warning
Missing input or output delay  
An input delay is missing on intt relative to clock(s) clk
Related violations: <none>

TIMING-18#66 Warning
Missing input or output delay  
An input delay is missing on q[0] relative to clock(s) clk
Related violations: <none>

TIMING-18#67 Warning
Missing input or output delay  
An input delay is missing on q[10] relative to clock(s) clk
Related violations: <none>

TIMING-18#68 Warning
Missing input or output delay  
An input delay is missing on q[11] relative to clock(s) clk
Related violations: <none>

TIMING-18#69 Warning
Missing input or output delay  
An input delay is missing on q[12] relative to clock(s) clk
Related violations: <none>

TIMING-18#70 Warning
Missing input or output delay  
An input delay is missing on q[13] relative to clock(s) clk
Related violations: <none>

TIMING-18#71 Warning
Missing input or output delay  
An input delay is missing on q[14] relative to clock(s) clk
Related violations: <none>

TIMING-18#72 Warning
Missing input or output delay  
An input delay is missing on q[15] relative to clock(s) clk
Related violations: <none>

TIMING-18#73 Warning
Missing input or output delay  
An input delay is missing on q[16] relative to clock(s) clk
Related violations: <none>

TIMING-18#74 Warning
Missing input or output delay  
An input delay is missing on q[17] relative to clock(s) clk
Related violations: <none>

TIMING-18#75 Warning
Missing input or output delay  
An input delay is missing on q[18] relative to clock(s) clk
Related violations: <none>

TIMING-18#76 Warning
Missing input or output delay  
An input delay is missing on q[19] relative to clock(s) clk
Related violations: <none>

TIMING-18#77 Warning
Missing input or output delay  
An input delay is missing on q[1] relative to clock(s) clk
Related violations: <none>

TIMING-18#78 Warning
Missing input or output delay  
An input delay is missing on q[20] relative to clock(s) clk
Related violations: <none>

TIMING-18#79 Warning
Missing input or output delay  
An input delay is missing on q[21] relative to clock(s) clk
Related violations: <none>

TIMING-18#80 Warning
Missing input or output delay  
An input delay is missing on q[22] relative to clock(s) clk
Related violations: <none>

TIMING-18#81 Warning
Missing input or output delay  
An input delay is missing on q[23] relative to clock(s) clk
Related violations: <none>

TIMING-18#82 Warning
Missing input or output delay  
An input delay is missing on q[24] relative to clock(s) clk
Related violations: <none>

TIMING-18#83 Warning
Missing input or output delay  
An input delay is missing on q[25] relative to clock(s) clk
Related violations: <none>

TIMING-18#84 Warning
Missing input or output delay  
An input delay is missing on q[26] relative to clock(s) clk
Related violations: <none>

TIMING-18#85 Warning
Missing input or output delay  
An input delay is missing on q[27] relative to clock(s) clk
Related violations: <none>

TIMING-18#86 Warning
Missing input or output delay  
An input delay is missing on q[28] relative to clock(s) clk
Related violations: <none>

TIMING-18#87 Warning
Missing input or output delay  
An input delay is missing on q[29] relative to clock(s) clk
Related violations: <none>

TIMING-18#88 Warning
Missing input or output delay  
An input delay is missing on q[2] relative to clock(s) clk
Related violations: <none>

TIMING-18#89 Warning
Missing input or output delay  
An input delay is missing on q[30] relative to clock(s) clk
Related violations: <none>

TIMING-18#90 Warning
Missing input or output delay  
An input delay is missing on q[31] relative to clock(s) clk
Related violations: <none>

TIMING-18#91 Warning
Missing input or output delay  
An input delay is missing on q[32] relative to clock(s) clk
Related violations: <none>

TIMING-18#92 Warning
Missing input or output delay  
An input delay is missing on q[33] relative to clock(s) clk
Related violations: <none>

TIMING-18#93 Warning
Missing input or output delay  
An input delay is missing on q[34] relative to clock(s) clk
Related violations: <none>

TIMING-18#94 Warning
Missing input or output delay  
An input delay is missing on q[35] relative to clock(s) clk
Related violations: <none>

TIMING-18#95 Warning
Missing input or output delay  
An input delay is missing on q[36] relative to clock(s) clk
Related violations: <none>

TIMING-18#96 Warning
Missing input or output delay  
An input delay is missing on q[37] relative to clock(s) clk
Related violations: <none>

TIMING-18#97 Warning
Missing input or output delay  
An input delay is missing on q[38] relative to clock(s) clk
Related violations: <none>

TIMING-18#98 Warning
Missing input or output delay  
An input delay is missing on q[39] relative to clock(s) clk
Related violations: <none>

TIMING-18#99 Warning
Missing input or output delay  
An input delay is missing on q[3] relative to clock(s) clk
Related violations: <none>

TIMING-18#100 Warning
Missing input or output delay  
An input delay is missing on q[40] relative to clock(s) clk
Related violations: <none>

TIMING-18#101 Warning
Missing input or output delay  
An input delay is missing on q[41] relative to clock(s) clk
Related violations: <none>

TIMING-18#102 Warning
Missing input or output delay  
An input delay is missing on q[42] relative to clock(s) clk
Related violations: <none>

TIMING-18#103 Warning
Missing input or output delay  
An input delay is missing on q[43] relative to clock(s) clk
Related violations: <none>

TIMING-18#104 Warning
Missing input or output delay  
An input delay is missing on q[44] relative to clock(s) clk
Related violations: <none>

TIMING-18#105 Warning
Missing input or output delay  
An input delay is missing on q[45] relative to clock(s) clk
Related violations: <none>

TIMING-18#106 Warning
Missing input or output delay  
An input delay is missing on q[46] relative to clock(s) clk
Related violations: <none>

TIMING-18#107 Warning
Missing input or output delay  
An input delay is missing on q[47] relative to clock(s) clk
Related violations: <none>

TIMING-18#108 Warning
Missing input or output delay  
An input delay is missing on q[48] relative to clock(s) clk
Related violations: <none>

TIMING-18#109 Warning
Missing input or output delay  
An input delay is missing on q[49] relative to clock(s) clk
Related violations: <none>

TIMING-18#110 Warning
Missing input or output delay  
An input delay is missing on q[4] relative to clock(s) clk
Related violations: <none>

TIMING-18#111 Warning
Missing input or output delay  
An input delay is missing on q[50] relative to clock(s) clk
Related violations: <none>

TIMING-18#112 Warning
Missing input or output delay  
An input delay is missing on q[51] relative to clock(s) clk
Related violations: <none>

TIMING-18#113 Warning
Missing input or output delay  
An input delay is missing on q[52] relative to clock(s) clk
Related violations: <none>

TIMING-18#114 Warning
Missing input or output delay  
An input delay is missing on q[53] relative to clock(s) clk
Related violations: <none>

TIMING-18#115 Warning
Missing input or output delay  
An input delay is missing on q[54] relative to clock(s) clk
Related violations: <none>

TIMING-18#116 Warning
Missing input or output delay  
An input delay is missing on q[55] relative to clock(s) clk
Related violations: <none>

TIMING-18#117 Warning
Missing input or output delay  
An input delay is missing on q[56] relative to clock(s) clk
Related violations: <none>

TIMING-18#118 Warning
Missing input or output delay  
An input delay is missing on q[57] relative to clock(s) clk
Related violations: <none>

TIMING-18#119 Warning
Missing input or output delay  
An input delay is missing on q[58] relative to clock(s) clk
Related violations: <none>

TIMING-18#120 Warning
Missing input or output delay  
An input delay is missing on q[59] relative to clock(s) clk
Related violations: <none>

TIMING-18#121 Warning
Missing input or output delay  
An input delay is missing on q[5] relative to clock(s) clk
Related violations: <none>

TIMING-18#122 Warning
Missing input or output delay  
An input delay is missing on q[60] relative to clock(s) clk
Related violations: <none>

TIMING-18#123 Warning
Missing input or output delay  
An input delay is missing on q[61] relative to clock(s) clk
Related violations: <none>

TIMING-18#124 Warning
Missing input or output delay  
An input delay is missing on q[62] relative to clock(s) clk
Related violations: <none>

TIMING-18#125 Warning
Missing input or output delay  
An input delay is missing on q[63] relative to clock(s) clk
Related violations: <none>

TIMING-18#126 Warning
Missing input or output delay  
An input delay is missing on q[6] relative to clock(s) clk
Related violations: <none>

TIMING-18#127 Warning
Missing input or output delay  
An input delay is missing on q[7] relative to clock(s) clk
Related violations: <none>

TIMING-18#128 Warning
Missing input or output delay  
An input delay is missing on q[8] relative to clock(s) clk
Related violations: <none>

TIMING-18#129 Warning
Missing input or output delay  
An input delay is missing on q[9] relative to clock(s) clk
Related violations: <none>

TIMING-18#130 Warning
Missing input or output delay  
An input delay is missing on rst relative to clock(s) clk
Related violations: <none>

TIMING-18#131 Warning
Missing input or output delay  
An input delay is missing on start relative to clock(s) clk
Related violations: <none>

TIMING-18#132 Warning
Missing input or output delay  
An output delay is missing on data64_out[0] relative to clock(s) clk
Related violations: <none>

TIMING-18#133 Warning
Missing input or output delay  
An output delay is missing on data64_out[10] relative to clock(s) clk
Related violations: <none>

TIMING-18#134 Warning
Missing input or output delay  
An output delay is missing on data64_out[11] relative to clock(s) clk
Related violations: <none>

TIMING-18#135 Warning
Missing input or output delay  
An output delay is missing on data64_out[12] relative to clock(s) clk
Related violations: <none>

TIMING-18#136 Warning
Missing input or output delay  
An output delay is missing on data64_out[13] relative to clock(s) clk
Related violations: <none>

TIMING-18#137 Warning
Missing input or output delay  
An output delay is missing on data64_out[14] relative to clock(s) clk
Related violations: <none>

TIMING-18#138 Warning
Missing input or output delay  
An output delay is missing on data64_out[15] relative to clock(s) clk
Related violations: <none>

TIMING-18#139 Warning
Missing input or output delay  
An output delay is missing on data64_out[16] relative to clock(s) clk
Related violations: <none>

TIMING-18#140 Warning
Missing input or output delay  
An output delay is missing on data64_out[17] relative to clock(s) clk
Related violations: <none>

TIMING-18#141 Warning
Missing input or output delay  
An output delay is missing on data64_out[18] relative to clock(s) clk
Related violations: <none>

TIMING-18#142 Warning
Missing input or output delay  
An output delay is missing on data64_out[19] relative to clock(s) clk
Related violations: <none>

TIMING-18#143 Warning
Missing input or output delay  
An output delay is missing on data64_out[1] relative to clock(s) clk
Related violations: <none>

TIMING-18#144 Warning
Missing input or output delay  
An output delay is missing on data64_out[20] relative to clock(s) clk
Related violations: <none>

TIMING-18#145 Warning
Missing input or output delay  
An output delay is missing on data64_out[21] relative to clock(s) clk
Related violations: <none>

TIMING-18#146 Warning
Missing input or output delay  
An output delay is missing on data64_out[22] relative to clock(s) clk
Related violations: <none>

TIMING-18#147 Warning
Missing input or output delay  
An output delay is missing on data64_out[23] relative to clock(s) clk
Related violations: <none>

TIMING-18#148 Warning
Missing input or output delay  
An output delay is missing on data64_out[24] relative to clock(s) clk
Related violations: <none>

TIMING-18#149 Warning
Missing input or output delay  
An output delay is missing on data64_out[25] relative to clock(s) clk
Related violations: <none>

TIMING-18#150 Warning
Missing input or output delay  
An output delay is missing on data64_out[26] relative to clock(s) clk
Related violations: <none>

TIMING-18#151 Warning
Missing input or output delay  
An output delay is missing on data64_out[27] relative to clock(s) clk
Related violations: <none>

TIMING-18#152 Warning
Missing input or output delay  
An output delay is missing on data64_out[28] relative to clock(s) clk
Related violations: <none>

TIMING-18#153 Warning
Missing input or output delay  
An output delay is missing on data64_out[29] relative to clock(s) clk
Related violations: <none>

TIMING-18#154 Warning
Missing input or output delay  
An output delay is missing on data64_out[2] relative to clock(s) clk
Related violations: <none>

TIMING-18#155 Warning
Missing input or output delay  
An output delay is missing on data64_out[30] relative to clock(s) clk
Related violations: <none>

TIMING-18#156 Warning
Missing input or output delay  
An output delay is missing on data64_out[31] relative to clock(s) clk
Related violations: <none>

TIMING-18#157 Warning
Missing input or output delay  
An output delay is missing on data64_out[32] relative to clock(s) clk
Related violations: <none>

TIMING-18#158 Warning
Missing input or output delay  
An output delay is missing on data64_out[33] relative to clock(s) clk
Related violations: <none>

TIMING-18#159 Warning
Missing input or output delay  
An output delay is missing on data64_out[34] relative to clock(s) clk
Related violations: <none>

TIMING-18#160 Warning
Missing input or output delay  
An output delay is missing on data64_out[35] relative to clock(s) clk
Related violations: <none>

TIMING-18#161 Warning
Missing input or output delay  
An output delay is missing on data64_out[36] relative to clock(s) clk
Related violations: <none>

TIMING-18#162 Warning
Missing input or output delay  
An output delay is missing on data64_out[37] relative to clock(s) clk
Related violations: <none>

TIMING-18#163 Warning
Missing input or output delay  
An output delay is missing on data64_out[38] relative to clock(s) clk
Related violations: <none>

TIMING-18#164 Warning
Missing input or output delay  
An output delay is missing on data64_out[39] relative to clock(s) clk
Related violations: <none>

TIMING-18#165 Warning
Missing input or output delay  
An output delay is missing on data64_out[3] relative to clock(s) clk
Related violations: <none>

TIMING-18#166 Warning
Missing input or output delay  
An output delay is missing on data64_out[40] relative to clock(s) clk
Related violations: <none>

TIMING-18#167 Warning
Missing input or output delay  
An output delay is missing on data64_out[41] relative to clock(s) clk
Related violations: <none>

TIMING-18#168 Warning
Missing input or output delay  
An output delay is missing on data64_out[42] relative to clock(s) clk
Related violations: <none>

TIMING-18#169 Warning
Missing input or output delay  
An output delay is missing on data64_out[43] relative to clock(s) clk
Related violations: <none>

TIMING-18#170 Warning
Missing input or output delay  
An output delay is missing on data64_out[44] relative to clock(s) clk
Related violations: <none>

TIMING-18#171 Warning
Missing input or output delay  
An output delay is missing on data64_out[45] relative to clock(s) clk
Related violations: <none>

TIMING-18#172 Warning
Missing input or output delay  
An output delay is missing on data64_out[46] relative to clock(s) clk
Related violations: <none>

TIMING-18#173 Warning
Missing input or output delay  
An output delay is missing on data64_out[47] relative to clock(s) clk
Related violations: <none>

TIMING-18#174 Warning
Missing input or output delay  
An output delay is missing on data64_out[48] relative to clock(s) clk
Related violations: <none>

TIMING-18#175 Warning
Missing input or output delay  
An output delay is missing on data64_out[49] relative to clock(s) clk
Related violations: <none>

TIMING-18#176 Warning
Missing input or output delay  
An output delay is missing on data64_out[4] relative to clock(s) clk
Related violations: <none>

TIMING-18#177 Warning
Missing input or output delay  
An output delay is missing on data64_out[50] relative to clock(s) clk
Related violations: <none>

TIMING-18#178 Warning
Missing input or output delay  
An output delay is missing on data64_out[51] relative to clock(s) clk
Related violations: <none>

TIMING-18#179 Warning
Missing input or output delay  
An output delay is missing on data64_out[52] relative to clock(s) clk
Related violations: <none>

TIMING-18#180 Warning
Missing input or output delay  
An output delay is missing on data64_out[53] relative to clock(s) clk
Related violations: <none>

TIMING-18#181 Warning
Missing input or output delay  
An output delay is missing on data64_out[54] relative to clock(s) clk
Related violations: <none>

TIMING-18#182 Warning
Missing input or output delay  
An output delay is missing on data64_out[55] relative to clock(s) clk
Related violations: <none>

TIMING-18#183 Warning
Missing input or output delay  
An output delay is missing on data64_out[56] relative to clock(s) clk
Related violations: <none>

TIMING-18#184 Warning
Missing input or output delay  
An output delay is missing on data64_out[57] relative to clock(s) clk
Related violations: <none>

TIMING-18#185 Warning
Missing input or output delay  
An output delay is missing on data64_out[58] relative to clock(s) clk
Related violations: <none>

TIMING-18#186 Warning
Missing input or output delay  
An output delay is missing on data64_out[59] relative to clock(s) clk
Related violations: <none>

TIMING-18#187 Warning
Missing input or output delay  
An output delay is missing on data64_out[5] relative to clock(s) clk
Related violations: <none>

TIMING-18#188 Warning
Missing input or output delay  
An output delay is missing on data64_out[60] relative to clock(s) clk
Related violations: <none>

TIMING-18#189 Warning
Missing input or output delay  
An output delay is missing on data64_out[61] relative to clock(s) clk
Related violations: <none>

TIMING-18#190 Warning
Missing input or output delay  
An output delay is missing on data64_out[62] relative to clock(s) clk
Related violations: <none>

TIMING-18#191 Warning
Missing input or output delay  
An output delay is missing on data64_out[63] relative to clock(s) clk
Related violations: <none>

TIMING-18#192 Warning
Missing input or output delay  
An output delay is missing on data64_out[6] relative to clock(s) clk
Related violations: <none>

TIMING-18#193 Warning
Missing input or output delay  
An output delay is missing on data64_out[7] relative to clock(s) clk
Related violations: <none>

TIMING-18#194 Warning
Missing input or output delay  
An output delay is missing on data64_out[8] relative to clock(s) clk
Related violations: <none>

TIMING-18#195 Warning
Missing input or output delay  
An output delay is missing on data64_out[9] relative to clock(s) clk
Related violations: <none>

TIMING-18#196 Warning
Missing input or output delay  
An output delay is missing on finish relative to clock(s) clk
Related violations: <none>

TIMING-18#197 Warning
Missing input or output delay  
An output delay is missing on read_address[0] relative to clock(s) clk
Related violations: <none>

TIMING-18#198 Warning
Missing input or output delay  
An output delay is missing on read_address[10] relative to clock(s) clk
Related violations: <none>

TIMING-18#199 Warning
Missing input or output delay  
An output delay is missing on read_address[11] relative to clock(s) clk
Related violations: <none>

TIMING-18#200 Warning
Missing input or output delay  
An output delay is missing on read_address[1] relative to clock(s) clk
Related violations: <none>

TIMING-18#201 Warning
Missing input or output delay  
An output delay is missing on read_address[2] relative to clock(s) clk
Related violations: <none>

TIMING-18#202 Warning
Missing input or output delay  
An output delay is missing on read_address[3] relative to clock(s) clk
Related violations: <none>

TIMING-18#203 Warning
Missing input or output delay  
An output delay is missing on read_address[4] relative to clock(s) clk
Related violations: <none>

TIMING-18#204 Warning
Missing input or output delay  
An output delay is missing on read_address[5] relative to clock(s) clk
Related violations: <none>

TIMING-18#205 Warning
Missing input or output delay  
An output delay is missing on read_address[6] relative to clock(s) clk
Related violations: <none>

TIMING-18#206 Warning
Missing input or output delay  
An output delay is missing on read_address[7] relative to clock(s) clk
Related violations: <none>

TIMING-18#207 Warning
Missing input or output delay  
An output delay is missing on read_address[8] relative to clock(s) clk
Related violations: <none>

TIMING-18#208 Warning
Missing input or output delay  
An output delay is missing on read_address[9] relative to clock(s) clk
Related violations: <none>

TIMING-18#209 Warning
Missing input or output delay  
An output delay is missing on wea relative to clock(s) clk
Related violations: <none>

TIMING-18#210 Warning
Missing input or output delay  
An output delay is missing on write_address[0] relative to clock(s) clk
Related violations: <none>

TIMING-18#211 Warning
Missing input or output delay  
An output delay is missing on write_address[10] relative to clock(s) clk
Related violations: <none>

TIMING-18#212 Warning
Missing input or output delay  
An output delay is missing on write_address[11] relative to clock(s) clk
Related violations: <none>

TIMING-18#213 Warning
Missing input or output delay  
An output delay is missing on write_address[1] relative to clock(s) clk
Related violations: <none>

TIMING-18#214 Warning
Missing input or output delay  
An output delay is missing on write_address[2] relative to clock(s) clk
Related violations: <none>

TIMING-18#215 Warning
Missing input or output delay  
An output delay is missing on write_address[3] relative to clock(s) clk
Related violations: <none>

TIMING-18#216 Warning
Missing input or output delay  
An output delay is missing on write_address[4] relative to clock(s) clk
Related violations: <none>

TIMING-18#217 Warning
Missing input or output delay  
An output delay is missing on write_address[5] relative to clock(s) clk
Related violations: <none>

TIMING-18#218 Warning
Missing input or output delay  
An output delay is missing on write_address[6] relative to clock(s) clk
Related violations: <none>

TIMING-18#219 Warning
Missing input or output delay  
An output delay is missing on write_address[7] relative to clock(s) clk
Related violations: <none>

TIMING-18#220 Warning
Missing input or output delay  
An output delay is missing on write_address[8] relative to clock(s) clk
Related violations: <none>

TIMING-18#221 Warning
Missing input or output delay  
An output delay is missing on write_address[9] relative to clock(s) clk
Related violations: <none>


