
*** Running vivado
    with args -log ntt_memory_wrapper.vdi -applog -m64 -product Vivado -messageDb vivado.pb -mode batch -source ntt_memory_wrapper.tcl -notrace


****** Vivado v2019.1 (64-bit)
  **** SW Build 2552052 on Fri May 24 14:47:09 MDT 2019
  **** IP Build 2548770 on Fri May 24 18:01:18 MDT 2019
    ** Copyright 1986-2019 Xilinx, Inc. All Rights Reserved.

source ntt_memory_wrapper.tcl -notrace
Command: link_design -top ntt_memory_wrapper -part xc7vx485tffg1157-1
Design is defaulting to srcset: sources_1
Design is defaulting to constrset: constrs_1
INFO: [Device 21-403] Loading part xc7vx485tffg1157-1
INFO: [Netlist 29-17] Analyzing 1025 Unisim elements for replacement
INFO: [Netlist 29-28] Unisim Transformation completed in 0 CPU seconds
INFO: [Project 1-479] Netlist was created with Vivado 2019.1
INFO: [Project 1-570] Preparing netlist for logic optimization
Parsing XDC File [/home/florian/Desktop/proteus/toolchain/hw/const.xdc]
Finished Parsing XDC File [/home/florian/Desktop/proteus/toolchain/hw/const.xdc]
Sourcing Tcl File [/opt/Xilinx/Vivado/2019.1/data/ip/xpm/xpm_fifo/tcl/xpm_fifo_rst.tcl] for cell 'DUT_NTT/genblk3[0].NTT_SDF_STAGE/xpm_fifo_sync_inst'
Finished Sourcing Tcl File [/opt/Xilinx/Vivado/2019.1/data/ip/xpm/xpm_fifo/tcl/xpm_fifo_rst.tcl] for cell 'DUT_NTT/genblk3[0].NTT_SDF_STAGE/xpm_fifo_sync_inst'
Sourcing Tcl File [/opt/Xilinx/Vivado/2019.1/data/ip/xpm/xpm_fifo/tcl/xpm_fifo_rst.tcl] for cell 'DUT_NTT/genblk3[1].NTT_SDF_STAGE/xpm_fifo_sync_inst'
Finished Sourcing Tcl File [/opt/Xilinx/Vivado/2019.1/data/ip/xpm/xpm_fifo/tcl/xpm_fifo_rst.tcl] for cell 'DUT_NTT/genblk3[1].NTT_SDF_STAGE/xpm_fifo_sync_inst'
INFO: [Opt 31-138] Pushed 0 inverter(s) to 0 load pin(s).
Netlist sorting complete. Time (s): cpu = 00:00:00 ; elapsed = 00:00:00 . Memory (MB): peak = 1911.301 ; gain = 0.000 ; free physical = 16336 ; free virtual = 26062
INFO: [Project 1-111] Unisim Transformation Summary:
No Unisim elements were transformed.

7 Infos, 0 Warnings, 0 Critical Warnings and 0 Errors encountered.
link_design completed successfully
link_design: Time (s): cpu = 00:00:09 ; elapsed = 00:00:09 . Memory (MB): peak = 1911.301 ; gain = 544.996 ; free physical = 16336 ; free virtual = 26062
Command: opt_design
Attempting to get a license for feature 'Implementation' and/or device 'xc7vx485t'
INFO: [Common 17-349] Got license for feature 'Implementation' and/or device 'xc7vx485t'
INFO: [Common 17-1540] The version limit for your license is '2021.11' and has expired for new software. A version limit expiration means that, although you may be able to continue to use the current version of tools or IP with this license, you will not be eligible for any updates or new releases.
Running DRC as a precondition to command opt_design

Starting DRC Task
INFO: [DRC 23-27] Running DRC with 8 threads
INFO: [Project 1-461] DRC finished with 0 Errors
INFO: [Project 1-462] Please refer to the DRC report (report_drc) for more information.

Time (s): cpu = 00:00:01 ; elapsed = 00:00:00.87 . Memory (MB): peak = 2018.992 ; gain = 99.688 ; free physical = 16324 ; free virtual = 26051

Starting Cache Timing Information Task
INFO: [Timing 38-35] Done setting XDC timing constraints.
Ending Cache Timing Information Task | Checksum: 113957233

Time (s): cpu = 00:00:07 ; elapsed = 00:00:07 . Memory (MB): peak = 2528.734 ; gain = 509.742 ; free physical = 15843 ; free virtual = 25569

Starting Logic Optimization Task

Phase 1 Retarget
INFO: [Opt 31-138] Pushed 0 inverter(s) to 0 load pin(s).
INFO: [Opt 31-49] Retargeted 0 cell(s).
Phase 1 Retarget | Checksum: 10eb73cdf

Time (s): cpu = 00:00:00.61 ; elapsed = 00:00:00.30 . Memory (MB): peak = 2645.672 ; gain = 0.000 ; free physical = 15741 ; free virtual = 25467
INFO: [Opt 31-389] Phase Retarget created 3 cells and removed 10 cells

Phase 2 Constant propagation
INFO: [Opt 31-138] Pushed 0 inverter(s) to 0 load pin(s).
Phase 2 Constant propagation | Checksum: f27ef648

Time (s): cpu = 00:00:00.69 ; elapsed = 00:00:00.37 . Memory (MB): peak = 2645.672 ; gain = 0.000 ; free physical = 15740 ; free virtual = 25467
INFO: [Opt 31-389] Phase Constant propagation created 0 cells and removed 0 cells

Phase 3 Sweep
Phase 3 Sweep | Checksum: ccc7bd52

Time (s): cpu = 00:00:00.90 ; elapsed = 00:00:00.58 . Memory (MB): peak = 2645.672 ; gain = 0.000 ; free physical = 15738 ; free virtual = 25465
INFO: [Opt 31-389] Phase Sweep created 0 cells and removed 241 cells

Phase 4 BUFG optimization
Phase 4 BUFG optimization | Checksum: ccc7bd52

Time (s): cpu = 00:00:01 ; elapsed = 00:00:00.70 . Memory (MB): peak = 2645.672 ; gain = 0.000 ; free physical = 15738 ; free virtual = 25465
INFO: [Opt 31-662] Phase BUFG optimization created 0 cells of which 0 are BUFGs and removed 0 cells.

Phase 5 Shift Register Optimization
INFO: [Opt 31-1064] SRL Remap converted 0 SRLs to 0 registers and converted 0 registers of register chains to 0 SRLs
Phase 5 Shift Register Optimization | Checksum: 1552bdc2b

Time (s): cpu = 00:00:01 ; elapsed = 00:00:00.78 . Memory (MB): peak = 2645.672 ; gain = 0.000 ; free physical = 15738 ; free virtual = 25464
INFO: [Opt 31-389] Phase Shift Register Optimization created 0 cells and removed 0 cells

Phase 6 Post Processing Netlist
Phase 6 Post Processing Netlist | Checksum: d6645e3f

Time (s): cpu = 00:00:01 ; elapsed = 00:00:00.81 . Memory (MB): peak = 2645.672 ; gain = 0.000 ; free physical = 15737 ; free virtual = 25464
INFO: [Opt 31-389] Phase Post Processing Netlist created 0 cells and removed 0 cells
Opt_design Change Summary
=========================


-------------------------------------------------------------------------------------------------------------------------
|  Phase                        |  #Cells created  |  #Cells Removed  |  #Constrained objects preventing optimizations  |
-------------------------------------------------------------------------------------------------------------------------
|  Retarget                     |               3  |              10  |                                              0  |
|  Constant propagation         |               0  |               0  |                                              0  |
|  Sweep                        |               0  |             241  |                                              0  |
|  BUFG optimization            |               0  |               0  |                                              0  |
|  Shift Register Optimization  |               0  |               0  |                                              0  |
|  Post Processing Netlist      |               0  |               0  |                                              0  |
-------------------------------------------------------------------------------------------------------------------------



Starting Connectivity Check Task

Time (s): cpu = 00:00:00.01 ; elapsed = 00:00:00.02 . Memory (MB): peak = 2645.672 ; gain = 0.000 ; free physical = 15737 ; free virtual = 25464
Ending Logic Optimization Task | Checksum: 155e9a617

Time (s): cpu = 00:00:02 ; elapsed = 00:00:01 . Memory (MB): peak = 2645.672 ; gain = 0.000 ; free physical = 15736 ; free virtual = 25462

Starting Power Optimization Task
INFO: [Pwropt 34-132] Skipping clock gating for clocks with a period < 2.00 ns.
INFO: [Timing 38-35] Done setting XDC timing constraints.
INFO: [Pwropt 34-9] Applying IDT optimizations ...
INFO: [Pwropt 34-10] Applying ODC optimizations ...
INFO: [Physopt 32-619] Estimated Timing Summary | WNS=1.767 | TNS=0.000 |
Running Vector-less Activity Propagation...

Finished Running Vector-less Activity Propagation


Starting PowerOpt Patch Enables Task
INFO: [Pwropt 34-162] WRITE_MODE attribute of 0 BRAM(s) out of a total of 4 has been updated to save power. Run report_power_opt to get a complete listing of the BRAMs updated.
INFO: [Pwropt 34-201] Structural ODC has moved 0 WE to EN ports
Number of BRAM Ports augmented: 2 newly gated: 0 Total Ports: 8
Ending PowerOpt Patch Enables Task | Checksum: b36679c1

Time (s): cpu = 00:00:00.02 ; elapsed = 00:00:00.03 . Memory (MB): peak = 2850.344 ; gain = 0.000 ; free physical = 15708 ; free virtual = 25435
Ending Power Optimization Task | Checksum: b36679c1

Time (s): cpu = 00:00:05 ; elapsed = 00:00:02 . Memory (MB): peak = 2850.344 ; gain = 204.672 ; free physical = 15718 ; free virtual = 25445

Starting Final Cleanup Task
Ending Final Cleanup Task | Checksum: b36679c1

Time (s): cpu = 00:00:00 ; elapsed = 00:00:00 . Memory (MB): peak = 2850.344 ; gain = 0.000 ; free physical = 15718 ; free virtual = 25445

Starting Netlist Obfuscation Task
Netlist sorting complete. Time (s): cpu = 00:00:00 ; elapsed = 00:00:00 . Memory (MB): peak = 2850.344 ; gain = 0.000 ; free physical = 15718 ; free virtual = 25445
Ending Netlist Obfuscation Task | Checksum: e0aa320e

Time (s): cpu = 00:00:00 ; elapsed = 00:00:00 . Memory (MB): peak = 2850.344 ; gain = 0.000 ; free physical = 15718 ; free virtual = 25445
INFO: [Common 17-83] Releasing license: Implementation
31 Infos, 0 Warnings, 0 Critical Warnings and 0 Errors encountered.
opt_design completed successfully
opt_design: Time (s): cpu = 00:00:16 ; elapsed = 00:00:12 . Memory (MB): peak = 2850.344 ; gain = 939.043 ; free physical = 15718 ; free virtual = 25445
Netlist sorting complete. Time (s): cpu = 00:00:00.01 ; elapsed = 00:00:00 . Memory (MB): peak = 2850.344 ; gain = 0.000 ; free physical = 15718 ; free virtual = 25445
INFO: [Timing 38-480] Writing timing data to binary archive.
INFO: [Common 17-1381] The checkpoint '/home/florian/Desktop/proteus/toolchain/build/28bit/sdf/op56/project_1/project_1.runs/impl_1/ntt_memory_wrapper_opt.dcp' has been generated.
INFO: [runtcl-4] Executing : report_drc -file ntt_memory_wrapper_drc_opted.rpt -pb ntt_memory_wrapper_drc_opted.pb -rpx ntt_memory_wrapper_drc_opted.rpx
Command: report_drc -file ntt_memory_wrapper_drc_opted.rpt -pb ntt_memory_wrapper_drc_opted.pb -rpx ntt_memory_wrapper_drc_opted.rpx
INFO: [IP_Flow 19-234] Refreshing IP repositories
INFO: [IP_Flow 19-1704] No user IP repositories specified
INFO: [IP_Flow 19-2313] Loaded Vivado IP repository '/opt/Xilinx/Vivado/2019.1/data/ip'.
INFO: [DRC 23-27] Running DRC with 8 threads
INFO: [Coretcl 2-168] The results of DRC are in file /home/florian/Desktop/proteus/toolchain/build/28bit/sdf/op56/project_1/project_1.runs/impl_1/ntt_memory_wrapper_drc_opted.rpt.
report_drc completed successfully
Command: place_design
Attempting to get a license for feature 'Implementation' and/or device 'xc7vx485t'
INFO: [Common 17-349] Got license for feature 'Implementation' and/or device 'xc7vx485t'
INFO: [Common 17-1540] The version limit for your license is '2021.11' and has expired for new software. A version limit expiration means that, although you may be able to continue to use the current version of tools or IP with this license, you will not be eligible for any updates or new releases.
INFO: [DRC 23-27] Running DRC with 8 threads
INFO: [Vivado_Tcl 4-198] DRC finished with 0 Errors
INFO: [Vivado_Tcl 4-199] Please refer to the DRC report (report_drc) for more information.
Running DRC as a precondition to command place_design
INFO: [DRC 23-27] Running DRC with 8 threads
INFO: [Vivado_Tcl 4-198] DRC finished with 0 Errors
INFO: [Vivado_Tcl 4-199] Please refer to the DRC report (report_drc) for more information.

Starting Placer Task
INFO: [Place 30-611] Multithreading enabled for place_design using a maximum of 8 CPUs

Phase 1 Placer Initialization

Phase 1.1 Placer Initialization Netlist Sorting
Netlist sorting complete. Time (s): cpu = 00:00:00 ; elapsed = 00:00:00 . Memory (MB): peak = 2882.359 ; gain = 0.000 ; free physical = 15757 ; free virtual = 25486
Phase 1.1 Placer Initialization Netlist Sorting | Checksum: 7dcc3450

Time (s): cpu = 00:00:00 ; elapsed = 00:00:00.04 . Memory (MB): peak = 2882.359 ; gain = 0.000 ; free physical = 15757 ; free virtual = 25486
Netlist sorting complete. Time (s): cpu = 00:00:00 ; elapsed = 00:00:00 . Memory (MB): peak = 2882.359 ; gain = 0.000 ; free physical = 15757 ; free virtual = 25486

Phase 1.2 IO Placement/ Clock Placement/ Build Placer Device
INFO: [Timing 38-35] Done setting XDC timing constraints.
Phase 1.2 IO Placement/ Clock Placement/ Build Placer Device | Checksum: 15c5e2ebb

Time (s): cpu = 00:00:05 ; elapsed = 00:00:02 . Memory (MB): peak = 2882.359 ; gain = 0.000 ; free physical = 15746 ; free virtual = 25475

Phase 1.3 Build Placer Netlist Model
Phase 1.3 Build Placer Netlist Model | Checksum: 2238406c9

Time (s): cpu = 00:00:08 ; elapsed = 00:00:03 . Memory (MB): peak = 2882.359 ; gain = 0.000 ; free physical = 15720 ; free virtual = 25449

Phase 1.4 Constrain Clocks/Macros
Phase 1.4 Constrain Clocks/Macros | Checksum: 2238406c9

Time (s): cpu = 00:00:08 ; elapsed = 00:00:03 . Memory (MB): peak = 2882.359 ; gain = 0.000 ; free physical = 15720 ; free virtual = 25449
Phase 1 Placer Initialization | Checksum: 2238406c9

Time (s): cpu = 00:00:08 ; elapsed = 00:00:03 . Memory (MB): peak = 2882.359 ; gain = 0.000 ; free physical = 15720 ; free virtual = 25449

Phase 2 Global Placement

Phase 2.1 Floorplanning
Phase 2.1 Floorplanning | Checksum: 1e6e34ce8

Time (s): cpu = 00:00:09 ; elapsed = 00:00:03 . Memory (MB): peak = 2882.359 ; gain = 0.000 ; free physical = 15705 ; free virtual = 25434

Phase 2.2 Global Placement Core

Phase 2.2.1 Physical Synthesis In Placer
INFO: [Physopt 32-65] No nets found for high-fanout optimization.
INFO: [Physopt 32-232] Optimized 0 net. Created 0 new instance.
INFO: [Physopt 32-775] End 1 Pass. Optimized 0 net or cell. Created 0 new cell, deleted 0 existing cell and moved 0 existing cell
INFO: [Physopt 32-670] No setup violation found.  DSP Register Optimization was not performed.
INFO: [Physopt 32-670] No setup violation found.  Shift Register Optimization was not performed.
INFO: [Physopt 32-670] No setup violation found.  BRAM Register Optimization was not performed.
INFO: [Physopt 32-949] No candidate nets found for HD net replication
INFO: [Physopt 32-775] End 1 Pass. Optimized 0 net or cell. Created 0 new cell, deleted 0 existing cell and moved 0 existing cell
Netlist sorting complete. Time (s): cpu = 00:00:00 ; elapsed = 00:00:00 . Memory (MB): peak = 2882.359 ; gain = 0.000 ; free physical = 15661 ; free virtual = 25390

Summary of Physical Synthesis Optimizations
============================================


----------------------------------------------------------------------------------------------------------------------------------------
|  Optimization                  |  Added Cells  |  Removed Cells  |  Optimized Cells/Nets  |  Dont Touch  |  Iterations  |  Elapsed   |
----------------------------------------------------------------------------------------------------------------------------------------
|  Very High Fanout              |            0  |              0  |                     0  |           0  |           1  |  00:00:00  |
|  DSP Register                  |            0  |              0  |                     0  |           0  |           0  |  00:00:00  |
|  Shift Register                |            0  |              0  |                     0  |           0  |           0  |  00:00:00  |
|  BRAM Register                 |            0  |              0  |                     0  |           0  |           0  |  00:00:00  |
|  HD Interface Net Replication  |            0  |              0  |                     0  |           0  |           1  |  00:00:00  |
|  Total                         |            0  |              0  |                     0  |           0  |           2  |  00:00:00  |
----------------------------------------------------------------------------------------------------------------------------------------


Phase 2.2.1 Physical Synthesis In Placer | Checksum: 2273b0a8d

Time (s): cpu = 00:00:26 ; elapsed = 00:00:08 . Memory (MB): peak = 2882.359 ; gain = 0.000 ; free physical = 15661 ; free virtual = 25390
Phase 2.2 Global Placement Core | Checksum: 213310183

Time (s): cpu = 00:00:28 ; elapsed = 00:00:08 . Memory (MB): peak = 2882.359 ; gain = 0.000 ; free physical = 15661 ; free virtual = 25390
Phase 2 Global Placement | Checksum: 213310183

Time (s): cpu = 00:00:28 ; elapsed = 00:00:08 . Memory (MB): peak = 2882.359 ; gain = 0.000 ; free physical = 15661 ; free virtual = 25390

Phase 3 Detail Placement

Phase 3.1 Commit Multi Column Macros
Phase 3.1 Commit Multi Column Macros | Checksum: 27007c79d

Time (s): cpu = 00:00:28 ; elapsed = 00:00:08 . Memory (MB): peak = 2882.359 ; gain = 0.000 ; free physical = 15660 ; free virtual = 25390

Phase 3.2 Commit Most Macros & LUTRAMs
Phase 3.2 Commit Most Macros & LUTRAMs | Checksum: 17bb71e3f

Time (s): cpu = 00:00:31 ; elapsed = 00:00:09 . Memory (MB): peak = 2882.359 ; gain = 0.000 ; free physical = 15655 ; free virtual = 25384

Phase 3.3 Area Swap Optimization
Phase 3.3 Area Swap Optimization | Checksum: 1c3169068

Time (s): cpu = 00:00:31 ; elapsed = 00:00:10 . Memory (MB): peak = 2882.359 ; gain = 0.000 ; free physical = 15656 ; free virtual = 25385

Phase 3.4 Pipeline Register Optimization
Phase 3.4 Pipeline Register Optimization | Checksum: 14c6e2b9d

Time (s): cpu = 00:00:31 ; elapsed = 00:00:10 . Memory (MB): peak = 2882.359 ; gain = 0.000 ; free physical = 15656 ; free virtual = 25385

Phase 3.5 Small Shape Detail Placement
Phase 3.5 Small Shape Detail Placement | Checksum: 1af97bfee

Time (s): cpu = 00:00:33 ; elapsed = 00:00:11 . Memory (MB): peak = 2882.359 ; gain = 0.000 ; free physical = 15631 ; free virtual = 25361

Phase 3.6 Re-assign LUT pins
Phase 3.6 Re-assign LUT pins | Checksum: 222257b7f

Time (s): cpu = 00:00:33 ; elapsed = 00:00:11 . Memory (MB): peak = 2882.359 ; gain = 0.000 ; free physical = 15632 ; free virtual = 25361

Phase 3.7 Pipeline Register Optimization
Phase 3.7 Pipeline Register Optimization | Checksum: 159046c83

Time (s): cpu = 00:00:33 ; elapsed = 00:00:11 . Memory (MB): peak = 2882.359 ; gain = 0.000 ; free physical = 15632 ; free virtual = 25361
Phase 3 Detail Placement | Checksum: 159046c83

Time (s): cpu = 00:00:33 ; elapsed = 00:00:11 . Memory (MB): peak = 2882.359 ; gain = 0.000 ; free physical = 15632 ; free virtual = 25361

Phase 4 Post Placement Optimization and Clean-Up

Phase 4.1 Post Commit Optimization
INFO: [Timing 38-35] Done setting XDC timing constraints.

Phase 4.1.1 Post Placement Optimization
Post Placement Optimization Initialization | Checksum: 162447e42

Phase 4.1.1.1 BUFG Insertion
INFO: [Place 46-56] BUFG insertion identified 0 candidate nets. Inserted BUFG: 0, Replicated BUFG Driver: 0, Skipped due to Placement/Routing Conflicts: 0, Skipped due to Timing Degradation: 0, Skipped due to Illegal Netlist: 0.
Phase 4.1.1.1 BUFG Insertion | Checksum: 162447e42

Time (s): cpu = 00:00:36 ; elapsed = 00:00:12 . Memory (MB): peak = 2882.359 ; gain = 0.000 ; free physical = 15645 ; free virtual = 25375
INFO: [Place 30-746] Post Placement Timing Summary WNS=1.067. For the most accurate timing information please run report_timing.
Phase 4.1.1 Post Placement Optimization | Checksum: 14ebb2d44

Time (s): cpu = 00:00:36 ; elapsed = 00:00:12 . Memory (MB): peak = 2882.359 ; gain = 0.000 ; free physical = 15645 ; free virtual = 25375
Phase 4.1 Post Commit Optimization | Checksum: 14ebb2d44

Time (s): cpu = 00:00:36 ; elapsed = 00:00:12 . Memory (MB): peak = 2882.359 ; gain = 0.000 ; free physical = 15645 ; free virtual = 25375

Phase 4.2 Post Placement Cleanup
Phase 4.2 Post Placement Cleanup | Checksum: 14ebb2d44

Time (s): cpu = 00:00:36 ; elapsed = 00:00:12 . Memory (MB): peak = 2882.359 ; gain = 0.000 ; free physical = 15651 ; free virtual = 25381

Phase 4.3 Placer Reporting
Phase 4.3 Placer Reporting | Checksum: 14ebb2d44

Time (s): cpu = 00:00:37 ; elapsed = 00:00:12 . Memory (MB): peak = 2882.359 ; gain = 0.000 ; free physical = 15651 ; free virtual = 25381

Phase 4.4 Final Placement Cleanup
Netlist sorting complete. Time (s): cpu = 00:00:00 ; elapsed = 00:00:00 . Memory (MB): peak = 2882.359 ; gain = 0.000 ; free physical = 15652 ; free virtual = 25382
Phase 4.4 Final Placement Cleanup | Checksum: 1504e8c55

Time (s): cpu = 00:00:37 ; elapsed = 00:00:12 . Memory (MB): peak = 2882.359 ; gain = 0.000 ; free physical = 15652 ; free virtual = 25382
Phase 4 Post Placement Optimization and Clean-Up | Checksum: 1504e8c55

Time (s): cpu = 00:00:37 ; elapsed = 00:00:12 . Memory (MB): peak = 2882.359 ; gain = 0.000 ; free physical = 15652 ; free virtual = 25382
Ending Placer Task | Checksum: f004760b

Time (s): cpu = 00:00:37 ; elapsed = 00:00:12 . Memory (MB): peak = 2882.359 ; gain = 0.000 ; free physical = 15652 ; free virtual = 25382
INFO: [Common 17-83] Releasing license: Implementation
61 Infos, 0 Warnings, 0 Critical Warnings and 0 Errors encountered.
place_design completed successfully
place_design: Time (s): cpu = 00:00:38 ; elapsed = 00:00:13 . Memory (MB): peak = 2882.359 ; gain = 0.000 ; free physical = 15721 ; free virtual = 25451
Netlist sorting complete. Time (s): cpu = 00:00:00 ; elapsed = 00:00:00 . Memory (MB): peak = 2882.359 ; gain = 0.000 ; free physical = 15721 ; free virtual = 25451
INFO: [Timing 38-480] Writing timing data to binary archive.
Writing placer database...
Writing XDEF routing.
Writing XDEF routing logical nets.
Writing XDEF routing special nets.
Write XDEF Complete: Time (s): cpu = 00:00:01 ; elapsed = 00:00:00.40 . Memory (MB): peak = 2882.359 ; gain = 0.000 ; free physical = 15703 ; free virtual = 25449
INFO: [Common 17-1381] The checkpoint '/home/florian/Desktop/proteus/toolchain/build/28bit/sdf/op56/project_1/project_1.runs/impl_1/ntt_memory_wrapper_placed.dcp' has been generated.
INFO: [runtcl-4] Executing : report_io -file ntt_memory_wrapper_io_placed.rpt
report_io: Time (s): cpu = 00:00:00.13 ; elapsed = 00:00:00.19 . Memory (MB): peak = 2882.359 ; gain = 0.000 ; free physical = 15690 ; free virtual = 25423
INFO: [runtcl-4] Executing : report_utilization -file ntt_memory_wrapper_utilization_placed.rpt -pb ntt_memory_wrapper_utilization_placed.pb
INFO: [runtcl-4] Executing : report_control_sets -verbose -file ntt_memory_wrapper_control_sets_placed.rpt
report_control_sets: Time (s): cpu = 00:00:00.10 ; elapsed = 00:00:00.13 . Memory (MB): peak = 2882.359 ; gain = 0.000 ; free physical = 15713 ; free virtual = 25446
Command: route_design
Attempting to get a license for feature 'Implementation' and/or device 'xc7vx485t'
INFO: [Common 17-349] Got license for feature 'Implementation' and/or device 'xc7vx485t'
INFO: [Common 17-1540] The version limit for your license is '2021.11' and has expired for new software. A version limit expiration means that, although you may be able to continue to use the current version of tools or IP with this license, you will not be eligible for any updates or new releases.
Running DRC as a precondition to command route_design
INFO: [DRC 23-27] Running DRC with 8 threads
INFO: [Vivado_Tcl 4-198] DRC finished with 0 Errors
INFO: [Vivado_Tcl 4-199] Please refer to the DRC report (report_drc) for more information.


Starting Routing Task
INFO: [Route 35-254] Multithreading enabled for route_design using a maximum of 8 CPUs
Checksum: PlaceDB: 49c82bf3 ConstDB: 0 ShapeSum: a63c4a18 RouteDB: 0

Phase 1 Build RT Design
Phase 1 Build RT Design | Checksum: bfa8e2eb

Time (s): cpu = 00:00:46 ; elapsed = 00:00:27 . Memory (MB): peak = 3138.684 ; gain = 256.324 ; free physical = 15372 ; free virtual = 25103
Post Restoration Checksum: NetGraph: 6704795f NumContArr: 58a4698c Constraints: 0 Timing: 0

Phase 2 Router Initialization

Phase 2.1 Create Timer
Phase 2.1 Create Timer | Checksum: bfa8e2eb

Time (s): cpu = 00:00:46 ; elapsed = 00:00:27 . Memory (MB): peak = 3145.680 ; gain = 263.320 ; free physical = 15353 ; free virtual = 25084

Phase 2.2 Fix Topology Constraints
Phase 2.2 Fix Topology Constraints | Checksum: bfa8e2eb

Time (s): cpu = 00:00:46 ; elapsed = 00:00:28 . Memory (MB): peak = 3199.352 ; gain = 316.992 ; free physical = 15296 ; free virtual = 25027

Phase 2.3 Pre Route Cleanup
Phase 2.3 Pre Route Cleanup | Checksum: bfa8e2eb

Time (s): cpu = 00:00:46 ; elapsed = 00:00:28 . Memory (MB): peak = 3199.352 ; gain = 316.992 ; free physical = 15297 ; free virtual = 25028
 Number of Nodes with overlaps = 0

Phase 2.4 Update Timing
Phase 2.4 Update Timing | Checksum: 1745c5603

Time (s): cpu = 00:00:50 ; elapsed = 00:00:30 . Memory (MB): peak = 3276.062 ; gain = 393.703 ; free physical = 15275 ; free virtual = 25006
INFO: [Route 35-416] Intermediate Timing Summary | WNS=1.158  | TNS=0.000  | WHS=-0.245 | THS=-61.307|

Phase 2 Router Initialization | Checksum: 1195febf8

Time (s): cpu = 00:00:51 ; elapsed = 00:00:30 . Memory (MB): peak = 3276.062 ; gain = 393.703 ; free physical = 15271 ; free virtual = 25002

Router Utilization Summary
  Global Vertical Routing Utilization    = 0 %
  Global Horizontal Routing Utilization  = 0 %
  Routable Net Status*
  *Does not include unroutable nets such as driverless and loadless.
  Run report_route_status for detailed report.
  Number of Failed Nets               = 9747
    (Failed Nets is the sum of unrouted and partially routed nets)
  Number of Unrouted Nets             = 9747
  Number of Partially Routed Nets     = 0
  Number of Node Overlaps             = 0


Phase 3 Initial Routing
Phase 3 Initial Routing | Checksum: 1ce00ca84

Time (s): cpu = 00:00:55 ; elapsed = 00:00:31 . Memory (MB): peak = 3276.062 ; gain = 393.703 ; free physical = 15268 ; free virtual = 24999

Phase 4 Rip-up And Reroute

Phase 4.1 Global Iteration 0
 Number of Nodes with overlaps = 687
 Number of Nodes with overlaps = 9
 Number of Nodes with overlaps = 1
 Number of Nodes with overlaps = 0
INFO: [Route 35-416] Intermediate Timing Summary | WNS=0.794  | TNS=0.000  | WHS=N/A    | THS=N/A    |

Phase 4.1 Global Iteration 0 | Checksum: 2713466d1

Time (s): cpu = 00:01:00 ; elapsed = 00:00:33 . Memory (MB): peak = 3276.062 ; gain = 393.703 ; free physical = 15269 ; free virtual = 25001
Phase 4 Rip-up And Reroute | Checksum: 2713466d1

Time (s): cpu = 00:01:00 ; elapsed = 00:00:33 . Memory (MB): peak = 3276.062 ; gain = 393.703 ; free physical = 15269 ; free virtual = 25001

Phase 5 Delay and Skew Optimization

Phase 5.1 Delay CleanUp
Phase 5.1 Delay CleanUp | Checksum: 2713466d1

Time (s): cpu = 00:01:00 ; elapsed = 00:00:33 . Memory (MB): peak = 3276.062 ; gain = 393.703 ; free physical = 15269 ; free virtual = 25001

Phase 5.2 Clock Skew Optimization
Phase 5.2 Clock Skew Optimization | Checksum: 2713466d1

Time (s): cpu = 00:01:00 ; elapsed = 00:00:33 . Memory (MB): peak = 3276.062 ; gain = 393.703 ; free physical = 15269 ; free virtual = 25001
Phase 5 Delay and Skew Optimization | Checksum: 2713466d1

Time (s): cpu = 00:01:00 ; elapsed = 00:00:33 . Memory (MB): peak = 3276.062 ; gain = 393.703 ; free physical = 15269 ; free virtual = 25001

Phase 6 Post Hold Fix

Phase 6.1 Hold Fix Iter

Phase 6.1.1 Update Timing
Phase 6.1.1 Update Timing | Checksum: 233eb0cfd

Time (s): cpu = 00:01:01 ; elapsed = 00:00:33 . Memory (MB): peak = 3276.062 ; gain = 393.703 ; free physical = 15265 ; free virtual = 24996
INFO: [Route 35-416] Intermediate Timing Summary | WNS=0.880  | TNS=0.000  | WHS=0.037  | THS=0.000  |

Phase 6.1 Hold Fix Iter | Checksum: 1e9793c0e

Time (s): cpu = 00:01:01 ; elapsed = 00:00:33 . Memory (MB): peak = 3276.062 ; gain = 393.703 ; free physical = 15265 ; free virtual = 24996
Phase 6 Post Hold Fix | Checksum: 1e9793c0e

Time (s): cpu = 00:01:01 ; elapsed = 00:00:33 . Memory (MB): peak = 3276.062 ; gain = 393.703 ; free physical = 15265 ; free virtual = 24996

Phase 7 Route finalize

Router Utilization Summary
  Global Vertical Routing Utilization    = 0.287983 %
  Global Horizontal Routing Utilization  = 0.36136 %
  Routable Net Status*
  *Does not include unroutable nets such as driverless and loadless.
  Run report_route_status for detailed report.
  Number of Failed Nets               = 0
    (Failed Nets is the sum of unrouted and partially routed nets)
  Number of Unrouted Nets             = 0
  Number of Partially Routed Nets     = 0
  Number of Node Overlaps             = 0

Phase 7 Route finalize | Checksum: 2270984fb

Time (s): cpu = 00:01:01 ; elapsed = 00:00:33 . Memory (MB): peak = 3276.062 ; gain = 393.703 ; free physical = 15265 ; free virtual = 24996

Phase 8 Verifying routed nets

 Verification completed successfully
Phase 8 Verifying routed nets | Checksum: 2270984fb

Time (s): cpu = 00:01:01 ; elapsed = 00:00:33 . Memory (MB): peak = 3276.062 ; gain = 393.703 ; free physical = 15265 ; free virtual = 24996

Phase 9 Depositing Routes
Phase 9 Depositing Routes | Checksum: 21521844e

Time (s): cpu = 00:01:02 ; elapsed = 00:00:34 . Memory (MB): peak = 3276.062 ; gain = 393.703 ; free physical = 15262 ; free virtual = 24993

Phase 10 Post Router Timing
INFO: [Route 35-57] Estimated Timing Summary | WNS=0.880  | TNS=0.000  | WHS=0.037  | THS=0.000  |

INFO: [Route 35-327] The final timing numbers are based on the router estimated timing analysis. For a complete and accurate timing signoff, please run report_timing_summary.
Phase 10 Post Router Timing | Checksum: 21521844e

Time (s): cpu = 00:01:02 ; elapsed = 00:00:34 . Memory (MB): peak = 3276.062 ; gain = 393.703 ; free physical = 15264 ; free virtual = 24995
INFO: [Route 35-16] Router Completed Successfully

Time (s): cpu = 00:01:02 ; elapsed = 00:00:34 . Memory (MB): peak = 3276.062 ; gain = 393.703 ; free physical = 15342 ; free virtual = 25073

Routing Is Done.
INFO: [Common 17-83] Releasing license: Implementation
79 Infos, 0 Warnings, 0 Critical Warnings and 0 Errors encountered.
route_design completed successfully
route_design: Time (s): cpu = 00:01:04 ; elapsed = 00:00:35 . Memory (MB): peak = 3276.062 ; gain = 393.703 ; free physical = 15342 ; free virtual = 25073
Netlist sorting complete. Time (s): cpu = 00:00:00 ; elapsed = 00:00:00.01 . Memory (MB): peak = 3276.062 ; gain = 0.000 ; free physical = 15342 ; free virtual = 25073
INFO: [Timing 38-480] Writing timing data to binary archive.
Writing placer database...
Writing XDEF routing.
Writing XDEF routing logical nets.
Writing XDEF routing special nets.
Write XDEF Complete: Time (s): cpu = 00:00:01 ; elapsed = 00:00:00.45 . Memory (MB): peak = 3276.062 ; gain = 0.000 ; free physical = 15328 ; free virtual = 25079
INFO: [Common 17-1381] The checkpoint '/home/florian/Desktop/proteus/toolchain/build/28bit/sdf/op56/project_1/project_1.runs/impl_1/ntt_memory_wrapper_routed.dcp' has been generated.
INFO: [runtcl-4] Executing : report_drc -file ntt_memory_wrapper_drc_routed.rpt -pb ntt_memory_wrapper_drc_routed.pb -rpx ntt_memory_wrapper_drc_routed.rpx
Command: report_drc -file ntt_memory_wrapper_drc_routed.rpt -pb ntt_memory_wrapper_drc_routed.pb -rpx ntt_memory_wrapper_drc_routed.rpx
INFO: [IP_Flow 19-1839] IP Catalog is up to date.
INFO: [DRC 23-27] Running DRC with 8 threads
INFO: [Coretcl 2-168] The results of DRC are in file /home/florian/Desktop/proteus/toolchain/build/28bit/sdf/op56/project_1/project_1.runs/impl_1/ntt_memory_wrapper_drc_routed.rpt.
report_drc completed successfully
INFO: [runtcl-4] Executing : report_methodology -file ntt_memory_wrapper_methodology_drc_routed.rpt -pb ntt_memory_wrapper_methodology_drc_routed.pb -rpx ntt_memory_wrapper_methodology_drc_routed.rpx
Command: report_methodology -file ntt_memory_wrapper_methodology_drc_routed.rpt -pb ntt_memory_wrapper_methodology_drc_routed.pb -rpx ntt_memory_wrapper_methodology_drc_routed.rpx
INFO: [Timing 38-35] Done setting XDC timing constraints.
INFO: [DRC 23-133] Running Methodology with 8 threads
INFO: [Coretcl 2-1520] The results of Report Methodology are in file /home/florian/Desktop/proteus/toolchain/build/28bit/sdf/op56/project_1/project_1.runs/impl_1/ntt_memory_wrapper_methodology_drc_routed.rpt.
report_methodology completed successfully
INFO: [runtcl-4] Executing : report_power -file ntt_memory_wrapper_power_routed.rpt -pb ntt_memory_wrapper_power_summary_routed.pb -rpx ntt_memory_wrapper_power_routed.rpx
Command: report_power -file ntt_memory_wrapper_power_routed.rpt -pb ntt_memory_wrapper_power_summary_routed.pb -rpx ntt_memory_wrapper_power_routed.rpx
INFO: [Timing 38-35] Done setting XDC timing constraints.
Running Vector-less Activity Propagation...

Finished Running Vector-less Activity Propagation
91 Infos, 0 Warnings, 0 Critical Warnings and 0 Errors encountered.
report_power completed successfully
INFO: [runtcl-4] Executing : report_route_status -file ntt_memory_wrapper_route_status.rpt -pb ntt_memory_wrapper_route_status.pb
INFO: [runtcl-4] Executing : report_timing_summary -max_paths 10 -file ntt_memory_wrapper_timing_summary_routed.rpt -pb ntt_memory_wrapper_timing_summary_routed.pb -rpx ntt_memory_wrapper_timing_summary_routed.rpx -warn_on_violation 
INFO: [Timing 38-91] UpdateTimingParams: Speed grade: -1, Delay Type: min_max.
INFO: [Timing 38-191] Multithreading enabled for timing update using a maximum of 8 CPUs
INFO: [runtcl-4] Executing : report_incremental_reuse -file ntt_memory_wrapper_incremental_reuse_routed.rpt
INFO: [Vivado_Tcl 4-1062] Incremental flow is disabled. No incremental reuse Info to report.
INFO: [runtcl-4] Executing : report_clock_utilization -file ntt_memory_wrapper_clock_utilization_routed.rpt
INFO: [runtcl-4] Executing : report_bus_skew -warn_on_violation -file ntt_memory_wrapper_bus_skew_routed.rpt -pb ntt_memory_wrapper_bus_skew_routed.pb -rpx ntt_memory_wrapper_bus_skew_routed.rpx
INFO: [Timing 38-91] UpdateTimingParams: Speed grade: -1, Delay Type: min_max.
INFO: [Timing 38-191] Multithreading enabled for timing update using a maximum of 8 CPUs
INFO: [Common 17-206] Exiting Vivado at Mon Feb 13 09:50:32 2023...
