Copyright 1986-2019 Xilinx, Inc. All Rights Reserved.
----------------------------------------------------------------------------------------------------------------------------------------------------------------------------
| Tool Version     : Vivado v.2019.1 (lin64) Build 2552052 Fri May 24 14:47:09 MDT 2019
| Date             : Mon Feb  6 21:21:08 2023
| Host             : x1g9 running 64-bit Ubuntu 20.04.5 LTS
| Command          : report_power -file ntt_memory_wrapper_power_routed.rpt -pb ntt_memory_wrapper_power_summary_routed.pb -rpx ntt_memory_wrapper_power_routed.rpx
| Design           : ntt_memory_wrapper
| Device           : xc7vx485tffg1157-1
| Design State     : routed
| Grade            : commercial
| Process          : typical
| Characterization : Production
----------------------------------------------------------------------------------------------------------------------------------------------------------------------------

Power Report

Table of Contents
-----------------
1. Summary
1.1 On-Chip Components
1.2 Power Supply Summary
1.3 Confidence Level
2. Settings
2.1 Environment
2.2 Clock Constraints
3. Detailed Reports
3.1 By Hierarchy

1. Summary
----------

+--------------------------+--------------+
| Total On-Chip Power (W)  | 2.179        |
| Design Power Budget (W)  | Unspecified* |
| Power Budget Margin (W)  | NA           |
| Dynamic (W)              | 1.917        |
| Device Static (W)        | 0.261        |
| Effective TJA (C/W)      | 1.4          |
| Max Ambient (C)          | 82.0         |
| Junction Temperature (C) | 28.0         |
| Confidence Level         | Low          |
| Setting File             | ---          |
| Simulation Activity File | ---          |
| Design Nets Matched      | NA           |
+--------------------------+--------------+
* Specify Design Power Budget using, set_operating_conditions -design_power_budget <value in Watts>


1.1 On-Chip Components
----------------------

+-------------------------+-----------+----------+-----------+-----------------+
| On-Chip                 | Power (W) | Used     | Available | Utilization (%) |
+-------------------------+-----------+----------+-----------+-----------------+
| Clocks                  |     0.100 |        3 |       --- |             --- |
| Slice Logic             |     0.538 |    43255 |       --- |             --- |
|   LUT as Logic          |     0.467 |    20303 |    303600 |            6.69 |
|   CARRY4                |     0.029 |     2693 |     75900 |            3.55 |
|   LUT as Shift Register |     0.023 |     1554 |    130800 |            1.19 |
|   Register              |     0.020 |    12579 |    607200 |            2.07 |
|   F7/F8 Muxes           |    <0.001 |       64 |    303600 |            0.02 |
|   Others                |     0.000 |      410 |       --- |             --- |
| Signals                 |     0.797 |    35353 |       --- |             --- |
| Block RAM               |     0.055 |       16 |      1030 |            1.55 |
| DSPs                    |     0.233 |      144 |      2800 |            5.14 |
| I/O                     |     0.194 |      350 |       600 |           58.33 |
| Static Power            |     0.261 |          |           |                 |
| Total                   |     2.179 |          |           |                 |
+-------------------------+-----------+----------+-----------+-----------------+


1.2 Power Supply Summary
------------------------

+-----------+-------------+-----------+-------------+------------+
| Source    | Voltage (V) | Total (A) | Dynamic (A) | Static (A) |
+-----------+-------------+-----------+-------------+------------+
| Vccint    |       1.000 |     1.872 |       1.721 |      0.151 |
| Vccaux    |       1.800 |     0.054 |       0.016 |      0.038 |
| Vcco33    |       3.300 |     0.000 |       0.000 |      0.000 |
| Vcco25    |       2.500 |     0.000 |       0.000 |      0.000 |
| Vcco18    |       1.800 |     0.092 |       0.091 |      0.001 |
| Vcco15    |       1.500 |     0.000 |       0.000 |      0.000 |
| Vcco135   |       1.350 |     0.000 |       0.000 |      0.000 |
| Vcco12    |       1.200 |     0.000 |       0.000 |      0.000 |
| Vccaux_io |       1.800 |     0.000 |       0.000 |      0.000 |
| Vccbram   |       1.000 |     0.008 |       0.004 |      0.004 |
| MGTAVcc   |       1.000 |     0.000 |       0.000 |      0.000 |
| MGTAVtt   |       1.200 |     0.000 |       0.000 |      0.000 |
| MGTVccaux |       1.800 |     0.000 |       0.000 |      0.000 |
| MGTZVccl  |       1.075 |     0.000 |       0.000 |      0.000 |
| MGTZAVcc  |       1.075 |     0.000 |       0.000 |      0.000 |
| MGTZVcch  |       1.800 |     0.000 |       0.000 |      0.000 |
| Vccadc    |       1.800 |     0.020 |       0.000 |      0.020 |
+-----------+-------------+-----------+-------------+------------+


1.3 Confidence Level
--------------------

+-----------------------------+------------+--------------------------------------------------------+------------------------------------------------------------------------------------------------------------+
| User Input Data             | Confidence | Details                                                | Action                                                                                                     |
+-----------------------------+------------+--------------------------------------------------------+------------------------------------------------------------------------------------------------------------+
| Design implementation state | High       | Design is routed                                       |                                                                                                            |
| Clock nodes activity        | High       | User specified more than 95% of clocks                 |                                                                                                            |
| I/O nodes activity          | Low        | More than 75% of inputs are missing user specification | Provide missing input activity with simulation results or by editing the "By Resource Type -> I/Os" view   |
| Internal nodes activity     | Medium     | User specified less than 25% of internal nodes         | Provide missing internal nodes activity with simulation results or by editing the "By Resource Type" views |
| Device models               | High       | Device models are Production                           |                                                                                                            |
|                             |            |                                                        |                                                                                                            |
| Overall confidence level    | Low        |                                                        |                                                                                                            |
+-----------------------------+------------+--------------------------------------------------------+------------------------------------------------------------------------------------------------------------+


2. Settings
-----------

2.1 Environment
---------------

+-----------------------+--------------------------+
| Ambient Temp (C)      | 25.0                     |
| ThetaJA (C/W)         | 1.4                      |
| Airflow (LFM)         | 250                      |
| Heat Sink             | medium (Medium Profile)  |
| ThetaSA (C/W)         | 2.4                      |
| Board Selection       | medium (10"x10")         |
| # of Board Layers     | 12to15 (12 to 15 Layers) |
| Board Temperature (C) | 25.0                     |
+-----------------------+--------------------------+


2.2 Clock Constraints
---------------------

+-------+--------+-----------------+
| Clock | Domain | Constraint (ns) |
+-------+--------+-----------------+
| clk   | clk    |             6.7 |
+-------+--------+-----------------+


3. Detailed Reports
-------------------

3.1 By Hierarchy
----------------

+-------------------------------+-----------+
| Name                          | Power (W) |
+-------------------------------+-----------+
| ntt_memory_wrapper            |     1.917 |
|   NTT_MDC_WRAPPER             |     1.701 |
|     genblk2[10].TW_ROM        |     0.015 |
|       tw10                    |     0.009 |
|     genblk2[11].TW_ROM        |     0.017 |
|       tw11                    |     0.015 |
|     genblk2[1].TW_ROM         |     0.003 |
|     genblk2[2].TW_ROM         |     0.003 |
|     genblk2[3].TW_ROM         |     0.004 |
|       tw3                     |     0.001 |
|     genblk2[4].TW_ROM         |     0.004 |
|       tw4                     |     0.002 |
|     genblk2[5].TW_ROM         |     0.004 |
|       tw5                     |     0.003 |
|     genblk2[6].TW_ROM         |     0.004 |
|       tw6                     |     0.002 |
|     genblk2[7].TW_ROM         |     0.008 |
|       tw7                     |     0.003 |
|     genblk2[8].TW_ROM         |     0.015 |
|       tw8                     |     0.008 |
|     genblk2[9].TW_ROM         |     0.014 |
|       tw9                     |     0.009 |
|     genblk3[0].NTT_MDC_STAGE  |     0.126 |
|       BTF_DIT_CT              |     0.108 |
|       MODDIV_0                |     0.001 |
|       MODDIV_1                |     0.001 |
|       xpm_fifo_sync_inst_0    |     0.007 |
|       xpm_fifo_sync_inst_1    |     0.007 |
|     genblk3[10].NTT_MDC_STAGE |     0.139 |
|       BTF_DIT_CT              |     0.120 |
|       FIFO_0                  |     0.010 |
|       FIFO_1                  |     0.003 |
|       MODDIV_0                |     0.002 |
|       MODDIV_1                |     0.002 |
|     genblk3[11].NTT_MDC_STAGE |     0.129 |
|       BTF_DIT_CT              |     0.124 |
|       MODDIV_0                |     0.003 |
|       MODDIV_1                |     0.002 |
|     genblk3[1].NTT_MDC_STAGE  |     0.132 |
|       BTF_DIT_CT              |     0.120 |
|       MODDIV_0                |     0.002 |
|       MODDIV_1                |     0.001 |
|       xpm_fifo_sync_inst_0    |     0.004 |
|       xpm_fifo_sync_inst_1    |     0.004 |
|     genblk3[2].NTT_MDC_STAGE  |     0.131 |
|       BTF_DIT_CT              |     0.115 |
|       MODDIV_0                |     0.003 |
|       MODDIV_1                |     0.004 |
|       xpm_fifo_sync_inst_0    |     0.004 |
|       xpm_fifo_sync_inst_1    |     0.004 |
|     genblk3[3].NTT_MDC_STAGE  |     0.140 |
|       BTF_DIT_CT              |     0.110 |
|       FIFO_0                  |     0.014 |
|       FIFO_1                  |     0.009 |
|       MODDIV_0                |     0.002 |
|       MODDIV_1                |     0.004 |
|     genblk3[4].NTT_MDC_STAGE  |     0.138 |
|       BTF_DIT_CT              |     0.113 |
|       FIFO_0                  |     0.012 |
|       FIFO_1                  |     0.006 |
|       MODDIV_0                |     0.002 |
|       MODDIV_1                |     0.003 |
|     genblk3[5].NTT_MDC_STAGE  |     0.131 |
|       BTF_DIT_CT              |     0.113 |
|       DELAY_FINISH_FNTT       |     0.002 |
|       FIFO_0                  |     0.009 |
|       FIFO_1                  |     0.003 |
|       MODDIV_0                |     0.002 |
|       MODDIV_1                |     0.001 |
|     genblk3[6].NTT_MDC_STAGE  |     0.143 |
|       BTF_DIT_CT              |     0.119 |
|       DELAY_FINISH_FNTT       |     0.003 |
|       FIFO_0                  |     0.010 |
|       FIFO_1                  |     0.006 |
|       MODDIV_0                |     0.002 |
|       MODDIV_1                |     0.001 |
|     genblk3[7].NTT_MDC_STAGE  |     0.131 |
|       BTF_DIT_CT              |     0.113 |
|       FIFO_0                  |     0.008 |
|       FIFO_1                  |     0.005 |
|       MODDIV_0                |     0.003 |
|       MODDIV_1                |     0.002 |
|     genblk3[8].NTT_MDC_STAGE  |     0.130 |
|       BTF_DIT_CT              |     0.112 |
|       FIFO_0                  |     0.008 |
|       FIFO_1                  |     0.006 |
|       MODDIV_0                |     0.002 |
|       MODDIV_1                |     0.001 |
|     genblk3[9].NTT_MDC_STAGE  |     0.142 |
|       BTF_DIT_CT              |     0.117 |
|       FIFO_0                  |     0.010 |
|       FIFO_1                  |     0.006 |
|       MODDIV_0                |     0.002 |
|       MODDIV_1                |     0.006 |
+-------------------------------+-----------+


