Copyright 1986-2019 Xilinx, Inc. All Rights Reserved.
--------------------------------------------------------------------------------------------------------------------------------------------------------------------------------------------
| Tool Version : Vivado v.2019.1 (lin64) Build 2552052 Fri May 24 14:47:09 MDT 2019
| Date         : Mon Feb  6 21:12:02 2023
| Host         : x1g9 running 64-bit Ubuntu 20.04.5 LTS
| Command      : report_methodology -file ntt_memory_wrapper_methodology_drc_routed.rpt -pb ntt_memory_wrapper_methodology_drc_routed.pb -rpx ntt_memory_wrapper_methodology_drc_routed.rpx
| Design       : ntt_memory_wrapper
| Device       : xc7vx485tffg1157-1
| Speed File   : -1
| Design State : Fully Routed
--------------------------------------------------------------------------------------------------------------------------------------------------------------------------------------------

Report Methodology

Table of Contents
-----------------
1. REPORT SUMMARY
2. REPORT DETAILS

1. REPORT SUMMARY
-----------------
            Netlist: netlist
          Floorplan: design_1
      Design limits: <entire design considered>
             Max violations: <unlimited>
             Violations found: 504
+-----------+----------+--------------------------------------------+------------+
| Rule      | Severity | Description                                | Violations |
+-----------+----------+--------------------------------------------+------------+
| SYNTH-6   | Warning  | Timing of a block RAM might be sub-optimal | 10         |
| SYNTH-12  | Warning  | DSP input not registered                   | 144        |
| TIMING-18 | Warning  | Missing input or output delay              | 350        |
+-----------+----------+--------------------------------------------+------------+

2. REPORT DETAILS
-----------------
SYNTH-6#1 Warning
Timing of a block RAM might be sub-optimal  
The timing for the instance NTT_MDC_WRAPPER/genblk2[10].TW_ROM/tw10/brom_out_reg_0, implemented as a block RAM, might be sub-optimal as no output register was merged into the block
Related violations: <none>

SYNTH-6#2 Warning
Timing of a block RAM might be sub-optimal  
The timing for the instance NTT_MDC_WRAPPER/genblk2[10].TW_ROM/tw10/brom_out_reg_1, implemented as a block RAM, might be sub-optimal as no output register was merged into the block
Related violations: <none>

SYNTH-6#3 Warning
Timing of a block RAM might be sub-optimal  
The timing for the instance NTT_MDC_WRAPPER/genblk2[11].TW_ROM/tw11/brom_out_reg_0, implemented as a block RAM, might be sub-optimal as no output register was merged into the block
Related violations: <none>

SYNTH-6#4 Warning
Timing of a block RAM might be sub-optimal  
The timing for the instance NTT_MDC_WRAPPER/genblk2[11].TW_ROM/tw11/brom_out_reg_1, implemented as a block RAM, might be sub-optimal as no output register was merged into the block
Related violations: <none>

SYNTH-6#5 Warning
Timing of a block RAM might be sub-optimal  
The timing for the instance NTT_MDC_WRAPPER/genblk2[11].TW_ROM/tw11/brom_out_reg_2, implemented as a block RAM, might be sub-optimal as no output register was merged into the block
Related violations: <none>

SYNTH-6#6 Warning
Timing of a block RAM might be sub-optimal  
The timing for the instance NTT_MDC_WRAPPER/genblk2[11].TW_ROM/tw11/brom_out_reg_3, implemented as a block RAM, might be sub-optimal as no output register was merged into the block
Related violations: <none>

SYNTH-6#7 Warning
Timing of a block RAM might be sub-optimal  
The timing for the instance NTT_MDC_WRAPPER/genblk2[8].TW_ROM/tw8/brom_out_reg_0, implemented as a block RAM, might be sub-optimal as no output register was merged into the block
Related violations: <none>

SYNTH-6#8 Warning
Timing of a block RAM might be sub-optimal  
The timing for the instance NTT_MDC_WRAPPER/genblk2[8].TW_ROM/tw8/brom_out_reg_1, implemented as a block RAM, might be sub-optimal as no output register was merged into the block
Related violations: <none>

SYNTH-6#9 Warning
Timing of a block RAM might be sub-optimal  
The timing for the instance NTT_MDC_WRAPPER/genblk2[9].TW_ROM/tw9/brom_out_reg_0, implemented as a block RAM, might be sub-optimal as no output register was merged into the block
Related violations: <none>

SYNTH-6#10 Warning
Timing of a block RAM might be sub-optimal  
The timing for the instance NTT_MDC_WRAPPER/genblk2[9].TW_ROM/tw9/brom_out_reg_1, implemented as a block RAM, might be sub-optimal as no output register was merged into the block
Related violations: <none>

SYNTH-12#1 Warning
DSP input not registered  
DSP instance NTT_MDC_WRAPPER/genblk3[0].NTT_MDC_STAGE/BTF_UNIFIED/MODMUL/INTMUL/genblk3[0].genblk1[0].MUL_reg[0] is not fully pipelined on the input side. AREG/BREG/CREG/DREG are not used.
Related violations: <none>

SYNTH-12#2 Warning
DSP input not registered  
DSP instance NTT_MDC_WRAPPER/genblk3[0].NTT_MDC_STAGE/BTF_UNIFIED/MODMUL/INTMUL/genblk3[0].genblk1[1].MUL_reg[1] is not fully pipelined on the input side. AREG/BREG/CREG/DREG are not used.
Related violations: <none>

SYNTH-12#3 Warning
DSP input not registered  
DSP instance NTT_MDC_WRAPPER/genblk3[0].NTT_MDC_STAGE/BTF_UNIFIED/MODMUL/INTMUL/genblk3[0].genblk1[2].MUL_reg[2] is not fully pipelined on the input side. AREG/BREG/CREG/DREG are not used.
Related violations: <none>

SYNTH-12#4 Warning
DSP input not registered  
DSP instance NTT_MDC_WRAPPER/genblk3[0].NTT_MDC_STAGE/BTF_UNIFIED/MODMUL/INTMUL/genblk3[1].genblk1[0].MUL_reg[3] is not fully pipelined on the input side. AREG/BREG/CREG/DREG are not used.
Related violations: <none>

SYNTH-12#5 Warning
DSP input not registered  
DSP instance NTT_MDC_WRAPPER/genblk3[0].NTT_MDC_STAGE/BTF_UNIFIED/MODMUL/INTMUL/genblk3[1].genblk1[1].MUL_reg[4] is not fully pipelined on the input side. AREG/BREG/CREG/DREG are not used.
Related violations: <none>

SYNTH-12#6 Warning
DSP input not registered  
DSP instance NTT_MDC_WRAPPER/genblk3[0].NTT_MDC_STAGE/BTF_UNIFIED/MODMUL/INTMUL/genblk3[1].genblk1[2].MUL_reg[5] is not fully pipelined on the input side. AREG/BREG/CREG/DREG are not used.
Related violations: <none>

SYNTH-12#7 Warning
DSP input not registered  
DSP instance NTT_MDC_WRAPPER/genblk3[0].NTT_MDC_STAGE/BTF_UNIFIED/MODMUL/INTMUL/genblk3[2].genblk1[0].MUL_reg[6] is not fully pipelined on the input side. AREG/BREG/CREG/DREG are not used.
Related violations: <none>

SYNTH-12#8 Warning
DSP input not registered  
DSP instance NTT_MDC_WRAPPER/genblk3[0].NTT_MDC_STAGE/BTF_UNIFIED/MODMUL/INTMUL/genblk3[2].genblk1[1].MUL_reg[7] is not fully pipelined on the input side. AREG/BREG/CREG/DREG are not used.
Related violations: <none>

SYNTH-12#9 Warning
DSP input not registered  
DSP instance NTT_MDC_WRAPPER/genblk3[0].NTT_MDC_STAGE/BTF_UNIFIED/MODMUL/INTMUL/genblk3[2].genblk1[2].MUL_reg[8] is not fully pipelined on the input side. AREG/BREG/CREG/DREG are not used.
Related violations: <none>

SYNTH-12#10 Warning
DSP input not registered  
DSP instance NTT_MDC_WRAPPER/genblk3[0].NTT_MDC_STAGE/BTF_UNIFIED/MODMUL/INTMUL/genblk3[3].genblk1[0].MUL_reg[9] is not fully pipelined on the input side. AREG/BREG/CREG/DREG are not used.
Related violations: <none>

SYNTH-12#11 Warning
DSP input not registered  
DSP instance NTT_MDC_WRAPPER/genblk3[0].NTT_MDC_STAGE/BTF_UNIFIED/MODMUL/INTMUL/genblk3[3].genblk1[1].MUL_reg[10] is not fully pipelined on the input side. AREG/BREG/CREG/DREG are not used.
Related violations: <none>

SYNTH-12#12 Warning
DSP input not registered  
DSP instance NTT_MDC_WRAPPER/genblk3[0].NTT_MDC_STAGE/BTF_UNIFIED/MODMUL/INTMUL/genblk3[3].genblk1[2].MUL_reg[11] is not fully pipelined on the input side. AREG/BREG/CREG/DREG are not used.
Related violations: <none>

SYNTH-12#13 Warning
DSP input not registered  
DSP instance NTT_MDC_WRAPPER/genblk3[10].NTT_MDC_STAGE/BTF_UNIFIED/MODMUL/INTMUL/genblk3[0].genblk1[0].MUL_reg[0] is not fully pipelined on the input side. AREG/BREG/CREG/DREG are not used.
Related violations: <none>

SYNTH-12#14 Warning
DSP input not registered  
DSP instance NTT_MDC_WRAPPER/genblk3[10].NTT_MDC_STAGE/BTF_UNIFIED/MODMUL/INTMUL/genblk3[0].genblk1[1].MUL_reg[1] is not fully pipelined on the input side. AREG/BREG/CREG/DREG are not used.
Related violations: <none>

SYNTH-12#15 Warning
DSP input not registered  
DSP instance NTT_MDC_WRAPPER/genblk3[10].NTT_MDC_STAGE/BTF_UNIFIED/MODMUL/INTMUL/genblk3[0].genblk1[2].MUL_reg[2] is not fully pipelined on the input side. AREG/BREG/CREG/DREG are not used.
Related violations: <none>

SYNTH-12#16 Warning
DSP input not registered  
DSP instance NTT_MDC_WRAPPER/genblk3[10].NTT_MDC_STAGE/BTF_UNIFIED/MODMUL/INTMUL/genblk3[1].genblk1[0].MUL_reg[3] is not fully pipelined on the input side. AREG/BREG/CREG/DREG are not used.
Related violations: <none>

SYNTH-12#17 Warning
DSP input not registered  
DSP instance NTT_MDC_WRAPPER/genblk3[10].NTT_MDC_STAGE/BTF_UNIFIED/MODMUL/INTMUL/genblk3[1].genblk1[1].MUL_reg[4] is not fully pipelined on the input side. AREG/BREG/CREG/DREG are not used.
Related violations: <none>

SYNTH-12#18 Warning
DSP input not registered  
DSP instance NTT_MDC_WRAPPER/genblk3[10].NTT_MDC_STAGE/BTF_UNIFIED/MODMUL/INTMUL/genblk3[1].genblk1[2].MUL_reg[5] is not fully pipelined on the input side. AREG/BREG/CREG/DREG are not used.
Related violations: <none>

SYNTH-12#19 Warning
DSP input not registered  
DSP instance NTT_MDC_WRAPPER/genblk3[10].NTT_MDC_STAGE/BTF_UNIFIED/MODMUL/INTMUL/genblk3[2].genblk1[0].MUL_reg[6] is not fully pipelined on the input side. AREG/BREG/CREG/DREG are not used.
Related violations: <none>

SYNTH-12#20 Warning
DSP input not registered  
DSP instance NTT_MDC_WRAPPER/genblk3[10].NTT_MDC_STAGE/BTF_UNIFIED/MODMUL/INTMUL/genblk3[2].genblk1[1].MUL_reg[7] is not fully pipelined on the input side. AREG/BREG/CREG/DREG are not used.
Related violations: <none>

SYNTH-12#21 Warning
DSP input not registered  
DSP instance NTT_MDC_WRAPPER/genblk3[10].NTT_MDC_STAGE/BTF_UNIFIED/MODMUL/INTMUL/genblk3[2].genblk1[2].MUL_reg[8] is not fully pipelined on the input side. AREG/BREG/CREG/DREG are not used.
Related violations: <none>

SYNTH-12#22 Warning
DSP input not registered  
DSP instance NTT_MDC_WRAPPER/genblk3[10].NTT_MDC_STAGE/BTF_UNIFIED/MODMUL/INTMUL/genblk3[3].genblk1[0].MUL_reg[9] is not fully pipelined on the input side. AREG/BREG/CREG/DREG are not used.
Related violations: <none>

SYNTH-12#23 Warning
DSP input not registered  
DSP instance NTT_MDC_WRAPPER/genblk3[10].NTT_MDC_STAGE/BTF_UNIFIED/MODMUL/INTMUL/genblk3[3].genblk1[1].MUL_reg[10] is not fully pipelined on the input side. AREG/BREG/CREG/DREG are not used.
Related violations: <none>

SYNTH-12#24 Warning
DSP input not registered  
DSP instance NTT_MDC_WRAPPER/genblk3[10].NTT_MDC_STAGE/BTF_UNIFIED/MODMUL/INTMUL/genblk3[3].genblk1[2].MUL_reg[11] is not fully pipelined on the input side. AREG/BREG/CREG/DREG are not used.
Related violations: <none>

SYNTH-12#25 Warning
DSP input not registered  
DSP instance NTT_MDC_WRAPPER/genblk3[11].NTT_MDC_STAGE/BTF_UNIFIED/MODMUL/INTMUL/genblk3[0].genblk1[0].MUL_reg[0] is not fully pipelined on the input side. AREG/BREG/CREG/DREG are not used.
Related violations: <none>

SYNTH-12#26 Warning
DSP input not registered  
DSP instance NTT_MDC_WRAPPER/genblk3[11].NTT_MDC_STAGE/BTF_UNIFIED/MODMUL/INTMUL/genblk3[0].genblk1[1].MUL_reg[1] is not fully pipelined on the input side. AREG/BREG/CREG/DREG are not used.
Related violations: <none>

SYNTH-12#27 Warning
DSP input not registered  
DSP instance NTT_MDC_WRAPPER/genblk3[11].NTT_MDC_STAGE/BTF_UNIFIED/MODMUL/INTMUL/genblk3[0].genblk1[2].MUL_reg[2] is not fully pipelined on the input side. AREG/BREG/CREG/DREG are not used.
Related violations: <none>

SYNTH-12#28 Warning
DSP input not registered  
DSP instance NTT_MDC_WRAPPER/genblk3[11].NTT_MDC_STAGE/BTF_UNIFIED/MODMUL/INTMUL/genblk3[1].genblk1[0].MUL_reg[3] is not fully pipelined on the input side. AREG/BREG/CREG/DREG are not used.
Related violations: <none>

SYNTH-12#29 Warning
DSP input not registered  
DSP instance NTT_MDC_WRAPPER/genblk3[11].NTT_MDC_STAGE/BTF_UNIFIED/MODMUL/INTMUL/genblk3[1].genblk1[1].MUL_reg[4] is not fully pipelined on the input side. AREG/BREG/CREG/DREG are not used.
Related violations: <none>

SYNTH-12#30 Warning
DSP input not registered  
DSP instance NTT_MDC_WRAPPER/genblk3[11].NTT_MDC_STAGE/BTF_UNIFIED/MODMUL/INTMUL/genblk3[1].genblk1[2].MUL_reg[5] is not fully pipelined on the input side. AREG/BREG/CREG/DREG are not used.
Related violations: <none>

SYNTH-12#31 Warning
DSP input not registered  
DSP instance NTT_MDC_WRAPPER/genblk3[11].NTT_MDC_STAGE/BTF_UNIFIED/MODMUL/INTMUL/genblk3[2].genblk1[0].MUL_reg[6] is not fully pipelined on the input side. AREG/BREG/CREG/DREG are not used.
Related violations: <none>

SYNTH-12#32 Warning
DSP input not registered  
DSP instance NTT_MDC_WRAPPER/genblk3[11].NTT_MDC_STAGE/BTF_UNIFIED/MODMUL/INTMUL/genblk3[2].genblk1[1].MUL_reg[7] is not fully pipelined on the input side. AREG/BREG/CREG/DREG are not used.
Related violations: <none>

SYNTH-12#33 Warning
DSP input not registered  
DSP instance NTT_MDC_WRAPPER/genblk3[11].NTT_MDC_STAGE/BTF_UNIFIED/MODMUL/INTMUL/genblk3[2].genblk1[2].MUL_reg[8] is not fully pipelined on the input side. AREG/BREG/CREG/DREG are not used.
Related violations: <none>

SYNTH-12#34 Warning
DSP input not registered  
DSP instance NTT_MDC_WRAPPER/genblk3[11].NTT_MDC_STAGE/BTF_UNIFIED/MODMUL/INTMUL/genblk3[3].genblk1[0].MUL_reg[9] is not fully pipelined on the input side. AREG/BREG/CREG/DREG are not used.
Related violations: <none>

SYNTH-12#35 Warning
DSP input not registered  
DSP instance NTT_MDC_WRAPPER/genblk3[11].NTT_MDC_STAGE/BTF_UNIFIED/MODMUL/INTMUL/genblk3[3].genblk1[1].MUL_reg[10] is not fully pipelined on the input side. AREG/BREG/CREG/DREG are not used.
Related violations: <none>

SYNTH-12#36 Warning
DSP input not registered  
DSP instance NTT_MDC_WRAPPER/genblk3[11].NTT_MDC_STAGE/BTF_UNIFIED/MODMUL/INTMUL/genblk3[3].genblk1[2].MUL_reg[11] is not fully pipelined on the input side. AREG/BREG/CREG/DREG are not used.
Related violations: <none>

SYNTH-12#37 Warning
DSP input not registered  
DSP instance NTT_MDC_WRAPPER/genblk3[1].NTT_MDC_STAGE/BTF_UNIFIED/MODMUL/INTMUL/genblk3[0].genblk1[0].MUL_reg[0] is not fully pipelined on the input side. AREG/BREG/CREG/DREG are not used.
Related violations: <none>

SYNTH-12#38 Warning
DSP input not registered  
DSP instance NTT_MDC_WRAPPER/genblk3[1].NTT_MDC_STAGE/BTF_UNIFIED/MODMUL/INTMUL/genblk3[0].genblk1[1].MUL_reg[1] is not fully pipelined on the input side. AREG/BREG/CREG/DREG are not used.
Related violations: <none>

SYNTH-12#39 Warning
DSP input not registered  
DSP instance NTT_MDC_WRAPPER/genblk3[1].NTT_MDC_STAGE/BTF_UNIFIED/MODMUL/INTMUL/genblk3[0].genblk1[2].MUL_reg[2] is not fully pipelined on the input side. AREG/BREG/CREG/DREG are not used.
Related violations: <none>

SYNTH-12#40 Warning
DSP input not registered  
DSP instance NTT_MDC_WRAPPER/genblk3[1].NTT_MDC_STAGE/BTF_UNIFIED/MODMUL/INTMUL/genblk3[1].genblk1[0].MUL_reg[3] is not fully pipelined on the input side. AREG/BREG/CREG/DREG are not used.
Related violations: <none>

SYNTH-12#41 Warning
DSP input not registered  
DSP instance NTT_MDC_WRAPPER/genblk3[1].NTT_MDC_STAGE/BTF_UNIFIED/MODMUL/INTMUL/genblk3[1].genblk1[1].MUL_reg[4] is not fully pipelined on the input side. AREG/BREG/CREG/DREG are not used.
Related violations: <none>

SYNTH-12#42 Warning
DSP input not registered  
DSP instance NTT_MDC_WRAPPER/genblk3[1].NTT_MDC_STAGE/BTF_UNIFIED/MODMUL/INTMUL/genblk3[1].genblk1[2].MUL_reg[5] is not fully pipelined on the input side. AREG/BREG/CREG/DREG are not used.
Related violations: <none>

SYNTH-12#43 Warning
DSP input not registered  
DSP instance NTT_MDC_WRAPPER/genblk3[1].NTT_MDC_STAGE/BTF_UNIFIED/MODMUL/INTMUL/genblk3[2].genblk1[0].MUL_reg[6] is not fully pipelined on the input side. AREG/BREG/CREG/DREG are not used.
Related violations: <none>

SYNTH-12#44 Warning
DSP input not registered  
DSP instance NTT_MDC_WRAPPER/genblk3[1].NTT_MDC_STAGE/BTF_UNIFIED/MODMUL/INTMUL/genblk3[2].genblk1[1].MUL_reg[7] is not fully pipelined on the input side. AREG/BREG/CREG/DREG are not used.
Related violations: <none>

SYNTH-12#45 Warning
DSP input not registered  
DSP instance NTT_MDC_WRAPPER/genblk3[1].NTT_MDC_STAGE/BTF_UNIFIED/MODMUL/INTMUL/genblk3[2].genblk1[2].MUL_reg[8] is not fully pipelined on the input side. AREG/BREG/CREG/DREG are not used.
Related violations: <none>

SYNTH-12#46 Warning
DSP input not registered  
DSP instance NTT_MDC_WRAPPER/genblk3[1].NTT_MDC_STAGE/BTF_UNIFIED/MODMUL/INTMUL/genblk3[3].genblk1[0].MUL_reg[9] is not fully pipelined on the input side. AREG/BREG/CREG/DREG are not used.
Related violations: <none>

SYNTH-12#47 Warning
DSP input not registered  
DSP instance NTT_MDC_WRAPPER/genblk3[1].NTT_MDC_STAGE/BTF_UNIFIED/MODMUL/INTMUL/genblk3[3].genblk1[1].MUL_reg[10] is not fully pipelined on the input side. AREG/BREG/CREG/DREG are not used.
Related violations: <none>

SYNTH-12#48 Warning
DSP input not registered  
DSP instance NTT_MDC_WRAPPER/genblk3[1].NTT_MDC_STAGE/BTF_UNIFIED/MODMUL/INTMUL/genblk3[3].genblk1[2].MUL_reg[11] is not fully pipelined on the input side. AREG/BREG/CREG/DREG are not used.
Related violations: <none>

SYNTH-12#49 Warning
DSP input not registered  
DSP instance NTT_MDC_WRAPPER/genblk3[2].NTT_MDC_STAGE/BTF_UNIFIED/MODMUL/INTMUL/genblk3[0].genblk1[0].MUL_reg[0] is not fully pipelined on the input side. AREG/BREG/CREG/DREG are not used.
Related violations: <none>

SYNTH-12#50 Warning
DSP input not registered  
DSP instance NTT_MDC_WRAPPER/genblk3[2].NTT_MDC_STAGE/BTF_UNIFIED/MODMUL/INTMUL/genblk3[0].genblk1[1].MUL_reg[1] is not fully pipelined on the input side. AREG/BREG/CREG/DREG are not used.
Related violations: <none>

SYNTH-12#51 Warning
DSP input not registered  
DSP instance NTT_MDC_WRAPPER/genblk3[2].NTT_MDC_STAGE/BTF_UNIFIED/MODMUL/INTMUL/genblk3[0].genblk1[2].MUL_reg[2] is not fully pipelined on the input side. AREG/BREG/CREG/DREG are not used.
Related violations: <none>

SYNTH-12#52 Warning
DSP input not registered  
DSP instance NTT_MDC_WRAPPER/genblk3[2].NTT_MDC_STAGE/BTF_UNIFIED/MODMUL/INTMUL/genblk3[1].genblk1[0].MUL_reg[3] is not fully pipelined on the input side. AREG/BREG/CREG/DREG are not used.
Related violations: <none>

SYNTH-12#53 Warning
DSP input not registered  
DSP instance NTT_MDC_WRAPPER/genblk3[2].NTT_MDC_STAGE/BTF_UNIFIED/MODMUL/INTMUL/genblk3[1].genblk1[1].MUL_reg[4] is not fully pipelined on the input side. AREG/BREG/CREG/DREG are not used.
Related violations: <none>

SYNTH-12#54 Warning
DSP input not registered  
DSP instance NTT_MDC_WRAPPER/genblk3[2].NTT_MDC_STAGE/BTF_UNIFIED/MODMUL/INTMUL/genblk3[1].genblk1[2].MUL_reg[5] is not fully pipelined on the input side. AREG/BREG/CREG/DREG are not used.
Related violations: <none>

SYNTH-12#55 Warning
DSP input not registered  
DSP instance NTT_MDC_WRAPPER/genblk3[2].NTT_MDC_STAGE/BTF_UNIFIED/MODMUL/INTMUL/genblk3[2].genblk1[0].MUL_reg[6] is not fully pipelined on the input side. AREG/BREG/CREG/DREG are not used.
Related violations: <none>

SYNTH-12#56 Warning
DSP input not registered  
DSP instance NTT_MDC_WRAPPER/genblk3[2].NTT_MDC_STAGE/BTF_UNIFIED/MODMUL/INTMUL/genblk3[2].genblk1[1].MUL_reg[7] is not fully pipelined on the input side. AREG/BREG/CREG/DREG are not used.
Related violations: <none>

SYNTH-12#57 Warning
DSP input not registered  
DSP instance NTT_MDC_WRAPPER/genblk3[2].NTT_MDC_STAGE/BTF_UNIFIED/MODMUL/INTMUL/genblk3[2].genblk1[2].MUL_reg[8] is not fully pipelined on the input side. AREG/BREG/CREG/DREG are not used.
Related violations: <none>

SYNTH-12#58 Warning
DSP input not registered  
DSP instance NTT_MDC_WRAPPER/genblk3[2].NTT_MDC_STAGE/BTF_UNIFIED/MODMUL/INTMUL/genblk3[3].genblk1[0].MUL_reg[9] is not fully pipelined on the input side. AREG/BREG/CREG/DREG are not used.
Related violations: <none>

SYNTH-12#59 Warning
DSP input not registered  
DSP instance NTT_MDC_WRAPPER/genblk3[2].NTT_MDC_STAGE/BTF_UNIFIED/MODMUL/INTMUL/genblk3[3].genblk1[1].MUL_reg[10] is not fully pipelined on the input side. AREG/BREG/CREG/DREG are not used.
Related violations: <none>

SYNTH-12#60 Warning
DSP input not registered  
DSP instance NTT_MDC_WRAPPER/genblk3[2].NTT_MDC_STAGE/BTF_UNIFIED/MODMUL/INTMUL/genblk3[3].genblk1[2].MUL_reg[11] is not fully pipelined on the input side. AREG/BREG/CREG/DREG are not used.
Related violations: <none>

SYNTH-12#61 Warning
DSP input not registered  
DSP instance NTT_MDC_WRAPPER/genblk3[3].NTT_MDC_STAGE/BTF_UNIFIED/MODMUL/INTMUL/genblk3[0].genblk1[0].MUL_reg[0] is not fully pipelined on the input side. AREG/BREG/CREG/DREG are not used.
Related violations: <none>

SYNTH-12#62 Warning
DSP input not registered  
DSP instance NTT_MDC_WRAPPER/genblk3[3].NTT_MDC_STAGE/BTF_UNIFIED/MODMUL/INTMUL/genblk3[0].genblk1[1].MUL_reg[1] is not fully pipelined on the input side. AREG/BREG/CREG/DREG are not used.
Related violations: <none>

SYNTH-12#63 Warning
DSP input not registered  
DSP instance NTT_MDC_WRAPPER/genblk3[3].NTT_MDC_STAGE/BTF_UNIFIED/MODMUL/INTMUL/genblk3[0].genblk1[2].MUL_reg[2] is not fully pipelined on the input side. AREG/BREG/CREG/DREG are not used.
Related violations: <none>

SYNTH-12#64 Warning
DSP input not registered  
DSP instance NTT_MDC_WRAPPER/genblk3[3].NTT_MDC_STAGE/BTF_UNIFIED/MODMUL/INTMUL/genblk3[1].genblk1[0].MUL_reg[3] is not fully pipelined on the input side. AREG/BREG/CREG/DREG are not used.
Related violations: <none>

SYNTH-12#65 Warning
DSP input not registered  
DSP instance NTT_MDC_WRAPPER/genblk3[3].NTT_MDC_STAGE/BTF_UNIFIED/MODMUL/INTMUL/genblk3[1].genblk1[1].MUL_reg[4] is not fully pipelined on the input side. AREG/BREG/CREG/DREG are not used.
Related violations: <none>

SYNTH-12#66 Warning
DSP input not registered  
DSP instance NTT_MDC_WRAPPER/genblk3[3].NTT_MDC_STAGE/BTF_UNIFIED/MODMUL/INTMUL/genblk3[1].genblk1[2].MUL_reg[5] is not fully pipelined on the input side. AREG/BREG/CREG/DREG are not used.
Related violations: <none>

SYNTH-12#67 Warning
DSP input not registered  
DSP instance NTT_MDC_WRAPPER/genblk3[3].NTT_MDC_STAGE/BTF_UNIFIED/MODMUL/INTMUL/genblk3[2].genblk1[0].MUL_reg[6] is not fully pipelined on the input side. AREG/BREG/CREG/DREG are not used.
Related violations: <none>

SYNTH-12#68 Warning
DSP input not registered  
DSP instance NTT_MDC_WRAPPER/genblk3[3].NTT_MDC_STAGE/BTF_UNIFIED/MODMUL/INTMUL/genblk3[2].genblk1[1].MUL_reg[7] is not fully pipelined on the input side. AREG/BREG/CREG/DREG are not used.
Related violations: <none>

SYNTH-12#69 Warning
DSP input not registered  
DSP instance NTT_MDC_WRAPPER/genblk3[3].NTT_MDC_STAGE/BTF_UNIFIED/MODMUL/INTMUL/genblk3[2].genblk1[2].MUL_reg[8] is not fully pipelined on the input side. AREG/BREG/CREG/DREG are not used.
Related violations: <none>

SYNTH-12#70 Warning
DSP input not registered  
DSP instance NTT_MDC_WRAPPER/genblk3[3].NTT_MDC_STAGE/BTF_UNIFIED/MODMUL/INTMUL/genblk3[3].genblk1[0].MUL_reg[9] is not fully pipelined on the input side. AREG/BREG/CREG/DREG are not used.
Related violations: <none>

SYNTH-12#71 Warning
DSP input not registered  
DSP instance NTT_MDC_WRAPPER/genblk3[3].NTT_MDC_STAGE/BTF_UNIFIED/MODMUL/INTMUL/genblk3[3].genblk1[1].MUL_reg[10] is not fully pipelined on the input side. AREG/BREG/CREG/DREG are not used.
Related violations: <none>

SYNTH-12#72 Warning
DSP input not registered  
DSP instance NTT_MDC_WRAPPER/genblk3[3].NTT_MDC_STAGE/BTF_UNIFIED/MODMUL/INTMUL/genblk3[3].genblk1[2].MUL_reg[11] is not fully pipelined on the input side. AREG/BREG/CREG/DREG are not used.
Related violations: <none>

SYNTH-12#73 Warning
DSP input not registered  
DSP instance NTT_MDC_WRAPPER/genblk3[4].NTT_MDC_STAGE/BTF_UNIFIED/MODMUL/INTMUL/genblk3[0].genblk1[0].MUL_reg[0] is not fully pipelined on the input side. AREG/BREG/CREG/DREG are not used.
Related violations: <none>

SYNTH-12#74 Warning
DSP input not registered  
DSP instance NTT_MDC_WRAPPER/genblk3[4].NTT_MDC_STAGE/BTF_UNIFIED/MODMUL/INTMUL/genblk3[0].genblk1[1].MUL_reg[1] is not fully pipelined on the input side. AREG/BREG/CREG/DREG are not used.
Related violations: <none>

SYNTH-12#75 Warning
DSP input not registered  
DSP instance NTT_MDC_WRAPPER/genblk3[4].NTT_MDC_STAGE/BTF_UNIFIED/MODMUL/INTMUL/genblk3[0].genblk1[2].MUL_reg[2] is not fully pipelined on the input side. AREG/BREG/CREG/DREG are not used.
Related violations: <none>

SYNTH-12#76 Warning
DSP input not registered  
DSP instance NTT_MDC_WRAPPER/genblk3[4].NTT_MDC_STAGE/BTF_UNIFIED/MODMUL/INTMUL/genblk3[1].genblk1[0].MUL_reg[3] is not fully pipelined on the input side. AREG/BREG/CREG/DREG are not used.
Related violations: <none>

SYNTH-12#77 Warning
DSP input not registered  
DSP instance NTT_MDC_WRAPPER/genblk3[4].NTT_MDC_STAGE/BTF_UNIFIED/MODMUL/INTMUL/genblk3[1].genblk1[1].MUL_reg[4] is not fully pipelined on the input side. AREG/BREG/CREG/DREG are not used.
Related violations: <none>

SYNTH-12#78 Warning
DSP input not registered  
DSP instance NTT_MDC_WRAPPER/genblk3[4].NTT_MDC_STAGE/BTF_UNIFIED/MODMUL/INTMUL/genblk3[1].genblk1[2].MUL_reg[5] is not fully pipelined on the input side. AREG/BREG/CREG/DREG are not used.
Related violations: <none>

SYNTH-12#79 Warning
DSP input not registered  
DSP instance NTT_MDC_WRAPPER/genblk3[4].NTT_MDC_STAGE/BTF_UNIFIED/MODMUL/INTMUL/genblk3[2].genblk1[0].MUL_reg[6] is not fully pipelined on the input side. AREG/BREG/CREG/DREG are not used.
Related violations: <none>

SYNTH-12#80 Warning
DSP input not registered  
DSP instance NTT_MDC_WRAPPER/genblk3[4].NTT_MDC_STAGE/BTF_UNIFIED/MODMUL/INTMUL/genblk3[2].genblk1[1].MUL_reg[7] is not fully pipelined on the input side. AREG/BREG/CREG/DREG are not used.
Related violations: <none>

SYNTH-12#81 Warning
DSP input not registered  
DSP instance NTT_MDC_WRAPPER/genblk3[4].NTT_MDC_STAGE/BTF_UNIFIED/MODMUL/INTMUL/genblk3[2].genblk1[2].MUL_reg[8] is not fully pipelined on the input side. AREG/BREG/CREG/DREG are not used.
Related violations: <none>

SYNTH-12#82 Warning
DSP input not registered  
DSP instance NTT_MDC_WRAPPER/genblk3[4].NTT_MDC_STAGE/BTF_UNIFIED/MODMUL/INTMUL/genblk3[3].genblk1[0].MUL_reg[9] is not fully pipelined on the input side. AREG/BREG/CREG/DREG are not used.
Related violations: <none>

SYNTH-12#83 Warning
DSP input not registered  
DSP instance NTT_MDC_WRAPPER/genblk3[4].NTT_MDC_STAGE/BTF_UNIFIED/MODMUL/INTMUL/genblk3[3].genblk1[1].MUL_reg[10] is not fully pipelined on the input side. AREG/BREG/CREG/DREG are not used.
Related violations: <none>

SYNTH-12#84 Warning
DSP input not registered  
DSP instance NTT_MDC_WRAPPER/genblk3[4].NTT_MDC_STAGE/BTF_UNIFIED/MODMUL/INTMUL/genblk3[3].genblk1[2].MUL_reg[11] is not fully pipelined on the input side. AREG/BREG/CREG/DREG are not used.
Related violations: <none>

SYNTH-12#85 Warning
DSP input not registered  
DSP instance NTT_MDC_WRAPPER/genblk3[5].NTT_MDC_STAGE/BTF_UNIFIED/MODMUL/INTMUL/genblk3[0].genblk1[0].MUL_reg[0] is not fully pipelined on the input side. AREG/BREG/CREG/DREG are not used.
Related violations: <none>

SYNTH-12#86 Warning
DSP input not registered  
DSP instance NTT_MDC_WRAPPER/genblk3[5].NTT_MDC_STAGE/BTF_UNIFIED/MODMUL/INTMUL/genblk3[0].genblk1[1].MUL_reg[1] is not fully pipelined on the input side. AREG/BREG/CREG/DREG are not used.
Related violations: <none>

SYNTH-12#87 Warning
DSP input not registered  
DSP instance NTT_MDC_WRAPPER/genblk3[5].NTT_MDC_STAGE/BTF_UNIFIED/MODMUL/INTMUL/genblk3[0].genblk1[2].MUL_reg[2] is not fully pipelined on the input side. AREG/BREG/CREG/DREG are not used.
Related violations: <none>

SYNTH-12#88 Warning
DSP input not registered  
DSP instance NTT_MDC_WRAPPER/genblk3[5].NTT_MDC_STAGE/BTF_UNIFIED/MODMUL/INTMUL/genblk3[1].genblk1[0].MUL_reg[3] is not fully pipelined on the input side. AREG/BREG/CREG/DREG are not used.
Related violations: <none>

SYNTH-12#89 Warning
DSP input not registered  
DSP instance NTT_MDC_WRAPPER/genblk3[5].NTT_MDC_STAGE/BTF_UNIFIED/MODMUL/INTMUL/genblk3[1].genblk1[1].MUL_reg[4] is not fully pipelined on the input side. AREG/BREG/CREG/DREG are not used.
Related violations: <none>

SYNTH-12#90 Warning
DSP input not registered  
DSP instance NTT_MDC_WRAPPER/genblk3[5].NTT_MDC_STAGE/BTF_UNIFIED/MODMUL/INTMUL/genblk3[1].genblk1[2].MUL_reg[5] is not fully pipelined on the input side. AREG/BREG/CREG/DREG are not used.
Related violations: <none>

SYNTH-12#91 Warning
DSP input not registered  
DSP instance NTT_MDC_WRAPPER/genblk3[5].NTT_MDC_STAGE/BTF_UNIFIED/MODMUL/INTMUL/genblk3[2].genblk1[0].MUL_reg[6] is not fully pipelined on the input side. AREG/BREG/CREG/DREG are not used.
Related violations: <none>

SYNTH-12#92 Warning
DSP input not registered  
DSP instance NTT_MDC_WRAPPER/genblk3[5].NTT_MDC_STAGE/BTF_UNIFIED/MODMUL/INTMUL/genblk3[2].genblk1[1].MUL_reg[7] is not fully pipelined on the input side. AREG/BREG/CREG/DREG are not used.
Related violations: <none>

SYNTH-12#93 Warning
DSP input not registered  
DSP instance NTT_MDC_WRAPPER/genblk3[5].NTT_MDC_STAGE/BTF_UNIFIED/MODMUL/INTMUL/genblk3[2].genblk1[2].MUL_reg[8] is not fully pipelined on the input side. AREG/BREG/CREG/DREG are not used.
Related violations: <none>

SYNTH-12#94 Warning
DSP input not registered  
DSP instance NTT_MDC_WRAPPER/genblk3[5].NTT_MDC_STAGE/BTF_UNIFIED/MODMUL/INTMUL/genblk3[3].genblk1[0].MUL_reg[9] is not fully pipelined on the input side. AREG/BREG/CREG/DREG are not used.
Related violations: <none>

SYNTH-12#95 Warning
DSP input not registered  
DSP instance NTT_MDC_WRAPPER/genblk3[5].NTT_MDC_STAGE/BTF_UNIFIED/MODMUL/INTMUL/genblk3[3].genblk1[1].MUL_reg[10] is not fully pipelined on the input side. AREG/BREG/CREG/DREG are not used.
Related violations: <none>

SYNTH-12#96 Warning
DSP input not registered  
DSP instance NTT_MDC_WRAPPER/genblk3[5].NTT_MDC_STAGE/BTF_UNIFIED/MODMUL/INTMUL/genblk3[3].genblk1[2].MUL_reg[11] is not fully pipelined on the input side. AREG/BREG/CREG/DREG are not used.
Related violations: <none>

SYNTH-12#97 Warning
DSP input not registered  
DSP instance NTT_MDC_WRAPPER/genblk3[6].NTT_MDC_STAGE/BTF_UNIFIED/MODMUL/INTMUL/genblk3[0].genblk1[0].MUL_reg[0] is not fully pipelined on the input side. AREG/BREG/CREG/DREG are not used.
Related violations: <none>

SYNTH-12#98 Warning
DSP input not registered  
DSP instance NTT_MDC_WRAPPER/genblk3[6].NTT_MDC_STAGE/BTF_UNIFIED/MODMUL/INTMUL/genblk3[0].genblk1[1].MUL_reg[1] is not fully pipelined on the input side. AREG/BREG/CREG/DREG are not used.
Related violations: <none>

SYNTH-12#99 Warning
DSP input not registered  
DSP instance NTT_MDC_WRAPPER/genblk3[6].NTT_MDC_STAGE/BTF_UNIFIED/MODMUL/INTMUL/genblk3[0].genblk1[2].MUL_reg[2] is not fully pipelined on the input side. AREG/BREG/CREG/DREG are not used.
Related violations: <none>

SYNTH-12#100 Warning
DSP input not registered  
DSP instance NTT_MDC_WRAPPER/genblk3[6].NTT_MDC_STAGE/BTF_UNIFIED/MODMUL/INTMUL/genblk3[1].genblk1[0].MUL_reg[3] is not fully pipelined on the input side. AREG/BREG/CREG/DREG are not used.
Related violations: <none>

SYNTH-12#101 Warning
DSP input not registered  
DSP instance NTT_MDC_WRAPPER/genblk3[6].NTT_MDC_STAGE/BTF_UNIFIED/MODMUL/INTMUL/genblk3[1].genblk1[1].MUL_reg[4] is not fully pipelined on the input side. AREG/BREG/CREG/DREG are not used.
Related violations: <none>

SYNTH-12#102 Warning
DSP input not registered  
DSP instance NTT_MDC_WRAPPER/genblk3[6].NTT_MDC_STAGE/BTF_UNIFIED/MODMUL/INTMUL/genblk3[1].genblk1[2].MUL_reg[5] is not fully pipelined on the input side. AREG/BREG/CREG/DREG are not used.
Related violations: <none>

SYNTH-12#103 Warning
DSP input not registered  
DSP instance NTT_MDC_WRAPPER/genblk3[6].NTT_MDC_STAGE/BTF_UNIFIED/MODMUL/INTMUL/genblk3[2].genblk1[0].MUL_reg[6] is not fully pipelined on the input side. AREG/BREG/CREG/DREG are not used.
Related violations: <none>

SYNTH-12#104 Warning
DSP input not registered  
DSP instance NTT_MDC_WRAPPER/genblk3[6].NTT_MDC_STAGE/BTF_UNIFIED/MODMUL/INTMUL/genblk3[2].genblk1[1].MUL_reg[7] is not fully pipelined on the input side. AREG/BREG/CREG/DREG are not used.
Related violations: <none>

SYNTH-12#105 Warning
DSP input not registered  
DSP instance NTT_MDC_WRAPPER/genblk3[6].NTT_MDC_STAGE/BTF_UNIFIED/MODMUL/INTMUL/genblk3[2].genblk1[2].MUL_reg[8] is not fully pipelined on the input side. AREG/BREG/CREG/DREG are not used.
Related violations: <none>

SYNTH-12#106 Warning
DSP input not registered  
DSP instance NTT_MDC_WRAPPER/genblk3[6].NTT_MDC_STAGE/BTF_UNIFIED/MODMUL/INTMUL/genblk3[3].genblk1[0].MUL_reg[9] is not fully pipelined on the input side. AREG/BREG/CREG/DREG are not used.
Related violations: <none>

SYNTH-12#107 Warning
DSP input not registered  
DSP instance NTT_MDC_WRAPPER/genblk3[6].NTT_MDC_STAGE/BTF_UNIFIED/MODMUL/INTMUL/genblk3[3].genblk1[1].MUL_reg[10] is not fully pipelined on the input side. AREG/BREG/CREG/DREG are not used.
Related violations: <none>

SYNTH-12#108 Warning
DSP input not registered  
DSP instance NTT_MDC_WRAPPER/genblk3[6].NTT_MDC_STAGE/BTF_UNIFIED/MODMUL/INTMUL/genblk3[3].genblk1[2].MUL_reg[11] is not fully pipelined on the input side. AREG/BREG/CREG/DREG are not used.
Related violations: <none>

SYNTH-12#109 Warning
DSP input not registered  
DSP instance NTT_MDC_WRAPPER/genblk3[7].NTT_MDC_STAGE/BTF_UNIFIED/MODMUL/INTMUL/genblk3[0].genblk1[0].MUL_reg[0] is not fully pipelined on the input side. AREG/BREG/CREG/DREG are not used.
Related violations: <none>

SYNTH-12#110 Warning
DSP input not registered  
DSP instance NTT_MDC_WRAPPER/genblk3[7].NTT_MDC_STAGE/BTF_UNIFIED/MODMUL/INTMUL/genblk3[0].genblk1[1].MUL_reg[1] is not fully pipelined on the input side. AREG/BREG/CREG/DREG are not used.
Related violations: <none>

SYNTH-12#111 Warning
DSP input not registered  
DSP instance NTT_MDC_WRAPPER/genblk3[7].NTT_MDC_STAGE/BTF_UNIFIED/MODMUL/INTMUL/genblk3[0].genblk1[2].MUL_reg[2] is not fully pipelined on the input side. AREG/BREG/CREG/DREG are not used.
Related violations: <none>

SYNTH-12#112 Warning
DSP input not registered  
DSP instance NTT_MDC_WRAPPER/genblk3[7].NTT_MDC_STAGE/BTF_UNIFIED/MODMUL/INTMUL/genblk3[1].genblk1[0].MUL_reg[3] is not fully pipelined on the input side. AREG/BREG/CREG/DREG are not used.
Related violations: <none>

SYNTH-12#113 Warning
DSP input not registered  
DSP instance NTT_MDC_WRAPPER/genblk3[7].NTT_MDC_STAGE/BTF_UNIFIED/MODMUL/INTMUL/genblk3[1].genblk1[1].MUL_reg[4] is not fully pipelined on the input side. AREG/BREG/CREG/DREG are not used.
Related violations: <none>

SYNTH-12#114 Warning
DSP input not registered  
DSP instance NTT_MDC_WRAPPER/genblk3[7].NTT_MDC_STAGE/BTF_UNIFIED/MODMUL/INTMUL/genblk3[1].genblk1[2].MUL_reg[5] is not fully pipelined on the input side. AREG/BREG/CREG/DREG are not used.
Related violations: <none>

SYNTH-12#115 Warning
DSP input not registered  
DSP instance NTT_MDC_WRAPPER/genblk3[7].NTT_MDC_STAGE/BTF_UNIFIED/MODMUL/INTMUL/genblk3[2].genblk1[0].MUL_reg[6] is not fully pipelined on the input side. AREG/BREG/CREG/DREG are not used.
Related violations: <none>

SYNTH-12#116 Warning
DSP input not registered  
DSP instance NTT_MDC_WRAPPER/genblk3[7].NTT_MDC_STAGE/BTF_UNIFIED/MODMUL/INTMUL/genblk3[2].genblk1[1].MUL_reg[7] is not fully pipelined on the input side. AREG/BREG/CREG/DREG are not used.
Related violations: <none>

SYNTH-12#117 Warning
DSP input not registered  
DSP instance NTT_MDC_WRAPPER/genblk3[7].NTT_MDC_STAGE/BTF_UNIFIED/MODMUL/INTMUL/genblk3[2].genblk1[2].MUL_reg[8] is not fully pipelined on the input side. AREG/BREG/CREG/DREG are not used.
Related violations: <none>

SYNTH-12#118 Warning
DSP input not registered  
DSP instance NTT_MDC_WRAPPER/genblk3[7].NTT_MDC_STAGE/BTF_UNIFIED/MODMUL/INTMUL/genblk3[3].genblk1[0].MUL_reg[9] is not fully pipelined on the input side. AREG/BREG/CREG/DREG are not used.
Related violations: <none>

SYNTH-12#119 Warning
DSP input not registered  
DSP instance NTT_MDC_WRAPPER/genblk3[7].NTT_MDC_STAGE/BTF_UNIFIED/MODMUL/INTMUL/genblk3[3].genblk1[1].MUL_reg[10] is not fully pipelined on the input side. AREG/BREG/CREG/DREG are not used.
Related violations: <none>

SYNTH-12#120 Warning
DSP input not registered  
DSP instance NTT_MDC_WRAPPER/genblk3[7].NTT_MDC_STAGE/BTF_UNIFIED/MODMUL/INTMUL/genblk3[3].genblk1[2].MUL_reg[11] is not fully pipelined on the input side. AREG/BREG/CREG/DREG are not used.
Related violations: <none>

SYNTH-12#121 Warning
DSP input not registered  
DSP instance NTT_MDC_WRAPPER/genblk3[8].NTT_MDC_STAGE/BTF_UNIFIED/MODMUL/INTMUL/genblk3[0].genblk1[0].MUL_reg[0] is not fully pipelined on the input side. AREG/BREG/CREG/DREG are not used.
Related violations: <none>

SYNTH-12#122 Warning
DSP input not registered  
DSP instance NTT_MDC_WRAPPER/genblk3[8].NTT_MDC_STAGE/BTF_UNIFIED/MODMUL/INTMUL/genblk3[0].genblk1[1].MUL_reg[1] is not fully pipelined on the input side. AREG/BREG/CREG/DREG are not used.
Related violations: <none>

SYNTH-12#123 Warning
DSP input not registered  
DSP instance NTT_MDC_WRAPPER/genblk3[8].NTT_MDC_STAGE/BTF_UNIFIED/MODMUL/INTMUL/genblk3[0].genblk1[2].MUL_reg[2] is not fully pipelined on the input side. AREG/BREG/CREG/DREG are not used.
Related violations: <none>

SYNTH-12#124 Warning
DSP input not registered  
DSP instance NTT_MDC_WRAPPER/genblk3[8].NTT_MDC_STAGE/BTF_UNIFIED/MODMUL/INTMUL/genblk3[1].genblk1[0].MUL_reg[3] is not fully pipelined on the input side. AREG/BREG/CREG/DREG are not used.
Related violations: <none>

SYNTH-12#125 Warning
DSP input not registered  
DSP instance NTT_MDC_WRAPPER/genblk3[8].NTT_MDC_STAGE/BTF_UNIFIED/MODMUL/INTMUL/genblk3[1].genblk1[1].MUL_reg[4] is not fully pipelined on the input side. AREG/BREG/CREG/DREG are not used.
Related violations: <none>

SYNTH-12#126 Warning
DSP input not registered  
DSP instance NTT_MDC_WRAPPER/genblk3[8].NTT_MDC_STAGE/BTF_UNIFIED/MODMUL/INTMUL/genblk3[1].genblk1[2].MUL_reg[5] is not fully pipelined on the input side. AREG/BREG/CREG/DREG are not used.
Related violations: <none>

SYNTH-12#127 Warning
DSP input not registered  
DSP instance NTT_MDC_WRAPPER/genblk3[8].NTT_MDC_STAGE/BTF_UNIFIED/MODMUL/INTMUL/genblk3[2].genblk1[0].MUL_reg[6] is not fully pipelined on the input side. AREG/BREG/CREG/DREG are not used.
Related violations: <none>

SYNTH-12#128 Warning
DSP input not registered  
DSP instance NTT_MDC_WRAPPER/genblk3[8].NTT_MDC_STAGE/BTF_UNIFIED/MODMUL/INTMUL/genblk3[2].genblk1[1].MUL_reg[7] is not fully pipelined on the input side. AREG/BREG/CREG/DREG are not used.
Related violations: <none>

SYNTH-12#129 Warning
DSP input not registered  
DSP instance NTT_MDC_WRAPPER/genblk3[8].NTT_MDC_STAGE/BTF_UNIFIED/MODMUL/INTMUL/genblk3[2].genblk1[2].MUL_reg[8] is not fully pipelined on the input side. AREG/BREG/CREG/DREG are not used.
Related violations: <none>

SYNTH-12#130 Warning
DSP input not registered  
DSP instance NTT_MDC_WRAPPER/genblk3[8].NTT_MDC_STAGE/BTF_UNIFIED/MODMUL/INTMUL/genblk3[3].genblk1[0].MUL_reg[9] is not fully pipelined on the input side. AREG/BREG/CREG/DREG are not used.
Related violations: <none>

SYNTH-12#131 Warning
DSP input not registered  
DSP instance NTT_MDC_WRAPPER/genblk3[8].NTT_MDC_STAGE/BTF_UNIFIED/MODMUL/INTMUL/genblk3[3].genblk1[1].MUL_reg[10] is not fully pipelined on the input side. AREG/BREG/CREG/DREG are not used.
Related violations: <none>

SYNTH-12#132 Warning
DSP input not registered  
DSP instance NTT_MDC_WRAPPER/genblk3[8].NTT_MDC_STAGE/BTF_UNIFIED/MODMUL/INTMUL/genblk3[3].genblk1[2].MUL_reg[11] is not fully pipelined on the input side. AREG/BREG/CREG/DREG are not used.
Related violations: <none>

SYNTH-12#133 Warning
DSP input not registered  
DSP instance NTT_MDC_WRAPPER/genblk3[9].NTT_MDC_STAGE/BTF_UNIFIED/MODMUL/INTMUL/genblk3[0].genblk1[0].MUL_reg[0] is not fully pipelined on the input side. AREG/BREG/CREG/DREG are not used.
Related violations: <none>

SYNTH-12#134 Warning
DSP input not registered  
DSP instance NTT_MDC_WRAPPER/genblk3[9].NTT_MDC_STAGE/BTF_UNIFIED/MODMUL/INTMUL/genblk3[0].genblk1[1].MUL_reg[1] is not fully pipelined on the input side. AREG/BREG/CREG/DREG are not used.
Related violations: <none>

SYNTH-12#135 Warning
DSP input not registered  
DSP instance NTT_MDC_WRAPPER/genblk3[9].NTT_MDC_STAGE/BTF_UNIFIED/MODMUL/INTMUL/genblk3[0].genblk1[2].MUL_reg[2] is not fully pipelined on the input side. AREG/BREG/CREG/DREG are not used.
Related violations: <none>

SYNTH-12#136 Warning
DSP input not registered  
DSP instance NTT_MDC_WRAPPER/genblk3[9].NTT_MDC_STAGE/BTF_UNIFIED/MODMUL/INTMUL/genblk3[1].genblk1[0].MUL_reg[3] is not fully pipelined on the input side. AREG/BREG/CREG/DREG are not used.
Related violations: <none>

SYNTH-12#137 Warning
DSP input not registered  
DSP instance NTT_MDC_WRAPPER/genblk3[9].NTT_MDC_STAGE/BTF_UNIFIED/MODMUL/INTMUL/genblk3[1].genblk1[1].MUL_reg[4] is not fully pipelined on the input side. AREG/BREG/CREG/DREG are not used.
Related violations: <none>

SYNTH-12#138 Warning
DSP input not registered  
DSP instance NTT_MDC_WRAPPER/genblk3[9].NTT_MDC_STAGE/BTF_UNIFIED/MODMUL/INTMUL/genblk3[1].genblk1[2].MUL_reg[5] is not fully pipelined on the input side. AREG/BREG/CREG/DREG are not used.
Related violations: <none>

SYNTH-12#139 Warning
DSP input not registered  
DSP instance NTT_MDC_WRAPPER/genblk3[9].NTT_MDC_STAGE/BTF_UNIFIED/MODMUL/INTMUL/genblk3[2].genblk1[0].MUL_reg[6] is not fully pipelined on the input side. AREG/BREG/CREG/DREG are not used.
Related violations: <none>

SYNTH-12#140 Warning
DSP input not registered  
DSP instance NTT_MDC_WRAPPER/genblk3[9].NTT_MDC_STAGE/BTF_UNIFIED/MODMUL/INTMUL/genblk3[2].genblk1[1].MUL_reg[7] is not fully pipelined on the input side. AREG/BREG/CREG/DREG are not used.
Related violations: <none>

SYNTH-12#141 Warning
DSP input not registered  
DSP instance NTT_MDC_WRAPPER/genblk3[9].NTT_MDC_STAGE/BTF_UNIFIED/MODMUL/INTMUL/genblk3[2].genblk1[2].MUL_reg[8] is not fully pipelined on the input side. AREG/BREG/CREG/DREG are not used.
Related violations: <none>

SYNTH-12#142 Warning
DSP input not registered  
DSP instance NTT_MDC_WRAPPER/genblk3[9].NTT_MDC_STAGE/BTF_UNIFIED/MODMUL/INTMUL/genblk3[3].genblk1[0].MUL_reg[9] is not fully pipelined on the input side. AREG/BREG/CREG/DREG are not used.
Related violations: <none>

SYNTH-12#143 Warning
DSP input not registered  
DSP instance NTT_MDC_WRAPPER/genblk3[9].NTT_MDC_STAGE/BTF_UNIFIED/MODMUL/INTMUL/genblk3[3].genblk1[1].MUL_reg[10] is not fully pipelined on the input side. AREG/BREG/CREG/DREG are not used.
Related violations: <none>

SYNTH-12#144 Warning
DSP input not registered  
DSP instance NTT_MDC_WRAPPER/genblk3[9].NTT_MDC_STAGE/BTF_UNIFIED/MODMUL/INTMUL/genblk3[3].genblk1[2].MUL_reg[11] is not fully pipelined on the input side. AREG/BREG/CREG/DREG are not used.
Related violations: <none>

TIMING-18#1 Warning
Missing input or output delay  
An input delay is missing on btf_gs relative to clock(s) clk
Related violations: <none>

TIMING-18#2 Warning
Missing input or output delay  
An input delay is missing on data64_in_0[0] relative to clock(s) clk
Related violations: <none>

TIMING-18#3 Warning
Missing input or output delay  
An input delay is missing on data64_in_0[10] relative to clock(s) clk
Related violations: <none>

TIMING-18#4 Warning
Missing input or output delay  
An input delay is missing on data64_in_0[11] relative to clock(s) clk
Related violations: <none>

TIMING-18#5 Warning
Missing input or output delay  
An input delay is missing on data64_in_0[12] relative to clock(s) clk
Related violations: <none>

TIMING-18#6 Warning
Missing input or output delay  
An input delay is missing on data64_in_0[13] relative to clock(s) clk
Related violations: <none>

TIMING-18#7 Warning
Missing input or output delay  
An input delay is missing on data64_in_0[14] relative to clock(s) clk
Related violations: <none>

TIMING-18#8 Warning
Missing input or output delay  
An input delay is missing on data64_in_0[15] relative to clock(s) clk
Related violations: <none>

TIMING-18#9 Warning
Missing input or output delay  
An input delay is missing on data64_in_0[16] relative to clock(s) clk
Related violations: <none>

TIMING-18#10 Warning
Missing input or output delay  
An input delay is missing on data64_in_0[17] relative to clock(s) clk
Related violations: <none>

TIMING-18#11 Warning
Missing input or output delay  
An input delay is missing on data64_in_0[18] relative to clock(s) clk
Related violations: <none>

TIMING-18#12 Warning
Missing input or output delay  
An input delay is missing on data64_in_0[19] relative to clock(s) clk
Related violations: <none>

TIMING-18#13 Warning
Missing input or output delay  
An input delay is missing on data64_in_0[1] relative to clock(s) clk
Related violations: <none>

TIMING-18#14 Warning
Missing input or output delay  
An input delay is missing on data64_in_0[20] relative to clock(s) clk
Related violations: <none>

TIMING-18#15 Warning
Missing input or output delay  
An input delay is missing on data64_in_0[21] relative to clock(s) clk
Related violations: <none>

TIMING-18#16 Warning
Missing input or output delay  
An input delay is missing on data64_in_0[22] relative to clock(s) clk
Related violations: <none>

TIMING-18#17 Warning
Missing input or output delay  
An input delay is missing on data64_in_0[23] relative to clock(s) clk
Related violations: <none>

TIMING-18#18 Warning
Missing input or output delay  
An input delay is missing on data64_in_0[24] relative to clock(s) clk
Related violations: <none>

TIMING-18#19 Warning
Missing input or output delay  
An input delay is missing on data64_in_0[25] relative to clock(s) clk
Related violations: <none>

TIMING-18#20 Warning
Missing input or output delay  
An input delay is missing on data64_in_0[26] relative to clock(s) clk
Related violations: <none>

TIMING-18#21 Warning
Missing input or output delay  
An input delay is missing on data64_in_0[27] relative to clock(s) clk
Related violations: <none>

TIMING-18#22 Warning
Missing input or output delay  
An input delay is missing on data64_in_0[28] relative to clock(s) clk
Related violations: <none>

TIMING-18#23 Warning
Missing input or output delay  
An input delay is missing on data64_in_0[29] relative to clock(s) clk
Related violations: <none>

TIMING-18#24 Warning
Missing input or output delay  
An input delay is missing on data64_in_0[2] relative to clock(s) clk
Related violations: <none>

TIMING-18#25 Warning
Missing input or output delay  
An input delay is missing on data64_in_0[30] relative to clock(s) clk
Related violations: <none>

TIMING-18#26 Warning
Missing input or output delay  
An input delay is missing on data64_in_0[31] relative to clock(s) clk
Related violations: <none>

TIMING-18#27 Warning
Missing input or output delay  
An input delay is missing on data64_in_0[32] relative to clock(s) clk
Related violations: <none>

TIMING-18#28 Warning
Missing input or output delay  
An input delay is missing on data64_in_0[33] relative to clock(s) clk
Related violations: <none>

TIMING-18#29 Warning
Missing input or output delay  
An input delay is missing on data64_in_0[34] relative to clock(s) clk
Related violations: <none>

TIMING-18#30 Warning
Missing input or output delay  
An input delay is missing on data64_in_0[35] relative to clock(s) clk
Related violations: <none>

TIMING-18#31 Warning
Missing input or output delay  
An input delay is missing on data64_in_0[36] relative to clock(s) clk
Related violations: <none>

TIMING-18#32 Warning
Missing input or output delay  
An input delay is missing on data64_in_0[37] relative to clock(s) clk
Related violations: <none>

TIMING-18#33 Warning
Missing input or output delay  
An input delay is missing on data64_in_0[38] relative to clock(s) clk
Related violations: <none>

TIMING-18#34 Warning
Missing input or output delay  
An input delay is missing on data64_in_0[39] relative to clock(s) clk
Related violations: <none>

TIMING-18#35 Warning
Missing input or output delay  
An input delay is missing on data64_in_0[3] relative to clock(s) clk
Related violations: <none>

TIMING-18#36 Warning
Missing input or output delay  
An input delay is missing on data64_in_0[40] relative to clock(s) clk
Related violations: <none>

TIMING-18#37 Warning
Missing input or output delay  
An input delay is missing on data64_in_0[41] relative to clock(s) clk
Related violations: <none>

TIMING-18#38 Warning
Missing input or output delay  
An input delay is missing on data64_in_0[42] relative to clock(s) clk
Related violations: <none>

TIMING-18#39 Warning
Missing input or output delay  
An input delay is missing on data64_in_0[43] relative to clock(s) clk
Related violations: <none>

TIMING-18#40 Warning
Missing input or output delay  
An input delay is missing on data64_in_0[44] relative to clock(s) clk
Related violations: <none>

TIMING-18#41 Warning
Missing input or output delay  
An input delay is missing on data64_in_0[45] relative to clock(s) clk
Related violations: <none>

TIMING-18#42 Warning
Missing input or output delay  
An input delay is missing on data64_in_0[46] relative to clock(s) clk
Related violations: <none>

TIMING-18#43 Warning
Missing input or output delay  
An input delay is missing on data64_in_0[47] relative to clock(s) clk
Related violations: <none>

TIMING-18#44 Warning
Missing input or output delay  
An input delay is missing on data64_in_0[48] relative to clock(s) clk
Related violations: <none>

TIMING-18#45 Warning
Missing input or output delay  
An input delay is missing on data64_in_0[49] relative to clock(s) clk
Related violations: <none>

TIMING-18#46 Warning
Missing input or output delay  
An input delay is missing on data64_in_0[4] relative to clock(s) clk
Related violations: <none>

TIMING-18#47 Warning
Missing input or output delay  
An input delay is missing on data64_in_0[50] relative to clock(s) clk
Related violations: <none>

TIMING-18#48 Warning
Missing input or output delay  
An input delay is missing on data64_in_0[51] relative to clock(s) clk
Related violations: <none>

TIMING-18#49 Warning
Missing input or output delay  
An input delay is missing on data64_in_0[52] relative to clock(s) clk
Related violations: <none>

TIMING-18#50 Warning
Missing input or output delay  
An input delay is missing on data64_in_0[53] relative to clock(s) clk
Related violations: <none>

TIMING-18#51 Warning
Missing input or output delay  
An input delay is missing on data64_in_0[54] relative to clock(s) clk
Related violations: <none>

TIMING-18#52 Warning
Missing input or output delay  
An input delay is missing on data64_in_0[55] relative to clock(s) clk
Related violations: <none>

TIMING-18#53 Warning
Missing input or output delay  
An input delay is missing on data64_in_0[56] relative to clock(s) clk
Related violations: <none>

TIMING-18#54 Warning
Missing input or output delay  
An input delay is missing on data64_in_0[57] relative to clock(s) clk
Related violations: <none>

TIMING-18#55 Warning
Missing input or output delay  
An input delay is missing on data64_in_0[58] relative to clock(s) clk
Related violations: <none>

TIMING-18#56 Warning
Missing input or output delay  
An input delay is missing on data64_in_0[59] relative to clock(s) clk
Related violations: <none>

TIMING-18#57 Warning
Missing input or output delay  
An input delay is missing on data64_in_0[5] relative to clock(s) clk
Related violations: <none>

TIMING-18#58 Warning
Missing input or output delay  
An input delay is missing on data64_in_0[60] relative to clock(s) clk
Related violations: <none>

TIMING-18#59 Warning
Missing input or output delay  
An input delay is missing on data64_in_0[61] relative to clock(s) clk
Related violations: <none>

TIMING-18#60 Warning
Missing input or output delay  
An input delay is missing on data64_in_0[62] relative to clock(s) clk
Related violations: <none>

TIMING-18#61 Warning
Missing input or output delay  
An input delay is missing on data64_in_0[63] relative to clock(s) clk
Related violations: <none>

TIMING-18#62 Warning
Missing input or output delay  
An input delay is missing on data64_in_0[6] relative to clock(s) clk
Related violations: <none>

TIMING-18#63 Warning
Missing input or output delay  
An input delay is missing on data64_in_0[7] relative to clock(s) clk
Related violations: <none>

TIMING-18#64 Warning
Missing input or output delay  
An input delay is missing on data64_in_0[8] relative to clock(s) clk
Related violations: <none>

TIMING-18#65 Warning
Missing input or output delay  
An input delay is missing on data64_in_0[9] relative to clock(s) clk
Related violations: <none>

TIMING-18#66 Warning
Missing input or output delay  
An input delay is missing on data64_in_1[0] relative to clock(s) clk
Related violations: <none>

TIMING-18#67 Warning
Missing input or output delay  
An input delay is missing on data64_in_1[10] relative to clock(s) clk
Related violations: <none>

TIMING-18#68 Warning
Missing input or output delay  
An input delay is missing on data64_in_1[11] relative to clock(s) clk
Related violations: <none>

TIMING-18#69 Warning
Missing input or output delay  
An input delay is missing on data64_in_1[12] relative to clock(s) clk
Related violations: <none>

TIMING-18#70 Warning
Missing input or output delay  
An input delay is missing on data64_in_1[13] relative to clock(s) clk
Related violations: <none>

TIMING-18#71 Warning
Missing input or output delay  
An input delay is missing on data64_in_1[14] relative to clock(s) clk
Related violations: <none>

TIMING-18#72 Warning
Missing input or output delay  
An input delay is missing on data64_in_1[15] relative to clock(s) clk
Related violations: <none>

TIMING-18#73 Warning
Missing input or output delay  
An input delay is missing on data64_in_1[16] relative to clock(s) clk
Related violations: <none>

TIMING-18#74 Warning
Missing input or output delay  
An input delay is missing on data64_in_1[17] relative to clock(s) clk
Related violations: <none>

TIMING-18#75 Warning
Missing input or output delay  
An input delay is missing on data64_in_1[18] relative to clock(s) clk
Related violations: <none>

TIMING-18#76 Warning
Missing input or output delay  
An input delay is missing on data64_in_1[19] relative to clock(s) clk
Related violations: <none>

TIMING-18#77 Warning
Missing input or output delay  
An input delay is missing on data64_in_1[1] relative to clock(s) clk
Related violations: <none>

TIMING-18#78 Warning
Missing input or output delay  
An input delay is missing on data64_in_1[20] relative to clock(s) clk
Related violations: <none>

TIMING-18#79 Warning
Missing input or output delay  
An input delay is missing on data64_in_1[21] relative to clock(s) clk
Related violations: <none>

TIMING-18#80 Warning
Missing input or output delay  
An input delay is missing on data64_in_1[22] relative to clock(s) clk
Related violations: <none>

TIMING-18#81 Warning
Missing input or output delay  
An input delay is missing on data64_in_1[23] relative to clock(s) clk
Related violations: <none>

TIMING-18#82 Warning
Missing input or output delay  
An input delay is missing on data64_in_1[24] relative to clock(s) clk
Related violations: <none>

TIMING-18#83 Warning
Missing input or output delay  
An input delay is missing on data64_in_1[25] relative to clock(s) clk
Related violations: <none>

TIMING-18#84 Warning
Missing input or output delay  
An input delay is missing on data64_in_1[26] relative to clock(s) clk
Related violations: <none>

TIMING-18#85 Warning
Missing input or output delay  
An input delay is missing on data64_in_1[27] relative to clock(s) clk
Related violations: <none>

TIMING-18#86 Warning
Missing input or output delay  
An input delay is missing on data64_in_1[28] relative to clock(s) clk
Related violations: <none>

TIMING-18#87 Warning
Missing input or output delay  
An input delay is missing on data64_in_1[29] relative to clock(s) clk
Related violations: <none>

TIMING-18#88 Warning
Missing input or output delay  
An input delay is missing on data64_in_1[2] relative to clock(s) clk
Related violations: <none>

TIMING-18#89 Warning
Missing input or output delay  
An input delay is missing on data64_in_1[30] relative to clock(s) clk
Related violations: <none>

TIMING-18#90 Warning
Missing input or output delay  
An input delay is missing on data64_in_1[31] relative to clock(s) clk
Related violations: <none>

TIMING-18#91 Warning
Missing input or output delay  
An input delay is missing on data64_in_1[32] relative to clock(s) clk
Related violations: <none>

TIMING-18#92 Warning
Missing input or output delay  
An input delay is missing on data64_in_1[33] relative to clock(s) clk
Related violations: <none>

TIMING-18#93 Warning
Missing input or output delay  
An input delay is missing on data64_in_1[34] relative to clock(s) clk
Related violations: <none>

TIMING-18#94 Warning
Missing input or output delay  
An input delay is missing on data64_in_1[35] relative to clock(s) clk
Related violations: <none>

TIMING-18#95 Warning
Missing input or output delay  
An input delay is missing on data64_in_1[36] relative to clock(s) clk
Related violations: <none>

TIMING-18#96 Warning
Missing input or output delay  
An input delay is missing on data64_in_1[37] relative to clock(s) clk
Related violations: <none>

TIMING-18#97 Warning
Missing input or output delay  
An input delay is missing on data64_in_1[38] relative to clock(s) clk
Related violations: <none>

TIMING-18#98 Warning
Missing input or output delay  
An input delay is missing on data64_in_1[39] relative to clock(s) clk
Related violations: <none>

TIMING-18#99 Warning
Missing input or output delay  
An input delay is missing on data64_in_1[3] relative to clock(s) clk
Related violations: <none>

TIMING-18#100 Warning
Missing input or output delay  
An input delay is missing on data64_in_1[40] relative to clock(s) clk
Related violations: <none>

TIMING-18#101 Warning
Missing input or output delay  
An input delay is missing on data64_in_1[41] relative to clock(s) clk
Related violations: <none>

TIMING-18#102 Warning
Missing input or output delay  
An input delay is missing on data64_in_1[42] relative to clock(s) clk
Related violations: <none>

TIMING-18#103 Warning
Missing input or output delay  
An input delay is missing on data64_in_1[43] relative to clock(s) clk
Related violations: <none>

TIMING-18#104 Warning
Missing input or output delay  
An input delay is missing on data64_in_1[44] relative to clock(s) clk
Related violations: <none>

TIMING-18#105 Warning
Missing input or output delay  
An input delay is missing on data64_in_1[45] relative to clock(s) clk
Related violations: <none>

TIMING-18#106 Warning
Missing input or output delay  
An input delay is missing on data64_in_1[46] relative to clock(s) clk
Related violations: <none>

TIMING-18#107 Warning
Missing input or output delay  
An input delay is missing on data64_in_1[47] relative to clock(s) clk
Related violations: <none>

TIMING-18#108 Warning
Missing input or output delay  
An input delay is missing on data64_in_1[48] relative to clock(s) clk
Related violations: <none>

TIMING-18#109 Warning
Missing input or output delay  
An input delay is missing on data64_in_1[49] relative to clock(s) clk
Related violations: <none>

TIMING-18#110 Warning
Missing input or output delay  
An input delay is missing on data64_in_1[4] relative to clock(s) clk
Related violations: <none>

TIMING-18#111 Warning
Missing input or output delay  
An input delay is missing on data64_in_1[50] relative to clock(s) clk
Related violations: <none>

TIMING-18#112 Warning
Missing input or output delay  
An input delay is missing on data64_in_1[51] relative to clock(s) clk
Related violations: <none>

TIMING-18#113 Warning
Missing input or output delay  
An input delay is missing on data64_in_1[52] relative to clock(s) clk
Related violations: <none>

TIMING-18#114 Warning
Missing input or output delay  
An input delay is missing on data64_in_1[53] relative to clock(s) clk
Related violations: <none>

TIMING-18#115 Warning
Missing input or output delay  
An input delay is missing on data64_in_1[54] relative to clock(s) clk
Related violations: <none>

TIMING-18#116 Warning
Missing input or output delay  
An input delay is missing on data64_in_1[55] relative to clock(s) clk
Related violations: <none>

TIMING-18#117 Warning
Missing input or output delay  
An input delay is missing on data64_in_1[56] relative to clock(s) clk
Related violations: <none>

TIMING-18#118 Warning
Missing input or output delay  
An input delay is missing on data64_in_1[57] relative to clock(s) clk
Related violations: <none>

TIMING-18#119 Warning
Missing input or output delay  
An input delay is missing on data64_in_1[58] relative to clock(s) clk
Related violations: <none>

TIMING-18#120 Warning
Missing input or output delay  
An input delay is missing on data64_in_1[59] relative to clock(s) clk
Related violations: <none>

TIMING-18#121 Warning
Missing input or output delay  
An input delay is missing on data64_in_1[5] relative to clock(s) clk
Related violations: <none>

TIMING-18#122 Warning
Missing input or output delay  
An input delay is missing on data64_in_1[60] relative to clock(s) clk
Related violations: <none>

TIMING-18#123 Warning
Missing input or output delay  
An input delay is missing on data64_in_1[61] relative to clock(s) clk
Related violations: <none>

TIMING-18#124 Warning
Missing input or output delay  
An input delay is missing on data64_in_1[62] relative to clock(s) clk
Related violations: <none>

TIMING-18#125 Warning
Missing input or output delay  
An input delay is missing on data64_in_1[63] relative to clock(s) clk
Related violations: <none>

TIMING-18#126 Warning
Missing input or output delay  
An input delay is missing on data64_in_1[6] relative to clock(s) clk
Related violations: <none>

TIMING-18#127 Warning
Missing input or output delay  
An input delay is missing on data64_in_1[7] relative to clock(s) clk
Related violations: <none>

TIMING-18#128 Warning
Missing input or output delay  
An input delay is missing on data64_in_1[8] relative to clock(s) clk
Related violations: <none>

TIMING-18#129 Warning
Missing input or output delay  
An input delay is missing on data64_in_1[9] relative to clock(s) clk
Related violations: <none>

TIMING-18#130 Warning
Missing input or output delay  
An input delay is missing on intt relative to clock(s) clk
Related violations: <none>

TIMING-18#131 Warning
Missing input or output delay  
An input delay is missing on q[0] relative to clock(s) clk
Related violations: <none>

TIMING-18#132 Warning
Missing input or output delay  
An input delay is missing on q[10] relative to clock(s) clk
Related violations: <none>

TIMING-18#133 Warning
Missing input or output delay  
An input delay is missing on q[11] relative to clock(s) clk
Related violations: <none>

TIMING-18#134 Warning
Missing input or output delay  
An input delay is missing on q[12] relative to clock(s) clk
Related violations: <none>

TIMING-18#135 Warning
Missing input or output delay  
An input delay is missing on q[13] relative to clock(s) clk
Related violations: <none>

TIMING-18#136 Warning
Missing input or output delay  
An input delay is missing on q[14] relative to clock(s) clk
Related violations: <none>

TIMING-18#137 Warning
Missing input or output delay  
An input delay is missing on q[15] relative to clock(s) clk
Related violations: <none>

TIMING-18#138 Warning
Missing input or output delay  
An input delay is missing on q[16] relative to clock(s) clk
Related violations: <none>

TIMING-18#139 Warning
Missing input or output delay  
An input delay is missing on q[17] relative to clock(s) clk
Related violations: <none>

TIMING-18#140 Warning
Missing input or output delay  
An input delay is missing on q[18] relative to clock(s) clk
Related violations: <none>

TIMING-18#141 Warning
Missing input or output delay  
An input delay is missing on q[19] relative to clock(s) clk
Related violations: <none>

TIMING-18#142 Warning
Missing input or output delay  
An input delay is missing on q[1] relative to clock(s) clk
Related violations: <none>

TIMING-18#143 Warning
Missing input or output delay  
An input delay is missing on q[20] relative to clock(s) clk
Related violations: <none>

TIMING-18#144 Warning
Missing input or output delay  
An input delay is missing on q[21] relative to clock(s) clk
Related violations: <none>

TIMING-18#145 Warning
Missing input or output delay  
An input delay is missing on q[22] relative to clock(s) clk
Related violations: <none>

TIMING-18#146 Warning
Missing input or output delay  
An input delay is missing on q[23] relative to clock(s) clk
Related violations: <none>

TIMING-18#147 Warning
Missing input or output delay  
An input delay is missing on q[24] relative to clock(s) clk
Related violations: <none>

TIMING-18#148 Warning
Missing input or output delay  
An input delay is missing on q[25] relative to clock(s) clk
Related violations: <none>

TIMING-18#149 Warning
Missing input or output delay  
An input delay is missing on q[26] relative to clock(s) clk
Related violations: <none>

TIMING-18#150 Warning
Missing input or output delay  
An input delay is missing on q[27] relative to clock(s) clk
Related violations: <none>

TIMING-18#151 Warning
Missing input or output delay  
An input delay is missing on q[28] relative to clock(s) clk
Related violations: <none>

TIMING-18#152 Warning
Missing input or output delay  
An input delay is missing on q[29] relative to clock(s) clk
Related violations: <none>

TIMING-18#153 Warning
Missing input or output delay  
An input delay is missing on q[2] relative to clock(s) clk
Related violations: <none>

TIMING-18#154 Warning
Missing input or output delay  
An input delay is missing on q[30] relative to clock(s) clk
Related violations: <none>

TIMING-18#155 Warning
Missing input or output delay  
An input delay is missing on q[31] relative to clock(s) clk
Related violations: <none>

TIMING-18#156 Warning
Missing input or output delay  
An input delay is missing on q[32] relative to clock(s) clk
Related violations: <none>

TIMING-18#157 Warning
Missing input or output delay  
An input delay is missing on q[33] relative to clock(s) clk
Related violations: <none>

TIMING-18#158 Warning
Missing input or output delay  
An input delay is missing on q[34] relative to clock(s) clk
Related violations: <none>

TIMING-18#159 Warning
Missing input or output delay  
An input delay is missing on q[35] relative to clock(s) clk
Related violations: <none>

TIMING-18#160 Warning
Missing input or output delay  
An input delay is missing on q[36] relative to clock(s) clk
Related violations: <none>

TIMING-18#161 Warning
Missing input or output delay  
An input delay is missing on q[37] relative to clock(s) clk
Related violations: <none>

TIMING-18#162 Warning
Missing input or output delay  
An input delay is missing on q[38] relative to clock(s) clk
Related violations: <none>

TIMING-18#163 Warning
Missing input or output delay  
An input delay is missing on q[39] relative to clock(s) clk
Related violations: <none>

TIMING-18#164 Warning
Missing input or output delay  
An input delay is missing on q[3] relative to clock(s) clk
Related violations: <none>

TIMING-18#165 Warning
Missing input or output delay  
An input delay is missing on q[40] relative to clock(s) clk
Related violations: <none>

TIMING-18#166 Warning
Missing input or output delay  
An input delay is missing on q[41] relative to clock(s) clk
Related violations: <none>

TIMING-18#167 Warning
Missing input or output delay  
An input delay is missing on q[42] relative to clock(s) clk
Related violations: <none>

TIMING-18#168 Warning
Missing input or output delay  
An input delay is missing on q[43] relative to clock(s) clk
Related violations: <none>

TIMING-18#169 Warning
Missing input or output delay  
An input delay is missing on q[44] relative to clock(s) clk
Related violations: <none>

TIMING-18#170 Warning
Missing input or output delay  
An input delay is missing on q[45] relative to clock(s) clk
Related violations: <none>

TIMING-18#171 Warning
Missing input or output delay  
An input delay is missing on q[46] relative to clock(s) clk
Related violations: <none>

TIMING-18#172 Warning
Missing input or output delay  
An input delay is missing on q[47] relative to clock(s) clk
Related violations: <none>

TIMING-18#173 Warning
Missing input or output delay  
An input delay is missing on q[48] relative to clock(s) clk
Related violations: <none>

TIMING-18#174 Warning
Missing input or output delay  
An input delay is missing on q[49] relative to clock(s) clk
Related violations: <none>

TIMING-18#175 Warning
Missing input or output delay  
An input delay is missing on q[4] relative to clock(s) clk
Related violations: <none>

TIMING-18#176 Warning
Missing input or output delay  
An input delay is missing on q[50] relative to clock(s) clk
Related violations: <none>

TIMING-18#177 Warning
Missing input or output delay  
An input delay is missing on q[51] relative to clock(s) clk
Related violations: <none>

TIMING-18#178 Warning
Missing input or output delay  
An input delay is missing on q[52] relative to clock(s) clk
Related violations: <none>

TIMING-18#179 Warning
Missing input or output delay  
An input delay is missing on q[53] relative to clock(s) clk
Related violations: <none>

TIMING-18#180 Warning
Missing input or output delay  
An input delay is missing on q[54] relative to clock(s) clk
Related violations: <none>

TIMING-18#181 Warning
Missing input or output delay  
An input delay is missing on q[55] relative to clock(s) clk
Related violations: <none>

TIMING-18#182 Warning
Missing input or output delay  
An input delay is missing on q[56] relative to clock(s) clk
Related violations: <none>

TIMING-18#183 Warning
Missing input or output delay  
An input delay is missing on q[57] relative to clock(s) clk
Related violations: <none>

TIMING-18#184 Warning
Missing input or output delay  
An input delay is missing on q[58] relative to clock(s) clk
Related violations: <none>

TIMING-18#185 Warning
Missing input or output delay  
An input delay is missing on q[59] relative to clock(s) clk
Related violations: <none>

TIMING-18#186 Warning
Missing input or output delay  
An input delay is missing on q[5] relative to clock(s) clk
Related violations: <none>

TIMING-18#187 Warning
Missing input or output delay  
An input delay is missing on q[60] relative to clock(s) clk
Related violations: <none>

TIMING-18#188 Warning
Missing input or output delay  
An input delay is missing on q[61] relative to clock(s) clk
Related violations: <none>

TIMING-18#189 Warning
Missing input or output delay  
An input delay is missing on q[62] relative to clock(s) clk
Related violations: <none>

TIMING-18#190 Warning
Missing input or output delay  
An input delay is missing on q[63] relative to clock(s) clk
Related violations: <none>

TIMING-18#191 Warning
Missing input or output delay  
An input delay is missing on q[6] relative to clock(s) clk
Related violations: <none>

TIMING-18#192 Warning
Missing input or output delay  
An input delay is missing on q[7] relative to clock(s) clk
Related violations: <none>

TIMING-18#193 Warning
Missing input or output delay  
An input delay is missing on q[8] relative to clock(s) clk
Related violations: <none>

TIMING-18#194 Warning
Missing input or output delay  
An input delay is missing on q[9] relative to clock(s) clk
Related violations: <none>

TIMING-18#195 Warning
Missing input or output delay  
An input delay is missing on rst relative to clock(s) clk
Related violations: <none>

TIMING-18#196 Warning
Missing input or output delay  
An input delay is missing on start relative to clock(s) clk
Related violations: <none>

TIMING-18#197 Warning
Missing input or output delay  
An output delay is missing on data64_out_0[0] relative to clock(s) clk
Related violations: <none>

TIMING-18#198 Warning
Missing input or output delay  
An output delay is missing on data64_out_0[10] relative to clock(s) clk
Related violations: <none>

TIMING-18#199 Warning
Missing input or output delay  
An output delay is missing on data64_out_0[11] relative to clock(s) clk
Related violations: <none>

TIMING-18#200 Warning
Missing input or output delay  
An output delay is missing on data64_out_0[12] relative to clock(s) clk
Related violations: <none>

TIMING-18#201 Warning
Missing input or output delay  
An output delay is missing on data64_out_0[13] relative to clock(s) clk
Related violations: <none>

TIMING-18#202 Warning
Missing input or output delay  
An output delay is missing on data64_out_0[14] relative to clock(s) clk
Related violations: <none>

TIMING-18#203 Warning
Missing input or output delay  
An output delay is missing on data64_out_0[15] relative to clock(s) clk
Related violations: <none>

TIMING-18#204 Warning
Missing input or output delay  
An output delay is missing on data64_out_0[16] relative to clock(s) clk
Related violations: <none>

TIMING-18#205 Warning
Missing input or output delay  
An output delay is missing on data64_out_0[17] relative to clock(s) clk
Related violations: <none>

TIMING-18#206 Warning
Missing input or output delay  
An output delay is missing on data64_out_0[18] relative to clock(s) clk
Related violations: <none>

TIMING-18#207 Warning
Missing input or output delay  
An output delay is missing on data64_out_0[19] relative to clock(s) clk
Related violations: <none>

TIMING-18#208 Warning
Missing input or output delay  
An output delay is missing on data64_out_0[1] relative to clock(s) clk
Related violations: <none>

TIMING-18#209 Warning
Missing input or output delay  
An output delay is missing on data64_out_0[20] relative to clock(s) clk
Related violations: <none>

TIMING-18#210 Warning
Missing input or output delay  
An output delay is missing on data64_out_0[21] relative to clock(s) clk
Related violations: <none>

TIMING-18#211 Warning
Missing input or output delay  
An output delay is missing on data64_out_0[22] relative to clock(s) clk
Related violations: <none>

TIMING-18#212 Warning
Missing input or output delay  
An output delay is missing on data64_out_0[23] relative to clock(s) clk
Related violations: <none>

TIMING-18#213 Warning
Missing input or output delay  
An output delay is missing on data64_out_0[24] relative to clock(s) clk
Related violations: <none>

TIMING-18#214 Warning
Missing input or output delay  
An output delay is missing on data64_out_0[25] relative to clock(s) clk
Related violations: <none>

TIMING-18#215 Warning
Missing input or output delay  
An output delay is missing on data64_out_0[26] relative to clock(s) clk
Related violations: <none>

TIMING-18#216 Warning
Missing input or output delay  
An output delay is missing on data64_out_0[27] relative to clock(s) clk
Related violations: <none>

TIMING-18#217 Warning
Missing input or output delay  
An output delay is missing on data64_out_0[28] relative to clock(s) clk
Related violations: <none>

TIMING-18#218 Warning
Missing input or output delay  
An output delay is missing on data64_out_0[29] relative to clock(s) clk
Related violations: <none>

TIMING-18#219 Warning
Missing input or output delay  
An output delay is missing on data64_out_0[2] relative to clock(s) clk
Related violations: <none>

TIMING-18#220 Warning
Missing input or output delay  
An output delay is missing on data64_out_0[30] relative to clock(s) clk
Related violations: <none>

TIMING-18#221 Warning
Missing input or output delay  
An output delay is missing on data64_out_0[31] relative to clock(s) clk
Related violations: <none>

TIMING-18#222 Warning
Missing input or output delay  
An output delay is missing on data64_out_0[32] relative to clock(s) clk
Related violations: <none>

TIMING-18#223 Warning
Missing input or output delay  
An output delay is missing on data64_out_0[33] relative to clock(s) clk
Related violations: <none>

TIMING-18#224 Warning
Missing input or output delay  
An output delay is missing on data64_out_0[34] relative to clock(s) clk
Related violations: <none>

TIMING-18#225 Warning
Missing input or output delay  
An output delay is missing on data64_out_0[35] relative to clock(s) clk
Related violations: <none>

TIMING-18#226 Warning
Missing input or output delay  
An output delay is missing on data64_out_0[36] relative to clock(s) clk
Related violations: <none>

TIMING-18#227 Warning
Missing input or output delay  
An output delay is missing on data64_out_0[37] relative to clock(s) clk
Related violations: <none>

TIMING-18#228 Warning
Missing input or output delay  
An output delay is missing on data64_out_0[38] relative to clock(s) clk
Related violations: <none>

TIMING-18#229 Warning
Missing input or output delay  
An output delay is missing on data64_out_0[39] relative to clock(s) clk
Related violations: <none>

TIMING-18#230 Warning
Missing input or output delay  
An output delay is missing on data64_out_0[3] relative to clock(s) clk
Related violations: <none>

TIMING-18#231 Warning
Missing input or output delay  
An output delay is missing on data64_out_0[40] relative to clock(s) clk
Related violations: <none>

TIMING-18#232 Warning
Missing input or output delay  
An output delay is missing on data64_out_0[41] relative to clock(s) clk
Related violations: <none>

TIMING-18#233 Warning
Missing input or output delay  
An output delay is missing on data64_out_0[42] relative to clock(s) clk
Related violations: <none>

TIMING-18#234 Warning
Missing input or output delay  
An output delay is missing on data64_out_0[43] relative to clock(s) clk
Related violations: <none>

TIMING-18#235 Warning
Missing input or output delay  
An output delay is missing on data64_out_0[44] relative to clock(s) clk
Related violations: <none>

TIMING-18#236 Warning
Missing input or output delay  
An output delay is missing on data64_out_0[45] relative to clock(s) clk
Related violations: <none>

TIMING-18#237 Warning
Missing input or output delay  
An output delay is missing on data64_out_0[46] relative to clock(s) clk
Related violations: <none>

TIMING-18#238 Warning
Missing input or output delay  
An output delay is missing on data64_out_0[47] relative to clock(s) clk
Related violations: <none>

TIMING-18#239 Warning
Missing input or output delay  
An output delay is missing on data64_out_0[48] relative to clock(s) clk
Related violations: <none>

TIMING-18#240 Warning
Missing input or output delay  
An output delay is missing on data64_out_0[49] relative to clock(s) clk
Related violations: <none>

TIMING-18#241 Warning
Missing input or output delay  
An output delay is missing on data64_out_0[4] relative to clock(s) clk
Related violations: <none>

TIMING-18#242 Warning
Missing input or output delay  
An output delay is missing on data64_out_0[50] relative to clock(s) clk
Related violations: <none>

TIMING-18#243 Warning
Missing input or output delay  
An output delay is missing on data64_out_0[51] relative to clock(s) clk
Related violations: <none>

TIMING-18#244 Warning
Missing input or output delay  
An output delay is missing on data64_out_0[52] relative to clock(s) clk
Related violations: <none>

TIMING-18#245 Warning
Missing input or output delay  
An output delay is missing on data64_out_0[53] relative to clock(s) clk
Related violations: <none>

TIMING-18#246 Warning
Missing input or output delay  
An output delay is missing on data64_out_0[54] relative to clock(s) clk
Related violations: <none>

TIMING-18#247 Warning
Missing input or output delay  
An output delay is missing on data64_out_0[55] relative to clock(s) clk
Related violations: <none>

TIMING-18#248 Warning
Missing input or output delay  
An output delay is missing on data64_out_0[56] relative to clock(s) clk
Related violations: <none>

TIMING-18#249 Warning
Missing input or output delay  
An output delay is missing on data64_out_0[57] relative to clock(s) clk
Related violations: <none>

TIMING-18#250 Warning
Missing input or output delay  
An output delay is missing on data64_out_0[58] relative to clock(s) clk
Related violations: <none>

TIMING-18#251 Warning
Missing input or output delay  
An output delay is missing on data64_out_0[59] relative to clock(s) clk
Related violations: <none>

TIMING-18#252 Warning
Missing input or output delay  
An output delay is missing on data64_out_0[5] relative to clock(s) clk
Related violations: <none>

TIMING-18#253 Warning
Missing input or output delay  
An output delay is missing on data64_out_0[60] relative to clock(s) clk
Related violations: <none>

TIMING-18#254 Warning
Missing input or output delay  
An output delay is missing on data64_out_0[61] relative to clock(s) clk
Related violations: <none>

TIMING-18#255 Warning
Missing input or output delay  
An output delay is missing on data64_out_0[62] relative to clock(s) clk
Related violations: <none>

TIMING-18#256 Warning
Missing input or output delay  
An output delay is missing on data64_out_0[63] relative to clock(s) clk
Related violations: <none>

TIMING-18#257 Warning
Missing input or output delay  
An output delay is missing on data64_out_0[6] relative to clock(s) clk
Related violations: <none>

TIMING-18#258 Warning
Missing input or output delay  
An output delay is missing on data64_out_0[7] relative to clock(s) clk
Related violations: <none>

TIMING-18#259 Warning
Missing input or output delay  
An output delay is missing on data64_out_0[8] relative to clock(s) clk
Related violations: <none>

TIMING-18#260 Warning
Missing input or output delay  
An output delay is missing on data64_out_0[9] relative to clock(s) clk
Related violations: <none>

TIMING-18#261 Warning
Missing input or output delay  
An output delay is missing on data64_out_1[0] relative to clock(s) clk
Related violations: <none>

TIMING-18#262 Warning
Missing input or output delay  
An output delay is missing on data64_out_1[10] relative to clock(s) clk
Related violations: <none>

TIMING-18#263 Warning
Missing input or output delay  
An output delay is missing on data64_out_1[11] relative to clock(s) clk
Related violations: <none>

TIMING-18#264 Warning
Missing input or output delay  
An output delay is missing on data64_out_1[12] relative to clock(s) clk
Related violations: <none>

TIMING-18#265 Warning
Missing input or output delay  
An output delay is missing on data64_out_1[13] relative to clock(s) clk
Related violations: <none>

TIMING-18#266 Warning
Missing input or output delay  
An output delay is missing on data64_out_1[14] relative to clock(s) clk
Related violations: <none>

TIMING-18#267 Warning
Missing input or output delay  
An output delay is missing on data64_out_1[15] relative to clock(s) clk
Related violations: <none>

TIMING-18#268 Warning
Missing input or output delay  
An output delay is missing on data64_out_1[16] relative to clock(s) clk
Related violations: <none>

TIMING-18#269 Warning
Missing input or output delay  
An output delay is missing on data64_out_1[17] relative to clock(s) clk
Related violations: <none>

TIMING-18#270 Warning
Missing input or output delay  
An output delay is missing on data64_out_1[18] relative to clock(s) clk
Related violations: <none>

TIMING-18#271 Warning
Missing input or output delay  
An output delay is missing on data64_out_1[19] relative to clock(s) clk
Related violations: <none>

TIMING-18#272 Warning
Missing input or output delay  
An output delay is missing on data64_out_1[1] relative to clock(s) clk
Related violations: <none>

TIMING-18#273 Warning
Missing input or output delay  
An output delay is missing on data64_out_1[20] relative to clock(s) clk
Related violations: <none>

TIMING-18#274 Warning
Missing input or output delay  
An output delay is missing on data64_out_1[21] relative to clock(s) clk
Related violations: <none>

TIMING-18#275 Warning
Missing input or output delay  
An output delay is missing on data64_out_1[22] relative to clock(s) clk
Related violations: <none>

TIMING-18#276 Warning
Missing input or output delay  
An output delay is missing on data64_out_1[23] relative to clock(s) clk
Related violations: <none>

TIMING-18#277 Warning
Missing input or output delay  
An output delay is missing on data64_out_1[24] relative to clock(s) clk
Related violations: <none>

TIMING-18#278 Warning
Missing input or output delay  
An output delay is missing on data64_out_1[25] relative to clock(s) clk
Related violations: <none>

TIMING-18#279 Warning
Missing input or output delay  
An output delay is missing on data64_out_1[26] relative to clock(s) clk
Related violations: <none>

TIMING-18#280 Warning
Missing input or output delay  
An output delay is missing on data64_out_1[27] relative to clock(s) clk
Related violations: <none>

TIMING-18#281 Warning
Missing input or output delay  
An output delay is missing on data64_out_1[28] relative to clock(s) clk
Related violations: <none>

TIMING-18#282 Warning
Missing input or output delay  
An output delay is missing on data64_out_1[29] relative to clock(s) clk
Related violations: <none>

TIMING-18#283 Warning
Missing input or output delay  
An output delay is missing on data64_out_1[2] relative to clock(s) clk
Related violations: <none>

TIMING-18#284 Warning
Missing input or output delay  
An output delay is missing on data64_out_1[30] relative to clock(s) clk
Related violations: <none>

TIMING-18#285 Warning
Missing input or output delay  
An output delay is missing on data64_out_1[31] relative to clock(s) clk
Related violations: <none>

TIMING-18#286 Warning
Missing input or output delay  
An output delay is missing on data64_out_1[32] relative to clock(s) clk
Related violations: <none>

TIMING-18#287 Warning
Missing input or output delay  
An output delay is missing on data64_out_1[33] relative to clock(s) clk
Related violations: <none>

TIMING-18#288 Warning
Missing input or output delay  
An output delay is missing on data64_out_1[34] relative to clock(s) clk
Related violations: <none>

TIMING-18#289 Warning
Missing input or output delay  
An output delay is missing on data64_out_1[35] relative to clock(s) clk
Related violations: <none>

TIMING-18#290 Warning
Missing input or output delay  
An output delay is missing on data64_out_1[36] relative to clock(s) clk
Related violations: <none>

TIMING-18#291 Warning
Missing input or output delay  
An output delay is missing on data64_out_1[37] relative to clock(s) clk
Related violations: <none>

TIMING-18#292 Warning
Missing input or output delay  
An output delay is missing on data64_out_1[38] relative to clock(s) clk
Related violations: <none>

TIMING-18#293 Warning
Missing input or output delay  
An output delay is missing on data64_out_1[39] relative to clock(s) clk
Related violations: <none>

TIMING-18#294 Warning
Missing input or output delay  
An output delay is missing on data64_out_1[3] relative to clock(s) clk
Related violations: <none>

TIMING-18#295 Warning
Missing input or output delay  
An output delay is missing on data64_out_1[40] relative to clock(s) clk
Related violations: <none>

TIMING-18#296 Warning
Missing input or output delay  
An output delay is missing on data64_out_1[41] relative to clock(s) clk
Related violations: <none>

TIMING-18#297 Warning
Missing input or output delay  
An output delay is missing on data64_out_1[42] relative to clock(s) clk
Related violations: <none>

TIMING-18#298 Warning
Missing input or output delay  
An output delay is missing on data64_out_1[43] relative to clock(s) clk
Related violations: <none>

TIMING-18#299 Warning
Missing input or output delay  
An output delay is missing on data64_out_1[44] relative to clock(s) clk
Related violations: <none>

TIMING-18#300 Warning
Missing input or output delay  
An output delay is missing on data64_out_1[45] relative to clock(s) clk
Related violations: <none>

TIMING-18#301 Warning
Missing input or output delay  
An output delay is missing on data64_out_1[46] relative to clock(s) clk
Related violations: <none>

TIMING-18#302 Warning
Missing input or output delay  
An output delay is missing on data64_out_1[47] relative to clock(s) clk
Related violations: <none>

TIMING-18#303 Warning
Missing input or output delay  
An output delay is missing on data64_out_1[48] relative to clock(s) clk
Related violations: <none>

TIMING-18#304 Warning
Missing input or output delay  
An output delay is missing on data64_out_1[49] relative to clock(s) clk
Related violations: <none>

TIMING-18#305 Warning
Missing input or output delay  
An output delay is missing on data64_out_1[4] relative to clock(s) clk
Related violations: <none>

TIMING-18#306 Warning
Missing input or output delay  
An output delay is missing on data64_out_1[50] relative to clock(s) clk
Related violations: <none>

TIMING-18#307 Warning
Missing input or output delay  
An output delay is missing on data64_out_1[51] relative to clock(s) clk
Related violations: <none>

TIMING-18#308 Warning
Missing input or output delay  
An output delay is missing on data64_out_1[52] relative to clock(s) clk
Related violations: <none>

TIMING-18#309 Warning
Missing input or output delay  
An output delay is missing on data64_out_1[53] relative to clock(s) clk
Related violations: <none>

TIMING-18#310 Warning
Missing input or output delay  
An output delay is missing on data64_out_1[54] relative to clock(s) clk
Related violations: <none>

TIMING-18#311 Warning
Missing input or output delay  
An output delay is missing on data64_out_1[55] relative to clock(s) clk
Related violations: <none>

TIMING-18#312 Warning
Missing input or output delay  
An output delay is missing on data64_out_1[56] relative to clock(s) clk
Related violations: <none>

TIMING-18#313 Warning
Missing input or output delay  
An output delay is missing on data64_out_1[57] relative to clock(s) clk
Related violations: <none>

TIMING-18#314 Warning
Missing input or output delay  
An output delay is missing on data64_out_1[58] relative to clock(s) clk
Related violations: <none>

TIMING-18#315 Warning
Missing input or output delay  
An output delay is missing on data64_out_1[59] relative to clock(s) clk
Related violations: <none>

TIMING-18#316 Warning
Missing input or output delay  
An output delay is missing on data64_out_1[5] relative to clock(s) clk
Related violations: <none>

TIMING-18#317 Warning
Missing input or output delay  
An output delay is missing on data64_out_1[60] relative to clock(s) clk
Related violations: <none>

TIMING-18#318 Warning
Missing input or output delay  
An output delay is missing on data64_out_1[61] relative to clock(s) clk
Related violations: <none>

TIMING-18#319 Warning
Missing input or output delay  
An output delay is missing on data64_out_1[62] relative to clock(s) clk
Related violations: <none>

TIMING-18#320 Warning
Missing input or output delay  
An output delay is missing on data64_out_1[63] relative to clock(s) clk
Related violations: <none>

TIMING-18#321 Warning
Missing input or output delay  
An output delay is missing on data64_out_1[6] relative to clock(s) clk
Related violations: <none>

TIMING-18#322 Warning
Missing input or output delay  
An output delay is missing on data64_out_1[7] relative to clock(s) clk
Related violations: <none>

TIMING-18#323 Warning
Missing input or output delay  
An output delay is missing on data64_out_1[8] relative to clock(s) clk
Related violations: <none>

TIMING-18#324 Warning
Missing input or output delay  
An output delay is missing on data64_out_1[9] relative to clock(s) clk
Related violations: <none>

TIMING-18#325 Warning
Missing input or output delay  
An output delay is missing on finish relative to clock(s) clk
Related violations: <none>

TIMING-18#326 Warning
Missing input or output delay  
An output delay is missing on read_address[0] relative to clock(s) clk
Related violations: <none>

TIMING-18#327 Warning
Missing input or output delay  
An output delay is missing on read_address[10] relative to clock(s) clk
Related violations: <none>

TIMING-18#328 Warning
Missing input or output delay  
An output delay is missing on read_address[11] relative to clock(s) clk
Related violations: <none>

TIMING-18#329 Warning
Missing input or output delay  
An output delay is missing on read_address[1] relative to clock(s) clk
Related violations: <none>

TIMING-18#330 Warning
Missing input or output delay  
An output delay is missing on read_address[2] relative to clock(s) clk
Related violations: <none>

TIMING-18#331 Warning
Missing input or output delay  
An output delay is missing on read_address[3] relative to clock(s) clk
Related violations: <none>

TIMING-18#332 Warning
Missing input or output delay  
An output delay is missing on read_address[4] relative to clock(s) clk
Related violations: <none>

TIMING-18#333 Warning
Missing input or output delay  
An output delay is missing on read_address[5] relative to clock(s) clk
Related violations: <none>

TIMING-18#334 Warning
Missing input or output delay  
An output delay is missing on read_address[6] relative to clock(s) clk
Related violations: <none>

TIMING-18#335 Warning
Missing input or output delay  
An output delay is missing on read_address[7] relative to clock(s) clk
Related violations: <none>

TIMING-18#336 Warning
Missing input or output delay  
An output delay is missing on read_address[8] relative to clock(s) clk
Related violations: <none>

TIMING-18#337 Warning
Missing input or output delay  
An output delay is missing on read_address[9] relative to clock(s) clk
Related violations: <none>

TIMING-18#338 Warning
Missing input or output delay  
An output delay is missing on wea relative to clock(s) clk
Related violations: <none>

TIMING-18#339 Warning
Missing input or output delay  
An output delay is missing on write_address[0] relative to clock(s) clk
Related violations: <none>

TIMING-18#340 Warning
Missing input or output delay  
An output delay is missing on write_address[10] relative to clock(s) clk
Related violations: <none>

TIMING-18#341 Warning
Missing input or output delay  
An output delay is missing on write_address[11] relative to clock(s) clk
Related violations: <none>

TIMING-18#342 Warning
Missing input or output delay  
An output delay is missing on write_address[1] relative to clock(s) clk
Related violations: <none>

TIMING-18#343 Warning
Missing input or output delay  
An output delay is missing on write_address[2] relative to clock(s) clk
Related violations: <none>

TIMING-18#344 Warning
Missing input or output delay  
An output delay is missing on write_address[3] relative to clock(s) clk
Related violations: <none>

TIMING-18#345 Warning
Missing input or output delay  
An output delay is missing on write_address[4] relative to clock(s) clk
Related violations: <none>

TIMING-18#346 Warning
Missing input or output delay  
An output delay is missing on write_address[5] relative to clock(s) clk
Related violations: <none>

TIMING-18#347 Warning
Missing input or output delay  
An output delay is missing on write_address[6] relative to clock(s) clk
Related violations: <none>

TIMING-18#348 Warning
Missing input or output delay  
An output delay is missing on write_address[7] relative to clock(s) clk
Related violations: <none>

TIMING-18#349 Warning
Missing input or output delay  
An output delay is missing on write_address[8] relative to clock(s) clk
Related violations: <none>

TIMING-18#350 Warning
Missing input or output delay  
An output delay is missing on write_address[9] relative to clock(s) clk
Related violations: <none>


