Vivado Simulator 2019.1
Copyright 1986-1999, 2001-2019 Xilinx, Inc. All Rights Reserved.
Running: /opt/Xilinx/Vivado/2019.1/bin/unwrapped/lnx64.o/xelab -wto a686e0842847438bb3afe2fd4aff6f1f --incr --debug typical --relax --mt 8 -L xil_defaultlib -L unisims_ver -L unimacro_ver -L secureip -L xpm --snapshot ntt_tb_behav xil_defaultlib.ntt_tb xil_defaultlib.glbl -log elaborate.log 
Using 8 slave threads.
Starting static elaboration
WARNING: [VRFC 10-3091] actual bit length 4 differs from formal bit length 2 for port 'a' [/home/florian/Desktop/proteus/toolchain/hw/mdc/ntt_nwc_mdc_op_1/stage_wapper.v:165]
Completed static elaboration
Starting simulation data flow analysis
WARNING: [XSIM 43-4099] "/home/florian/Desktop/proteus/toolchain/hw/common/wlmont/csa_tree.sv" Line 13. Module csa_tree(SIZE_I=512,DEPTH=176,SIZE_O=520) doesn't have a timescale but at least one module in design has a timescale.
WARNING: [XSIM 43-4099] "/home/florian/Desktop/proteus/toolchain/hw/common/wlmont/csa_2.sv" Line 17. Module csa_2(K=520) doesn't have a timescale but at least one module in design has a timescale.
WARNING: [XSIM 43-4099] "/home/florian/Desktop/proteus/toolchain/hw/common/wlmont/csa_2.sv" Line 17. Module csa_2(K=520) doesn't have a timescale but at least one module in design has a timescale.
WARNING: [XSIM 43-4099] "/home/florian/Desktop/proteus/toolchain/hw/common/wlmont/csa_2.sv" Line 17. Module csa_2(K=520) doesn't have a timescale but at least one module in design has a timescale.
WARNING: [XSIM 43-4099] "/home/florian/Desktop/proteus/toolchain/hw/common/wlmont/csa_2.sv" Line 17. Module csa_2(K=520) doesn't have a timescale but at least one module in design has a timescale.
WARNING: [XSIM 43-4099] "/home/florian/Desktop/proteus/toolchain/hw/common/wlmont/csa_2.sv" Line 17. Module csa_2(K=520) doesn't have a timescale but at least one module in design has a timescale.
WARNING: [XSIM 43-4099] "/home/florian/Desktop/proteus/toolchain/hw/common/wlmont/csa_2.sv" Line 17. Module csa_2(K=520) doesn't have a timescale but at least one module in design has a timescale.
WARNING: [XSIM 43-4099] "/home/florian/Desktop/proteus/toolchain/hw/common/wlmont/csa_2.sv" Line 17. Module csa_2(K=520) doesn't have a timescale but at least one module in design has a timescale.
WARNING: [XSIM 43-4099] "/home/florian/Desktop/proteus/toolchain/hw/common/wlmont/csa_2.sv" Line 17. Module csa_2(K=520) doesn't have a timescale but at least one module in design has a timescale.
WARNING: [XSIM 43-4099] "/home/florian/Desktop/proteus/toolchain/hw/common/wlmont/csa_2.sv" Line 17. Module csa_2(K=520) doesn't have a timescale but at least one module in design has a timescale.
WARNING: [XSIM 43-4099] "/home/florian/Desktop/proteus/toolchain/hw/common/wlmont/csa_2.sv" Line 17. Module csa_2(K=520) doesn't have a timescale but at least one module in design has a timescale.
WARNING: [XSIM 43-4099] "/home/florian/Desktop/proteus/toolchain/hw/common/wlmont/csa_2.sv" Line 17. Module csa_2(K=520) doesn't have a timescale but at least one module in design has a timescale.
WARNING: [XSIM 43-4099] "/home/florian/Desktop/proteus/toolchain/hw/common/wlmont/csa_2.sv" Line 17. Module csa_2(K=520) doesn't have a timescale but at least one module in design has a timescale.
WARNING: [XSIM 43-4099] "/home/florian/Desktop/proteus/toolchain/hw/common/wlmont/csa_2.sv" Line 17. Module csa_2(K=520) doesn't have a timescale but at least one module in design has a timescale.
WARNING: [XSIM 43-4099] "/home/florian/Desktop/proteus/toolchain/hw/common/wlmont/csa_2.sv" Line 17. Module csa_2(K=520) doesn't have a timescale but at least one module in design has a timescale.
WARNING: [XSIM 43-4099] "/home/florian/Desktop/proteus/toolchain/hw/common/wlmont/csa_2.sv" Line 17. Module csa_2(K=520) doesn't have a timescale but at least one module in design has a timescale.
WARNING: [XSIM 43-4099] "/home/florian/Desktop/proteus/toolchain/hw/common/wlmont/csa_2.sv" Line 17. Module csa_2(K=520) doesn't have a timescale but at least one module in design has a timescale.
WARNING: [XSIM 43-4099] "/home/florian/Desktop/proteus/toolchain/hw/common/wlmont/csa_2.sv" Line 17. Module csa_2(K=520) doesn't have a timescale but at least one module in design has a timescale.
WARNING: [XSIM 43-4099] "/home/florian/Desktop/proteus/toolchain/hw/common/wlmont/csa_2.sv" Line 17. Module csa_2(K=520) doesn't have a timescale but at least one module in design has a timescale.
WARNING: [XSIM 43-4099] "/home/florian/Desktop/proteus/toolchain/hw/common/wlmont/csa_2.sv" Line 17. Module csa_2(K=520) doesn't have a timescale but at least one module in design has a timescale.
WARNING: [XSIM 43-4099] "/home/florian/Desktop/proteus/toolchain/hw/common/wlmont/csa_2.sv" Line 17. Module csa_2(K=520) doesn't have a timescale but at least one module in design has a timescale.
WARNING: [XSIM 43-4099] "/home/florian/Desktop/proteus/toolchain/hw/common/wlmont/csa_2.sv" Line 17. Module csa_2(K=520) doesn't have a timescale but at least one module in design has a timescale.
WARNING: [XSIM 43-4099] "/home/florian/Desktop/proteus/toolchain/hw/common/wlmont/csa_2.sv" Line 17. Module csa_2(K=520) doesn't have a timescale but at least one module in design has a timescale.
WARNING: [XSIM 43-4099] "/home/florian/Desktop/proteus/toolchain/hw/common/wlmont/csa_2.sv" Line 17. Module csa_2(K=520) doesn't have a timescale but at least one module in design has a timescale.
WARNING: [XSIM 43-4099] "/home/florian/Desktop/proteus/toolchain/hw/common/wlmont/csa_2.sv" Line 17. Module csa_2(K=520) doesn't have a timescale but at least one module in design has a timescale.
WARNING: [XSIM 43-4099] "/home/florian/Desktop/proteus/toolchain/hw/common/wlmont/csa_2.sv" Line 17. Module csa_2(K=520) doesn't have a timescale but at least one module in design has a timescale.
WARNING: [XSIM 43-4099] "/home/florian/Desktop/proteus/toolchain/hw/common/wlmont/csa_2.sv" Line 17. Module csa_2(K=520) doesn't have a timescale but at least one module in design has a timescale.
WARNING: [XSIM 43-4099] "/home/florian/Desktop/proteus/toolchain/hw/common/wlmont/csa_2.sv" Line 17. Module csa_2(K=520) doesn't have a timescale but at least one module in design has a timescale.
WARNING: [XSIM 43-4099] "/home/florian/Desktop/proteus/toolchain/hw/common/wlmont/csa_2.sv" Line 17. Module csa_2(K=520) doesn't have a timescale but at least one module in design has a timescale.
WARNING: [XSIM 43-4099] "/home/florian/Desktop/proteus/toolchain/hw/common/wlmont/csa_2.sv" Line 17. Module csa_2(K=520) doesn't have a timescale but at least one module in design has a timescale.
WARNING: [XSIM 43-4099] "/home/florian/Desktop/proteus/toolchain/hw/common/wlmont/csa_2.sv" Line 17. Module csa_2(K=520) doesn't have a timescale but at least one module in design has a timescale.
WARNING: [XSIM 43-4099] "/home/florian/Desktop/proteus/toolchain/hw/common/wlmont/csa_2.sv" Line 17. Module csa_2(K=520) doesn't have a timescale but at least one module in design has a timescale.
WARNING: [XSIM 43-4099] "/home/florian/Desktop/proteus/toolchain/hw/common/wlmont/csa_2.sv" Line 17. Module csa_2(K=520) doesn't have a timescale but at least one module in design has a timescale.
WARNING: [XSIM 43-4099] "/home/florian/Desktop/proteus/toolchain/hw/common/wlmont/csa_2.sv" Line 17. Module csa_2(K=520) doesn't have a timescale but at least one module in design has a timescale.
WARNING: [XSIM 43-4099] "/home/florian/Desktop/proteus/toolchain/hw/common/wlmont/csa_2.sv" Line 17. Module csa_2(K=520) doesn't have a timescale but at least one module in design has a timescale.
WARNING: [XSIM 43-4099] "/home/florian/Desktop/proteus/toolchain/hw/common/wlmont/csa_2.sv" Line 17. Module csa_2(K=520) doesn't have a timescale but at least one module in design has a timescale.
WARNING: [XSIM 43-4099] "/home/florian/Desktop/proteus/toolchain/hw/common/wlmont/csa_2.sv" Line 17. Module csa_2(K=520) doesn't have a timescale but at least one module in design has a timescale.
WARNING: [XSIM 43-4099] "/home/florian/Desktop/proteus/toolchain/hw/common/wlmont/csa_2.sv" Line 17. Module csa_2(K=520) doesn't have a timescale but at least one module in design has a timescale.
WARNING: [XSIM 43-4099] "/home/florian/Desktop/proteus/toolchain/hw/common/wlmont/csa_2.sv" Line 17. Module csa_2(K=520) doesn't have a timescale but at least one module in design has a timescale.
WARNING: [XSIM 43-4099] "/home/florian/Desktop/proteus/toolchain/hw/common/wlmont/csa_2.sv" Line 17. Module csa_2(K=520) doesn't have a timescale but at least one module in design has a timescale.
WARNING: [XSIM 43-4099] "/home/florian/Desktop/proteus/toolchain/hw/common/wlmont/csa_2.sv" Line 17. Module csa_2(K=520) doesn't have a timescale but at least one module in design has a timescale.
WARNING: [XSIM 43-4099] "/home/florian/Desktop/proteus/toolchain/hw/common/wlmont/csa_2.sv" Line 17. Module csa_2(K=520) doesn't have a timescale but at least one module in design has a timescale.
WARNING: [XSIM 43-4099] "/home/florian/Desktop/proteus/toolchain/hw/common/wlmont/csa_2.sv" Line 17. Module csa_2(K=520) doesn't have a timescale but at least one module in design has a timescale.
WARNING: [XSIM 43-4099] "/home/florian/Desktop/proteus/toolchain/hw/common/wlmont/csa_2.sv" Line 17. Module csa_2(K=520) doesn't have a timescale but at least one module in design has a timescale.
WARNING: [XSIM 43-4099] "/home/florian/Desktop/proteus/toolchain/hw/common/wlmont/csa_2.sv" Line 17. Module csa_2(K=520) doesn't have a timescale but at least one module in design has a timescale.
WARNING: [XSIM 43-4099] "/home/florian/Desktop/proteus/toolchain/hw/common/wlmont/csa_2.sv" Line 17. Module csa_2(K=520) doesn't have a timescale but at least one module in design has a timescale.
WARNING: [XSIM 43-4099] "/home/florian/Desktop/proteus/toolchain/hw/common/wlmont/csa_2.sv" Line 17. Module csa_2(K=520) doesn't have a timescale but at least one module in design has a timescale.
WARNING: [XSIM 43-4099] "/home/florian/Desktop/proteus/toolchain/hw/common/wlmont/csa_2.sv" Line 17. Module csa_2(K=520) doesn't have a timescale but at least one module in design has a timescale.
WARNING: [XSIM 43-4099] "/home/florian/Desktop/proteus/toolchain/hw/common/wlmont/csa_2.sv" Line 17. Module csa_2(K=520) doesn't have a timescale but at least one module in design has a timescale.
WARNING: [XSIM 43-4099] "/home/florian/Desktop/proteus/toolchain/hw/common/wlmont/csa_2.sv" Line 17. Module csa_2(K=520) doesn't have a timescale but at least one module in design has a timescale.
WARNING: [XSIM 43-4099] "/home/florian/Desktop/proteus/toolchain/hw/common/wlmont/csa_2.sv" Line 17. Module csa_2(K=520) doesn't have a timescale but at least one module in design has a timescale.
WARNING: [XSIM 43-4099] "/home/florian/Desktop/proteus/toolchain/hw/common/wlmont/csa_2.sv" Line 17. Module csa_2(K=520) doesn't have a timescale but at least one module in design has a timescale.
WARNING: [XSIM 43-4099] "/home/florian/Desktop/proteus/toolchain/hw/common/wlmont/csa_2.sv" Line 17. Module csa_2(K=520) doesn't have a timescale but at least one module in design has a timescale.
WARNING: [XSIM 43-4099] "/home/florian/Desktop/proteus/toolchain/hw/common/wlmont/csa_2.sv" Line 17. Module csa_2(K=520) doesn't have a timescale but at least one module in design has a timescale.
WARNING: [XSIM 43-4099] "/home/florian/Desktop/proteus/toolchain/hw/common/wlmont/csa_2.sv" Line 17. Module csa_2(K=520) doesn't have a timescale but at least one module in design has a timescale.
WARNING: [XSIM 43-4099] "/home/florian/Desktop/proteus/toolchain/hw/common/wlmont/csa_2.sv" Line 17. Module csa_2(K=520) doesn't have a timescale but at least one module in design has a timescale.
WARNING: [XSIM 43-4099] "/home/florian/Desktop/proteus/toolchain/hw/common/wlmont/csa_2.sv" Line 17. Module csa_2(K=520) doesn't have a timescale but at least one module in design has a timescale.
WARNING: [XSIM 43-4099] "/home/florian/Desktop/proteus/toolchain/hw/common/wlmont/csa_2.sv" Line 17. Module csa_2(K=520) doesn't have a timescale but at least one module in design has a timescale.
WARNING: [XSIM 43-4099] "/home/florian/Desktop/proteus/toolchain/hw/common/wlmont/csa_2.sv" Line 17. Module csa_2(K=520) doesn't have a timescale but at least one module in design has a timescale.
WARNING: [XSIM 43-4099] "/home/florian/Desktop/proteus/toolchain/hw/common/wlmont/csa_tree.sv" Line 13. Module csa_tree(SIZE_I=513,DEPTH=118,SIZE_O=520) doesn't have a timescale but at least one module in design has a timescale.
WARNING: [XSIM 43-4099] "/home/florian/Desktop/proteus/toolchain/hw/common/wlmont/csa_2.sv" Line 17. Module csa_2(K=520) doesn't have a timescale but at least one module in design has a timescale.
WARNING: [XSIM 43-4099] "/home/florian/Desktop/proteus/toolchain/hw/common/wlmont/csa_2.sv" Line 17. Module csa_2(K=520) doesn't have a timescale but at least one module in design has a timescale.
WARNING: [XSIM 43-4099] "/home/florian/Desktop/proteus/toolchain/hw/common/wlmont/csa_2.sv" Line 17. Module csa_2(K=520) doesn't have a timescale but at least one module in design has a timescale.
WARNING: [XSIM 43-4099] "/home/florian/Desktop/proteus/toolchain/hw/common/wlmont/csa_2.sv" Line 17. Module csa_2(K=520) doesn't have a timescale but at least one module in design has a timescale.
WARNING: [XSIM 43-4099] "/home/florian/Desktop/proteus/toolchain/hw/common/wlmont/csa_2.sv" Line 17. Module csa_2(K=520) doesn't have a timescale but at least one module in design has a timescale.
WARNING: [XSIM 43-4099] "/home/florian/Desktop/proteus/toolchain/hw/common/wlmont/csa_2.sv" Line 17. Module csa_2(K=520) doesn't have a timescale but at least one module in design has a timescale.
WARNING: [XSIM 43-4099] "/home/florian/Desktop/proteus/toolchain/hw/common/wlmont/csa_2.sv" Line 17. Module csa_2(K=520) doesn't have a timescale but at least one module in design has a timescale.
WARNING: [XSIM 43-4099] "/home/florian/Desktop/proteus/toolchain/hw/common/wlmont/csa_2.sv" Line 17. Module csa_2(K=520) doesn't have a timescale but at least one module in design has a timescale.
WARNING: [XSIM 43-4099] "/home/florian/Desktop/proteus/toolchain/hw/common/wlmont/csa_2.sv" Line 17. Module csa_2(K=520) doesn't have a timescale but at least one module in design has a timescale.
WARNING: [XSIM 43-4099] "/home/florian/Desktop/proteus/toolchain/hw/common/wlmont/csa_2.sv" Line 17. Module csa_2(K=520) doesn't have a timescale but at least one module in design has a timescale.
WARNING: [XSIM 43-4099] "/home/florian/Desktop/proteus/toolchain/hw/common/wlmont/csa_2.sv" Line 17. Module csa_2(K=520) doesn't have a timescale but at least one module in design has a timescale.
WARNING: [XSIM 43-4099] "/home/florian/Desktop/proteus/toolchain/hw/common/wlmont/csa_2.sv" Line 17. Module csa_2(K=520) doesn't have a timescale but at least one module in design has a timescale.
WARNING: [XSIM 43-4099] "/home/florian/Desktop/proteus/toolchain/hw/common/wlmont/csa_2.sv" Line 17. Module csa_2(K=520) doesn't have a timescale but at least one module in design has a timescale.
WARNING: [XSIM 43-4099] "/home/florian/Desktop/proteus/toolchain/hw/common/wlmont/csa_2.sv" Line 17. Module csa_2(K=520) doesn't have a timescale but at least one module in design has a timescale.
WARNING: [XSIM 43-4099] "/home/florian/Desktop/proteus/toolchain/hw/common/wlmont/csa_2.sv" Line 17. Module csa_2(K=520) doesn't have a timescale but at least one module in design has a timescale.
WARNING: [XSIM 43-4099] "/home/florian/Desktop/proteus/toolchain/hw/common/wlmont/csa_2.sv" Line 17. Module csa_2(K=520) doesn't have a timescale but at least one module in design has a timescale.
WARNING: [XSIM 43-4099] "/home/florian/Desktop/proteus/toolchain/hw/common/wlmont/csa_2.sv" Line 17. Module csa_2(K=520) doesn't have a timescale but at least one module in design has a timescale.
WARNING: [XSIM 43-4099] "/home/florian/Desktop/proteus/toolchain/hw/common/wlmont/csa_2.sv" Line 17. Module csa_2(K=520) doesn't have a timescale but at least one module in design has a timescale.
WARNING: [XSIM 43-4099] "/home/florian/Desktop/proteus/toolchain/hw/common/wlmont/csa_2.sv" Line 17. Module csa_2(K=520) doesn't have a timescale but at least one module in design has a timescale.
WARNING: [XSIM 43-4099] "/home/florian/Desktop/proteus/toolchain/hw/common/wlmont/csa_2.sv" Line 17. Module csa_2(K=520) doesn't have a timescale but at least one module in design has a timescale.
WARNING: [XSIM 43-4099] "/home/florian/Desktop/proteus/toolchain/hw/common/wlmont/csa_2.sv" Line 17. Module csa_2(K=520) doesn't have a timescale but at least one module in design has a timescale.
WARNING: [XSIM 43-4099] "/home/florian/Desktop/proteus/toolchain/hw/common/wlmont/csa_2.sv" Line 17. Module csa_2(K=520) doesn't have a timescale but at least one module in design has a timescale.
WARNING: [XSIM 43-4099] "/home/florian/Desktop/proteus/toolchain/hw/common/wlmont/csa_2.sv" Line 17. Module csa_2(K=520) doesn't have a timescale but at least one module in design has a timescale.
WARNING: [XSIM 43-4099] "/home/florian/Desktop/proteus/toolchain/hw/common/wlmont/csa_2.sv" Line 17. Module csa_2(K=520) doesn't have a timescale but at least one module in design has a timescale.
WARNING: [XSIM 43-4099] "/home/florian/Desktop/proteus/toolchain/hw/common/wlmont/csa_2.sv" Line 17. Module csa_2(K=520) doesn't have a timescale but at least one module in design has a timescale.
WARNING: [XSIM 43-4099] "/home/florian/Desktop/proteus/toolchain/hw/common/wlmont/csa_2.sv" Line 17. Module csa_2(K=520) doesn't have a timescale but at least one module in design has a timescale.
WARNING: [XSIM 43-4099] "/home/florian/Desktop/proteus/toolchain/hw/common/wlmont/csa_2.sv" Line 17. Module csa_2(K=520) doesn't have a timescale but at least one module in design has a timescale.
WARNING: [XSIM 43-4099] "/home/florian/Desktop/proteus/toolchain/hw/common/wlmont/csa_2.sv" Line 17. Module csa_2(K=520) doesn't have a timescale but at least one module in design has a timescale.
WARNING: [XSIM 43-4099] "/home/florian/Desktop/proteus/toolchain/hw/common/wlmont/csa_2.sv" Line 17. Module csa_2(K=520) doesn't have a timescale but at least one module in design has a timescale.
WARNING: [XSIM 43-4099] "/home/florian/Desktop/proteus/toolchain/hw/common/wlmont/csa_2.sv" Line 17. Module csa_2(K=520) doesn't have a timescale but at least one module in design has a timescale.
WARNING: [XSIM 43-4099] "/home/florian/Desktop/proteus/toolchain/hw/common/wlmont/csa_2.sv" Line 17. Module csa_2(K=520) doesn't have a timescale but at least one module in design has a timescale.
WARNING: [XSIM 43-4099] "/home/florian/Desktop/proteus/toolchain/hw/common/wlmont/csa_2.sv" Line 17. Module csa_2(K=520) doesn't have a timescale but at least one module in design has a timescale.
WARNING: [XSIM 43-4099] "/home/florian/Desktop/proteus/toolchain/hw/common/wlmont/csa_2.sv" Line 17. Module csa_2(K=520) doesn't have a timescale but at least one module in design has a timescale.
WARNING: [XSIM 43-4099] "/home/florian/Desktop/proteus/toolchain/hw/common/wlmont/csa_2.sv" Line 17. Module csa_2(K=520) doesn't have a timescale but at least one module in design has a timescale.
WARNING: [XSIM 43-4099] "/home/florian/Desktop/proteus/toolchain/hw/common/wlmont/csa_2.sv" Line 17. Module csa_2(K=520) doesn't have a timescale but at least one module in design has a timescale.
WARNING: [XSIM 43-4099] "/home/florian/Desktop/proteus/toolchain/hw/common/wlmont/csa_2.sv" Line 17. Module csa_2(K=520) doesn't have a timescale but at least one module in design has a timescale.
WARNING: [XSIM 43-4099] "/home/florian/Desktop/proteus/toolchain/hw/common/wlmont/csa_2.sv" Line 17. Module csa_2(K=520) doesn't have a timescale but at least one module in design has a timescale.
WARNING: [XSIM 43-4099] "/home/florian/Desktop/proteus/toolchain/hw/common/wlmont/csa_2.sv" Line 17. Module csa_2(K=520) doesn't have a timescale but at least one module in design has a timescale.
WARNING: [XSIM 43-4099] "/home/florian/Desktop/proteus/toolchain/hw/common/wlmont/csa_2.sv" Line 17. Module csa_2(K=520) doesn't have a timescale but at least one module in design has a timescale.
WARNING: [XSIM 43-4099] "/home/florian/Desktop/proteus/toolchain/hw/common/wlmont/csa_tree.sv" Line 13. Module csa_tree(SIZE_I=514,DEPTH=79,SIZE_O=520) doesn't have a timescale but at least one module in design has a timescale.
INFO: [Common 17-14] Message 'XSIM 43-4099' appears 100 times and further instances of the messages will be disabled. Use the Tcl command set_msg_config to change the current settings.
