Copyright 1986-2019 Xilinx, Inc. All Rights Reserved.
-----------------------------------------------------------------------------------------------
| Tool Version : Vivado v.2019.1 (lin64) Build 2552052 Fri May 24 14:47:09 MDT 2019
| Date         : Mon Feb  6 21:27:43 2023
| Host         : x1g9 running 64-bit Ubuntu 20.04.5 LTS
| Command      : report_control_sets -verbose -file ntt_memory_wrapper_control_sets_placed.rpt
| Design       : ntt_memory_wrapper
| Device       : xc7vx485t
-----------------------------------------------------------------------------------------------

Control Set Information

Table of Contents
-----------------
1. Summary
2. Histogram
3. Flip-Flop Distribution
4. Detailed Control Set Information

1. Summary
----------

+----------------------------------------------------------+-------+
|                          Status                          | Count |
+----------------------------------------------------------+-------+
| Total control sets                                       |    50 |
|    Minimum number of control sets                        |    50 |
|    Addition due to synthesis replication                 |     0 |
|    Addition due to physical synthesis replication        |     0 |
| Unused register locations in slices containing registers |   193 |
+----------------------------------------------------------+-------+
* Control sets can be merged at opt_design using control_set_merge or merge_equivalent_drivers
** Run report_qor_suggestions for automated merging and remapping suggestions


2. Histogram
------------

+--------------------+-------+
|       Fanout       | Count |
+--------------------+-------+
| Total control sets |    50 |
| >= 0 to < 4        |     7 |
| >= 4 to < 6        |     9 |
| >= 6 to < 8        |     2 |
| >= 8 to < 10       |     2 |
| >= 10 to < 12      |     2 |
| >= 12 to < 14      |    15 |
| >= 14 to < 16      |     0 |
| >= 16              |    13 |
+--------------------+-------+
* Control sets can be remapped at either synth_design or opt_design


3. Flip-Flop Distribution
-------------------------

+--------------+-----------------------+------------------------+-----------------+--------------+
| Clock Enable | Synchronous Set/Reset | Asynchronous Set/Reset | Total Registers | Total Slices |
+--------------+-----------------------+------------------------+-----------------+--------------+
| No           | No                    | No                     |           11386 |         3007 |
| No           | No                    | Yes                    |               0 |            0 |
| No           | Yes                   | No                     |              48 |           27 |
| Yes          | No                    | No                     |               0 |            0 |
| Yes          | No                    | Yes                    |               0 |            0 |
| Yes          | Yes                   | No                     |             461 |          142 |
+--------------+-----------------------+------------------------+-----------------+--------------+


4. Detailed Control Set Information
-----------------------------------

+----------------+---------------------------------------------------------------------------------------------------------------------------------------------+-----------------------------------------------------------------------------------------------------------+------------------+----------------+
|  Clock Signal  |                                                                Enable Signal                                                                |                                              Set/Reset Signal                                             | Slice Load Count | Bel Load Count |
+----------------+---------------------------------------------------------------------------------------------------------------------------------------------+-----------------------------------------------------------------------------------------------------------+------------------+----------------+
|  clk_IBUF_BUFG |                                                                                                                                             | NTT_MDC_WRAPPER/genblk3[0].NTT_MDC_STAGE/SS[0]                                                            |                1 |              1 |
|  clk_IBUF_BUFG |                                                                                                                                             | NTT_MDC_WRAPPER/genblk3[0].NTT_MDC_STAGE/xpm_fifo_sync_inst__0/xpm_fifo_base_inst/xpm_fifo_rst_inst/rst_i |                2 |              3 |
|  clk_IBUF_BUFG |                                                                                                                                             | NTT_MDC_WRAPPER/genblk3[0].NTT_MDC_STAGE/xpm_fifo_sync_inst/xpm_fifo_base_inst/xpm_fifo_rst_inst/rst_i    |                2 |              3 |
|  clk_IBUF_BUFG |                                                                                                                                             | NTT_MDC_WRAPPER/genblk3[2].NTT_MDC_STAGE/xpm_fifo_sync_inst/xpm_fifo_base_inst/xpm_fifo_rst_inst/rst_i    |                2 |              3 |
|  clk_IBUF_BUFG |                                                                                                                                             | NTT_MDC_WRAPPER/genblk3[1].NTT_MDC_STAGE/xpm_fifo_sync_inst__0/xpm_fifo_base_inst/xpm_fifo_rst_inst/rst_i |                2 |              3 |
|  clk_IBUF_BUFG |                                                                                                                                             | NTT_MDC_WRAPPER/genblk3[1].NTT_MDC_STAGE/xpm_fifo_sync_inst/xpm_fifo_base_inst/xpm_fifo_rst_inst/rst_i    |                3 |              3 |
|  clk_IBUF_BUFG |                                                                                                                                             | NTT_MDC_WRAPPER/genblk3[2].NTT_MDC_STAGE/xpm_fifo_sync_inst__0/xpm_fifo_base_inst/xpm_fifo_rst_inst/rst_i |                1 |              3 |
|  clk_IBUF_BUFG | NTT_MDC_WRAPPER/genblk3[9].NTT_MDC_STAGE/DELAY_FINISH_FNTT/DELAY_BLOCK[5].shift_array_reg[6]_11                                             | rst_IBUF                                                                                                  |                2 |              4 |
|  clk_IBUF_BUFG |                                                                                                                                             | NTT_MDC_WRAPPER/genblk3[2].NTT_MDC_STAGE/xpm_fifo_sync_inst/xpm_fifo_base_inst/xpm_fifo_rst_inst/Q[0]     |                2 |              4 |
|  clk_IBUF_BUFG |                                                                                                                                             | NTT_MDC_WRAPPER/genblk3[2].NTT_MDC_STAGE/xpm_fifo_sync_inst__0/xpm_fifo_base_inst/xpm_fifo_rst_inst/Q[0]  |                3 |              4 |
|  clk_IBUF_BUFG |                                                                                                                                             | NTT_MDC_WRAPPER/genblk3[1].NTT_MDC_STAGE/xpm_fifo_sync_inst__0/xpm_fifo_base_inst/xpm_fifo_rst_inst/Q[0]  |                1 |              4 |
|  clk_IBUF_BUFG |                                                                                                                                             | NTT_MDC_WRAPPER/genblk3[0].NTT_MDC_STAGE/xpm_fifo_sync_inst/xpm_fifo_base_inst/xpm_fifo_rst_inst/Q[0]     |                3 |              4 |
|  clk_IBUF_BUFG |                                                                                                                                             | NTT_MDC_WRAPPER/genblk3[0].NTT_MDC_STAGE/xpm_fifo_sync_inst__0/xpm_fifo_base_inst/xpm_fifo_rst_inst/Q[0]  |                3 |              4 |
|  clk_IBUF_BUFG |                                                                                                                                             | NTT_MDC_WRAPPER/genblk3[1].NTT_MDC_STAGE/xpm_fifo_sync_inst/xpm_fifo_base_inst/xpm_fifo_rst_inst/Q[0]     |                1 |              4 |
|  clk_IBUF_BUFG |                                                                                                                                             | NTT_MDC_WRAPPER/genblk3[5].NTT_MDC_STAGE/counter_reg[10]_0[0]                                             |                1 |              5 |
|  clk_IBUF_BUFG | NTT_MDC_WRAPPER/genblk3[8].NTT_MDC_STAGE/DELAY_FINISH_FNTT/DELAY_BLOCK[5].shift_array_reg[6]_9                                              | rst_IBUF                                                                                                  |                2 |              5 |
|  clk_IBUF_BUFG | NTT_MDC_WRAPPER/genblk3[7].NTT_MDC_STAGE/DELAY_FINISH_FNTT/DELAY_BLOCK[5].shift_array_reg[6][0]__0_0                                        | rst_IBUF                                                                                                  |                2 |              6 |
|  clk_IBUF_BUFG | NTT_MDC_WRAPPER/genblk3[6].NTT_MDC_STAGE/DELAY_FINISH_FNTT/DELAY_BLOCK[5].shift_array_reg[6][0]__0_0                                        | rst_IBUF                                                                                                  |                3 |              7 |
|  clk_IBUF_BUFG | NTT_MDC_WRAPPER/genblk3[5].NTT_MDC_STAGE/DELAY_FINISH_FNTT/DELAY_BLOCK[5].shift_array_reg[6][0]__0_0                                        | rst_IBUF                                                                                                  |                3 |              8 |
|  clk_IBUF_BUFG | NTT_MDC_WRAPPER/genblk3[4].NTT_MDC_STAGE/DELAY_FINISH_FNTT/DELAY_BLOCK[5].shift_array_reg[6][0]__0_0                                        | rst_IBUF                                                                                                  |                3 |              9 |
|  clk_IBUF_BUFG | NTT_MDC_WRAPPER/genblk3[3].NTT_MDC_STAGE/DELAY_FINISH_FNTT/DELAY_BLOCK[5].shift_array_reg[6][0]__0_0                                        | rst_IBUF                                                                                                  |                3 |             10 |
|  clk_IBUF_BUFG | NTT_MDC_WRAPPER/genblk3[2].NTT_MDC_STAGE/DELAY_FINISH_FNTT/DELAY_BLOCK[5].shift_array_reg[6]_2                                              | rst_IBUF                                                                                                  |                3 |             11 |
|  clk_IBUF_BUFG | NTT_MDC_WRAPPER/genblk3[1].NTT_MDC_STAGE/DELAY_FINISH_FNTT/DELAY_BLOCK[5].shift_array_reg[6]_0                                              | rst_IBUF                                                                                                  |                4 |             12 |
|  clk_IBUF_BUFG | NTT_MDC_WRAPPER/genblk3[1].NTT_MDC_STAGE/DELAY_FINISH_INTT/finish                                                                           | rst_IBUF                                                                                                  |                3 |             12 |
|  clk_IBUF_BUFG | NTT_MDC_WRAPPER/genblk3[0].NTT_MDC_STAGE/stage_finish[0]_387                                                                                | rst_IBUF                                                                                                  |                3 |             12 |
|  clk_IBUF_BUFG | NTT_MDC_WRAPPER/genblk3[7].NTT_MDC_STAGE/DELAY_FINISH_INTT/stage_finish[7]_235                                                              | rst_IBUF                                                                                                  |                3 |             12 |
|  clk_IBUF_BUFG | NTT_MDC_WRAPPER/genblk3[6].NTT_MDC_STAGE/DELAY_FINISH_INTT/stage_finish[6]_204                                                              | rst_IBUF                                                                                                  |                3 |             12 |
|  clk_IBUF_BUFG | NTT_MDC_WRAPPER/genblk3[8].NTT_MDC_STAGE/DELAY_FINISH_INTT/stage_finish[8]_266                                                              | rst_IBUF                                                                                                  |                3 |             12 |
|  clk_IBUF_BUFG | NTT_MDC_WRAPPER/genblk3[2].NTT_MDC_STAGE/DELAY_FINISH_INTT/DELAY_BLOCK[262].shift_array_reg[263][0]_3                                       | rst_IBUF                                                                                                  |                3 |             12 |
|  clk_IBUF_BUFG | NTT_MDC_WRAPPER/genblk3[5].NTT_MDC_STAGE/DELAY_FINISH_INTT/stage_finish[5]_172                                                              | rst_IBUF                                                                                                  |                3 |             12 |
|  clk_IBUF_BUFG | NTT_MDC_WRAPPER/genblk3[4].NTT_MDC_STAGE/DELAY_FINISH_INTT/DELAY_BLOCK[70].shift_array_reg[71][0]_0                                         | rst_IBUF                                                                                                  |                3 |             12 |
|  clk_IBUF_BUFG | NTT_MDC_WRAPPER/genblk3[9].NTT_MDC_STAGE/DELAY_FINISH_INTT/stage_finish[9]_301                                                              | rst_IBUF                                                                                                  |                3 |             12 |
|  clk_IBUF_BUFG | NTT_MDC_WRAPPER/genblk3[3].NTT_MDC_STAGE/DELAY_FINISH_INTT/finish                                                                           | rst_IBUF                                                                                                  |                3 |             12 |
|  clk_IBUF_BUFG | NTT_MDC_WRAPPER/genblk3[10].NTT_MDC_STAGE/DELAY_FINISH_INTT/stage_finish[10]_334                                                            | rst_IBUF                                                                                                  |                3 |             12 |
|  clk_IBUF_BUFG | DELAY_START/read_address0                                                                                                                   | rst_IBUF                                                                                                  |                4 |             13 |
|  clk_IBUF_BUFG | NTT_MDC_WRAPPER/genblk3[11].NTT_MDC_STAGE/DELAY_FINISH_INTT/wea_OBUF                                                                        | rst_IBUF                                                                                                  |                4 |             13 |
|  clk_IBUF_BUFG | NTT_MDC_WRAPPER/genblk3[0].NTT_MDC_STAGE/DELAY_FINISH_FNTT/DELAY_BLOCK[0].shift_array_reg[1]_382                                            | rst_IBUF                                                                                                  |                4 |             13 |
|  clk_IBUF_BUFG | NTT_MDC_WRAPPER/genblk3[2].NTT_MDC_STAGE/xpm_fifo_sync_inst/xpm_fifo_base_inst/xpm_fifo_rst_inst/ram_wr_en_pf                               | NTT_MDC_WRAPPER/genblk3[2].NTT_MDC_STAGE/xpm_fifo_sync_inst/xpm_fifo_base_inst/xpm_fifo_rst_inst/Q[0]     |                5 |             16 |
|  clk_IBUF_BUFG | NTT_MDC_WRAPPER/genblk3[2].NTT_MDC_STAGE/xpm_fifo_sync_inst/xpm_fifo_base_inst/rdp_inst/FSM_sequential_gen_fwft.curr_fwft_state_reg[1]      | NTT_MDC_WRAPPER/genblk3[2].NTT_MDC_STAGE/xpm_fifo_sync_inst/xpm_fifo_base_inst/xpm_fifo_rst_inst/Q[0]     |                7 |             16 |
|  clk_IBUF_BUFG | NTT_MDC_WRAPPER/genblk3[2].NTT_MDC_STAGE/xpm_fifo_sync_inst__0/xpm_fifo_base_inst/xpm_fifo_rst_inst/ram_wr_en_pf                            | NTT_MDC_WRAPPER/genblk3[2].NTT_MDC_STAGE/xpm_fifo_sync_inst__0/xpm_fifo_base_inst/xpm_fifo_rst_inst/Q[0]  |                6 |             16 |
|  clk_IBUF_BUFG | NTT_MDC_WRAPPER/genblk3[2].NTT_MDC_STAGE/xpm_fifo_sync_inst__0/xpm_fifo_base_inst/rdpp1_inst/FSM_sequential_gen_fwft.curr_fwft_state_reg[1] | NTT_MDC_WRAPPER/genblk3[2].NTT_MDC_STAGE/xpm_fifo_sync_inst__0/xpm_fifo_base_inst/xpm_fifo_rst_inst/Q[0]  |                6 |             16 |
|  clk_IBUF_BUFG | NTT_MDC_WRAPPER/genblk3[1].NTT_MDC_STAGE/xpm_fifo_sync_inst/xpm_fifo_base_inst/xpm_fifo_rst_inst/E[0]                                       | NTT_MDC_WRAPPER/genblk3[1].NTT_MDC_STAGE/xpm_fifo_sync_inst/xpm_fifo_base_inst/xpm_fifo_rst_inst/Q[0]     |                5 |             18 |
|  clk_IBUF_BUFG | NTT_MDC_WRAPPER/genblk3[1].NTT_MDC_STAGE/xpm_fifo_sync_inst/xpm_fifo_base_inst/rdp_inst/E[0]                                                | NTT_MDC_WRAPPER/genblk3[1].NTT_MDC_STAGE/xpm_fifo_sync_inst/xpm_fifo_base_inst/xpm_fifo_rst_inst/Q[0]     |                5 |             18 |
|  clk_IBUF_BUFG | NTT_MDC_WRAPPER/genblk3[1].NTT_MDC_STAGE/xpm_fifo_sync_inst__0/xpm_fifo_base_inst/xpm_fifo_rst_inst/E[0]                                    | NTT_MDC_WRAPPER/genblk3[1].NTT_MDC_STAGE/xpm_fifo_sync_inst__0/xpm_fifo_base_inst/xpm_fifo_rst_inst/Q[0]  |                7 |             18 |
|  clk_IBUF_BUFG | NTT_MDC_WRAPPER/genblk3[1].NTT_MDC_STAGE/xpm_fifo_sync_inst__0/xpm_fifo_base_inst/rdpp1_inst/E[0]                                           | NTT_MDC_WRAPPER/genblk3[1].NTT_MDC_STAGE/xpm_fifo_sync_inst__0/xpm_fifo_base_inst/xpm_fifo_rst_inst/Q[0]  |                6 |             18 |
|  clk_IBUF_BUFG | NTT_MDC_WRAPPER/genblk3[0].NTT_MDC_STAGE/xpm_fifo_sync_inst__0/xpm_fifo_base_inst/rdpp1_inst/FSM_sequential_gen_fwft.curr_fwft_state_reg[1] | NTT_MDC_WRAPPER/genblk3[0].NTT_MDC_STAGE/xpm_fifo_sync_inst__0/xpm_fifo_base_inst/xpm_fifo_rst_inst/Q[0]  |                6 |             20 |
|  clk_IBUF_BUFG | NTT_MDC_WRAPPER/genblk3[0].NTT_MDC_STAGE/xpm_fifo_sync_inst__0/xpm_fifo_base_inst/xpm_fifo_rst_inst/ram_wr_en_pf                            | NTT_MDC_WRAPPER/genblk3[0].NTT_MDC_STAGE/xpm_fifo_sync_inst__0/xpm_fifo_base_inst/xpm_fifo_rst_inst/Q[0]  |                6 |             20 |
|  clk_IBUF_BUFG | NTT_MDC_WRAPPER/genblk3[0].NTT_MDC_STAGE/xpm_fifo_sync_inst/xpm_fifo_base_inst/xpm_fifo_rst_inst/ram_wr_en_pf                               | NTT_MDC_WRAPPER/genblk3[0].NTT_MDC_STAGE/xpm_fifo_sync_inst/xpm_fifo_base_inst/xpm_fifo_rst_inst/Q[0]     |                7 |             21 |
|  clk_IBUF_BUFG | NTT_MDC_WRAPPER/genblk3[0].NTT_MDC_STAGE/xpm_fifo_sync_inst/xpm_fifo_base_inst/rdpp1_inst/FSM_sequential_gen_fwft.curr_fwft_state_reg[1]    | NTT_MDC_WRAPPER/genblk3[0].NTT_MDC_STAGE/xpm_fifo_sync_inst/xpm_fifo_base_inst/xpm_fifo_rst_inst/Q[0]     |                6 |             21 |
|  clk_IBUF_BUFG |                                                                                                                                             |                                                                                                           |             3018 |          13450 |
+----------------+---------------------------------------------------------------------------------------------------------------------------------------------+-----------------------------------------------------------------------------------------------------------+------------------+----------------+


