
*** Running vivado
    with args -log cryptoprocessor_wrapper.vdi -applog -m64 -product Vivado -messageDb vivado.pb -mode batch -source cryptoprocessor_wrapper.tcl -notrace


****** Vivado v2019.1 (64-bit)
  **** SW Build 2552052 on Fri May 24 14:47:09 MDT 2019
  **** IP Build 2548770 on Fri May 24 18:01:18 MDT 2019
    ** Copyright 1986-2019 Xilinx, Inc. All Rights Reserved.

source cryptoprocessor_wrapper.tcl -notrace
INFO: [IP_Flow 19-234] Refreshing IP repositories
INFO: [IP_Flow 19-1700] Loaded user IP repository '/home/florian/Desktop/proteus/sdf/ntt_nwc_op_1/ip_repo/AXI_Slave8Ports_new_1.0'.
INFO: [IP_Flow 19-1700] Loaded user IP repository '/home/florian/Desktop/proteus/sdf/ntt_nwc_op_1/ip_repo/AXI_Slave8Ports_1.0'.
INFO: [IP_Flow 19-1700] Loaded user IP repository '/home/florian/Desktop/proteus/sdf/ntt_nwc_op_1/ip_repo/AXIslave_1.0'.
INFO: [IP_Flow 19-2313] Loaded Vivado IP repository '/opt/Xilinx/Vivado/2019.1/data/ip'.
Command: link_design -top cryptoprocessor_wrapper -part xc7z020clg400-1
Design is defaulting to srcset: sources_1
Design is defaulting to constrset: constrs_1
INFO: [Device 21-403] Loading part xc7z020clg400-1
INFO: [Project 1-454] Reading design checkpoint '/home/florian/Desktop/proteus/sdf/ntt_nwc_op_1/project_1/project_1.srcs/sources_1/bd/cryptoprocessor/ip/cryptoprocessor_AXI_Slave8Ports_new_0_0/cryptoprocessor_AXI_Slave8Ports_new_0_0.dcp' for cell 'cryptoprocessor_i/AXI_Slave8Ports_new_0'
INFO: [Project 1-454] Reading design checkpoint '/home/florian/Desktop/proteus/sdf/ntt_nwc_op_1/project_1/project_1.srcs/sources_1/bd/cryptoprocessor/ip/cryptoprocessor_ComputeCoreWrapper_0_0/cryptoprocessor_ComputeCoreWrapper_0_0.dcp' for cell 'cryptoprocessor_i/ComputeCoreWrapper_0'
INFO: [Project 1-454] Reading design checkpoint '/home/florian/Desktop/proteus/sdf/ntt_nwc_op_1/project_1/project_1.srcs/sources_1/bd/cryptoprocessor/ip/cryptoprocessor_processing_system7_0_0/cryptoprocessor_processing_system7_0_0.dcp' for cell 'cryptoprocessor_i/processing_system7_0'
INFO: [Project 1-454] Reading design checkpoint '/home/florian/Desktop/proteus/sdf/ntt_nwc_op_1/project_1/project_1.srcs/sources_1/bd/cryptoprocessor/ip/cryptoprocessor_rst_ps7_0_100M_0/cryptoprocessor_rst_ps7_0_100M_0.dcp' for cell 'cryptoprocessor_i/rst_ps7_0_100M'
INFO: [Project 1-454] Reading design checkpoint '/home/florian/Desktop/proteus/sdf/ntt_nwc_op_1/project_1/project_1.srcs/sources_1/bd/cryptoprocessor/ip/cryptoprocessor_auto_pc_0/cryptoprocessor_auto_pc_0.dcp' for cell 'cryptoprocessor_i/ps7_0_axi_periph/s00_couplers/auto_pc'
INFO: [Netlist 29-17] Analyzing 1103 Unisim elements for replacement
INFO: [Netlist 29-28] Unisim Transformation completed in 0 CPU seconds
INFO: [Project 1-479] Netlist was created with Vivado 2019.1
INFO: [Project 1-570] Preparing netlist for logic optimization
Parsing XDC File [/home/florian/Desktop/proteus/sdf/ntt_nwc_op_1/project_1/project_1.srcs/sources_1/bd/cryptoprocessor/ip/cryptoprocessor_processing_system7_0_0/cryptoprocessor_processing_system7_0_0.xdc] for cell 'cryptoprocessor_i/processing_system7_0/inst'
Finished Parsing XDC File [/home/florian/Desktop/proteus/sdf/ntt_nwc_op_1/project_1/project_1.srcs/sources_1/bd/cryptoprocessor/ip/cryptoprocessor_processing_system7_0_0/cryptoprocessor_processing_system7_0_0.xdc] for cell 'cryptoprocessor_i/processing_system7_0/inst'
Parsing XDC File [/home/florian/Desktop/proteus/sdf/ntt_nwc_op_1/project_1/project_1.srcs/sources_1/bd/cryptoprocessor/ip/cryptoprocessor_rst_ps7_0_100M_0/cryptoprocessor_rst_ps7_0_100M_0_board.xdc] for cell 'cryptoprocessor_i/rst_ps7_0_100M/U0'
Finished Parsing XDC File [/home/florian/Desktop/proteus/sdf/ntt_nwc_op_1/project_1/project_1.srcs/sources_1/bd/cryptoprocessor/ip/cryptoprocessor_rst_ps7_0_100M_0/cryptoprocessor_rst_ps7_0_100M_0_board.xdc] for cell 'cryptoprocessor_i/rst_ps7_0_100M/U0'
Parsing XDC File [/home/florian/Desktop/proteus/sdf/ntt_nwc_op_1/project_1/project_1.srcs/sources_1/bd/cryptoprocessor/ip/cryptoprocessor_rst_ps7_0_100M_0/cryptoprocessor_rst_ps7_0_100M_0.xdc] for cell 'cryptoprocessor_i/rst_ps7_0_100M/U0'
Finished Parsing XDC File [/home/florian/Desktop/proteus/sdf/ntt_nwc_op_1/project_1/project_1.srcs/sources_1/bd/cryptoprocessor/ip/cryptoprocessor_rst_ps7_0_100M_0/cryptoprocessor_rst_ps7_0_100M_0.xdc] for cell 'cryptoprocessor_i/rst_ps7_0_100M/U0'
Parsing XDC File [/home/florian/Desktop/proteus/sdf/ntt_nwc_op_1/project_1/project_1.srcs/constrs_1/new/constraints.xdc]
WARNING: [Vivado 12-507] No nets matched 'cryptoprocessor_i/ComputeCoreWrapper_0/inst/CORE/RNG/TRO/*/*'. [/home/florian/Desktop/proteus/sdf/ntt_nwc_op_1/project_1/project_1.srcs/constrs_1/new/constraints.xdc:1]
CRITICAL WARNING: [Common 17-55] 'set_property' expects at least one object. [/home/florian/Desktop/proteus/sdf/ntt_nwc_op_1/project_1/project_1.srcs/constrs_1/new/constraints.xdc:1]
Resolution: If [get_<value>] was used to populate the object, check to make sure this command returns at least one valid object.
WARNING: [Vivado 12-507] No nets matched 'cryptoprocessor_i/ComputeCoreWrapper_0/inst/CORE/RNG/TRO/*/*/*'. [/home/florian/Desktop/proteus/sdf/ntt_nwc_op_1/project_1/project_1.srcs/constrs_1/new/constraints.xdc:2]
CRITICAL WARNING: [Common 17-55] 'set_property' expects at least one object. [/home/florian/Desktop/proteus/sdf/ntt_nwc_op_1/project_1/project_1.srcs/constrs_1/new/constraints.xdc:2]
Resolution: If [get_<value>] was used to populate the object, check to make sure this command returns at least one valid object.
Finished Parsing XDC File [/home/florian/Desktop/proteus/sdf/ntt_nwc_op_1/project_1/project_1.srcs/constrs_1/new/constraints.xdc]
INFO: [Opt 31-138] Pushed 0 inverter(s) to 0 load pin(s).
Netlist sorting complete. Time (s): cpu = 00:00:00 ; elapsed = 00:00:00 . Memory (MB): peak = 1956.602 ; gain = 0.000 ; free physical = 4821 ; free virtual = 22062
INFO: [Project 1-111] Unisim Transformation Summary:
  A total of 13 instances were transformed.
  RAM64M => RAM64M (RAMD64E, RAMD64E, RAMD64E, RAMD64E): 13 instances

17 Infos, 2 Warnings, 2 Critical Warnings and 0 Errors encountered.
link_design completed successfully
link_design: Time (s): cpu = 00:00:10 ; elapsed = 00:00:11 . Memory (MB): peak = 1956.602 ; gain = 456.426 ; free physical = 4821 ; free virtual = 22062
Command: opt_design -directive ExploreArea
INFO: [Vivado_Tcl 4-136] Directive used for opt_design is: ExploreArea
Attempting to get a license for feature 'Implementation' and/or device 'xc7z020'
INFO: [Common 17-349] Got license for feature 'Implementation' and/or device 'xc7z020'
Running DRC as a precondition to command opt_design

Starting DRC Task
INFO: [DRC 23-27] Running DRC with 8 threads
INFO: [Project 1-461] DRC finished with 0 Errors
INFO: [Project 1-462] Please refer to the DRC report (report_drc) for more information.

Time (s): cpu = 00:00:00.99 ; elapsed = 00:00:00.80 . Memory (MB): peak = 1956.602 ; gain = 0.000 ; free physical = 4804 ; free virtual = 22044

Starting Cache Timing Information Task
INFO: [Timing 38-35] Done setting XDC timing constraints.
Ending Cache Timing Information Task | Checksum: 17d94075d

Time (s): cpu = 00:00:06 ; elapsed = 00:00:05 . Memory (MB): peak = 2374.023 ; gain = 417.422 ; free physical = 4423 ; free virtual = 21664

Starting Logic Optimization Task

Phase 1 Retarget
INFO: [Opt 31-138] Pushed 0 inverter(s) to 0 load pin(s).
INFO: [Opt 31-49] Retargeted 0 cell(s).
Phase 1 Retarget | Checksum: 1cc45f214

Time (s): cpu = 00:00:01 ; elapsed = 00:00:00.51 . Memory (MB): peak = 2490.930 ; gain = 0.000 ; free physical = 4311 ; free virtual = 21552
INFO: [Opt 31-389] Phase Retarget created 267 cells and removed 316 cells

Phase 2 Constant propagation
INFO: [Opt 31-138] Pushed 0 inverter(s) to 0 load pin(s).
Phase 2 Constant propagation | Checksum: 14ca0b32c

Time (s): cpu = 00:00:01 ; elapsed = 00:00:00.67 . Memory (MB): peak = 2490.930 ; gain = 0.000 ; free physical = 4311 ; free virtual = 21552
INFO: [Opt 31-389] Phase Constant propagation created 0 cells and removed 248 cells

Phase 3 Sweep
Phase 3 Sweep | Checksum: 20c498d31

Time (s): cpu = 00:00:02 ; elapsed = 00:00:01 . Memory (MB): peak = 2490.930 ; gain = 0.000 ; free physical = 4308 ; free virtual = 21548
INFO: [Opt 31-389] Phase Sweep created 0 cells and removed 335 cells

Phase 4 BUFG optimization
Phase 4 BUFG optimization | Checksum: 20c498d31

Time (s): cpu = 00:00:02 ; elapsed = 00:00:01 . Memory (MB): peak = 2490.930 ; gain = 0.000 ; free physical = 4308 ; free virtual = 21548
INFO: [Opt 31-662] Phase BUFG optimization created 0 cells of which 0 are BUFGs and removed 0 cells.

Phase 5 Shift Register Optimization
INFO: [Opt 31-1064] SRL Remap converted 0 SRLs to 0 registers and converted 0 registers of register chains to 0 SRLs
Phase 5 Shift Register Optimization | Checksum: 20c498d31

Time (s): cpu = 00:00:02 ; elapsed = 00:00:01 . Memory (MB): peak = 2490.930 ; gain = 0.000 ; free physical = 4307 ; free virtual = 21548
INFO: [Opt 31-389] Phase Shift Register Optimization created 0 cells and removed 0 cells

Phase 6 Constant propagation
INFO: [Opt 31-138] Pushed 0 inverter(s) to 0 load pin(s).
Phase 6 Constant propagation | Checksum: 20c498d31

Time (s): cpu = 00:00:02 ; elapsed = 00:00:02 . Memory (MB): peak = 2490.930 ; gain = 0.000 ; free physical = 4307 ; free virtual = 21548
INFO: [Opt 31-389] Phase Constant propagation created 0 cells and removed 0 cells

Phase 7 Sweep
Phase 7 Sweep | Checksum: 1ec16ab6e

Time (s): cpu = 00:00:02 ; elapsed = 00:00:02 . Memory (MB): peak = 2490.930 ; gain = 0.000 ; free physical = 4307 ; free virtual = 21548
INFO: [Opt 31-389] Phase Sweep created 0 cells and removed 0 cells

Phase 8 Resynthesis
INFO: [Timing 38-35] Done setting XDC timing constraints.
INFO: [Opt 31-74] Optimized 6 modules.
INFO: [Opt 31-75] Optimized module 'cryptoprocessor_ComputeCoreWrapper_0_0_ntt_sdf_stage'.
INFO: [Opt 31-75] Optimized module 'cryptoprocessor_auto_pc_0__axi_protocol_converter_v2_1_19_b2s_incr_cmd'.
INFO: [Opt 31-75] Optimized module 'cryptoprocessor_auto_pc_0__axi_protocol_converter_v2_1_19_b2s_incr_cmd_2'.
INFO: [Opt 31-75] Optimized module 'cryptoprocessor_auto_pc_0__axi_protocol_converter_v2_1_19_b2s_rd_cmd_fsm'.
INFO: [Opt 31-75] Optimized module 'cryptoprocessor_auto_pc_0__axi_protocol_converter_v2_1_19_b2s_wrap_cmd'.
INFO: [Opt 31-75] Optimized module 'cryptoprocessor_auto_pc_0__axi_protocol_converter_v2_1_19_b2s_wrap_cmd_3'.
INFO: [Opt 31-138] Pushed 0 inverter(s) to 0 load pin(s).
INFO: [Opt 31-138] Pushed 0 inverter(s) to 0 load pin(s).
Phase 8 Resynthesis | Checksum: 1a38602e3

Time (s): cpu = 00:01:05 ; elapsed = 00:00:14 . Memory (MB): peak = 2533.598 ; gain = 42.668 ; free physical = 4250 ; free virtual = 21526
INFO: [Opt 31-389] Phase Resynthesis created 220 cells and removed 293 cells

Phase 9 Post Processing Netlist
Phase 9 Post Processing Netlist | Checksum: 1a38602e3

Time (s): cpu = 00:01:05 ; elapsed = 00:00:14 . Memory (MB): peak = 2533.598 ; gain = 42.668 ; free physical = 4250 ; free virtual = 21526
INFO: [Opt 31-389] Phase Post Processing Netlist created 0 cells and removed 0 cells
Opt_design Change Summary
=========================


-------------------------------------------------------------------------------------------------------------------------
|  Phase                        |  #Cells created  |  #Cells Removed  |  #Constrained objects preventing optimizations  |
-------------------------------------------------------------------------------------------------------------------------
|  Retarget                     |             267  |             316  |                                              0  |
|  Constant propagation         |               0  |             248  |                                              0  |
|  Sweep                        |               0  |             335  |                                              0  |
|  BUFG optimization            |               0  |               0  |                                              0  |
|  Shift Register Optimization  |               0  |               0  |                                              0  |
|  Constant propagation         |               0  |               0  |                                              0  |
|  Sweep                        |               0  |               0  |                                              0  |
|  Resynthesis                  |             220  |             293  |                                              0  |
|  Post Processing Netlist      |               0  |               0  |                                              0  |
-------------------------------------------------------------------------------------------------------------------------



Starting Connectivity Check Task

Time (s): cpu = 00:00:00.02 ; elapsed = 00:00:00.03 . Memory (MB): peak = 2533.598 ; gain = 0.000 ; free physical = 4250 ; free virtual = 21526
Ending Logic Optimization Task | Checksum: 1a3e07651

Time (s): cpu = 00:01:05 ; elapsed = 00:00:14 . Memory (MB): peak = 2533.598 ; gain = 42.668 ; free physical = 4250 ; free virtual = 21526

Starting Power Optimization Task
INFO: [Pwropt 34-132] Skipping clock gating for clocks with a period < 2.00 ns.
INFO: [Timing 38-35] Done setting XDC timing constraints.
INFO: [Pwropt 34-9] Applying IDT optimizations ...
INFO: [Pwropt 34-10] Applying ODC optimizations ...
INFO: [Physopt 32-619] Estimated Timing Summary | WNS=2.399 | TNS=0.000 |
Running Vector-less Activity Propagation...

Finished Running Vector-less Activity Propagation


Starting PowerOpt Patch Enables Task
INFO: [Pwropt 34-162] WRITE_MODE attribute of 0 BRAM(s) out of a total of 2 has been updated to save power. Run report_power_opt to get a complete listing of the BRAMs updated.
INFO: [Pwropt 34-201] Structural ODC has moved 0 WE to EN ports
Number of BRAM Ports augmented: 0 newly gated: 0 Total Ports: 4
Ending PowerOpt Patch Enables Task | Checksum: 1a3e07651

Time (s): cpu = 00:00:00.03 ; elapsed = 00:00:00.04 . Memory (MB): peak = 2710.422 ; gain = 0.000 ; free physical = 4225 ; free virtual = 21497
Ending Power Optimization Task | Checksum: 1a3e07651

Time (s): cpu = 00:00:09 ; elapsed = 00:00:03 . Memory (MB): peak = 2710.422 ; gain = 176.824 ; free physical = 4236 ; free virtual = 21508

Starting Final Cleanup Task
Ending Final Cleanup Task | Checksum: 1a3e07651

Time (s): cpu = 00:00:00 ; elapsed = 00:00:00 . Memory (MB): peak = 2710.422 ; gain = 0.000 ; free physical = 4236 ; free virtual = 21508

Starting Netlist Obfuscation Task
Netlist sorting complete. Time (s): cpu = 00:00:00 ; elapsed = 00:00:00 . Memory (MB): peak = 2710.422 ; gain = 0.000 ; free physical = 4236 ; free virtual = 21508
Ending Netlist Obfuscation Task | Checksum: 1a3e07651

Time (s): cpu = 00:00:00 ; elapsed = 00:00:00 . Memory (MB): peak = 2710.422 ; gain = 0.000 ; free physical = 4236 ; free virtual = 21508
INFO: [Common 17-83] Releasing license: Implementation
55 Infos, 2 Warnings, 2 Critical Warnings and 0 Errors encountered.
opt_design completed successfully
opt_design: Time (s): cpu = 00:01:23 ; elapsed = 00:00:25 . Memory (MB): peak = 2710.422 ; gain = 753.820 ; free physical = 4240 ; free virtual = 21512
Netlist sorting complete. Time (s): cpu = 00:00:00 ; elapsed = 00:00:00 . Memory (MB): peak = 2710.422 ; gain = 0.000 ; free physical = 4240 ; free virtual = 21512
INFO: [Timing 38-480] Writing timing data to binary archive.
Writing placer database...
Writing XDEF routing.
Writing XDEF routing logical nets.
Writing XDEF routing special nets.
Write XDEF Complete: Time (s): cpu = 00:00:00.07 ; elapsed = 00:00:00.02 . Memory (MB): peak = 2710.422 ; gain = 0.000 ; free physical = 4240 ; free virtual = 21514
INFO: [Common 17-1381] The checkpoint '/home/florian/Desktop/proteus/sdf/ntt_nwc_op_1/project_1/project_1.runs/impl_3/cryptoprocessor_wrapper_opt.dcp' has been generated.
INFO: [runtcl-4] Executing : report_drc -file cryptoprocessor_wrapper_drc_opted.rpt -pb cryptoprocessor_wrapper_drc_opted.pb -rpx cryptoprocessor_wrapper_drc_opted.rpx
Command: report_drc -file cryptoprocessor_wrapper_drc_opted.rpt -pb cryptoprocessor_wrapper_drc_opted.pb -rpx cryptoprocessor_wrapper_drc_opted.rpx
INFO: [IP_Flow 19-1839] IP Catalog is up to date.
INFO: [DRC 23-27] Running DRC with 8 threads
INFO: [Coretcl 2-168] The results of DRC are in file /home/florian/Desktop/proteus/sdf/ntt_nwc_op_1/project_1/project_1.runs/impl_3/cryptoprocessor_wrapper_drc_opted.rpt.
report_drc completed successfully
Command: place_design -directive Explore
Attempting to get a license for feature 'Implementation' and/or device 'xc7z020'
INFO: [Common 17-349] Got license for feature 'Implementation' and/or device 'xc7z020'
INFO: [DRC 23-27] Running DRC with 8 threads
INFO: [Vivado_Tcl 4-198] DRC finished with 0 Errors
INFO: [Vivado_Tcl 4-199] Please refer to the DRC report (report_drc) for more information.
Running DRC as a precondition to command place_design
INFO: [DRC 23-27] Running DRC with 8 threads
INFO: [Vivado_Tcl 4-198] DRC finished with 0 Errors
INFO: [Vivado_Tcl 4-199] Please refer to the DRC report (report_drc) for more information.

Starting Placer Task
INFO: [Place 46-5] The placer was invoked with the 'Explore' directive.
INFO: [Place 30-611] Multithreading enabled for place_design using a maximum of 8 CPUs

Phase 1 Placer Initialization

Phase 1.1 Placer Initialization Netlist Sorting
Netlist sorting complete. Time (s): cpu = 00:00:00 ; elapsed = 00:00:00 . Memory (MB): peak = 2790.461 ; gain = 0.000 ; free physical = 4205 ; free virtual = 21481
Phase 1.1 Placer Initialization Netlist Sorting | Checksum: 10141182e

Time (s): cpu = 00:00:00.02 ; elapsed = 00:00:00.07 . Memory (MB): peak = 2790.461 ; gain = 0.000 ; free physical = 4205 ; free virtual = 21481
Netlist sorting complete. Time (s): cpu = 00:00:00 ; elapsed = 00:00:00.01 . Memory (MB): peak = 2790.461 ; gain = 0.000 ; free physical = 4205 ; free virtual = 21481

Phase 1.2 IO Placement/ Clock Placement/ Build Placer Device
INFO: [Timing 38-35] Done setting XDC timing constraints.
Phase 1.2 IO Placement/ Clock Placement/ Build Placer Device | Checksum: 41087a3a

Time (s): cpu = 00:00:04 ; elapsed = 00:00:01 . Memory (MB): peak = 2790.461 ; gain = 0.000 ; free physical = 4203 ; free virtual = 21479

Phase 1.3 Build Placer Netlist Model
Phase 1.3 Build Placer Netlist Model | Checksum: 106162457

Time (s): cpu = 00:00:08 ; elapsed = 00:00:03 . Memory (MB): peak = 2790.461 ; gain = 0.000 ; free physical = 4168 ; free virtual = 21444

Phase 1.4 Constrain Clocks/Macros
Phase 1.4 Constrain Clocks/Macros | Checksum: 106162457

Time (s): cpu = 00:00:08 ; elapsed = 00:00:03 . Memory (MB): peak = 2790.461 ; gain = 0.000 ; free physical = 4168 ; free virtual = 21444
Phase 1 Placer Initialization | Checksum: 106162457

Time (s): cpu = 00:00:08 ; elapsed = 00:00:03 . Memory (MB): peak = 2790.461 ; gain = 0.000 ; free physical = 4168 ; free virtual = 21444

Phase 2 Global Placement

Phase 2.1 Floorplanning
Phase 2.1 Floorplanning | Checksum: f3b6e89c

Time (s): cpu = 00:00:10 ; elapsed = 00:00:04 . Memory (MB): peak = 2790.461 ; gain = 0.000 ; free physical = 4167 ; free virtual = 21442

Phase 2.2 Global Placement Core

Phase 2.2.1 Physical Synthesis In Placer
INFO: [Physopt 32-65] No nets found for high-fanout optimization.
INFO: [Physopt 32-232] Optimized 0 net. Created 0 new instance.
INFO: [Physopt 32-775] End 1 Pass. Optimized 0 net or cell. Created 0 new cell, deleted 0 existing cell and moved 0 existing cell
INFO: [Physopt 32-670] No setup violation found.  DSP Register Optimization was not performed.
INFO: [Physopt 32-670] No setup violation found.  Shift Register Optimization was not performed.
INFO: [Physopt 32-670] No setup violation found.  BRAM Register Optimization was not performed.
INFO: [Physopt 32-949] No candidate nets found for HD net replication
INFO: [Physopt 32-775] End 1 Pass. Optimized 0 net or cell. Created 0 new cell, deleted 0 existing cell and moved 0 existing cell
Netlist sorting complete. Time (s): cpu = 00:00:00 ; elapsed = 00:00:00 . Memory (MB): peak = 2790.461 ; gain = 0.000 ; free physical = 4161 ; free virtual = 21437

Summary of Physical Synthesis Optimizations
============================================


----------------------------------------------------------------------------------------------------------------------------------------
|  Optimization                  |  Added Cells  |  Removed Cells  |  Optimized Cells/Nets  |  Dont Touch  |  Iterations  |  Elapsed   |
----------------------------------------------------------------------------------------------------------------------------------------
|  Very High Fanout              |            0  |              0  |                     0  |           0  |           1  |  00:00:00  |
|  DSP Register                  |            0  |              0  |                     0  |           0  |           0  |  00:00:00  |
|  Shift Register                |            0  |              0  |                     0  |           0  |           0  |  00:00:00  |
|  BRAM Register                 |            0  |              0  |                     0  |           0  |           0  |  00:00:00  |
|  HD Interface Net Replication  |            0  |              0  |                     0  |           0  |           1  |  00:00:00  |
|  Total                         |            0  |              0  |                     0  |           0  |           2  |  00:00:00  |
----------------------------------------------------------------------------------------------------------------------------------------


Phase 2.2.1 Physical Synthesis In Placer | Checksum: 1c84bdd2a

Time (s): cpu = 00:00:31 ; elapsed = 00:00:09 . Memory (MB): peak = 2790.461 ; gain = 0.000 ; free physical = 4161 ; free virtual = 21437
Phase 2.2 Global Placement Core | Checksum: 17f0f7bdb

Time (s): cpu = 00:00:32 ; elapsed = 00:00:09 . Memory (MB): peak = 2790.461 ; gain = 0.000 ; free physical = 4160 ; free virtual = 21436
Phase 2 Global Placement | Checksum: 17f0f7bdb

Time (s): cpu = 00:00:32 ; elapsed = 00:00:09 . Memory (MB): peak = 2790.461 ; gain = 0.000 ; free physical = 4160 ; free virtual = 21436

Phase 3 Detail Placement

Phase 3.1 Commit Multi Column Macros
Phase 3.1 Commit Multi Column Macros | Checksum: 258b79f5c

Time (s): cpu = 00:00:34 ; elapsed = 00:00:10 . Memory (MB): peak = 2790.461 ; gain = 0.000 ; free physical = 4148 ; free virtual = 21424

Phase 3.2 Commit Most Macros & LUTRAMs
Phase 3.2 Commit Most Macros & LUTRAMs | Checksum: 1de1bb4d9

Time (s): cpu = 00:00:37 ; elapsed = 00:00:11 . Memory (MB): peak = 2790.461 ; gain = 0.000 ; free physical = 4147 ; free virtual = 21423

Phase 3.3 Area Swap Optimization
Phase 3.3 Area Swap Optimization | Checksum: 13f474c3a

Time (s): cpu = 00:00:37 ; elapsed = 00:00:11 . Memory (MB): peak = 2790.461 ; gain = 0.000 ; free physical = 4147 ; free virtual = 21423

Phase 3.4 Pipeline Register Optimization
Phase 3.4 Pipeline Register Optimization | Checksum: 14755f5f7

Time (s): cpu = 00:00:37 ; elapsed = 00:00:11 . Memory (MB): peak = 2790.461 ; gain = 0.000 ; free physical = 4147 ; free virtual = 21423

Phase 3.5 Small Shape Detail Placement
Phase 3.5 Small Shape Detail Placement | Checksum: 162bef299

Time (s): cpu = 00:00:39 ; elapsed = 00:00:13 . Memory (MB): peak = 2790.461 ; gain = 0.000 ; free physical = 4147 ; free virtual = 21423

Phase 3.6 Re-assign LUT pins
Phase 3.6 Re-assign LUT pins | Checksum: 1acb3738b

Time (s): cpu = 00:00:39 ; elapsed = 00:00:13 . Memory (MB): peak = 2790.461 ; gain = 0.000 ; free physical = 4147 ; free virtual = 21423

Phase 3.7 Pipeline Register Optimization
Phase 3.7 Pipeline Register Optimization | Checksum: 154a01d46

Time (s): cpu = 00:00:40 ; elapsed = 00:00:13 . Memory (MB): peak = 2790.461 ; gain = 0.000 ; free physical = 4147 ; free virtual = 21423
Phase 3 Detail Placement | Checksum: 154a01d46

Time (s): cpu = 00:00:40 ; elapsed = 00:00:13 . Memory (MB): peak = 2790.461 ; gain = 0.000 ; free physical = 4147 ; free virtual = 21422

Phase 4 Post Placement Optimization and Clean-Up

Phase 4.1 Post Commit Optimization
INFO: [Timing 38-35] Done setting XDC timing constraints.

Phase 4.1.1 Post Placement Optimization
Post Placement Optimization Initialization | Checksum: 16273ed2d

Phase 4.1.1.1 BUFG Insertion
INFO: [Place 46-56] BUFG insertion identified 0 candidate nets. Inserted BUFG: 0, Replicated BUFG Driver: 0, Skipped due to Placement/Routing Conflicts: 0, Skipped due to Timing Degradation: 0, Skipped due to Illegal Netlist: 0.
Phase 4.1.1.1 BUFG Insertion | Checksum: 16273ed2d

Time (s): cpu = 00:00:45 ; elapsed = 00:00:15 . Memory (MB): peak = 2790.461 ; gain = 0.000 ; free physical = 4161 ; free virtual = 21437
INFO: [Place 30-746] Post Placement Timing Summary WNS=1.390. For the most accurate timing information please run report_timing.
Phase 4.1.1 Post Placement Optimization | Checksum: 1b48d2639

Time (s): cpu = 00:00:45 ; elapsed = 00:00:15 . Memory (MB): peak = 2790.461 ; gain = 0.000 ; free physical = 4161 ; free virtual = 21437
Phase 4.1 Post Commit Optimization | Checksum: 1b48d2639

Time (s): cpu = 00:00:45 ; elapsed = 00:00:15 . Memory (MB): peak = 2790.461 ; gain = 0.000 ; free physical = 4161 ; free virtual = 21437

Phase 4.2 Post Placement Cleanup
Phase 4.2 Post Placement Cleanup | Checksum: 1b48d2639

Time (s): cpu = 00:00:45 ; elapsed = 00:00:15 . Memory (MB): peak = 2790.461 ; gain = 0.000 ; free physical = 4161 ; free virtual = 21437

Phase 4.3 Placer Reporting
Phase 4.3 Placer Reporting | Checksum: 1b48d2639

Time (s): cpu = 00:00:45 ; elapsed = 00:00:15 . Memory (MB): peak = 2790.461 ; gain = 0.000 ; free physical = 4161 ; free virtual = 21437

Phase 4.4 Final Placement Cleanup
Netlist sorting complete. Time (s): cpu = 00:00:00.01 ; elapsed = 00:00:00.01 . Memory (MB): peak = 2790.461 ; gain = 0.000 ; free physical = 4161 ; free virtual = 21437
Phase 4.4 Final Placement Cleanup | Checksum: 1eaafc9df

Time (s): cpu = 00:00:45 ; elapsed = 00:00:15 . Memory (MB): peak = 2790.461 ; gain = 0.000 ; free physical = 4161 ; free virtual = 21437
Phase 4 Post Placement Optimization and Clean-Up | Checksum: 1eaafc9df

Time (s): cpu = 00:00:45 ; elapsed = 00:00:15 . Memory (MB): peak = 2790.461 ; gain = 0.000 ; free physical = 4161 ; free virtual = 21437
Ending Placer Task | Checksum: 161a9781e

Time (s): cpu = 00:00:45 ; elapsed = 00:00:15 . Memory (MB): peak = 2790.461 ; gain = 0.000 ; free physical = 4161 ; free virtual = 21437
INFO: [Common 17-83] Releasing license: Implementation
83 Infos, 2 Warnings, 2 Critical Warnings and 0 Errors encountered.
place_design completed successfully
place_design: Time (s): cpu = 00:00:48 ; elapsed = 00:00:16 . Memory (MB): peak = 2790.461 ; gain = 0.000 ; free physical = 4180 ; free virtual = 21456
Netlist sorting complete. Time (s): cpu = 00:00:00 ; elapsed = 00:00:00 . Memory (MB): peak = 2790.461 ; gain = 0.000 ; free physical = 4180 ; free virtual = 21456
INFO: [Timing 38-480] Writing timing data to binary archive.
Writing placer database...
Writing XDEF routing.
Writing XDEF routing logical nets.
Writing XDEF routing special nets.
Write XDEF Complete: Time (s): cpu = 00:00:02 ; elapsed = 00:00:00.66 . Memory (MB): peak = 2790.461 ; gain = 0.000 ; free physical = 4142 ; free virtual = 21444
INFO: [Common 17-1381] The checkpoint '/home/florian/Desktop/proteus/sdf/ntt_nwc_op_1/project_1/project_1.runs/impl_3/cryptoprocessor_wrapper_placed.dcp' has been generated.
INFO: [runtcl-4] Executing : report_io -file cryptoprocessor_wrapper_io_placed.rpt
report_io: Time (s): cpu = 00:00:00.07 ; elapsed = 00:00:00.11 . Memory (MB): peak = 2790.461 ; gain = 0.000 ; free physical = 4153 ; free virtual = 21435
INFO: [runtcl-4] Executing : report_utilization -file cryptoprocessor_wrapper_utilization_placed.rpt -pb cryptoprocessor_wrapper_utilization_placed.pb
INFO: [runtcl-4] Executing : report_control_sets -verbose -file cryptoprocessor_wrapper_control_sets_placed.rpt
report_control_sets: Time (s): cpu = 00:00:00.21 ; elapsed = 00:00:00.25 . Memory (MB): peak = 2790.461 ; gain = 0.000 ; free physical = 4140 ; free virtual = 21422
Command: route_design -directive AggressiveExplore
Attempting to get a license for feature 'Implementation' and/or device 'xc7z020'
INFO: [Common 17-349] Got license for feature 'Implementation' and/or device 'xc7z020'
Running DRC as a precondition to command route_design
INFO: [DRC 23-27] Running DRC with 8 threads
INFO: [Vivado_Tcl 4-198] DRC finished with 0 Errors
INFO: [Vivado_Tcl 4-199] Please refer to the DRC report (report_drc) for more information.


Starting Routing Task
INFO: [Route 35-270] Using Router directive 'AggressiveExplore'.
INFO: [Route 35-254] Multithreading enabled for route_design using a maximum of 8 CPUs
Checksum: PlaceDB: 83c0c257 ConstDB: 0 ShapeSum: dde8b5c7 RouteDB: 0

Phase 1 Build RT Design
Phase 1 Build RT Design | Checksum: 12593b790

Time (s): cpu = 00:00:16 ; elapsed = 00:00:11 . Memory (MB): peak = 2790.461 ; gain = 0.000 ; free physical = 4026 ; free virtual = 21309
Post Restoration Checksum: NetGraph: cad15c8c NumContArr: 5ac25b04 Constraints: 0 Timing: 0

Phase 2 Router Initialization

Phase 2.1 Create Timer
Phase 2.1 Create Timer | Checksum: 12593b790

Time (s): cpu = 00:00:16 ; elapsed = 00:00:11 . Memory (MB): peak = 2790.461 ; gain = 0.000 ; free physical = 4002 ; free virtual = 21285

Phase 2.2 Fix Topology Constraints
Phase 2.2 Fix Topology Constraints | Checksum: 12593b790

Time (s): cpu = 00:00:16 ; elapsed = 00:00:11 . Memory (MB): peak = 2790.461 ; gain = 0.000 ; free physical = 3967 ; free virtual = 21249

Phase 2.3 Pre Route Cleanup
Phase 2.3 Pre Route Cleanup | Checksum: 12593b790

Time (s): cpu = 00:00:16 ; elapsed = 00:00:11 . Memory (MB): peak = 2790.461 ; gain = 0.000 ; free physical = 3967 ; free virtual = 21249
 Number of Nodes with overlaps = 0

Phase 2.4 Update Timing
Phase 2.4 Update Timing | Checksum: 69e97825

Time (s): cpu = 00:00:21 ; elapsed = 00:00:13 . Memory (MB): peak = 2790.461 ; gain = 0.000 ; free physical = 3937 ; free virtual = 21219
INFO: [Route 35-416] Intermediate Timing Summary | WNS=1.454  | TNS=0.000  | WHS=-0.240 | THS=-90.030|

Phase 2 Router Initialization | Checksum: 2ff64abc

Time (s): cpu = 00:00:24 ; elapsed = 00:00:14 . Memory (MB): peak = 2790.461 ; gain = 0.000 ; free physical = 3937 ; free virtual = 21219

Router Utilization Summary
  Global Vertical Routing Utilization    = 0 %
  Global Horizontal Routing Utilization  = 0 %
  Routable Net Status*
  *Does not include unroutable nets such as driverless and loadless.
  Run report_route_status for detailed report.
  Number of Failed Nets               = 17231
    (Failed Nets is the sum of unrouted and partially routed nets)
  Number of Unrouted Nets             = 17231
  Number of Partially Routed Nets     = 0
  Number of Node Overlaps             = 0


Phase 3 Initial Routing
Phase 3 Initial Routing | Checksum: d3ed4ff0

Time (s): cpu = 00:00:28 ; elapsed = 00:00:15 . Memory (MB): peak = 2790.461 ; gain = 0.000 ; free physical = 3930 ; free virtual = 21213

Phase 4 Rip-up And Reroute

Phase 4.1 Global Iteration 0
 Number of Nodes with overlaps = 2016
 Number of Nodes with overlaps = 451
 Number of Nodes with overlaps = 148
 Number of Nodes with overlaps = 43
 Number of Nodes with overlaps = 18
 Number of Nodes with overlaps = 5
 Number of Nodes with overlaps = 2
 Number of Nodes with overlaps = 1
 Number of Nodes with overlaps = 0
INFO: [Route 35-416] Intermediate Timing Summary | WNS=0.831  | TNS=0.000  | WHS=N/A    | THS=N/A    |

Phase 4.1 Global Iteration 0 | Checksum: 19142b7b9

Time (s): cpu = 00:00:47 ; elapsed = 00:00:21 . Memory (MB): peak = 2790.461 ; gain = 0.000 ; free physical = 3917 ; free virtual = 21199

Phase 4.2 Global Iteration 1
 Number of Nodes with overlaps = 2
 Number of Nodes with overlaps = 0
INFO: [Route 35-416] Intermediate Timing Summary | WNS=0.831  | TNS=0.000  | WHS=N/A    | THS=N/A    |

Phase 4.2 Global Iteration 1 | Checksum: 1ee64a3a1

Time (s): cpu = 00:00:47 ; elapsed = 00:00:21 . Memory (MB): peak = 2790.461 ; gain = 0.000 ; free physical = 3920 ; free virtual = 21203
Phase 4 Rip-up And Reroute | Checksum: 1ee64a3a1

Time (s): cpu = 00:00:47 ; elapsed = 00:00:21 . Memory (MB): peak = 2790.461 ; gain = 0.000 ; free physical = 3920 ; free virtual = 21203

Phase 5 Delay and Skew Optimization

Phase 5.1 Delay CleanUp
Phase 5.1 Delay CleanUp | Checksum: 1ee64a3a1

Time (s): cpu = 00:00:47 ; elapsed = 00:00:21 . Memory (MB): peak = 2790.461 ; gain = 0.000 ; free physical = 3920 ; free virtual = 21203

Phase 5.2 Clock Skew Optimization
Phase 5.2 Clock Skew Optimization | Checksum: 1ee64a3a1

Time (s): cpu = 00:00:47 ; elapsed = 00:00:21 . Memory (MB): peak = 2790.461 ; gain = 0.000 ; free physical = 3920 ; free virtual = 21203
Phase 5 Delay and Skew Optimization | Checksum: 1ee64a3a1

Time (s): cpu = 00:00:47 ; elapsed = 00:00:21 . Memory (MB): peak = 2790.461 ; gain = 0.000 ; free physical = 3920 ; free virtual = 21203

Phase 6 Post Hold Fix

Phase 6.1 Hold Fix Iter

Phase 6.1.1 Update Timing
Phase 6.1.1 Update Timing | Checksum: 1b509e885

Time (s): cpu = 00:00:48 ; elapsed = 00:00:21 . Memory (MB): peak = 2790.461 ; gain = 0.000 ; free physical = 3920 ; free virtual = 21203
INFO: [Route 35-416] Intermediate Timing Summary | WNS=0.831  | TNS=0.000  | WHS=0.012  | THS=0.000  |

Phase 6.1 Hold Fix Iter | Checksum: 167b57409

Time (s): cpu = 00:00:48 ; elapsed = 00:00:21 . Memory (MB): peak = 2790.461 ; gain = 0.000 ; free physical = 3920 ; free virtual = 21203
Phase 6 Post Hold Fix | Checksum: 167b57409

Time (s): cpu = 00:00:48 ; elapsed = 00:00:21 . Memory (MB): peak = 2790.461 ; gain = 0.000 ; free physical = 3920 ; free virtual = 21203

Phase 7 Route finalize

Router Utilization Summary
  Global Vertical Routing Utilization    = 3.53485 %
  Global Horizontal Routing Utilization  = 4.89621 %
  Routable Net Status*
  *Does not include unroutable nets such as driverless and loadless.
  Run report_route_status for detailed report.
  Number of Failed Nets               = 0
    (Failed Nets is the sum of unrouted and partially routed nets)
  Number of Unrouted Nets             = 0
  Number of Partially Routed Nets     = 0
  Number of Node Overlaps             = 0

Phase 7 Route finalize | Checksum: 1a8193f1a

Time (s): cpu = 00:00:49 ; elapsed = 00:00:22 . Memory (MB): peak = 2790.461 ; gain = 0.000 ; free physical = 3920 ; free virtual = 21203

Phase 8 Verifying routed nets

 Verification completed successfully
Phase 8 Verifying routed nets | Checksum: 1a8193f1a

Time (s): cpu = 00:00:49 ; elapsed = 00:00:22 . Memory (MB): peak = 2790.461 ; gain = 0.000 ; free physical = 3920 ; free virtual = 21202

Phase 9 Depositing Routes
Phase 9 Depositing Routes | Checksum: 211be929f

Time (s): cpu = 00:00:49 ; elapsed = 00:00:22 . Memory (MB): peak = 2790.461 ; gain = 0.000 ; free physical = 3920 ; free virtual = 21202

Phase 10 Post Router Timing
INFO: [Route 35-20] Post Routing Timing Summary | WNS=0.833  | TNS=0.000  | WHS=0.013  | THS=0.000  |

INFO: [Route 35-61] The design met the timing requirement.
Phase 10 Post Router Timing | Checksum: 2390a3f69

Time (s): cpu = 00:00:55 ; elapsed = 00:00:23 . Memory (MB): peak = 2790.461 ; gain = 0.000 ; free physical = 3920 ; free virtual = 21202
INFO: [Route 35-16] Router Completed Successfully

Time (s): cpu = 00:00:55 ; elapsed = 00:00:24 . Memory (MB): peak = 2790.461 ; gain = 0.000 ; free physical = 4024 ; free virtual = 21306

Routing Is Done.
INFO: [Common 17-83] Releasing license: Implementation
102 Infos, 2 Warnings, 2 Critical Warnings and 0 Errors encountered.
route_design completed successfully
route_design: Time (s): cpu = 00:00:58 ; elapsed = 00:00:25 . Memory (MB): peak = 2790.461 ; gain = 0.000 ; free physical = 4024 ; free virtual = 21306
Netlist sorting complete. Time (s): cpu = 00:00:00.01 ; elapsed = 00:00:00 . Memory (MB): peak = 2790.461 ; gain = 0.000 ; free physical = 4024 ; free virtual = 21306
INFO: [Timing 38-480] Writing timing data to binary archive.
Writing placer database...
Writing XDEF routing.
Writing XDEF routing logical nets.
Writing XDEF routing special nets.
Write XDEF Complete: Time (s): cpu = 00:00:03 ; elapsed = 00:00:00.76 . Memory (MB): peak = 2790.461 ; gain = 0.000 ; free physical = 4002 ; free virtual = 21317
INFO: [Common 17-1381] The checkpoint '/home/florian/Desktop/proteus/sdf/ntt_nwc_op_1/project_1/project_1.runs/impl_3/cryptoprocessor_wrapper_routed.dcp' has been generated.
INFO: [runtcl-4] Executing : report_drc -file cryptoprocessor_wrapper_drc_routed.rpt -pb cryptoprocessor_wrapper_drc_routed.pb -rpx cryptoprocessor_wrapper_drc_routed.rpx
Command: report_drc -file cryptoprocessor_wrapper_drc_routed.rpt -pb cryptoprocessor_wrapper_drc_routed.pb -rpx cryptoprocessor_wrapper_drc_routed.rpx
INFO: [IP_Flow 19-1839] IP Catalog is up to date.
INFO: [DRC 23-27] Running DRC with 8 threads
INFO: [Coretcl 2-168] The results of DRC are in file /home/florian/Desktop/proteus/sdf/ntt_nwc_op_1/project_1/project_1.runs/impl_3/cryptoprocessor_wrapper_drc_routed.rpt.
report_drc completed successfully
INFO: [runtcl-4] Executing : report_methodology -file cryptoprocessor_wrapper_methodology_drc_routed.rpt -pb cryptoprocessor_wrapper_methodology_drc_routed.pb -rpx cryptoprocessor_wrapper_methodology_drc_routed.rpx
Command: report_methodology -file cryptoprocessor_wrapper_methodology_drc_routed.rpt -pb cryptoprocessor_wrapper_methodology_drc_routed.pb -rpx cryptoprocessor_wrapper_methodology_drc_routed.rpx
INFO: [Timing 38-35] Done setting XDC timing constraints.
INFO: [DRC 23-133] Running Methodology with 8 threads
INFO: [Coretcl 2-1520] The results of Report Methodology are in file /home/florian/Desktop/proteus/sdf/ntt_nwc_op_1/project_1/project_1.runs/impl_3/cryptoprocessor_wrapper_methodology_drc_routed.rpt.
report_methodology completed successfully
INFO: [runtcl-4] Executing : report_power -file cryptoprocessor_wrapper_power_routed.rpt -pb cryptoprocessor_wrapper_power_summary_routed.pb -rpx cryptoprocessor_wrapper_power_routed.rpx
Command: report_power -file cryptoprocessor_wrapper_power_routed.rpt -pb cryptoprocessor_wrapper_power_summary_routed.pb -rpx cryptoprocessor_wrapper_power_routed.rpx
INFO: [Timing 38-35] Done setting XDC timing constraints.
Running Vector-less Activity Propagation...

Finished Running Vector-less Activity Propagation
114 Infos, 2 Warnings, 2 Critical Warnings and 0 Errors encountered.
report_power completed successfully
INFO: [runtcl-4] Executing : report_route_status -file cryptoprocessor_wrapper_route_status.rpt -pb cryptoprocessor_wrapper_route_status.pb
INFO: [runtcl-4] Executing : report_timing_summary -max_paths 10 -file cryptoprocessor_wrapper_timing_summary_routed.rpt -pb cryptoprocessor_wrapper_timing_summary_routed.pb -rpx cryptoprocessor_wrapper_timing_summary_routed.rpx -warn_on_violation 
INFO: [Timing 38-91] UpdateTimingParams: Speed grade: -1, Delay Type: min_max.
INFO: [Timing 38-191] Multithreading enabled for timing update using a maximum of 8 CPUs
INFO: [runtcl-4] Executing : report_incremental_reuse -file cryptoprocessor_wrapper_incremental_reuse_routed.rpt
INFO: [Vivado_Tcl 4-1062] Incremental flow is disabled. No incremental reuse Info to report.
INFO: [runtcl-4] Executing : report_clock_utilization -file cryptoprocessor_wrapper_clock_utilization_routed.rpt
INFO: [runtcl-4] Executing : report_bus_skew -warn_on_violation -file cryptoprocessor_wrapper_bus_skew_routed.rpt -pb cryptoprocessor_wrapper_bus_skew_routed.pb -rpx cryptoprocessor_wrapper_bus_skew_routed.rpx
INFO: [Timing 38-91] UpdateTimingParams: Speed grade: -1, Delay Type: min_max.
INFO: [Timing 38-191] Multithreading enabled for timing update using a maximum of 8 CPUs
INFO: [Common 17-206] Exiting Vivado at Thu Feb  2 12:09:40 2023...
