Copyright 1986-2019 Xilinx, Inc. All Rights Reserved.
----------------------------------------------------------------------------------------------------
| Tool Version : Vivado v.2019.1 (lin64) Build 2552052 Fri May 24 14:47:09 MDT 2019
| Date         : Tue Jan 17 15:14:13 2023
| Host         : x1g9 running 64-bit Ubuntu 20.04.5 LTS
| Command      : report_control_sets -verbose -file cryptoprocessor_wrapper_control_sets_placed.rpt
| Design       : cryptoprocessor_wrapper
| Device       : xc7z020
----------------------------------------------------------------------------------------------------

Control Set Information

Table of Contents
-----------------
1. Summary
2. Histogram
3. Flip-Flop Distribution
4. Detailed Control Set Information

1. Summary
----------

+----------------------------------------------------------+-------+
|                          Status                          | Count |
+----------------------------------------------------------+-------+
| Total control sets                                       |   100 |
|    Minimum number of control sets                        |   100 |
|    Addition due to synthesis replication                 |     0 |
|    Addition due to physical synthesis replication        |     0 |
| Unused register locations in slices containing registers |   198 |
+----------------------------------------------------------+-------+
* Control sets can be merged at opt_design using control_set_merge or merge_equivalent_drivers
** Run report_qor_suggestions for automated merging and remapping suggestions


2. Histogram
------------

+--------------------+-------+
|       Fanout       | Count |
+--------------------+-------+
| Total control sets |   100 |
| >= 0 to < 4        |     5 |
| >= 4 to < 6        |    12 |
| >= 6 to < 8        |     2 |
| >= 8 to < 10       |    25 |
| >= 10 to < 12      |     1 |
| >= 12 to < 14      |     5 |
| >= 14 to < 16      |     3 |
| >= 16              |    47 |
+--------------------+-------+
* Control sets can be remapped at either synth_design or opt_design


3. Flip-Flop Distribution
-------------------------

+--------------+-----------------------+------------------------+-----------------+--------------+
| Clock Enable | Synchronous Set/Reset | Asynchronous Set/Reset | Total Registers | Total Slices |
+--------------+-----------------------+------------------------+-----------------+--------------+
| No           | No                    | No                     |           10692 |         2732 |
| No           | No                    | Yes                    |               0 |            0 |
| No           | Yes                   | No                     |             993 |          310 |
| Yes          | No                    | No                     |             296 |           73 |
| Yes          | No                    | Yes                    |               0 |            0 |
| Yes          | Yes                   | No                     |             741 |          225 |
+--------------+-----------------------+------------------------+-----------------+--------------+


4. Detailed Control Set Information
-----------------------------------

+--------------------------------------------------------+-----------------------------------------------------------------------------------------------------------------------------------------------------------------------------------------------------+---------------------------------------------------------------------------------------------------------------------------------------------------------------------+------------------+----------------+
|                      Clock Signal                      |                                                                                            Enable Signal                                                                                            |                                                                           Set/Reset Signal                                                                          | Slice Load Count | Bel Load Count |
+--------------------------------------------------------+-----------------------------------------------------------------------------------------------------------------------------------------------------------------------------------------------------+---------------------------------------------------------------------------------------------------------------------------------------------------------------------+------------------+----------------+
|  cryptoprocessor_i/processing_system7_0/inst/FCLK_CLK0 | cryptoprocessor_i/ps7_0_axi_periph/s00_couplers/auto_pc/inst/gen_axilite.gen_b2s_conv.axilite_b2s/WR.b_channel_0/bid_fifo_0/bresp_push                                                              |                                                                                                                                                                     |                1 |              2 |
|  cryptoprocessor_i/processing_system7_0/inst/FCLK_CLK0 |                                                                                                                                                                                                     | cryptoprocessor_i/ComputeCoreWrapper_0/inst/CORE/DUT_NTT_MEM_WRAPPER/DUT_NTT/genblk3[3].NTT_SDF_STAGE/xpm_fifo_sync_inst/xpm_fifo_base_inst/xpm_fifo_rst_inst/rst_i |                2 |              3 |
|  cryptoprocessor_i/processing_system7_0/inst/FCLK_CLK0 |                                                                                                                                                                                                     | cryptoprocessor_i/ComputeCoreWrapper_0/inst/CORE/DUT_NTT_MEM_WRAPPER/DUT_NTT/genblk3[1].NTT_SDF_STAGE/xpm_fifo_sync_inst/xpm_fifo_base_inst/xpm_fifo_rst_inst/rst_i |                2 |              3 |
|  cryptoprocessor_i/processing_system7_0/inst/FCLK_CLK0 |                                                                                                                                                                                                     | cryptoprocessor_i/ComputeCoreWrapper_0/inst/CORE/DUT_NTT_MEM_WRAPPER/DUT_NTT/genblk3[0].NTT_SDF_STAGE/xpm_fifo_sync_inst/xpm_fifo_base_inst/xpm_fifo_rst_inst/rst_i |                2 |              3 |
|  cryptoprocessor_i/processing_system7_0/inst/FCLK_CLK0 |                                                                                                                                                                                                     | cryptoprocessor_i/ComputeCoreWrapper_0/inst/CORE/DUT_NTT_MEM_WRAPPER/DUT_NTT/genblk3[2].NTT_SDF_STAGE/xpm_fifo_sync_inst/xpm_fifo_base_inst/xpm_fifo_rst_inst/rst_i |                2 |              3 |
|  cryptoprocessor_i/processing_system7_0/inst/FCLK_CLK0 |                                                                                                                                                                                                     | cryptoprocessor_i/ComputeCoreWrapper_0/inst/CORE/DUT_NTT_MEM_WRAPPER/DUT_NTT/genblk3[3].NTT_SDF_STAGE/xpm_fifo_sync_inst/xpm_fifo_base_inst/xpm_fifo_rst_inst/Q[0]  |                3 |              4 |
|  cryptoprocessor_i/processing_system7_0/inst/FCLK_CLK0 |                                                                                                                                                                                                     | cryptoprocessor_i/ps7_0_axi_periph/s00_couplers/auto_pc/inst/gen_axilite.gen_b2s_conv.axilite_b2s/SI_REG/aw.aw_pipe/aresetn_d_reg[0]_0                              |                2 |              4 |
|  cryptoprocessor_i/processing_system7_0/inst/FCLK_CLK0 |                                                                                                                                                                                                     | cryptoprocessor_i/ComputeCoreWrapper_0/inst/CORE/DUT_NTT_MEM_WRAPPER/DUT_NTT/genblk3[2].NTT_SDF_STAGE/xpm_fifo_sync_inst/xpm_fifo_base_inst/xpm_fifo_rst_inst/Q[0]  |                2 |              4 |
|  cryptoprocessor_i/processing_system7_0/inst/FCLK_CLK0 |                                                                                                                                                                                                     | cryptoprocessor_i/ps7_0_axi_periph/s00_couplers/auto_pc/inst/gen_axilite.gen_b2s_conv.axilite_b2s/SI_REG/ar.ar_pipe/aresetn_d_reg[1]_inv_0                          |                1 |              4 |
|  cryptoprocessor_i/processing_system7_0/inst/FCLK_CLK0 |                                                                                                                                                                                                     | cryptoprocessor_i/rst_ps7_0_100M/U0/EXT_LPF/lpf_int                                                                                                                 |                3 |              4 |
|  cryptoprocessor_i/processing_system7_0/inst/FCLK_CLK0 |                                                                                                                                                                                                     | cryptoprocessor_i/ComputeCoreWrapper_0/inst/CORE/DUT_NTT_MEM_WRAPPER/DUT_NTT/genblk3[0].NTT_SDF_STAGE/xpm_fifo_sync_inst/xpm_fifo_base_inst/xpm_fifo_rst_inst/Q[0]  |                2 |              4 |
|  cryptoprocessor_i/processing_system7_0/inst/FCLK_CLK0 |                                                                                                                                                                                                     | cryptoprocessor_i/ComputeCoreWrapper_0/inst/CORE/DUT_NTT_MEM_WRAPPER/DUT_NTT/genblk3[1].NTT_SDF_STAGE/xpm_fifo_sync_inst/xpm_fifo_base_inst/xpm_fifo_rst_inst/Q[0]  |                1 |              4 |
|  cryptoprocessor_i/processing_system7_0/inst/FCLK_CLK0 | cryptoprocessor_i/ps7_0_axi_periph/s00_couplers/auto_pc/inst/gen_axilite.gen_b2s_conv.axilite_b2s/RD.r_channel_0/transaction_fifo_0/cnt_read[4]_i_1__0_n_0                                          | cryptoprocessor_i/ps7_0_axi_periph/s00_couplers/auto_pc/inst/gen_axilite.gen_b2s_conv.axilite_b2s/areset_d1                                                         |                2 |              5 |
|  cryptoprocessor_i/processing_system7_0/inst/FCLK_CLK0 |                                                                                                                                                                                                     | cryptoprocessor_i/ComputeCoreWrapper_0/inst/CORE/DUT_NTT_MEM_WRAPPER/DUT_NTT/genblk3[5].NTT_SDF_STAGE/counter_ntt_ct_reg[9]_0                                       |                2 |              5 |
|  cryptoprocessor_i/processing_system7_0/inst/FCLK_CLK0 | cryptoprocessor_i/ps7_0_axi_periph/s00_couplers/auto_pc/inst/gen_axilite.gen_b2s_conv.axilite_b2s/WR.aw_channel_0/aw_cmd_fsm_0/m_valid_i_reg_0                                                      | cryptoprocessor_i/ps7_0_axi_periph/s00_couplers/auto_pc/inst/gen_axilite.gen_b2s_conv.axilite_b2s/WR.aw_channel_0/aw_cmd_fsm_0/m_valid_i_reg                        |                2 |              5 |
|  cryptoprocessor_i/processing_system7_0/inst/FCLK_CLK0 | cryptoprocessor_i/ps7_0_axi_periph/s00_couplers/auto_pc/inst/gen_axilite.gen_b2s_conv.axilite_b2s/RD.r_channel_0/transaction_fifo_0/E[0]                                                            | cryptoprocessor_i/ps7_0_axi_periph/s00_couplers/auto_pc/inst/gen_axilite.gen_b2s_conv.axilite_b2s/areset_d1                                                         |                2 |              5 |
|  cryptoprocessor_i/processing_system7_0/inst/FCLK_CLK0 | cryptoprocessor_i/ps7_0_axi_periph/s00_couplers/auto_pc/inst/gen_axilite.gen_b2s_conv.axilite_b2s/RD.ar_channel_0/ar_cmd_fsm_0/m_axi_arready_0                                                      | cryptoprocessor_i/ps7_0_axi_periph/s00_couplers/auto_pc/inst/gen_axilite.gen_b2s_conv.axilite_b2s/RD.ar_channel_0/ar_cmd_fsm_0/FSM_sequential_state_reg[1]_0        |                2 |              5 |
|  cryptoprocessor_i/processing_system7_0/inst/FCLK_CLK0 | cryptoprocessor_i/rst_ps7_0_100M/U0/SEQ/seq_cnt_en                                                                                                                                                  | cryptoprocessor_i/rst_ps7_0_100M/U0/SEQ/SEQ_COUNTER/clear                                                                                                           |                1 |              6 |
|  cryptoprocessor_i/processing_system7_0/inst/FCLK_CLK0 | cryptoprocessor_i/ComputeCoreWrapper_0/inst/ISA_CTRL/inc_IR_address                                                                                                                                 | cryptoprocessor_i/ComputeCoreWrapper_0/inst/ISA_CTRL/IR_address0                                                                                                    |                2 |              6 |
|  cryptoprocessor_i/processing_system7_0/inst/FCLK_CLK0 | cryptoprocessor_i/AXI_Slave8Ports_new_0/inst/AXI_Slave8Ports_new_v1_0_S00_AXI_inst/p_1_in[31]                                                                                                       | cryptoprocessor_i/AXI_Slave8Ports_new_0/inst/AXI_Slave8Ports_new_v1_0_S00_AXI_inst/slv_reg0[31]_i_1_n_0                                                             |                1 |              8 |
|  cryptoprocessor_i/processing_system7_0/inst/FCLK_CLK0 | cryptoprocessor_i/AXI_Slave8Ports_new_0/inst/AXI_Slave8Ports_new_v1_0_S00_AXI_inst/slv_reg7[7]_i_1_n_0                                                                                              | cryptoprocessor_i/AXI_Slave8Ports_new_0/inst/AXI_Slave8Ports_new_v1_0_S00_AXI_inst/slv_reg0[31]_i_1_n_0                                                             |                1 |              8 |
|  cryptoprocessor_i/processing_system7_0/inst/FCLK_CLK0 | cryptoprocessor_i/AXI_Slave8Ports_new_0/inst/AXI_Slave8Ports_new_v1_0_S00_AXI_inst/p_1_in[23]                                                                                                       | cryptoprocessor_i/AXI_Slave8Ports_new_0/inst/AXI_Slave8Ports_new_v1_0_S00_AXI_inst/slv_reg0[31]_i_1_n_0                                                             |                1 |              8 |
|  cryptoprocessor_i/processing_system7_0/inst/FCLK_CLK0 | cryptoprocessor_i/AXI_Slave8Ports_new_0/inst/AXI_Slave8Ports_new_v1_0_S00_AXI_inst/p_1_in[15]                                                                                                       | cryptoprocessor_i/AXI_Slave8Ports_new_0/inst/AXI_Slave8Ports_new_v1_0_S00_AXI_inst/slv_reg0[31]_i_1_n_0                                                             |                2 |              8 |
|  cryptoprocessor_i/processing_system7_0/inst/FCLK_CLK0 | cryptoprocessor_i/AXI_Slave8Ports_new_0/inst/AXI_Slave8Ports_new_v1_0_S00_AXI_inst/slv_reg7[31]_i_1_n_0                                                                                             | cryptoprocessor_i/AXI_Slave8Ports_new_0/inst/AXI_Slave8Ports_new_v1_0_S00_AXI_inst/slv_reg0[31]_i_1_n_0                                                             |                3 |              8 |
|  cryptoprocessor_i/processing_system7_0/inst/FCLK_CLK0 | cryptoprocessor_i/AXI_Slave8Ports_new_0/inst/AXI_Slave8Ports_new_v1_0_S00_AXI_inst/slv_reg2[7]_i_1_n_0                                                                                              | cryptoprocessor_i/AXI_Slave8Ports_new_0/inst/AXI_Slave8Ports_new_v1_0_S00_AXI_inst/slv_reg0[31]_i_1_n_0                                                             |                1 |              8 |
|  cryptoprocessor_i/processing_system7_0/inst/FCLK_CLK0 | cryptoprocessor_i/AXI_Slave8Ports_new_0/inst/AXI_Slave8Ports_new_v1_0_S00_AXI_inst/slv_reg3[31]_i_1_n_0                                                                                             | cryptoprocessor_i/AXI_Slave8Ports_new_0/inst/AXI_Slave8Ports_new_v1_0_S00_AXI_inst/slv_reg0[31]_i_1_n_0                                                             |                2 |              8 |
|  cryptoprocessor_i/processing_system7_0/inst/FCLK_CLK0 | cryptoprocessor_i/ps7_0_axi_periph/s00_couplers/auto_pc/inst/gen_axilite.gen_b2s_conv.axilite_b2s/RD.ar_channel_0/ar_cmd_fsm_0/sel_first_reg[0]                                                     |                                                                                                                                                                     |                2 |              8 |
|  cryptoprocessor_i/processing_system7_0/inst/FCLK_CLK0 | cryptoprocessor_i/AXI_Slave8Ports_new_0/inst/AXI_Slave8Ports_new_v1_0_S00_AXI_inst/slv_reg2[23]_i_1_n_0                                                                                             | cryptoprocessor_i/AXI_Slave8Ports_new_0/inst/AXI_Slave8Ports_new_v1_0_S00_AXI_inst/slv_reg0[31]_i_1_n_0                                                             |                2 |              8 |
|  cryptoprocessor_i/processing_system7_0/inst/FCLK_CLK0 | cryptoprocessor_i/AXI_Slave8Ports_new_0/inst/AXI_Slave8Ports_new_v1_0_S00_AXI_inst/slv_reg2[31]_i_1_n_0                                                                                             | cryptoprocessor_i/AXI_Slave8Ports_new_0/inst/AXI_Slave8Ports_new_v1_0_S00_AXI_inst/slv_reg0[31]_i_1_n_0                                                             |                1 |              8 |
|  cryptoprocessor_i/processing_system7_0/inst/FCLK_CLK0 | cryptoprocessor_i/AXI_Slave8Ports_new_0/inst/AXI_Slave8Ports_new_v1_0_S00_AXI_inst/slv_reg3[7]_i_1_n_0                                                                                              | cryptoprocessor_i/AXI_Slave8Ports_new_0/inst/AXI_Slave8Ports_new_v1_0_S00_AXI_inst/slv_reg0[31]_i_1_n_0                                                             |                2 |              8 |
|  cryptoprocessor_i/processing_system7_0/inst/FCLK_CLK0 | cryptoprocessor_i/AXI_Slave8Ports_new_0/inst/AXI_Slave8Ports_new_v1_0_S00_AXI_inst/slv_reg3[15]_i_1_n_0                                                                                             | cryptoprocessor_i/AXI_Slave8Ports_new_0/inst/AXI_Slave8Ports_new_v1_0_S00_AXI_inst/slv_reg0[31]_i_1_n_0                                                             |                2 |              8 |
|  cryptoprocessor_i/processing_system7_0/inst/FCLK_CLK0 | cryptoprocessor_i/AXI_Slave8Ports_new_0/inst/AXI_Slave8Ports_new_v1_0_S00_AXI_inst/slv_reg2[15]_i_1_n_0                                                                                             | cryptoprocessor_i/AXI_Slave8Ports_new_0/inst/AXI_Slave8Ports_new_v1_0_S00_AXI_inst/slv_reg0[31]_i_1_n_0                                                             |                1 |              8 |
|  cryptoprocessor_i/processing_system7_0/inst/FCLK_CLK0 | cryptoprocessor_i/AXI_Slave8Ports_new_0/inst/AXI_Slave8Ports_new_v1_0_S00_AXI_inst/slv_reg3[23]_i_1_n_0                                                                                             | cryptoprocessor_i/AXI_Slave8Ports_new_0/inst/AXI_Slave8Ports_new_v1_0_S00_AXI_inst/slv_reg0[31]_i_1_n_0                                                             |                2 |              8 |
|  cryptoprocessor_i/processing_system7_0/inst/FCLK_CLK0 | cryptoprocessor_i/AXI_Slave8Ports_new_0/inst/AXI_Slave8Ports_new_v1_0_S00_AXI_inst/slv_reg1[7]_i_1_n_0                                                                                              | cryptoprocessor_i/AXI_Slave8Ports_new_0/inst/AXI_Slave8Ports_new_v1_0_S00_AXI_inst/slv_reg0[31]_i_1_n_0                                                             |                1 |              8 |
|  cryptoprocessor_i/processing_system7_0/inst/FCLK_CLK0 | cryptoprocessor_i/AXI_Slave8Ports_new_0/inst/AXI_Slave8Ports_new_v1_0_S00_AXI_inst/slv_reg7[23]_i_1_n_0                                                                                             | cryptoprocessor_i/AXI_Slave8Ports_new_0/inst/AXI_Slave8Ports_new_v1_0_S00_AXI_inst/slv_reg0[31]_i_1_n_0                                                             |                2 |              8 |
|  cryptoprocessor_i/processing_system7_0/inst/FCLK_CLK0 | cryptoprocessor_i/AXI_Slave8Ports_new_0/inst/AXI_Slave8Ports_new_v1_0_S00_AXI_inst/slv_reg7[15]_i_1_n_0                                                                                             | cryptoprocessor_i/AXI_Slave8Ports_new_0/inst/AXI_Slave8Ports_new_v1_0_S00_AXI_inst/slv_reg0[31]_i_1_n_0                                                             |                2 |              8 |
|  cryptoprocessor_i/processing_system7_0/inst/FCLK_CLK0 | cryptoprocessor_i/ps7_0_axi_periph/s00_couplers/auto_pc/inst/gen_axilite.gen_b2s_conv.axilite_b2s/RD.ar_channel_0/ar_cmd_fsm_0/cryptoprocessor207_net_1                                             |                                                                                                                                                                     |                3 |              8 |
|  cryptoprocessor_i/processing_system7_0/inst/FCLK_CLK0 | cryptoprocessor_i/ps7_0_axi_periph/s00_couplers/auto_pc/inst/gen_axilite.gen_b2s_conv.axilite_b2s/WR.b_channel_0/mhandshake_r                                                                       | cryptoprocessor_i/ps7_0_axi_periph/s00_couplers/auto_pc/inst/gen_axilite.gen_b2s_conv.axilite_b2s/WR.b_channel_0/bid_fifo_0/SR[0]                                   |                3 |              8 |
|  cryptoprocessor_i/processing_system7_0/inst/FCLK_CLK0 | cryptoprocessor_i/ps7_0_axi_periph/s00_couplers/auto_pc/inst/gen_axilite.gen_b2s_conv.axilite_b2s/WR.aw_channel_0/cmd_translator_0/incr_cmd_0/axaddr_incr[11]_i_1_n_0                               |                                                                                                                                                                     |                2 |              8 |
|  cryptoprocessor_i/processing_system7_0/inst/FCLK_CLK0 | cryptoprocessor_i/ps7_0_axi_periph/s00_couplers/auto_pc/inst/gen_axilite.gen_b2s_conv.axilite_b2s/WR.aw_channel_0/aw_cmd_fsm_0/E[0]                                                                 |                                                                                                                                                                     |                4 |              8 |
|  cryptoprocessor_i/processing_system7_0/inst/FCLK_CLK0 | cryptoprocessor_i/AXI_Slave8Ports_new_0/inst/AXI_Slave8Ports_new_v1_0_S00_AXI_inst/p_1_in[7]                                                                                                        | cryptoprocessor_i/AXI_Slave8Ports_new_0/inst/AXI_Slave8Ports_new_v1_0_S00_AXI_inst/slv_reg0[31]_i_1_n_0                                                             |                1 |              8 |
|  cryptoprocessor_i/processing_system7_0/inst/FCLK_CLK0 | cryptoprocessor_i/AXI_Slave8Ports_new_0/inst/AXI_Slave8Ports_new_v1_0_S00_AXI_inst/slv_reg1[15]_i_1_n_0                                                                                             | cryptoprocessor_i/AXI_Slave8Ports_new_0/inst/AXI_Slave8Ports_new_v1_0_S00_AXI_inst/slv_reg0[31]_i_1_n_0                                                             |                1 |              8 |
|  cryptoprocessor_i/processing_system7_0/inst/FCLK_CLK0 | cryptoprocessor_i/AXI_Slave8Ports_new_0/inst/AXI_Slave8Ports_new_v1_0_S00_AXI_inst/slv_reg1[23]_i_1_n_0                                                                                             | cryptoprocessor_i/AXI_Slave8Ports_new_0/inst/AXI_Slave8Ports_new_v1_0_S00_AXI_inst/slv_reg0[31]_i_1_n_0                                                             |                1 |              8 |
|  cryptoprocessor_i/processing_system7_0/inst/FCLK_CLK0 | cryptoprocessor_i/AXI_Slave8Ports_new_0/inst/AXI_Slave8Ports_new_v1_0_S00_AXI_inst/slv_reg1[31]_i_1_n_0                                                                                             | cryptoprocessor_i/AXI_Slave8Ports_new_0/inst/AXI_Slave8Ports_new_v1_0_S00_AXI_inst/slv_reg0[31]_i_1_n_0                                                             |                1 |              8 |
|  cryptoprocessor_i/processing_system7_0/inst/FCLK_CLK0 |                                                                                                                                                                                                     | cryptoprocessor_i/ps7_0_axi_periph/s00_couplers/auto_pc/inst/gen_axilite.gen_b2s_conv.axilite_b2s/areset_d1                                                         |                4 |             10 |
|  cryptoprocessor_i/processing_system7_0/inst/FCLK_CLK0 | cryptoprocessor_i/ComputeCoreWrapper_0/inst/CORE/DUT_NTT_MEM_WRAPPER/DUT_NTT/genblk3[10].NTT_SDF_STAGE/DELAY_FINISH/stage_start[11]_376                                                             | cryptoprocessor_i/ComputeCoreWrapper_0/inst/CORE/mult_rst                                                                                                           |                3 |             12 |
|  cryptoprocessor_i/processing_system7_0/inst/FCLK_CLK0 |                                                                                                                                                                                                     | cryptoprocessor_i/AXI_Slave8Ports_new_0/inst/AXI_Slave8Ports_new_v1_0_S00_AXI_inst/slv_reg0[31]_i_1_n_0                                                             |                4 |             12 |
|  cryptoprocessor_i/processing_system7_0/inst/FCLK_CLK0 | cryptoprocessor_i/ComputeCoreWrapper_0/inst/CORE/DUT_NTT_MEM_WRAPPER/DUT_NTT/genblk3[0].NTT_SDF_STAGE/DELAY_FINISH/wea                                                                              | cryptoprocessor_i/ComputeCoreWrapper_0/inst/CORE/mult_rst                                                                                                           |                4 |             13 |
|  cryptoprocessor_i/processing_system7_0/inst/FCLK_CLK0 | cryptoprocessor_i/ps7_0_axi_periph/s00_couplers/auto_pc/inst/gen_axilite.gen_b2s_conv.axilite_b2s/RD.r_channel_0/r_push_r                                                                           |                                                                                                                                                                     |                4 |             13 |
|  cryptoprocessor_i/processing_system7_0/inst/FCLK_CLK0 | cryptoprocessor_i/ComputeCoreWrapper_0/inst/CORE/DUT_NTT_MEM_WRAPPER/DELAY_START/read_address0                                                                                                      | cryptoprocessor_i/ComputeCoreWrapper_0/inst/CORE/mult_rst                                                                                                           |                4 |             13 |
|  cryptoprocessor_i/processing_system7_0/inst/FCLK_CLK0 | cryptoprocessor_i/ComputeCoreWrapper_0/inst/CORE/DUT_NTT_MEM_WRAPPER/DUT_NTT/genblk3[11].NTT_SDF_STAGE/DELAY_FINISH/stage_start[10]_378                                                             | cryptoprocessor_i/ComputeCoreWrapper_0/inst/CORE/mult_rst                                                                                                           |                4 |             14 |
|  cryptoprocessor_i/processing_system7_0/inst/FCLK_CLK0 | cryptoprocessor_i/ps7_0_axi_periph/s00_couplers/auto_pc/inst/gen_axilite.gen_b2s_conv.axilite_b2s/SI_REG/b.b_pipe/s_ready_i_reg_0                                                                   |                                                                                                                                                                     |                2 |             14 |
|  cryptoprocessor_i/processing_system7_0/inst/FCLK_CLK0 | cryptoprocessor_i/ps7_0_axi_periph/s00_couplers/auto_pc/inst/gen_axilite.gen_b2s_conv.axilite_b2s/SI_REG/b.b_pipe/p_1_in                                                                            |                                                                                                                                                                     |                2 |             14 |
|  cryptoprocessor_i/processing_system7_0/inst/FCLK_CLK0 | cryptoprocessor_i/ps7_0_axi_periph/s00_couplers/auto_pc/inst/gen_axilite.gen_b2s_conv.axilite_b2s/WR.aw_channel_0/aw_cmd_fsm_0/b_push                                                               |                                                                                                                                                                     |                3 |             16 |
|  cryptoprocessor_i/processing_system7_0/inst/FCLK_CLK0 | cryptoprocessor_i/ComputeCoreWrapper_0/inst/CORE/DUT_NTT_MEM_WRAPPER/DUT_NTT/genblk3[3].NTT_SDF_STAGE/xpm_fifo_sync_inst/xpm_fifo_base_inst/rdp_inst/cryptoprocessor122_net_4                       | cryptoprocessor_i/ComputeCoreWrapper_0/inst/CORE/DUT_NTT_MEM_WRAPPER/DUT_NTT/genblk3[3].NTT_SDF_STAGE/xpm_fifo_sync_inst/xpm_fifo_base_inst/xpm_fifo_rst_inst/Q[0]  |               10 |             16 |
|  cryptoprocessor_i/processing_system7_0/inst/FCLK_CLK0 | cryptoprocessor_i/ComputeCoreWrapper_0/inst/CORE/DUT_NTT_MEM_WRAPPER/DUT_NTT/genblk3[3].NTT_SDF_STAGE/xpm_fifo_sync_inst/xpm_fifo_base_inst/xpm_fifo_rst_inst/ram_wr_en_pf                          | cryptoprocessor_i/ComputeCoreWrapper_0/inst/CORE/DUT_NTT_MEM_WRAPPER/DUT_NTT/genblk3[3].NTT_SDF_STAGE/xpm_fifo_sync_inst/xpm_fifo_base_inst/xpm_fifo_rst_inst/Q[0]  |                7 |             16 |
|  cryptoprocessor_i/processing_system7_0/inst/FCLK_CLK0 | cryptoprocessor_i/ps7_0_axi_periph/s00_couplers/auto_pc/inst/gen_axilite.gen_b2s_conv.axilite_b2s/RD.ar_channel_0/ar_cmd_fsm_0/m_axi_arready_0                                                      |                                                                                                                                                                     |                6 |             17 |
|  cryptoprocessor_i/processing_system7_0/inst/FCLK_CLK0 | cryptoprocessor_i/ps7_0_axi_periph/s00_couplers/auto_pc/inst/gen_axilite.gen_b2s_conv.axilite_b2s/WR.aw_channel_0/aw_cmd_fsm_0/m_valid_i_reg_0                                                      |                                                                                                                                                                     |                7 |             17 |
|  cryptoprocessor_i/processing_system7_0/inst/FCLK_CLK0 | cryptoprocessor_i/ComputeCoreWrapper_0/inst/CORE/DUT_NTT_MEM_WRAPPER/DUT_NTT/genblk3[10].NTT_SDF_STAGE/DELAY_FINISH/stage_start[9]_380                                                              | cryptoprocessor_i/ComputeCoreWrapper_0/inst/CORE/mult_rst                                                                                                           |                5 |             17 |
|  cryptoprocessor_i/processing_system7_0/inst/FCLK_CLK0 | cryptoprocessor_i/ComputeCoreWrapper_0/inst/CORE/DUT_NTT_MEM_WRAPPER/DUT_NTT/genblk3[2].NTT_SDF_STAGE/xpm_fifo_sync_inst/xpm_fifo_base_inst/xpm_fifo_rst_inst/E[0]                                  | cryptoprocessor_i/ComputeCoreWrapper_0/inst/CORE/DUT_NTT_MEM_WRAPPER/DUT_NTT/genblk3[2].NTT_SDF_STAGE/xpm_fifo_sync_inst/xpm_fifo_base_inst/xpm_fifo_rst_inst/Q[0]  |                5 |             18 |
|  cryptoprocessor_i/processing_system7_0/inst/FCLK_CLK0 | cryptoprocessor_i/ComputeCoreWrapper_0/inst/CORE/DUT_NTT_MEM_WRAPPER/DUT_NTT/genblk3[2].NTT_SDF_STAGE/xpm_fifo_sync_inst/xpm_fifo_base_inst/rdp_inst/cryptoprocessor104_net                         | cryptoprocessor_i/ComputeCoreWrapper_0/inst/CORE/DUT_NTT_MEM_WRAPPER/DUT_NTT/genblk3[2].NTT_SDF_STAGE/xpm_fifo_sync_inst/xpm_fifo_base_inst/xpm_fifo_rst_inst/Q[0]  |                8 |             18 |
|  cryptoprocessor_i/processing_system7_0/inst/FCLK_CLK0 | cryptoprocessor_i/ComputeCoreWrapper_0/inst/CORE/DUT_NTT_MEM_WRAPPER/DUT_NTT/genblk3[9].NTT_SDF_STAGE/DELAY_FINISH/stage_start[8]_382                                                               | cryptoprocessor_i/ComputeCoreWrapper_0/inst/CORE/mult_rst                                                                                                           |                5 |             19 |
|  cryptoprocessor_i/processing_system7_0/inst/FCLK_CLK0 | cryptoprocessor_i/ComputeCoreWrapper_0/inst/CORE/DUT_NTT_MEM_WRAPPER/DUT_NTT/genblk3[8].NTT_SDF_STAGE/DELAY_FINISH/stage_start[7]_384                                                               | cryptoprocessor_i/ComputeCoreWrapper_0/inst/CORE/mult_rst                                                                                                           |                6 |             21 |
|  cryptoprocessor_i/processing_system7_0/inst/FCLK_CLK0 | cryptoprocessor_i/ComputeCoreWrapper_0/inst/CORE/DUT_NTT_MEM_WRAPPER/DUT_NTT/genblk3[1].NTT_SDF_STAGE/xpm_fifo_sync_inst/xpm_fifo_base_inst/rdpp1_inst/cryptoprocessor87_net                        | cryptoprocessor_i/ComputeCoreWrapper_0/inst/CORE/DUT_NTT_MEM_WRAPPER/DUT_NTT/genblk3[1].NTT_SDF_STAGE/xpm_fifo_sync_inst/xpm_fifo_base_inst/xpm_fifo_rst_inst/Q[0]  |                7 |             21 |
|  cryptoprocessor_i/processing_system7_0/inst/FCLK_CLK0 | cryptoprocessor_i/ComputeCoreWrapper_0/inst/CORE/DUT_NTT_MEM_WRAPPER/DUT_NTT/genblk3[1].NTT_SDF_STAGE/xpm_fifo_sync_inst/xpm_fifo_base_inst/xpm_fifo_rst_inst/ram_wr_en_pf                          | cryptoprocessor_i/ComputeCoreWrapper_0/inst/CORE/DUT_NTT_MEM_WRAPPER/DUT_NTT/genblk3[1].NTT_SDF_STAGE/xpm_fifo_sync_inst/xpm_fifo_base_inst/xpm_fifo_rst_inst/Q[0]  |                6 |             21 |
|  cryptoprocessor_i/processing_system7_0/inst/FCLK_CLK0 | cryptoprocessor_i/ComputeCoreWrapper_0/inst/CORE/DUT_NTT_MEM_WRAPPER/DUT_NTT/genblk3[0].NTT_SDF_STAGE/xpm_fifo_sync_inst/xpm_fifo_base_inst/rdp_inst/FSM_sequential_gen_fwft.curr_fwft_state_reg[1] | cryptoprocessor_i/ComputeCoreWrapper_0/inst/CORE/DUT_NTT_MEM_WRAPPER/DUT_NTT/genblk3[0].NTT_SDF_STAGE/xpm_fifo_sync_inst/xpm_fifo_base_inst/xpm_fifo_rst_inst/Q[0]  |                6 |             23 |
|  cryptoprocessor_i/processing_system7_0/inst/FCLK_CLK0 | cryptoprocessor_i/ComputeCoreWrapper_0/inst/CORE/DUT_NTT_MEM_WRAPPER/DUT_NTT/genblk3[7].NTT_SDF_STAGE/DELAY_FINISH/stage_start[6]_386                                                               | cryptoprocessor_i/ComputeCoreWrapper_0/inst/CORE/mult_rst                                                                                                           |                7 |             23 |
|  cryptoprocessor_i/processing_system7_0/inst/FCLK_CLK0 | cryptoprocessor_i/ComputeCoreWrapper_0/inst/CORE/DUT_NTT_MEM_WRAPPER/DUT_NTT/genblk3[0].NTT_SDF_STAGE/xpm_fifo_sync_inst/xpm_fifo_base_inst/xpm_fifo_rst_inst/ram_wr_en_pf                          | cryptoprocessor_i/ComputeCoreWrapper_0/inst/CORE/DUT_NTT_MEM_WRAPPER/DUT_NTT/genblk3[0].NTT_SDF_STAGE/xpm_fifo_sync_inst/xpm_fifo_base_inst/xpm_fifo_rst_inst/Q[0]  |                6 |             23 |
|  cryptoprocessor_i/processing_system7_0/inst/FCLK_CLK0 | cryptoprocessor_i/ComputeCoreWrapper_0/inst/CORE/DUT_NTT_MEM_WRAPPER/DUT_NTT/genblk3[1].NTT_SDF_STAGE/DELAY_FINISH/stage_start[0]_377                                                               | cryptoprocessor_i/ComputeCoreWrapper_0/inst/CORE/mult_rst                                                                                                           |                6 |             23 |
|  cryptoprocessor_i/processing_system7_0/inst/FCLK_CLK0 | cryptoprocessor_i/ComputeCoreWrapper_0/inst/CORE/DUT_NTT_MEM_WRAPPER/DUT_NTT/genblk3[6].NTT_SDF_STAGE/DELAY_FINISH/stage_start[5]_387                                                               | cryptoprocessor_i/ComputeCoreWrapper_0/inst/CORE/mult_rst                                                                                                           |                7 |             25 |
|  cryptoprocessor_i/processing_system7_0/inst/FCLK_CLK0 | cryptoprocessor_i/ComputeCoreWrapper_0/inst/CORE/DUT_NTT_MEM_WRAPPER/DUT_NTT/genblk3[5].NTT_SDF_STAGE/DELAY_FINISH/stage_start[4]_385                                                               | cryptoprocessor_i/ComputeCoreWrapper_0/inst/CORE/mult_rst                                                                                                           |                7 |             27 |
|  cryptoprocessor_i/processing_system7_0/inst/FCLK_CLK0 | cryptoprocessor_i/ps7_0_axi_periph/s00_couplers/auto_pc/inst/gen_axilite.gen_b2s_conv.axilite_b2s/RD.ar_channel_0/ar_cmd_fsm_0/FSM_sequential_state_reg[1]_1[0]                                     |                                                                                                                                                                     |                6 |             28 |
|  cryptoprocessor_i/processing_system7_0/inst/FCLK_CLK0 | cryptoprocessor_i/ps7_0_axi_periph/s00_couplers/auto_pc/inst/gen_axilite.gen_b2s_conv.axilite_b2s/SI_REG/ar.ar_pipe/s_ready_i_reg_0                                                                 |                                                                                                                                                                     |                7 |             28 |
|  cryptoprocessor_i/processing_system7_0/inst/FCLK_CLK0 | cryptoprocessor_i/ps7_0_axi_periph/s00_couplers/auto_pc/inst/gen_axilite.gen_b2s_conv.axilite_b2s/SI_REG/aw.aw_pipe/s_ready_i_reg_0                                                                 |                                                                                                                                                                     |                7 |             28 |
|  cryptoprocessor_i/processing_system7_0/inst/FCLK_CLK0 | cryptoprocessor_i/ps7_0_axi_periph/s00_couplers/auto_pc/inst/gen_axilite.gen_b2s_conv.axilite_b2s/WR.aw_channel_0/aw_cmd_fsm_0/m_valid_i_reg_1[0]                                                   |                                                                                                                                                                     |                5 |             28 |
|  cryptoprocessor_i/processing_system7_0/inst/FCLK_CLK0 | cryptoprocessor_i/ComputeCoreWrapper_0/inst/CORE/DUT_NTT_MEM_WRAPPER/DUT_NTT/genblk3[4].NTT_SDF_STAGE/DELAY_FINISH/stage_start[3]_383                                                               | cryptoprocessor_i/ComputeCoreWrapper_0/inst/CORE/mult_rst                                                                                                           |                8 |             29 |
|  cryptoprocessor_i/processing_system7_0/inst/FCLK_CLK0 |                                                                                                                                                                                                     | cryptoprocessor_i/AXI_Slave8Ports_new_0/inst/AXI_Slave8Ports_new_v1_0_S00_AXI_inst/control_high_word[0]                                                             |                8 |             30 |
|  cryptoprocessor_i/processing_system7_0/inst/FCLK_CLK0 | cryptoprocessor_i/ComputeCoreWrapper_0/inst/CORE/DUT_NTT_MEM_WRAPPER/DUT_NTT/genblk3[3].NTT_SDF_STAGE/DELAY_FINISH/stage_start[2]_381                                                               | cryptoprocessor_i/ComputeCoreWrapper_0/inst/CORE/mult_rst                                                                                                           |                9 |             31 |
|  cryptoprocessor_i/processing_system7_0/inst/FCLK_CLK0 | cryptoprocessor_i/ps7_0_axi_periph/s00_couplers/auto_pc/inst/gen_axilite.gen_b2s_conv.axilite_b2s/RD.r_channel_0/rd_data_fifo_0/wr_en0                                                              |                                                                                                                                                                     |                9 |             32 |
|  cryptoprocessor_i/processing_system7_0/inst/FCLK_CLK0 | cryptoprocessor_i/AXI_Slave8Ports_new_0/inst/AXI_Slave8Ports_new_v1_0_S00_AXI_inst/slv_reg_rden__0                                                                                                  | cryptoprocessor_i/AXI_Slave8Ports_new_0/inst/AXI_Slave8Ports_new_v1_0_S00_AXI_inst/slv_reg0[31]_i_1_n_0                                                             |               18 |             32 |
|  cryptoprocessor_i/processing_system7_0/inst/FCLK_CLK0 | cryptoprocessor_i/ComputeCoreWrapper_0/inst/CORE/DUT_NTT_MEM_WRAPPER/DUT_NTT/genblk3[2].NTT_SDF_STAGE/DELAY_FINISH/stage_start[1]_379                                                               | cryptoprocessor_i/ComputeCoreWrapper_0/inst/CORE/mult_rst                                                                                                           |                9 |             33 |
|  cryptoprocessor_i/processing_system7_0/inst/FCLK_CLK0 | cryptoprocessor_i/ComputeCoreWrapper_0/inst/ISA_CTRL/wea_ext_ISA                                                                                                                                    |                                                                                                                                                                     |               11 |             44 |
|  cryptoprocessor_i/processing_system7_0/inst/FCLK_CLK0 | cryptoprocessor_i/ps7_0_axi_periph/s00_couplers/auto_pc/inst/gen_axilite.gen_b2s_conv.axilite_b2s/SI_REG/r.r_pipe/s_ready_i_reg_0                                                                   |                                                                                                                                                                     |               11 |             45 |
|  cryptoprocessor_i/processing_system7_0/inst/FCLK_CLK0 | cryptoprocessor_i/ps7_0_axi_periph/s00_couplers/auto_pc/inst/gen_axilite.gen_b2s_conv.axilite_b2s/SI_REG/r.r_pipe/p_1_in                                                                            |                                                                                                                                                                     |                9 |             45 |
|  cryptoprocessor_i/processing_system7_0/inst/FCLK_CLK0 | cryptoprocessor_i/ComputeCoreWrapper_0/inst/ISA_CTRL/IR/U0/synth_options.dist_mem_inst/gen_sdp_ram.sdpram_inst/qsdpo_int[35]                                                                        | cryptoprocessor_i/AXI_Slave8Ports_new_0/inst/AXI_Slave8Ports_new_v1_0_S00_AXI_inst/control_high_word[0]                                                             |               24 |             53 |
|  cryptoprocessor_i/processing_system7_0/inst/FCLK_CLK0 |                                                                                                                                                                                                     | cryptoprocessor_i/ComputeCoreWrapper_0/inst/CORE/DUT_NTT_MEM_WRAPPER/DUT_NTT/genblk3[11].NTT_SDF_STAGE/counter_reg[0]                                               |               38 |             64 |
|  cryptoprocessor_i/processing_system7_0/inst/FCLK_CLK0 |                                                                                                                                                                                                     | cryptoprocessor_i/ComputeCoreWrapper_0/inst/CORE/DUT_NTT_MEM_WRAPPER/DUT_NTT/genblk2[7].TW_ROM/tw7/SR[0]                                                            |               16 |             64 |
|  cryptoprocessor_i/processing_system7_0/inst/FCLK_CLK0 |                                                                                                                                                                                                     | cryptoprocessor_i/ComputeCoreWrapper_0/inst/CORE/DUT_NTT_MEM_WRAPPER/DUT_NTT/genblk2[6].TW_ROM/tw6/SR[0]                                                            |               16 |             64 |
|  cryptoprocessor_i/processing_system7_0/inst/FCLK_CLK0 |                                                                                                                                                                                                     | cryptoprocessor_i/ComputeCoreWrapper_0/inst/CORE/DUT_NTT_MEM_WRAPPER/DUT_NTT/genblk2[5].TW_ROM/tw5/SR[0]                                                            |               16 |             64 |
|  cryptoprocessor_i/processing_system7_0/inst/FCLK_CLK0 |                                                                                                                                                                                                     | cryptoprocessor_i/ComputeCoreWrapper_0/inst/CORE/DUT_NTT_MEM_WRAPPER/DUT_NTT/genblk2[4].TW_ROM/tw4/SR[0]                                                            |               16 |             64 |
|  cryptoprocessor_i/processing_system7_0/inst/FCLK_CLK0 |                                                                                                                                                                                                     | cryptoprocessor_i/ComputeCoreWrapper_0/inst/CORE/DUT_NTT_MEM_WRAPPER/DUT_NTT/genblk3[9].NTT_SDF_STAGE/counter_reg[2]_0[0]                                           |               29 |             64 |
|  cryptoprocessor_i/processing_system7_0/inst/FCLK_CLK0 |                                                                                                                                                                                                     | cryptoprocessor_i/ComputeCoreWrapper_0/inst/CORE/DUT_NTT_MEM_WRAPPER/DUT_NTT/genblk2[9].TW_ROM/tw9/SR[0]                                                            |               16 |             64 |
|  cryptoprocessor_i/processing_system7_0/inst/FCLK_CLK0 |                                                                                                                                                                                                     | cryptoprocessor_i/ComputeCoreWrapper_0/inst/CORE/DUT_NTT_MEM_WRAPPER/DUT_NTT/genblk2[2].TW_ROM/tw2/SR[0]                                                            |               16 |             64 |
|  cryptoprocessor_i/processing_system7_0/inst/FCLK_CLK0 |                                                                                                                                                                                                     | cryptoprocessor_i/ComputeCoreWrapper_0/inst/CORE/DUT_NTT_MEM_WRAPPER/DUT_NTT/genblk2[8].TW_ROM/tw8/SR[0]                                                            |               16 |             64 |
|  cryptoprocessor_i/processing_system7_0/inst/FCLK_CLK0 |                                                                                                                                                                                                     | cryptoprocessor_i/ComputeCoreWrapper_0/inst/CORE/DUT_NTT_MEM_WRAPPER/DUT_NTT/genblk2[3].TW_ROM/tw3/SR[0]                                                            |               16 |             64 |
|  cryptoprocessor_i/processing_system7_0/inst/FCLK_CLK0 |                                                                                                                                                                                                     | cryptoprocessor_i/ComputeCoreWrapper_0/inst/CORE/DUT_NTT_MEM_WRAPPER/DUT_NTT/genblk2[1].TW_ROM/tw1/SR[0]                                                            |               16 |             64 |
|  cryptoprocessor_i/processing_system7_0/inst/FCLK_CLK0 |                                                                                                                                                                                                     | cryptoprocessor_i/ComputeCoreWrapper_0/inst/CORE/DUT_NTT_MEM_WRAPPER/DUT_NTT/genblk2[11].TW_ROM/tw11/SR[0]                                                          |               16 |             64 |
|  cryptoprocessor_i/processing_system7_0/inst/FCLK_CLK0 |                                                                                                                                                                                                     | cryptoprocessor_i/ComputeCoreWrapper_0/inst/CORE/DUT_NTT_MEM_WRAPPER/DUT_NTT/genblk2[10].TW_ROM/tw10/SR[0]                                                          |               16 |             64 |
|  cryptoprocessor_i/processing_system7_0/inst/FCLK_CLK0 |                                                                                                                                                                                                     | cryptoprocessor_i/ComputeCoreWrapper_0/inst/CORE/DUT_NTT_MEM_WRAPPER/DUT_NTT/genblk3[10].NTT_SDF_STAGE/counter_reg[1]_0[0]                                          |               27 |             64 |
|  cryptoprocessor_i/processing_system7_0/inst/FCLK_CLK0 |                                                                                                                                                                                                     |                                                                                                                                                                     |             2760 |          12838 |
+--------------------------------------------------------+-----------------------------------------------------------------------------------------------------------------------------------------------------------------------------------------------------+---------------------------------------------------------------------------------------------------------------------------------------------------------------------+------------------+----------------+


