Vivado Simulator 2019.1
Copyright 1986-1999, 2001-2019 Xilinx, Inc. All Rights Reserved.
Running: /opt/Xilinx/Vivado/2019.1/bin/unwrapped/lnx64.o/xelab -wto 5622309cf07a428893ca36aaeb3cc5d4 --incr --debug typical --rangecheck --relax --mt 8 -L xil_defaultlib -L xilinx_vip -L unisims_ver -L unimacro_ver -L secureip -L xpm --snapshot ntt_tb_behav xil_defaultlib.ntt_tb xil_defaultlib.glbl -log elaborate.log 
Using 8 slave threads.
Starting static elaboration
WARNING: [VRFC 10-3091] actual bit length 4 differs from formal bit length 2 for port 'a' [/home/fhirner/Desktop/proteus/vivado_projects/sdf/ntt_op_5_6/Verilog_src/ntt/sdf_stage.v:94]
WARNING: [VRFC 10-3091] actual bit length 10 differs from formal bit length 4 for port 'a' [/home/fhirner/Desktop/proteus/vivado_projects/sdf/ntt_op_5_6/Verilog_src/ntt/ntt_memory_wrapper.v:131]
Completed static elaboration
Starting simulation data flow analysis
WARNING: [XSIM 43-4099] "/home/fhirner/Desktop/proteus/vivado_projects/sdf/ntt_op_5_6/project_1/project_1.srcs/sources_1/imports/wlmont/csa_tree.sv" Line 13. Module csa_tree(SIZE_I=128,DEPTH=12,SIZE_O=132) doesn't have a timescale but at least one module in design has a timescale.
WARNING: [XSIM 43-4099] "/home/fhirner/Desktop/proteus/vivado_projects/sdf/ntt_op_5_6/project_1/project_1.srcs/sources_1/imports/wlmont/csa_2.sv" Line 17. Module csa_2(K=132) doesn't have a timescale but at least one module in design has a timescale.
WARNING: [XSIM 43-4099] "/home/fhirner/Desktop/proteus/vivado_projects/sdf/ntt_op_5_6/project_1/project_1.srcs/sources_1/imports/wlmont/csa_2.sv" Line 17. Module csa_2(K=132) doesn't have a timescale but at least one module in design has a timescale.
WARNING: [XSIM 43-4099] "/home/fhirner/Desktop/proteus/vivado_projects/sdf/ntt_op_5_6/project_1/project_1.srcs/sources_1/imports/wlmont/csa_2.sv" Line 17. Module csa_2(K=132) doesn't have a timescale but at least one module in design has a timescale.
WARNING: [XSIM 43-4099] "/home/fhirner/Desktop/proteus/vivado_projects/sdf/ntt_op_5_6/project_1/project_1.srcs/sources_1/imports/wlmont/csa_2.sv" Line 17. Module csa_2(K=132) doesn't have a timescale but at least one module in design has a timescale.
WARNING: [XSIM 43-4099] "/home/fhirner/Desktop/proteus/vivado_projects/sdf/ntt_op_5_6/project_1/project_1.srcs/sources_1/imports/wlmont/csa_tree.sv" Line 13. Module csa_tree(SIZE_I=129,DEPTH=8,SIZE_O=132) doesn't have a timescale but at least one module in design has a timescale.
WARNING: [XSIM 43-4099] "/home/fhirner/Desktop/proteus/vivado_projects/sdf/ntt_op_5_6/project_1/project_1.srcs/sources_1/imports/wlmont/csa_2.sv" Line 17. Module csa_2(K=132) doesn't have a timescale but at least one module in design has a timescale.
WARNING: [XSIM 43-4099] "/home/fhirner/Desktop/proteus/vivado_projects/sdf/ntt_op_5_6/project_1/project_1.srcs/sources_1/imports/wlmont/csa_2.sv" Line 17. Module csa_2(K=132) doesn't have a timescale but at least one module in design has a timescale.
WARNING: [XSIM 43-4099] "/home/fhirner/Desktop/proteus/vivado_projects/sdf/ntt_op_5_6/project_1/project_1.srcs/sources_1/imports/wlmont/csa_tree.sv" Line 13. Module csa_tree(SIZE_I=130,DEPTH=6,SIZE_O=132) doesn't have a timescale but at least one module in design has a timescale.
WARNING: [XSIM 43-4099] "/home/fhirner/Desktop/proteus/vivado_projects/sdf/ntt_op_5_6/project_1/project_1.srcs/sources_1/imports/wlmont/csa_2.sv" Line 17. Module csa_2(K=132) doesn't have a timescale but at least one module in design has a timescale.
WARNING: [XSIM 43-4099] "/home/fhirner/Desktop/proteus/vivado_projects/sdf/ntt_op_5_6/project_1/project_1.srcs/sources_1/imports/wlmont/csa_2.sv" Line 17. Module csa_2(K=132) doesn't have a timescale but at least one module in design has a timescale.
WARNING: [XSIM 43-4099] "/home/fhirner/Desktop/proteus/vivado_projects/sdf/ntt_op_5_6/project_1/project_1.srcs/sources_1/imports/wlmont/csa_tree.sv" Line 13. Module csa_tree(SIZE_I=131,DEPTH=4,SIZE_O=132) doesn't have a timescale but at least one module in design has a timescale.
WARNING: [XSIM 43-4099] "/home/fhirner/Desktop/proteus/vivado_projects/sdf/ntt_op_5_6/project_1/project_1.srcs/sources_1/imports/wlmont/csa_2.sv" Line 17. Module csa_2(K=132) doesn't have a timescale but at least one module in design has a timescale.
WARNING: [XSIM 43-4099] "/home/fhirner/Desktop/proteus/vivado_projects/sdf/ntt_op_5_6/project_1/project_1.srcs/sources_1/imports/wlmont/csa_tree.sv" Line 13. Module csa_tree(SIZE_I=132,DEPTH=3,SIZE_O=132) doesn't have a timescale but at least one module in design has a timescale.
WARNING: [XSIM 43-4099] "/home/fhirner/Desktop/proteus/vivado_projects/sdf/ntt_op_5_6/project_1/project_1.srcs/sources_1/imports/wlmont/csa_2.sv" Line 17. Module csa_2(K=132) doesn't have a timescale but at least one module in design has a timescale.
WARNING: [XSIM 43-4099] "/home/fhirner/Desktop/proteus/vivado_projects/sdf/ntt_op_5_6/project_1/project_1.srcs/sources_1/imports/wlmont/csa_tree.sv" Line 13. Module csa_tree(SIZE_I=128,DEPTH=12,SIZE_O=132) doesn't have a timescale but at least one module in design has a timescale.
WARNING: [XSIM 43-4099] "/home/fhirner/Desktop/proteus/vivado_projects/sdf/ntt_op_5_6/project_1/project_1.srcs/sources_1/imports/wlmont/csa_2.sv" Line 17. Module csa_2(K=132) doesn't have a timescale but at least one module in design has a timescale.
WARNING: [XSIM 43-4099] "/home/fhirner/Desktop/proteus/vivado_projects/sdf/ntt_op_5_6/project_1/project_1.srcs/sources_1/imports/wlmont/csa_2.sv" Line 17. Module csa_2(K=132) doesn't have a timescale but at least one module in design has a timescale.
WARNING: [XSIM 43-4099] "/home/fhirner/Desktop/proteus/vivado_projects/sdf/ntt_op_5_6/project_1/project_1.srcs/sources_1/imports/wlmont/csa_2.sv" Line 17. Module csa_2(K=132) doesn't have a timescale but at least one module in design has a timescale.
WARNING: [XSIM 43-4099] "/home/fhirner/Desktop/proteus/vivado_projects/sdf/ntt_op_5_6/project_1/project_1.srcs/sources_1/imports/wlmont/csa_2.sv" Line 17. Module csa_2(K=132) doesn't have a timescale but at least one module in design has a timescale.
WARNING: [XSIM 43-4099] "/home/fhirner/Desktop/proteus/vivado_projects/sdf/ntt_op_5_6/project_1/project_1.srcs/sources_1/imports/wlmont/csa_tree.sv" Line 13. Module csa_tree(SIZE_I=129,DEPTH=8,SIZE_O=132) doesn't have a timescale but at least one module in design has a timescale.
WARNING: [XSIM 43-4099] "/home/fhirner/Desktop/proteus/vivado_projects/sdf/ntt_op_5_6/project_1/project_1.srcs/sources_1/imports/wlmont/csa_2.sv" Line 17. Module csa_2(K=132) doesn't have a timescale but at least one module in design has a timescale.
WARNING: [XSIM 43-4099] "/home/fhirner/Desktop/proteus/vivado_projects/sdf/ntt_op_5_6/project_1/project_1.srcs/sources_1/imports/wlmont/csa_2.sv" Line 17. Module csa_2(K=132) doesn't have a timescale but at least one module in design has a timescale.
WARNING: [XSIM 43-4099] "/home/fhirner/Desktop/proteus/vivado_projects/sdf/ntt_op_5_6/project_1/project_1.srcs/sources_1/imports/wlmont/csa_tree.sv" Line 13. Module csa_tree(SIZE_I=130,DEPTH=6,SIZE_O=132) doesn't have a timescale but at least one module in design has a timescale.
WARNING: [XSIM 43-4099] "/home/fhirner/Desktop/proteus/vivado_projects/sdf/ntt_op_5_6/project_1/project_1.srcs/sources_1/imports/wlmont/csa_2.sv" Line 17. Module csa_2(K=132) doesn't have a timescale but at least one module in design has a timescale.
WARNING: [XSIM 43-4099] "/home/fhirner/Desktop/proteus/vivado_projects/sdf/ntt_op_5_6/project_1/project_1.srcs/sources_1/imports/wlmont/csa_2.sv" Line 17. Module csa_2(K=132) doesn't have a timescale but at least one module in design has a timescale.
WARNING: [XSIM 43-4099] "/home/fhirner/Desktop/proteus/vivado_projects/sdf/ntt_op_5_6/project_1/project_1.srcs/sources_1/imports/wlmont/csa_tree.sv" Line 13. Module csa_tree(SIZE_I=131,DEPTH=4,SIZE_O=132) doesn't have a timescale but at least one module in design has a timescale.
WARNING: [XSIM 43-4099] "/home/fhirner/Desktop/proteus/vivado_projects/sdf/ntt_op_5_6/project_1/project_1.srcs/sources_1/imports/wlmont/csa_2.sv" Line 17. Module csa_2(K=132) doesn't have a timescale but at least one module in design has a timescale.
WARNING: [XSIM 43-4099] "/home/fhirner/Desktop/proteus/vivado_projects/sdf/ntt_op_5_6/project_1/project_1.srcs/sources_1/imports/wlmont/csa_tree.sv" Line 13. Module csa_tree(SIZE_I=132,DEPTH=3,SIZE_O=132) doesn't have a timescale but at least one module in design has a timescale.
WARNING: [XSIM 43-4099] "/home/fhirner/Desktop/proteus/vivado_projects/sdf/ntt_op_5_6/project_1/project_1.srcs/sources_1/imports/wlmont/csa_2.sv" Line 17. Module csa_2(K=132) doesn't have a timescale but at least one module in design has a timescale.
WARNING: [XSIM 43-4099] "/home/fhirner/Desktop/proteus/vivado_projects/sdf/ntt_op_5_6/project_1/project_1.srcs/sources_1/imports/wlmont/csa_tree.sv" Line 13. Module csa_tree(SIZE_I=128,DEPTH=12,SIZE_O=132) doesn't have a timescale but at least one module in design has a timescale.
WARNING: [XSIM 43-4099] "/home/fhirner/Desktop/proteus/vivado_projects/sdf/ntt_op_5_6/project_1/project_1.srcs/sources_1/imports/wlmont/csa_2.sv" Line 17. Module csa_2(K=132) doesn't have a timescale but at least one module in design has a timescale.
WARNING: [XSIM 43-4099] "/home/fhirner/Desktop/proteus/vivado_projects/sdf/ntt_op_5_6/project_1/project_1.srcs/sources_1/imports/wlmont/csa_2.sv" Line 17. Module csa_2(K=132) doesn't have a timescale but at least one module in design has a timescale.
WARNING: [XSIM 43-4099] "/home/fhirner/Desktop/proteus/vivado_projects/sdf/ntt_op_5_6/project_1/project_1.srcs/sources_1/imports/wlmont/csa_2.sv" Line 17. Module csa_2(K=132) doesn't have a timescale but at least one module in design has a timescale.
WARNING: [XSIM 43-4099] "/home/fhirner/Desktop/proteus/vivado_projects/sdf/ntt_op_5_6/project_1/project_1.srcs/sources_1/imports/wlmont/csa_2.sv" Line 17. Module csa_2(K=132) doesn't have a timescale but at least one module in design has a timescale.
WARNING: [XSIM 43-4099] "/home/fhirner/Desktop/proteus/vivado_projects/sdf/ntt_op_5_6/project_1/project_1.srcs/sources_1/imports/wlmont/csa_tree.sv" Line 13. Module csa_tree(SIZE_I=129,DEPTH=8,SIZE_O=132) doesn't have a timescale but at least one module in design has a timescale.
WARNING: [XSIM 43-4099] "/home/fhirner/Desktop/proteus/vivado_projects/sdf/ntt_op_5_6/project_1/project_1.srcs/sources_1/imports/wlmont/csa_2.sv" Line 17. Module csa_2(K=132) doesn't have a timescale but at least one module in design has a timescale.
WARNING: [XSIM 43-4099] "/home/fhirner/Desktop/proteus/vivado_projects/sdf/ntt_op_5_6/project_1/project_1.srcs/sources_1/imports/wlmont/csa_2.sv" Line 17. Module csa_2(K=132) doesn't have a timescale but at least one module in design has a timescale.
WARNING: [XSIM 43-4099] "/home/fhirner/Desktop/proteus/vivado_projects/sdf/ntt_op_5_6/project_1/project_1.srcs/sources_1/imports/wlmont/csa_tree.sv" Line 13. Module csa_tree(SIZE_I=130,DEPTH=6,SIZE_O=132) doesn't have a timescale but at least one module in design has a timescale.
WARNING: [XSIM 43-4099] "/home/fhirner/Desktop/proteus/vivado_projects/sdf/ntt_op_5_6/project_1/project_1.srcs/sources_1/imports/wlmont/csa_2.sv" Line 17. Module csa_2(K=132) doesn't have a timescale but at least one module in design has a timescale.
WARNING: [XSIM 43-4099] "/home/fhirner/Desktop/proteus/vivado_projects/sdf/ntt_op_5_6/project_1/project_1.srcs/sources_1/imports/wlmont/csa_2.sv" Line 17. Module csa_2(K=132) doesn't have a timescale but at least one module in design has a timescale.
WARNING: [XSIM 43-4099] "/home/fhirner/Desktop/proteus/vivado_projects/sdf/ntt_op_5_6/project_1/project_1.srcs/sources_1/imports/wlmont/csa_tree.sv" Line 13. Module csa_tree(SIZE_I=131,DEPTH=4,SIZE_O=132) doesn't have a timescale but at least one module in design has a timescale.
WARNING: [XSIM 43-4099] "/home/fhirner/Desktop/proteus/vivado_projects/sdf/ntt_op_5_6/project_1/project_1.srcs/sources_1/imports/wlmont/csa_2.sv" Line 17. Module csa_2(K=132) doesn't have a timescale but at least one module in design has a timescale.
WARNING: [XSIM 43-4099] "/home/fhirner/Desktop/proteus/vivado_projects/sdf/ntt_op_5_6/project_1/project_1.srcs/sources_1/imports/wlmont/csa_tree.sv" Line 13. Module csa_tree(SIZE_I=132,DEPTH=3,SIZE_O=132) doesn't have a timescale but at least one module in design has a timescale.
WARNING: [XSIM 43-4099] "/home/fhirner/Desktop/proteus/vivado_projects/sdf/ntt_op_5_6/project_1/project_1.srcs/sources_1/imports/wlmont/csa_2.sv" Line 17. Module csa_2(K=132) doesn't have a timescale but at least one module in design has a timescale.
WARNING: [XSIM 43-4099] "/home/fhirner/Desktop/proteus/vivado_projects/sdf/ntt_op_5_6/project_1/project_1.srcs/sources_1/imports/wlmont/csa_tree.sv" Line 13. Module csa_tree(SIZE_I=128,DEPTH=12,SIZE_O=132) doesn't have a timescale but at least one module in design has a timescale.
WARNING: [XSIM 43-4099] "/home/fhirner/Desktop/proteus/vivado_projects/sdf/ntt_op_5_6/project_1/project_1.srcs/sources_1/imports/wlmont/csa_2.sv" Line 17. Module csa_2(K=132) doesn't have a timescale but at least one module in design has a timescale.
WARNING: [XSIM 43-4099] "/home/fhirner/Desktop/proteus/vivado_projects/sdf/ntt_op_5_6/project_1/project_1.srcs/sources_1/imports/wlmont/csa_2.sv" Line 17. Module csa_2(K=132) doesn't have a timescale but at least one module in design has a timescale.
WARNING: [XSIM 43-4099] "/home/fhirner/Desktop/proteus/vivado_projects/sdf/ntt_op_5_6/project_1/project_1.srcs/sources_1/imports/wlmont/csa_2.sv" Line 17. Module csa_2(K=132) doesn't have a timescale but at least one module in design has a timescale.
WARNING: [XSIM 43-4099] "/home/fhirner/Desktop/proteus/vivado_projects/sdf/ntt_op_5_6/project_1/project_1.srcs/sources_1/imports/wlmont/csa_2.sv" Line 17. Module csa_2(K=132) doesn't have a timescale but at least one module in design has a timescale.
WARNING: [XSIM 43-4099] "/home/fhirner/Desktop/proteus/vivado_projects/sdf/ntt_op_5_6/project_1/project_1.srcs/sources_1/imports/wlmont/csa_tree.sv" Line 13. Module csa_tree(SIZE_I=129,DEPTH=8,SIZE_O=132) doesn't have a timescale but at least one module in design has a timescale.
WARNING: [XSIM 43-4099] "/home/fhirner/Desktop/proteus/vivado_projects/sdf/ntt_op_5_6/project_1/project_1.srcs/sources_1/imports/wlmont/csa_2.sv" Line 17. Module csa_2(K=132) doesn't have a timescale but at least one module in design has a timescale.
WARNING: [XSIM 43-4099] "/home/fhirner/Desktop/proteus/vivado_projects/sdf/ntt_op_5_6/project_1/project_1.srcs/sources_1/imports/wlmont/csa_2.sv" Line 17. Module csa_2(K=132) doesn't have a timescale but at least one module in design has a timescale.
WARNING: [XSIM 43-4099] "/home/fhirner/Desktop/proteus/vivado_projects/sdf/ntt_op_5_6/project_1/project_1.srcs/sources_1/imports/wlmont/csa_tree.sv" Line 13. Module csa_tree(SIZE_I=130,DEPTH=6,SIZE_O=132) doesn't have a timescale but at least one module in design has a timescale.
WARNING: [XSIM 43-4099] "/home/fhirner/Desktop/proteus/vivado_projects/sdf/ntt_op_5_6/project_1/project_1.srcs/sources_1/imports/wlmont/csa_2.sv" Line 17. Module csa_2(K=132) doesn't have a timescale but at least one module in design has a timescale.
WARNING: [XSIM 43-4099] "/home/fhirner/Desktop/proteus/vivado_projects/sdf/ntt_op_5_6/project_1/project_1.srcs/sources_1/imports/wlmont/csa_2.sv" Line 17. Module csa_2(K=132) doesn't have a timescale but at least one module in design has a timescale.
WARNING: [XSIM 43-4099] "/home/fhirner/Desktop/proteus/vivado_projects/sdf/ntt_op_5_6/project_1/project_1.srcs/sources_1/imports/wlmont/csa_tree.sv" Line 13. Module csa_tree(SIZE_I=131,DEPTH=4,SIZE_O=132) doesn't have a timescale but at least one module in design has a timescale.
WARNING: [XSIM 43-4099] "/home/fhirner/Desktop/proteus/vivado_projects/sdf/ntt_op_5_6/project_1/project_1.srcs/sources_1/imports/wlmont/csa_2.sv" Line 17. Module csa_2(K=132) doesn't have a timescale but at least one module in design has a timescale.
WARNING: [XSIM 43-4099] "/home/fhirner/Desktop/proteus/vivado_projects/sdf/ntt_op_5_6/project_1/project_1.srcs/sources_1/imports/wlmont/csa_tree.sv" Line 13. Module csa_tree(SIZE_I=132,DEPTH=3,SIZE_O=132) doesn't have a timescale but at least one module in design has a timescale.
WARNING: [XSIM 43-4099] "/home/fhirner/Desktop/proteus/vivado_projects/sdf/ntt_op_5_6/project_1/project_1.srcs/sources_1/imports/wlmont/csa_2.sv" Line 17. Module csa_2(K=132) doesn't have a timescale but at least one module in design has a timescale.
WARNING: [XSIM 43-4099] "/home/fhirner/Desktop/proteus/vivado_projects/sdf/ntt_op_5_6/project_1/project_1.srcs/sources_1/imports/wlmont/csa_tree.sv" Line 13. Module csa_tree(SIZE_I=128,DEPTH=12,SIZE_O=132) doesn't have a timescale but at least one module in design has a timescale.
WARNING: [XSIM 43-4099] "/home/fhirner/Desktop/proteus/vivado_projects/sdf/ntt_op_5_6/project_1/project_1.srcs/sources_1/imports/wlmont/csa_2.sv" Line 17. Module csa_2(K=132) doesn't have a timescale but at least one module in design has a timescale.
WARNING: [XSIM 43-4099] "/home/fhirner/Desktop/proteus/vivado_projects/sdf/ntt_op_5_6/project_1/project_1.srcs/sources_1/imports/wlmont/csa_2.sv" Line 17. Module csa_2(K=132) doesn't have a timescale but at least one module in design has a timescale.
WARNING: [XSIM 43-4099] "/home/fhirner/Desktop/proteus/vivado_projects/sdf/ntt_op_5_6/project_1/project_1.srcs/sources_1/imports/wlmont/csa_2.sv" Line 17. Module csa_2(K=132) doesn't have a timescale but at least one module in design has a timescale.
WARNING: [XSIM 43-4099] "/home/fhirner/Desktop/proteus/vivado_projects/sdf/ntt_op_5_6/project_1/project_1.srcs/sources_1/imports/wlmont/csa_2.sv" Line 17. Module csa_2(K=132) doesn't have a timescale but at least one module in design has a timescale.
WARNING: [XSIM 43-4099] "/home/fhirner/Desktop/proteus/vivado_projects/sdf/ntt_op_5_6/project_1/project_1.srcs/sources_1/imports/wlmont/csa_tree.sv" Line 13. Module csa_tree(SIZE_I=129,DEPTH=8,SIZE_O=132) doesn't have a timescale but at least one module in design has a timescale.
WARNING: [XSIM 43-4099] "/home/fhirner/Desktop/proteus/vivado_projects/sdf/ntt_op_5_6/project_1/project_1.srcs/sources_1/imports/wlmont/csa_2.sv" Line 17. Module csa_2(K=132) doesn't have a timescale but at least one module in design has a timescale.
WARNING: [XSIM 43-4099] "/home/fhirner/Desktop/proteus/vivado_projects/sdf/ntt_op_5_6/project_1/project_1.srcs/sources_1/imports/wlmont/csa_2.sv" Line 17. Module csa_2(K=132) doesn't have a timescale but at least one module in design has a timescale.
WARNING: [XSIM 43-4099] "/home/fhirner/Desktop/proteus/vivado_projects/sdf/ntt_op_5_6/project_1/project_1.srcs/sources_1/imports/wlmont/csa_tree.sv" Line 13. Module csa_tree(SIZE_I=130,DEPTH=6,SIZE_O=132) doesn't have a timescale but at least one module in design has a timescale.
WARNING: [XSIM 43-4099] "/home/fhirner/Desktop/proteus/vivado_projects/sdf/ntt_op_5_6/project_1/project_1.srcs/sources_1/imports/wlmont/csa_2.sv" Line 17. Module csa_2(K=132) doesn't have a timescale but at least one module in design has a timescale.
WARNING: [XSIM 43-4099] "/home/fhirner/Desktop/proteus/vivado_projects/sdf/ntt_op_5_6/project_1/project_1.srcs/sources_1/imports/wlmont/csa_2.sv" Line 17. Module csa_2(K=132) doesn't have a timescale but at least one module in design has a timescale.
WARNING: [XSIM 43-4099] "/home/fhirner/Desktop/proteus/vivado_projects/sdf/ntt_op_5_6/project_1/project_1.srcs/sources_1/imports/wlmont/csa_tree.sv" Line 13. Module csa_tree(SIZE_I=131,DEPTH=4,SIZE_O=132) doesn't have a timescale but at least one module in design has a timescale.
WARNING: [XSIM 43-4099] "/home/fhirner/Desktop/proteus/vivado_projects/sdf/ntt_op_5_6/project_1/project_1.srcs/sources_1/imports/wlmont/csa_2.sv" Line 17. Module csa_2(K=132) doesn't have a timescale but at least one module in design has a timescale.
WARNING: [XSIM 43-4099] "/home/fhirner/Desktop/proteus/vivado_projects/sdf/ntt_op_5_6/project_1/project_1.srcs/sources_1/imports/wlmont/csa_tree.sv" Line 13. Module csa_tree(SIZE_I=132,DEPTH=3,SIZE_O=132) doesn't have a timescale but at least one module in design has a timescale.
WARNING: [XSIM 43-4099] "/home/fhirner/Desktop/proteus/vivado_projects/sdf/ntt_op_5_6/project_1/project_1.srcs/sources_1/imports/wlmont/csa_2.sv" Line 17. Module csa_2(K=132) doesn't have a timescale but at least one module in design has a timescale.
WARNING: [XSIM 43-4099] "/home/fhirner/Desktop/proteus/vivado_projects/sdf/ntt_op_5_6/project_1/project_1.srcs/sources_1/imports/wlmont/csa_tree.sv" Line 13. Module csa_tree(SIZE_I=128,DEPTH=12,SIZE_O=132) doesn't have a timescale but at least one module in design has a timescale.
WARNING: [XSIM 43-4099] "/home/fhirner/Desktop/proteus/vivado_projects/sdf/ntt_op_5_6/project_1/project_1.srcs/sources_1/imports/wlmont/csa_2.sv" Line 17. Module csa_2(K=132) doesn't have a timescale but at least one module in design has a timescale.
WARNING: [XSIM 43-4099] "/home/fhirner/Desktop/proteus/vivado_projects/sdf/ntt_op_5_6/project_1/project_1.srcs/sources_1/imports/wlmont/csa_2.sv" Line 17. Module csa_2(K=132) doesn't have a timescale but at least one module in design has a timescale.
WARNING: [XSIM 43-4099] "/home/fhirner/Desktop/proteus/vivado_projects/sdf/ntt_op_5_6/project_1/project_1.srcs/sources_1/imports/wlmont/csa_2.sv" Line 17. Module csa_2(K=132) doesn't have a timescale but at least one module in design has a timescale.
WARNING: [XSIM 43-4099] "/home/fhirner/Desktop/proteus/vivado_projects/sdf/ntt_op_5_6/project_1/project_1.srcs/sources_1/imports/wlmont/csa_2.sv" Line 17. Module csa_2(K=132) doesn't have a timescale but at least one module in design has a timescale.
WARNING: [XSIM 43-4099] "/home/fhirner/Desktop/proteus/vivado_projects/sdf/ntt_op_5_6/project_1/project_1.srcs/sources_1/imports/wlmont/csa_tree.sv" Line 13. Module csa_tree(SIZE_I=129,DEPTH=8,SIZE_O=132) doesn't have a timescale but at least one module in design has a timescale.
WARNING: [XSIM 43-4099] "/home/fhirner/Desktop/proteus/vivado_projects/sdf/ntt_op_5_6/project_1/project_1.srcs/sources_1/imports/wlmont/csa_2.sv" Line 17. Module csa_2(K=132) doesn't have a timescale but at least one module in design has a timescale.
WARNING: [XSIM 43-4099] "/home/fhirner/Desktop/proteus/vivado_projects/sdf/ntt_op_5_6/project_1/project_1.srcs/sources_1/imports/wlmont/csa_2.sv" Line 17. Module csa_2(K=132) doesn't have a timescale but at least one module in design has a timescale.
WARNING: [XSIM 43-4099] "/home/fhirner/Desktop/proteus/vivado_projects/sdf/ntt_op_5_6/project_1/project_1.srcs/sources_1/imports/wlmont/csa_tree.sv" Line 13. Module csa_tree(SIZE_I=130,DEPTH=6,SIZE_O=132) doesn't have a timescale but at least one module in design has a timescale.
WARNING: [XSIM 43-4099] "/home/fhirner/Desktop/proteus/vivado_projects/sdf/ntt_op_5_6/project_1/project_1.srcs/sources_1/imports/wlmont/csa_2.sv" Line 17. Module csa_2(K=132) doesn't have a timescale but at least one module in design has a timescale.
WARNING: [XSIM 43-4099] "/home/fhirner/Desktop/proteus/vivado_projects/sdf/ntt_op_5_6/project_1/project_1.srcs/sources_1/imports/wlmont/csa_2.sv" Line 17. Module csa_2(K=132) doesn't have a timescale but at least one module in design has a timescale.
WARNING: [XSIM 43-4099] "/home/fhirner/Desktop/proteus/vivado_projects/sdf/ntt_op_5_6/project_1/project_1.srcs/sources_1/imports/wlmont/csa_tree.sv" Line 13. Module csa_tree(SIZE_I=131,DEPTH=4,SIZE_O=132) doesn't have a timescale but at least one module in design has a timescale.
WARNING: [XSIM 43-4099] "/home/fhirner/Desktop/proteus/vivado_projects/sdf/ntt_op_5_6/project_1/project_1.srcs/sources_1/imports/wlmont/csa_2.sv" Line 17. Module csa_2(K=132) doesn't have a timescale but at least one module in design has a timescale.
WARNING: [XSIM 43-4099] "/home/fhirner/Desktop/proteus/vivado_projects/sdf/ntt_op_5_6/project_1/project_1.srcs/sources_1/imports/wlmont/csa_tree.sv" Line 13. Module csa_tree(SIZE_I=132,DEPTH=3,SIZE_O=132) doesn't have a timescale but at least one module in design has a timescale.
WARNING: [XSIM 43-4099] "/home/fhirner/Desktop/proteus/vivado_projects/sdf/ntt_op_5_6/project_1/project_1.srcs/sources_1/imports/wlmont/csa_2.sv" Line 17. Module csa_2(K=132) doesn't have a timescale but at least one module in design has a timescale.
Completed simulation data flow analysis
Time Resolution for simulation is 1ps
Compiling module xil_defaultlib.tw_roms_wrapper(LOGQ=64,LOGN=4,Q...
Compiling module xil_defaultlib.tw_rom_1(LOGN=4)
Compiling module xil_defaultlib.tw_roms_wrapper(LOGQ=64,LOGN=4,Q...
Compiling module xil_defaultlib.tw_rom_2(LOGN=4,STAGE=2)
Compiling module xil_defaultlib.tw_roms_wrapper(LOGQ=64,LOGN=4,Q...
Compiling module xil_defaultlib.tw_rom_3(LOGN=4,STAGE=3)
Compiling module xil_defaultlib.tw_roms_wrapper(LOGQ=64,LOGN=4,Q...
Compiling module xil_defaultlib.shiftreg(SHIFT=11,DATA=1)
Compiling module xil_defaultlib.bitreverse(LOGN=0)
Compiling module xil_defaultlib.modadd(LOGQ=64,LOGN=4,Q=64'b1111...
Compiling module xil_defaultlib.modsub(LOGQ=64,LOGN=4,Q=64'b1111...
Compiling module xil_defaultlib.btf_dit_ct(LOGQ=64,LOGN=4,Q=64'b...
Compiling module xil_defaultlib.shiftreg(DATA=64)
Compiling module xil_defaultlib.moddiv_by_2(LOGQ=64,LOGN=4,Q=64'...
Compiling module xil_defaultlib.shiftreg(SHIFT=0,DATA=1)
Compiling module xil_defaultlib.shiftreg(SHIFT=2,DATA=1)
Compiling module xil_defaultlib.shiftreg(SHIFT=2,DATA=64)
Compiling module xil_defaultlib.shiftreg(SHIFT=6,DATA=1)
Compiling module xil_defaultlib.shiftreg(SHIFT=6,DATA=64)
Compiling module xil_defaultlib.ntt_sdf_stage(LOGQ=64,LOGN=4,Q=6...
Compiling module xil_defaultlib.shiftreg(SHIFT=12,DATA=1)
Compiling module xil_defaultlib.bitreverse(LOGN=1)
Compiling module xil_defaultlib.shiftreg(SHIFT=5,DATA=64)
Compiling module xil_defaultlib.csa_2(K=132)
Compiling module xil_defaultlib.csa_tree(SIZE_I=132,DEPTH=3,SIZE...
Compiling module xil_defaultlib.csa_tree(SIZE_I=131,DEPTH=4,SIZE...
Compiling module xil_defaultlib.csa_tree(SIZE_I=130,DEPTH=6,SIZE...
Compiling module xil_defaultlib.csa_tree(SIZE_I=129,DEPTH=8,SIZE...
Compiling module xil_defaultlib.csa_tree(SIZE_I=128,DEPTH=12,SIZ...
Compiling module xil_defaultlib.intmul_default
Compiling module xil_defaultlib.modred_64
Compiling module xil_defaultlib.modmul(LOGQ=64,LOGN=4,Q=64'b1111...
Compiling module xil_defaultlib.btf_dit_ct(LOGQ=64,LOGN=4,Q=64'b...
Compiling module xil_defaultlib.shiftreg(SHIFT=7,DATA=1)
Compiling module xil_defaultlib.shiftreg(SHIFT=4,DATA=64)
Compiling module xil_defaultlib.shiftreg(SHIFT=4,DATA=1)
Compiling module xil_defaultlib.ntt_sdf_stage(LOGQ=64,LOGN=4,Q=6...
Compiling module xil_defaultlib.shiftreg(SHIFT=10,DATA=1)
Compiling module xil_defaultlib.bitreverse(LOGN=2)
Compiling module xil_defaultlib.btf_dit_ct(LOGQ=64,LOGN=4,Q=64'b...
Compiling module xil_defaultlib.ntt_sdf_stage(LOGQ=64,LOGN=4,Q=6...
Compiling module xil_defaultlib.shiftreg(SHIFT=9,DATA=1)
Compiling module xil_defaultlib.bitreverse(LOGN=3)
Compiling module xil_defaultlib.btf_dit_ct(LOGQ=64,LOGN=4,Q=64'b...
Compiling module xil_defaultlib.shiftreg(DATA=1)
Compiling module xil_defaultlib.ntt_sdf_stage(LOGQ=64,LOGN=4,Q=6...
Compiling module xil_defaultlib.ntt_sdf_wrapper(LOGQ=64,LOGN=4,Q...
Compiling module xil_defaultlib.bitreverse(LOGN=4)
Compiling module xil_defaultlib.ntt_memory_wrapper(LOGQ=64,LOGN=...
Compiling module xil_defaultlib.ntt_tb
Compiling module xil_defaultlib.glbl
Built simulation snapshot ntt_tb_behav
