INFO: [VRFC 10-2263] Analyzing Verilog file "/home/florian/Desktop/proteus/toolchain/hw/common/bitreverse/bitreverse.v" into library xil_defaultlib
INFO: [VRFC 10-311] analyzing module bitreverse
INFO: [VRFC 10-2263] Analyzing Verilog file "/home/florian/Desktop/proteus/toolchain/hw/common/btf/btf_unified.v" into library xil_defaultlib
INFO: [VRFC 10-311] analyzing module btf_unified
INFO: [VRFC 10-2263] Analyzing Verilog file "/home/florian/Desktop/proteus/toolchain/hw/common/mod/modadd.v" into library xil_defaultlib
INFO: [VRFC 10-311] analyzing module modadd
INFO: [VRFC 10-2263] Analyzing Verilog file "/home/florian/Desktop/proteus/toolchain/hw/common/mod/moddiv_by_2.v" into library xil_defaultlib
INFO: [VRFC 10-311] analyzing module moddiv_by_2
INFO: [VRFC 10-2263] Analyzing Verilog file "/home/florian/Desktop/proteus/toolchain/hw/common/mod/modmul.v" into library xil_defaultlib
INFO: [VRFC 10-311] analyzing module modmul
INFO: [VRFC 10-2263] Analyzing Verilog file "/home/florian/Desktop/proteus/toolchain/hw/common/mod/modred_64.v" into library xil_defaultlib
INFO: [VRFC 10-311] analyzing module modred_64
INFO: [VRFC 10-2263] Analyzing Verilog file "/home/florian/Desktop/proteus/toolchain/hw/common/mod/modsub.v" into library xil_defaultlib
INFO: [VRFC 10-311] analyzing module modsub
INFO: [VRFC 10-2263] Analyzing Verilog file "/home/florian/Desktop/proteus/toolchain/hw/mdc/ntt_mdc_op_1_2/ntt_memory_wrapper.v" into library xil_defaultlib
INFO: [VRFC 10-311] analyzing module ntt_memory_wrapper
INFO: [VRFC 10-2263] Analyzing Verilog file "/home/florian/Desktop/proteus/toolchain/hw/mdc/ntt_mdc_op_1_2/ntt_wrapper.v" into library xil_defaultlib
INFO: [VRFC 10-311] analyzing module ntt_mdc_wrapper
INFO: [VRFC 10-2263] Analyzing Verilog file "/home/florian/Desktop/proteus/toolchain/hw/common/shift/shiftreg.v" into library xil_defaultlib
INFO: [VRFC 10-311] analyzing module shiftreg
INFO: [VRFC 10-2263] Analyzing Verilog file "/home/florian/Desktop/proteus/toolchain/hw/mdc/ntt_mdc_op_1_2/stage_wrapper.v" into library xil_defaultlib
INFO: [VRFC 10-311] analyzing module ntt_mdc_stage
INFO: [VRFC 10-2263] Analyzing Verilog file "/home/florian/Desktop/proteus/toolchain/build/proteus_mdc_op_1_2/proteus_mdc.srcs/sources_1/imports/constant/tw_roms.v" into library xil_defaultlib
INFO: [VRFC 10-311] analyzing module tw_rom_1
INFO: [VRFC 10-311] analyzing module tw_rom_2
INFO: [VRFC 10-311] analyzing module tw_rom_3
INFO: [VRFC 10-311] analyzing module tw_rom_4
INFO: [VRFC 10-311] analyzing module tw_rom_5
INFO: [VRFC 10-311] analyzing module tw_rom_6
INFO: [VRFC 10-311] analyzing module tw_rom_7
INFO: [VRFC 10-311] analyzing module tw_rom_8
INFO: [VRFC 10-311] analyzing module tw_rom_9
INFO: [VRFC 10-311] analyzing module tw_rom_10
INFO: [VRFC 10-311] analyzing module tw_rom_11
INFO: [VRFC 10-2263] Analyzing Verilog file "/home/florian/Desktop/proteus/toolchain/hw/mdc/ntt_mdc_op_1_2/tw_roms_wrapper.v" into library xil_defaultlib
INFO: [VRFC 10-311] analyzing module tw_roms_wrapper
INFO: [VRFC 10-2263] Analyzing Verilog file "/home/florian/Desktop/proteus/toolchain/hw/mdc/ntt_mdc_op_1_2/ntt_tb.v" into library xil_defaultlib
INFO: [VRFC 10-311] analyzing module ntt_tb
